#
# A fatal error has been detected by the Java Runtime Environment:
#
#  EXCEPTION_ACCESS_VIOLATION (0xc0000005) at pc=0x0000000066bcbd0d, pid=7796, tid=0x0000000000002500
#
# JRE version: Java(TM) SE Runtime Environment (8.0_171-b11) (build 1.8.0_171-b11)
# Java VM: Java HotSpot(TM) 64-Bit Server VM (25.171-b11 mixed mode windows-amd64 compressed oops)
# Problematic frame:
# C  [gdx-box2d64.dll+0xbd0d]
#
# Failed to write core dump. Minidumps are not enabled by default on client versions of Windows
#
# If you would like to submit a bug report, please visit:
#   http://bugreport.java.com/bugreport/crash.jsp
# The crash happened outside the Java Virtual Machine in native code.
# See problematic frame for where to report the bug.
#

---------------  T H R E A D  ---------------

Current thread (0x0000000019d7b800):  JavaThread "LWJGL Application" [_thread_in_native, id=9472, stack(0x000000001aa00000,0x000000001ab00000)]

siginfo: ExceptionCode=0xc0000005, reading address 0x0000002600000000

Registers:
RAX=0x0000002600000000, RBX=0x00000000003ef890, RCX=0x00000000003ef860, RDX=0x00000000000000b8
RSP=0x000000001aafedc0, RBP=0x0000000000000006, RSI=0x00000000003ef860, RDI=0x000000001aafee80
R8 =0x00000000003ef860, R9 =0x0000000000000000, R10=0x0000000000000000, R11=0x0000000000000001
R12=0x0000000000000000, R13=0x0000000017543bf8, R14=0x000000001aaff198, R15=0x0000000019d7b800
RIP=0x0000000066bcbd0d, EFLAGS=0x0000000000010206

Top of Stack: (sp=0x000000001aafedc0)
0x000000001aafedc0:   00000000d7c943c8 0000000002a00599
0x000000001aafedd0:   000000013f320988 0000000000000001
0x000000001aafede0:   0000000019d7b800 00000000003ef860
0x000000001aafedf0:   0000000000000001 000000001aafee80
0x000000001aafee00:   000000001aafefa0 0000000000000000
0x000000001aafee10:   0000000017543bf8 0000000066be2483
0x000000001aafee20:   000000001aafee80 00000000028f835d
0x000000001aafee30:   00000000028f835d 00000000d7c943e0
0x000000001aafee40:   0000000000000001 0000000000000001
0x000000001aafee50:   0000000000000001 0000000066be8616
0x000000001aafee60:   00000000175442e8 000000001751c148
0x000000001aafee70:   0000000000000000 000000001aafee90
0x000000001aafee80:   432c400000000000 0000000043ada000
0x000000001aafee90:   0000000000000000 0000000000000000
0x000000001aafeea0:   0000010100000000 000000001aafee01
0x000000001aafeeb0:   0000000000000000 000000003f800000 

Instructions: (pc=0x0000000066bcbd0d)
0x0000000066bcbced:   48 8d 05 6c a3 05 00 0f b6 1c 18 80 fb 0d 0f b6
0x0000000066bcbcfd:   eb 77 21 48 8d 1c de 48 8b 43 10 48 85 c0 74 3a
0x0000000066bcbd0d:   48 8b 10 48 89 53 10 48 83 c4 28 5b 5e 5f 5d 41
0x0000000066bcbd1d:   5c 41 5d c3 48 8d 15 18 9e 04 00 48 8d 0d 99 9e 


Register to memory mapping:

RAX=0x0000002600000000 is an unknown value
RBX=0x00000000003ef890 is an unknown value
RCX=0x00000000003ef860 is an unknown value
RDX=0x00000000000000b8 is an unknown value
RSP=0x000000001aafedc0 is pointing into the stack for thread: 0x0000000019d7b800
RBP=0x0000000000000006 is an unknown value
RSI=0x00000000003ef860 is an unknown value
RDI=0x000000001aafee80 is pointing into the stack for thread: 0x0000000019d7b800
R8 =0x00000000003ef860 is an unknown value
R9 =0x0000000000000000 is an unknown value
R10=0x0000000000000000 is an unknown value
R11=0x0000000000000001 is an unknown value
R12=0x0000000000000000 is an unknown value
R13=0x0000000017543bf8 is pointing into metadata
R14=0x000000001aaff198 is pointing into the stack for thread: 0x0000000019d7b800
R15=0x0000000019d7b800 is a thread


Stack: [0x000000001aa00000,0x000000001ab00000],  sp=0x000000001aafedc0,  free space=1019k
Native frames: (J=compiled Java code, j=interpreted, Vv=VM code, C=native code)
C  [gdx-box2d64.dll+0xbd0d]
C  [gdx-box2d64.dll+0x22483]
C  [gdx-box2d64.dll+0x28616]
C  0x0000000002d66ca4

Java frames: (J=compiled Java code, j=interpreted, Vv=VM code)
J 1112  com.badlogic.gdx.physics.box2d.World.jniCreateBody(JIFFFFFFFFZZZZZF)J (0 bytes) @ 0x0000000002d66c26 [0x0000000002d66b80+0xa6]
J 1106 C1 com.badlogic.gdx.physics.box2d.World.createBody(Lcom/badlogic/gdx/physics/box2d/BodyDef;)Lcom/badlogic/gdx/physics/box2d/Body; (120 bytes) @ 0x0000000002d6717c [0x0000000002d66fe0+0x19c]
j  com.mygdx.game.Tools.b2dWorldCreator.updateSqs(Lcom/badlogic/gdx/Screen;)V+301
j  com.mygdx.game.Screens.practiceDynTiles.update(F)V+440
J 922 C2 com.mygdx.game.Screens.practiceDynTiles.render(F)V (399 bytes) @ 0x0000000002cd5ea8 [0x0000000002cd5d20+0x188]
J 1092 C1 com.mygdx.game.MyGdxGame.render()V (5 bytes) @ 0x0000000002d62c44 [0x0000000002d62a20+0x224]
j  com.badlogic.gdx.backends.lwjgl.LwjglApplication.mainLoop()V+698
j  com.badlogic.gdx.backends.lwjgl.LwjglApplication$1.run()V+27
v  ~StubRoutines::call_stub

---------------  P R O C E S S  ---------------

Java Threads: ( => current thread )
  0x000000001a0fc800 JavaThread "LWJGL Timer" daemon [_thread_blocked, id=10428, stack(0x000000001e4a0000,0x000000001e5a0000)]
  0x0000000001bfb000 JavaThread "DestroyJavaVM" [_thread_blocked, id=3612, stack(0x0000000002420000,0x0000000002520000)]
=>0x0000000019d7b800 JavaThread "LWJGL Application" [_thread_in_native, id=9472, stack(0x000000001aa00000,0x000000001ab00000)]
  0x0000000018ce7800 JavaThread "Service Thread" daemon [_thread_blocked, id=3288, stack(0x00000000199a0000,0x0000000019aa0000)]
  0x0000000018c5f000 JavaThread "C1 CompilerThread2" daemon [_thread_blocked, id=9324, stack(0x0000000019730000,0x0000000019830000)]
  0x0000000018c5e000 JavaThread "C2 CompilerThread1" daemon [_thread_blocked, id=9168, stack(0x00000000195d0000,0x00000000196d0000)]
  0x0000000018c5d000 JavaThread "C2 CompilerThread0" daemon [_thread_blocked, id=9812, stack(0x0000000019450000,0x0000000019550000)]
  0x0000000018c5b000 JavaThread "Monitor Ctrl-Break" daemon [_thread_in_native, id=10096, stack(0x00000000192a0000,0x00000000193a0000)]
  0x0000000017794000 JavaThread "Attach Listener" daemon [_thread_blocked, id=9536, stack(0x0000000019130000,0x0000000019230000)]
  0x0000000017793000 JavaThread "Signal Dispatcher" daemon [_thread_blocked, id=7580, stack(0x0000000019030000,0x0000000019130000)]
  0x000000001777d000 JavaThread "Finalizer" daemon [_thread_blocked, id=7164, stack(0x0000000018a20000,0x0000000018b20000)]
  0x0000000017736000 JavaThread "Reference Handler" daemon [_thread_blocked, id=8692, stack(0x00000000186e0000,0x00000000187e0000)]

Other Threads:
  0x000000001772e800 VMThread [stack: 0x0000000018860000,0x0000000018960000] [id=5524]
  0x0000000018cfd000 WatcherThread [stack: 0x0000000019c30000,0x0000000019d30000] [id=7700]

VM state:not at safepoint (normal execution)

VM Mutex/Monitor currently owned by a thread: None

Heap:
 PSYoungGen      total 173056K, used 99368K [0x00000000d5f00000, 0x00000000e6780000, 0x0000000100000000)
  eden space 105984K, 30% used [0x00000000d5f00000,0x00000000d7e8a3c8,0x00000000dc680000)
  from space 67072K, 100% used [0x00000000e1600000,0x00000000e5780000,0x00000000e5780000)
  to   space 81408K, 0% used [0x00000000dc680000,0x00000000dc680000,0x00000000e1600000)
 ParOldGen       total 291840K, used 180884K [0x0000000081c00000, 0x0000000093900000, 0x00000000d5f00000)
  object space 291840K, 61% used [0x0000000081c00000,0x000000008cca52d0,0x0000000093900000)
 Metaspace       used 8980K, capacity 9075K, committed 9344K, reserved 1058816K
  class space    used 852K, capacity 880K, committed 896K, reserved 1048576K

Card table byte_map: [0x0000000011cb0000,0x00000000120b0000] byte_map_base: 0x00000000118a2000

Marking Bits: (ParMarkBitMap*) 0x00000000533708c0
 Begin Bits: [0x0000000012a80000, 0x0000000014a10000)
 End Bits:   [0x0000000014a10000, 0x00000000169a0000)

Polling page: 0x0000000000250000

CodeCache: size=245760Kb used=4628Kb max_used=4634Kb free=241131Kb
 bounds [0x00000000028f0000, 0x0000000002d80000, 0x00000000118f0000]
 total_blobs=1631 nmethods=1121 adapters=423
 compilation: enabled

Compilation events (10 events):
Event: 13.175 Thread 0x0000000018c5f000 1107       3       com.badlogic.gdx.physics.box2d.PolygonShape::setAsBox (11 bytes)
Event: 13.176 Thread 0x0000000018c5f000 nmethod 1107 0x0000000002d756d0 code [0x0000000002d75840, 0x0000000002d759c8]
Event: 13.176 Thread 0x0000000018c5f000 1111       3       com.badlogic.gdx.math.Rectangle::<init> (5 bytes)
Event: 13.176 Thread 0x0000000018c5e000 1119 %     4       com.mygdx.game.Tools.b2dWorldCreator::updateSqs @ 196 (359 bytes)
Event: 13.176 Thread 0x0000000018c5f000 nmethod 1111 0x0000000002d65550 code [0x0000000002d656a0, 0x0000000002d65850]
Event: 13.176 Thread 0x0000000018c5f000 1113       3       com.badlogic.gdx.physics.box2d.Body::reset (62 bytes)
Event: 13.176 Thread 0x0000000018c5f000 nmethod 1113 0x0000000002d64c50 code [0x0000000002d64e00, 0x0000000002d65338]
Event: 13.176 Thread 0x0000000018c5f000 1115       3       com.badlogic.gdx.physics.box2d.Fixture::reset (21 bytes)
Event: 13.176 Thread 0x0000000018c5f000 nmethod 1115 0x0000000002d75350 code [0x0000000002d754a0, 0x0000000002d75630]
Event: 13.176 Thread 0x0000000018c5f000 1118       3       com.badlogic.gdx.utils.Array::pop (49 bytes)

GC Heap History (10 events):
Event: 2.409 GC heap before
{Heap before GC invocations=4 (full 1):
 PSYoungGen      total 38400K, used 5118K [0x00000000d5f00000, 0x00000000daa00000, 0x0000000100000000)
  eden space 33280K, 0% used [0x00000000d5f00000,0x00000000d5f00000,0x00000000d7f80000)
  from space 5120K, 99% used [0x00000000d7f80000,0x00000000d847f8a0,0x00000000d8480000)
  to   space 5120K, 0% used [0x00000000da500000,0x00000000da500000,0x00000000daa00000)
 ParOldGen       total 87552K, used 80123K [0x0000000081c00000, 0x0000000087180000, 0x00000000d5f00000)
  object space 87552K, 91% used [0x0000000081c00000,0x0000000086a3ef18,0x0000000087180000)
 Metaspace       used 6702K, capacity 6739K, committed 6912K, reserved 1056768K
  class space    used 639K, capacity 656K, committed 768K, reserved 1048576K
Event: 2.434 GC heap after
Heap after GC invocations=4 (full 1):
 PSYoungGen      total 38400K, used 0K [0x00000000d5f00000, 0x00000000daa00000, 0x0000000100000000)
  eden space 33280K, 0% used [0x00000000d5f00000,0x00000000d5f00000,0x00000000d7f80000)
  from space 5120K, 0% used [0x00000000d7f80000,0x00000000d7f80000,0x00000000d8480000)
  to   space 5120K, 0% used [0x00000000da500000,0x00000000da500000,0x00000000daa00000)
 ParOldGen       total 165888K, used 83944K [0x0000000081c00000, 0x000000008be00000, 0x00000000d5f00000)
  object space 165888K, 50% used [0x0000000081c00000,0x0000000086dfa350,0x000000008be00000)
 Metaspace       used 6702K, capacity 6739K, committed 6912K, reserved 1056768K
  class space    used 639K, capacity 656K, committed 768K, reserved 1048576K
}
Event: 2.495 GC heap before
{Heap before GC invocations=5 (full 1):
 PSYoungGen      total 38400K, used 33280K [0x00000000d5f00000, 0x00000000daa00000, 0x0000000100000000)
  eden space 33280K, 100% used [0x00000000d5f00000,0x00000000d7f80000,0x00000000d7f80000)
  from space 5120K, 0% used [0x00000000d7f80000,0x00000000d7f80000,0x00000000d8480000)
  to   space 5120K, 0% used [0x00000000da500000,0x00000000da500000,0x00000000daa00000)
 ParOldGen       total 165888K, used 83944K [0x0000000081c00000, 0x000000008be00000, 0x00000000d5f00000)
  object space 165888K, 50% used [0x0000000081c00000,0x0000000086dfa350,0x000000008be00000)
 Metaspace       used 6702K, capacity 6739K, committed 6912K, reserved 1056768K
  class space    used 639K, capacity 656K, committed 768K, reserved 1048576K
Event: 2.510 GC heap after
Heap after GC invocations=5 (full 1):
 PSYoungGen      total 68096K, used 5120K [0x00000000d5f00000, 0x00000000daa00000, 0x0000000100000000)
  eden space 62976K, 0% used [0x00000000d5f00000,0x00000000d5f00000,0x00000000d9c80000)
  from space 5120K, 100% used [0x00000000da500000,0x00000000daa00000,0x00000000daa00000)
  to   space 5120K, 0% used [0x00000000da000000,0x00000000da000000,0x00000000da500000)
 ParOldGen       total 165888K, used 112171K [0x0000000081c00000, 0x000000008be00000, 0x00000000d5f00000)
  object space 165888K, 67% used [0x0000000081c00000,0x000000008898ade0,0x000000008be00000)
 Metaspace       used 6702K, capacity 6739K, committed 6912K, reserved 1056768K
  class space    used 639K, capacity 656K, committed 768K, reserved 1048576K
}
Event: 2.695 GC heap before
{Heap before GC invocations=6 (full 1):
 PSYoungGen      total 68096K, used 68096K [0x00000000d5f00000, 0x00000000daa00000, 0x0000000100000000)
  eden space 62976K, 100% used [0x00000000d5f00000,0x00000000d9c80000,0x00000000d9c80000)
  from space 5120K, 100% used [0x00000000da500000,0x00000000daa00000,0x00000000daa00000)
  to   space 5120K, 0% used [0x00000000da000000,0x00000000da000000,0x00000000da500000)
 ParOldGen       total 165888K, used 112171K [0x0000000081c00000, 0x000000008be00000, 0x00000000d5f00000)
  object space 165888K, 67% used [0x0000000081c00000,0x000000008898ade0,0x000000008be00000)
 Metaspace       used 6702K, capacity 6739K, committed 6912K, reserved 1056768K
  class space    used 639K, capacity 656K, committed 768K, reserved 1048576K
Event: 2.731 GC heap after
Heap after GC invocations=6 (full 1):
 PSYoungGen      total 71680K, used 5120K [0x00000000d5f00000, 0x00000000e5780000, 0x0000000100000000)
  eden space 66560K, 0% used [0x00000000d5f00000,0x00000000d5f00000,0x00000000da000000)
  from space 5120K, 100% used [0x00000000da000000,0x00000000da500000,0x00000000da500000)
  to   space 67072K, 0% used [0x00000000e1600000,0x00000000e1600000,0x00000000e5780000)
 ParOldGen       total 175104K, used 175084K [0x0000000081c00000, 0x000000008c700000, 0x00000000d5f00000)
  object space 175104K, 99% used [0x0000000081c00000,0x000000008c6fb260,0x000000008c700000)
 Metaspace       used 6702K, capacity 6739K, committed 6912K, reserved 1056768K
  class space    used 639K, capacity 656K, committed 768K, reserved 1048576K
}
Event: 2.731 GC heap before
{Heap before GC invocations=7 (full 2):
 PSYoungGen      total 71680K, used 5120K [0x00000000d5f00000, 0x00000000e5780000, 0x0000000100000000)
  eden space 66560K, 0% used [0x00000000d5f00000,0x00000000d5f00000,0x00000000da000000)
  from space 5120K, 100% used [0x00000000da000000,0x00000000da500000,0x00000000da500000)
  to   space 67072K, 0% used [0x00000000e1600000,0x00000000e1600000,0x00000000e5780000)
 ParOldGen       total 175104K, used 175084K [0x0000000081c00000, 0x000000008c700000, 0x00000000d5f00000)
  object space 175104K, 99% used [0x0000000081c00000,0x000000008c6fb260,0x000000008c700000)
 Metaspace       used 6702K, capacity 6739K, committed 6912K, reserved 1056768K
  class space    used 639K, capacity 656K, committed 768K, reserved 1048576K
Event: 2.772 GC heap after
Heap after GC invocations=7 (full 2):
 PSYoungGen      total 71680K, used 5012K [0x00000000d5f00000, 0x00000000e5780000, 0x0000000100000000)
  eden space 66560K, 0% used [0x00000000d5f00000,0x00000000d5f00000,0x00000000da000000)
  from space 5120K, 97% used [0x00000000da000000,0x00000000da4e51d0,0x00000000da500000)
  to   space 67072K, 0% used [0x00000000e1600000,0x00000000e1600000,0x00000000e5780000)
 ParOldGen       total 291840K, used 175082K [0x0000000081c00000, 0x0000000093900000, 0x00000000d5f00000)
  object space 291840K, 59% used [0x0000000081c00000,0x000000008c6faaf0,0x0000000093900000)
 Metaspace       used 6702K, capacity 6739K, committed 6912K, reserved 1056768K
  class space    used 639K, capacity 656K, committed 768K, reserved 1048576K
}
Event: 3.032 GC heap before
{Heap before GC invocations=8 (full 2):
 PSYoungGen      total 71680K, used 71572K [0x00000000d5f00000, 0x00000000e5780000, 0x0000000100000000)
  eden space 66560K, 100% used [0x00000000d5f00000,0x00000000da000000,0x00000000da000000)
  from space 5120K, 97% used [0x00000000da000000,0x00000000da4e51d0,0x00000000da500000)
  to   space 67072K, 0% used [0x00000000e1600000,0x00000000e1600000,0x00000000e5780000)
 ParOldGen       total 291840K, used 175082K [0x0000000081c00000, 0x0000000093900000, 0x00000000d5f00000)
  object space 291840K, 59% used [0x0000000081c00000,0x000000008c6faaf0,0x0000000093900000)
 Metaspace       used 6702K, capacity 6739K, committed 6912K, reserved 1056768K
  class space    used 639K, capacity 656K, committed 768K, reserved 1048576K
Event: 3.076 GC heap after
Heap after GC invocations=8 (full 2):
 PSYoungGen      total 173056K, used 67072K [0x00000000d5f00000, 0x00000000e6780000, 0x0000000100000000)
  eden space 105984K, 0% used [0x00000000d5f00000,0x00000000d5f00000,0x00000000dc680000)
  from space 67072K, 100% used [0x00000000e1600000,0x00000000e5780000,0x00000000e5780000)
  to   space 81408K, 0% used [0x00000000dc680000,0x00000000dc680000,0x00000000e1600000)
 ParOldGen       total 291840K, used 180884K [0x0000000081c00000, 0x0000000093900000, 0x00000000d5f00000)
  object space 291840K, 61% used [0x0000000081c00000,0x000000008cca52d0,0x0000000093900000)
 Metaspace       used 6702K, capacity 6739K, committed 6912K, reserved 1056768K
  class space    used 639K, capacity 656K, committed 768K, reserved 1048576K
}

Deoptimization events (10 events):
Event: 2.973 Thread 0x0000000019d7b800 Uncommon trap: reason=unstable_if action=reinterpret pc=0x0000000002b1f5a4 method=com.mygdx.game.Perlin.Perlin.GeneratePerlinNoise([[FI)[[F @ 91
Event: 3.121 Thread 0x0000000019d7b800 Uncommon trap: reason=intrinsic action=make_not_entrant pc=0x0000000002b45238 method=com.mygdx.game.Screens.practiceDynTiles.landmapGenandPerlin()V @ 762
Event: 3.282 Thread 0x0000000019d7b800 Uncommon trap: reason=unstable_if action=reinterpret pc=0x0000000002b4824c method=com.mygdx.game.Screens.practiceDynTiles.landmapGenandPerlin()V @ 545
Event: 3.294 Thread 0x0000000019d7b800 Uncommon trap: reason=unstable_if action=reinterpret pc=0x0000000002b57520 method=com.mygdx.game.Screens.practiceDynTiles.landmapGenandPerlin()V @ 1002
Event: 3.452 Thread 0x0000000019d7b800 Uncommon trap: reason=unstable_if action=reinterpret pc=0x0000000002ba6808 method=java.util.StringTokenizer.scanToken(I)I @ 7
Event: 3.452 Thread 0x0000000019d7b800 Uncommon trap: reason=unstable_if action=reinterpret pc=0x0000000002ba8c68 method=java.util.StringTokenizer.skipDelimiters(I)I @ 29
Event: 3.453 Thread 0x0000000019d7b800 Uncommon trap: reason=unstable_if action=reinterpret pc=0x0000000002b9473c method=java.util.StringTokenizer.scanToken(I)I @ 7
Event: 7.140 Thread 0x0000000019d7b800 Uncommon trap: reason=intrinsic action=make_not_entrant pc=0x0000000002cef338 method=com.mygdx.game.Screens.practiceDynTiles.update(F)V @ 564
Event: 7.174 Thread 0x0000000019d7b800 Uncommon trap: reason=intrinsic action=make_not_entrant pc=0x0000000002cdeb08 method=com.mygdx.game.Screens.practiceDynTiles.update(F)V @ 564
Event: 13.173 Thread 0x0000000019d7b800 Uncommon trap: reason=unstable_if action=reinterpret pc=0x0000000002cfd370 method=com.mygdx.game.Screens.practiceDynTiles.update(F)V @ 249

Classes redefined (0 events):
No events

Internal exceptions (10 events):
Event: 0.390 Thread 0x0000000001bfb000 Exception <a 'java/security/PrivilegedActionException'> (0x00000000d631b2e0) thrown at [C:\re\workspace\8-2-build-windows-amd64-cygwin\jdk8u171\10807\hotspot\src\share\vm\prims\jvm.cpp, line 1435]
Event: 0.390 Thread 0x0000000001bfb000 Exception <a 'java/security/PrivilegedActionException'> (0x00000000d631b4f0) thrown at [C:\re\workspace\8-2-build-windows-amd64-cygwin\jdk8u171\10807\hotspot\src\share\vm\prims\jvm.cpp, line 1435]
Event: 0.391 Thread 0x0000000001bfb000 Exception <a 'java/security/PrivilegedActionException'> (0x00000000d631f400) thrown at [C:\re\workspace\8-2-build-windows-amd64-cygwin\jdk8u171\10807\hotspot\src\share\vm\prims\jvm.cpp, line 1435]
Event: 0.391 Thread 0x0000000001bfb000 Exception <a 'java/security/PrivilegedActionException'> (0x00000000d631f610) thrown at [C:\re\workspace\8-2-build-windows-amd64-cygwin\jdk8u171\10807\hotspot\src\share\vm\prims\jvm.cpp, line 1435]
Event: 1.180 Thread 0x0000000001bfb000 Exception <a 'java/security/PrivilegedActionException'> (0x00000000d65f4488) thrown at [C:\re\workspace\8-2-build-windows-amd64-cygwin\jdk8u171\10807\hotspot\src\share\vm\prims\jvm.cpp, line 1435]
Event: 1.180 Thread 0x0000000001bfb000 Exception <a 'java/security/PrivilegedActionException'> (0x00000000d65f6160) thrown at [C:\re\workspace\8-2-build-windows-amd64-cygwin\jdk8u171\10807\hotspot\src\share\vm\prims\jvm.cpp, line 1435]
Event: 1.180 Thread 0x0000000001bfb000 Exception <a 'java/security/PrivilegedActionException'> (0x00000000d65f72d0) thrown at [C:\re\workspace\8-2-build-windows-amd64-cygwin\jdk8u171\10807\hotspot\src\share\vm\prims\jvm.cpp, line 1435]
Event: 1.181 Thread 0x0000000001bfb000 Exception <a 'java/security/PrivilegedActionException'> (0x00000000d65fc810) thrown at [C:\re\workspace\8-2-build-windows-amd64-cygwin\jdk8u171\10807\hotspot\src\share\vm\prims\jvm.cpp, line 1435]
Event: 1.181 Thread 0x0000000001bfb000 Exception <a 'java/security/PrivilegedActionException'> (0x00000000d65fd468) thrown at [C:\re\workspace\8-2-build-windows-amd64-cygwin\jdk8u171\10807\hotspot\src\share\vm\prims\jvm.cpp, line 1435]
Event: 1.181 Thread 0x0000000001bfb000 Exception <a 'java/security/PrivilegedActionException'> (0x00000000d65fe090) thrown at [C:\re\workspace\8-2-build-windows-amd64-cygwin\jdk8u171\10807\hotspot\src\share\vm\prims\jvm.cpp, line 1435]

Events (10 events):
Event: 7.140 Thread 0x0000000019d7b800 DEOPT PACKING pc=0x0000000002cef338 sp=0x000000001aaff100
Event: 7.140 Thread 0x0000000019d7b800 DEOPT UNPACKING pc=0x000000000293583b sp=0x000000001aaff0d8 mode 2
Event: 7.174 Thread 0x0000000019d7b800 Uncommon trap: trap_request=0xffffffcc fr.pc=0x0000000002cdeb08
Event: 7.174 Thread 0x0000000019d7b800 DEOPT PACKING pc=0x0000000002cdeb08 sp=0x000000001aaff140
Event: 7.174 Thread 0x0000000019d7b800 DEOPT UNPACKING pc=0x000000000293583b sp=0x000000001aaff0d8 mode 2
Event: 11.106 Thread 0x0000000019d7b800 DEOPT PACKING pc=0x0000000002d269df sp=0x000000001aaff170
Event: 11.106 Thread 0x0000000019d7b800 DEOPT UNPACKING pc=0x0000000002937890 sp=0x000000001aafef78 mode 0
Event: 13.173 Thread 0x0000000019d7b800 Uncommon trap: trap_request=0xffffff65 fr.pc=0x0000000002cfd370
Event: 13.173 Thread 0x0000000019d7b800 DEOPT PACKING pc=0x0000000002cfd370 sp=0x000000001aaff170
Event: 13.173 Thread 0x0000000019d7b800 DEOPT UNPACKING pc=0x000000000293583b sp=0x000000001aaff160 mode 2


Dynamic libraries:
0x000000013f2e0000 - 0x000000013f317000 	C:\Program Files\Java\jdk1.8.0_171\bin\java.exe
0x00000000774c0000 - 0x000000007765f000 	C:\WINDOWS\SYSTEM32\ntdll.dll
0x00000000772a0000 - 0x00000000773bf000 	C:\WINDOWS\system32\kernel32.dll
0x000007fefd3b0000 - 0x000007fefd41a000 	C:\WINDOWS\system32\KERNELBASE.dll
0x000007feff6d0000 - 0x000007feff7ab000 	C:\WINDOWS\system32\ADVAPI32.dll
0x000007fefed70000 - 0x000007fefee0f000 	C:\WINDOWS\system32\msvcrt.dll
0x000007fefee90000 - 0x000007fefeeaf000 	C:\WINDOWS\SYSTEM32\sechost.dll
0x000007fefeeb0000 - 0x000007fefefdd000 	C:\WINDOWS\system32\RPCRT4.dll
0x00000000773c0000 - 0x00000000774ba000 	C:\WINDOWS\system32\USER32.dll
0x000007fefe750000 - 0x000007fefe7b7000 	C:\WINDOWS\system32\GDI32.dll
0x000007fefd9b0000 - 0x000007fefd9be000 	C:\WINDOWS\system32\LPK.dll
0x000007fefeb10000 - 0x000007fefebdb000 	C:\WINDOWS\system32\USP10.dll
0x000007fefbab0000 - 0x000007fefbca4000 	C:\WINDOWS\WinSxS\amd64_microsoft.windows.common-controls_6595b64144ccf1df_6.0.7601.18837_none_fa3b1e3d17594757\COMCTL32.dll
0x000007feff440000 - 0x000007feff4b1000 	C:\WINDOWS\system32\SHLWAPI.dll
0x000007feff5d0000 - 0x000007feff5fe000 	C:\WINDOWS\system32\IMM32.DLL
0x000007feff4c0000 - 0x000007feff5c9000 	C:\WINDOWS\system32\MSCTF.dll
0x0000000073d90000 - 0x0000000073e62000 	C:\Program Files\Java\jdk1.8.0_171\jre\bin\msvcr100.dll
0x0000000052b50000 - 0x00000000533f0000 	C:\Program Files\Java\jdk1.8.0_171\jre\bin\server\jvm.dll
0x000007fef48d0000 - 0x000007fef48d9000 	C:\WINDOWS\system32\WSOCK32.dll
0x000007feff680000 - 0x000007feff6cd000 	C:\WINDOWS\system32\WS2_32.dll
0x000007fefeb00000 - 0x000007fefeb08000 	C:\WINDOWS\system32\NSI.dll
0x000007fefb290000 - 0x000007fefb2cb000 	C:\WINDOWS\system32\WINMM.dll
0x000007fefc140000 - 0x000007fefc14c000 	C:\WINDOWS\system32\VERSION.dll
0x0000000077670000 - 0x0000000077677000 	C:\WINDOWS\system32\PSAPI.DLL
0x0000000074cf0000 - 0x0000000074cff000 	C:\Program Files\Java\jdk1.8.0_171\jre\bin\verify.dll
0x0000000074120000 - 0x0000000074149000 	C:\Program Files\Java\jdk1.8.0_171\jre\bin\java.dll
0x000000006f170000 - 0x000000006f193000 	C:\Program Files\Java\jdk1.8.0_171\jre\bin\instrument.dll
0x0000000073d70000 - 0x0000000073d86000 	C:\Program Files\Java\jdk1.8.0_171\jre\bin\zip.dll
0x000007fefd9c0000 - 0x000007fefe74b000 	C:\WINDOWS\system32\SHELL32.dll
0x000007fefe900000 - 0x000007fefeafd000 	C:\WINDOWS\system32\ole32.dll
0x000007fefd070000 - 0x000007fefd07f000 	C:\WINDOWS\system32\profapi.dll
0x000007fef44e0000 - 0x000007fef44fa000 	C:\Program Files\Android\Android Studio\bin\breakgen64.dll
0x00000000730d0000 - 0x00000000730ea000 	C:\Program Files\Java\jdk1.8.0_171\jre\bin\net.dll
0x000007fefc7f0000 - 0x000007fefc845000 	C:\WINDOWS\system32\mswsock.dll
0x000007fefc7e0000 - 0x000007fefc7e7000 	C:\WINDOWS\System32\wship6.dll
0x0000000065580000 - 0x0000000065616000 	C:\Users\GCUser\AppData\Local\Temp\libgdxGCUser\12dfaa03\gdx64.dll
0x000007fefc850000 - 0x000007fefc868000 	C:\WINDOWS\system32\CRYPTSP.dll
0x000007fefc550000 - 0x000007fefc597000 	C:\WINDOWS\system32\rsaenh.dll
0x000007fefd390000 - 0x000007fefd3ae000 	C:\WINDOWS\system32\USERENV.dll
0x000007fefcf00000 - 0x000007fefcf0f000 	C:\WINDOWS\system32\CRYPTBASE.dll
0x000007fefa8e0000 - 0x000007fefa907000 	C:\WINDOWS\system32\IPHLPAPI.DLL
0x000007fefa8d0000 - 0x000007fefa8db000 	C:\WINDOWS\system32\WINNSI.DLL
0x000007fef9fc0000 - 0x000007fef9fd8000 	C:\WINDOWS\system32\dhcpcsvc.DLL
0x000007fef9fa0000 - 0x000007fef9fb1000 	C:\WINDOWS\system32\dhcpcsvc6.DLL
0x000000006d9c0000 - 0x000000006d9d1000 	C:\Program Files\Java\jdk1.8.0_171\jre\bin\nio.dll
0x0000000180000000 - 0x0000000180053000 	C:\Users\GCUser\AppData\Local\Temp\libgdxGCUser\dc0f0009\lwjgl64.dll
0x000007feecce0000 - 0x000007feecdfd000 	C:\WINDOWS\system32\OPENGL32.dll
0x000007feeccb0000 - 0x000007feeccdd000 	C:\WINDOWS\system32\GLU32.dll
0x000007feecbb0000 - 0x000007feecca1000 	C:\WINDOWS\system32\DDRAW.dll
0x000007feecba0000 - 0x000007feecba8000 	C:\WINDOWS\system32\DCIMAN32.dll
0x000007fefd420000 - 0x000007fefd5f7000 	C:\WINDOWS\system32\SETUPAPI.dll
0x000007fefd0f0000 - 0x000007fefd126000 	C:\WINDOWS\system32\CFGMGR32.dll
0x000007fefd8d0000 - 0x000007fefd9aa000 	C:\WINDOWS\system32\OLEAUT32.dll
0x000007fefd0d0000 - 0x000007fefd0ea000 	C:\WINDOWS\system32\DEVOBJ.dll
0x000007fefae30000 - 0x000007fefae48000 	C:\WINDOWS\system32\dwmapi.dll
0x0000000002220000 - 0x0000000002284000 	C:\Users\GCUser\AppData\Local\Temp\libgdxGCUser\dc0f0009\OpenAL64.dll
0x000007fefb760000 - 0x000007fefb7b6000 	C:\WINDOWS\system32\uxtheme.dll
0x000007fefe860000 - 0x000007fefe8f9000 	C:\WINDOWS\system32\CLBCatQ.DLL
0x000007fefb930000 - 0x000007fefba5c000 	C:\WINDOWS\System32\PROPSYS.dll
0x000007fefd090000 - 0x000007fefd0cb000 	C:\WINDOWS\system32\WINTRUST.dll
0x000007fefd200000 - 0x000007fefd36d000 	C:\WINDOWS\system32\CRYPT32.dll
0x000007fefd060000 - 0x000007fefd06f000 	C:\WINDOWS\system32\MSASN1.dll
0x000007fee7120000 - 0x000007fee71a8000 	C:\WINDOWS\system32\dsound.dll
0x000007fefb820000 - 0x000007fefb84c000 	C:\WINDOWS\system32\POWRPROF.dll
0x000007fefb7d0000 - 0x000007fefb81b000 	C:\WINDOWS\System32\MMDevApi.dll
0x000007fefada0000 - 0x000007fefadef000 	C:\WINDOWS\system32\AUDIOSES.DLL
0x000007fed0140000 - 0x000007fed0e3a000 	C:\WINDOWS\system32\ig9icd64.dll
0x000007feef130000 - 0x000007feeff9d000 	C:\WINDOWS\system32\igc64.dll
0x000007fefaee0000 - 0x000007fefaef1000 	C:\WINDOWS\system32\WTSAPI32.dll
0x000007fee0750000 - 0x000007fee07ec000 	C:\WINDOWS\system32\mscms.dll
0x000007fedc000000 - 0x000007fedc042000 	C:\WINDOWS\system32\icm32.dll
0x0000000066bc0000 - 0x0000000066c7b000 	C:\Users\GCUser\AppData\Local\Temp\libgdxGCUser\54593449\gdx-box2d64.dll
0x000007fef5be0000 - 0x000007fef5d05000 	C:\WINDOWS\system32\dbghelp.dll

VM Arguments:
jvm_args: -javaagent:C:\Program Files\Android\Android Studio\lib\idea_rt.jar=61535:C:\Program Files\Android\Android Studio\bin -Dfile.encoding=UTF-8 
java_command: com.mygdx.game.desktop.DesktopLauncher
java_class_path (initial): C:\Program Files\Java\jdk1.8.0_171\jre\lib\charsets.jar;C:\Program Files\Java\jdk1.8.0_171\jre\lib\deploy.jar;C:\Program Files\Java\jdk1.8.0_171\jre\lib\ext\access-bridge-64.jar;C:\Program Files\Java\jdk1.8.0_171\jre\lib\ext\cldrdata.jar;C:\Program Files\Java\jdk1.8.0_171\jre\lib\ext\dnsns.jar;C:\Program Files\Java\jdk1.8.0_171\jre\lib\ext\jaccess.jar;C:\Program Files\Java\jdk1.8.0_171\jre\lib\ext\jfxrt.jar;C:\Program Files\Java\jdk1.8.0_171\jre\lib\ext\localedata.jar;C:\Program Files\Java\jdk1.8.0_171\jre\lib\ext\nashorn.jar;C:\Program Files\Java\jdk1.8.0_171\jre\lib\ext\sunec.jar;C:\Program Files\Java\jdk1.8.0_171\jre\lib\ext\sunjce_provider.jar;C:\Program Files\Java\jdk1.8.0_171\jre\lib\ext\sunmscapi.jar;C:\Program Files\Java\jdk1.8.0_171\jre\lib\ext\sunpkcs11.jar;C:\Program Files\Java\jdk1.8.0_171\jre\lib\ext\zipfs.jar;C:\Program Files\Java\jdk1.8.0_171\jre\lib\javaws.jar;C:\Program Files\Java\jdk1.8.0_171\jre\lib\jce.jar;C:\Program Files\Java\jdk1.8.0_171\jre\lib\jfr.jar;C:\Program Files\Java\jdk1.8.0_171\jre\lib\jfxswt.jar;C:\Program Files\Java\jdk1.8.0_171\jre\lib\jsse.jar;C:\Program Files\Java\jdk1.8.0_171\jre\lib\management-agent.jar;C:\Program Files\Java\jdk1.8.0_171\jre\lib\plugin.jar;C:\Program Files\Java\jdk1.8.0_171\jre\lib\resources.jar;C:\Program Files\Java\jdk1.8.0_171\jre\lib\rt.jar;C:\Users\GCUser\AndroidStudioProjects\libgdx\desktop\build\classes\java\main;C:\Users\GCUser\AndroidStudioProjects\libgdx\core\build\classes\java\main;C:\Users\GCUser\AndroidStudioProjects\Gradle\gradle-4.6\caches\modules-2\files-2.1\com.badlogicgames.gdx\gdx-tools\1.9.8\5c32820fccee957cc77990d353297ceed1a63159\gdx-tools-1.9.8.jar;C:\Users\GCUser\AndroidStudioProjects\Gradle\gradle-4.6\caches\modules-2\files-2.1\com.badlogicgames.gdx\gdx-backend-lwjgl\1.9.8\b7c138f14ed67ad830ae7597da3d86ae02b20eee\gdx-backend-lwjgl-1.9.8.jar;C:\Users\GCUser\AndroidStudioProjects\Gradle\gradle-4.6\caches\modules-2\files-2.1\com.badlogicgames.gdx\gdx-platform\
Launcher Type: SUN_STANDARD

Environment Variables:
PATH=C:\ProgramData\Oracle\Java\javapath;C:\WINDOWS\system32;C:\WINDOWS;C:\WINDOWS\System32\Wbem;C:\WINDOWS\System32\WindowsPowerShell\v1.0\;c:\Program Files (x86)\QuickTime\QTSystem\;C:\WINDOWS\System32\WindowsPowerShell\v1.0\;C:\WINDOWS\System32\WindowsPowerShell\v1.0\;C:\Program Files\MySQL\MySQL Utilities 1.6\;C:\Users\GCUser\AndroidStudioProjects\Gradle\gradle-4.6\bin
USERNAME=GCUser
OS=Windows_NT
PROCESSOR_IDENTIFIER=Intel64 Family 6 Model 78 Stepping 3, GenuineIntel



---------------  S Y S T E M  ---------------

OS: Windows 7 , 64 bit Build 7601 (6.1.7601.24214)

CPU:total 4 (initial active 4) (2 cores per cpu, 2 threads per core) family 6 model 78 stepping 3, cmov, cx8, fxsr, mmx, sse, sse2, sse3, ssse3, sse4.1, sse4.2, popcnt, avx, avx2, aes, clmul, erms, 3dnowpref, lzcnt, ht, tsc, tscinvbit, bmi1, bmi2, adx

Memory: 4k page, physical 8266332k(1521440k free), swap 16530764k(8442232k free)

vm_info: Java HotSpot(TM) 64-Bit Server VM (25.171-b11) for windows-amd64 JRE (1.8.0_171-b11), built on Mar 28 2018 16:06:12 by "java_re" with MS VC++ 10.0 (VS2010)

time: Tue Sep 11 18:19:03 2018
elapsed time: 13 seconds (0d 0h 0m 13s)

