#
# A fatal error has been detected by the Java Runtime Environment:
#
#  EXCEPTION_ACCESS_VIOLATION (0xc0000005) at pc=0x0000000066bcbd0d, pid=276, tid=0x0000000000002ac0
#
# JRE version: Java(TM) SE Runtime Environment (8.0_171-b11) (build 1.8.0_171-b11)
# Java VM: Java HotSpot(TM) 64-Bit Server VM (25.171-b11 mixed mode windows-amd64 compressed oops)
# Problematic frame:
# C  [gdx-box2d64.dll+0xbd0d]
#
# Failed to write core dump. Minidumps are not enabled by default on client versions of Windows
#
# If you would like to submit a bug report, please visit:
#   http://bugreport.java.com/bugreport/crash.jsp
# The crash happened outside the Java Virtual Machine in native code.
# See problematic frame for where to report the bug.
#

---------------  T H R E A D  ---------------

Current thread (0x000000005a560800):  JavaThread "LWJGL Application" [_thread_in_native, id=10944, stack(0x000000005b7e0000,0x000000005b8e0000)]

siginfo: ExceptionCode=0xc0000005, reading address 0x0000002600000000

Registers:
RAX=0x0000002600000000, RBX=0x000000000034f890, RCX=0x000000000034f860, RDX=0x00000000000000b8
RSP=0x000000005b8de9b0, RBP=0x0000000000000006, RSI=0x000000000034f860, RDI=0x000000005b8dea70
R8 =0x000000000034f860, R9 =0x0000000000000000, R10=0x0000000000000000, R11=0x0000000000000001
R12=0x0000000000000000, R13=0x0000000057ed69e0, R14=0x000000005b8ded80, R15=0x000000005a560800
RIP=0x0000000066bcbd0d, EFLAGS=0x0000000000010206

Top of Stack: (sp=0x000000005b8de9b0)
0x000000005b8de9b0:   0000000000000019 0000000086b44910
0x000000005b8de9c0:   000000005b8decd8 0000000002c754d4
0x000000005b8de9d0:   00000000d7d2c218 000000000034f860
0x000000005b8de9e0:   0000000000000001 000000005b8dea70
0x000000005b8de9f0:   000000005b8deb90 0000000000000000
0x000000005b8dea00:   0000000057ed69e0 0000000066be2483
0x000000005b8dea10:   000000005b8decd8 0000000086b448f0
0x000000005b8dea20:   000000005b8deb58 0000000086b448f0
0x000000005b8dea30:   0000000000000001 0000000000000001
0x000000005b8dea40:   0000000000000001 0000000066be8616
0x000000005b8dea50:   000000005b8decd8 0000000002c7383c
0x000000005b8dea60:   0000000000000002 0000000002a63659
0x000000005b8dea70:   434fc00000000000 00000000432f4000
0x000000005b8dea80:   0000000000000000 0000000000000000
0x000000005b8dea90:   0000010100000000 0000000000000001
0x000000005b8deaa0:   0000000000000000 000000003f800000 

Instructions: (pc=0x0000000066bcbd0d)
0x0000000066bcbced:   48 8d 05 6c a3 05 00 0f b6 1c 18 80 fb 0d 0f b6
0x0000000066bcbcfd:   eb 77 21 48 8d 1c de 48 8b 43 10 48 85 c0 74 3a
0x0000000066bcbd0d:   48 8b 10 48 89 53 10 48 83 c4 28 5b 5e 5f 5d 41
0x0000000066bcbd1d:   5c 41 5d c3 48 8d 15 18 9e 04 00 48 8d 0d 99 9e 


Register to memory mapping:

RAX=0x0000002600000000 is an unknown value
RBX=0x000000000034f890 is an unknown value
RCX=0x000000000034f860 is an unknown value
RDX=0x00000000000000b8 is an unknown value
RSP=0x000000005b8de9b0 is pointing into the stack for thread: 0x000000005a560800
RBP=0x0000000000000006 is an unknown value
RSI=0x000000000034f860 is an unknown value
RDI=0x000000005b8dea70 is pointing into the stack for thread: 0x000000005a560800
R8 =0x000000000034f860 is an unknown value
R9 =0x0000000000000000 is an unknown value
R10=0x0000000000000000 is an unknown value
R11=0x0000000000000001 is an unknown value
R12=0x0000000000000000 is an unknown value
R13=0x0000000057ed69e0 is pointing into metadata
R14=0x000000005b8ded80 is pointing into the stack for thread: 0x000000005a560800
R15=0x000000005a560800 is a thread


Stack: [0x000000005b7e0000,0x000000005b8e0000],  sp=0x000000005b8de9b0,  free space=1018k
Native frames: (J=compiled Java code, j=interpreted, Vv=VM code, C=native code)
C  [gdx-box2d64.dll+0xbd0d]
C  [gdx-box2d64.dll+0x22483]
C  [gdx-box2d64.dll+0x28616]
C  0x0000000002b8eae4

Java frames: (J=compiled Java code, j=interpreted, Vv=VM code)
J 644  com.badlogic.gdx.physics.box2d.World.jniCreateBody(JIFFFFFFFFZZZZZF)J (0 bytes) @ 0x0000000002b8ea66 [0x0000000002b8e9c0+0xa6]
J 643 C1 com.badlogic.gdx.physics.box2d.World.createBody(Lcom/badlogic/gdx/physics/box2d/BodyDef;)Lcom/badlogic/gdx/physics/box2d/Body; (120 bytes) @ 0x0000000002b9337c [0x0000000002b931e0+0x19c]
j  com.mygdx.game.Tools.b2dWorldCreator.updateSqs(Lcom/badlogic/gdx/Screen;)V+347
J 874 C1 com.mygdx.game.Screens.practiceDynTiles.update(F)V (497 bytes) @ 0x0000000002c2f064 [0x0000000002c2b6c0+0x39a4]
J 899 C2 com.mygdx.game.Screens.practiceDynTiles.render(F)V (399 bytes) @ 0x0000000002c4a158 [0x0000000002c49fe0+0x178]
j  com.badlogic.gdx.Game.render()V+19
j  com.mygdx.game.MyGdxGame.render()V+1
j  com.badlogic.gdx.backends.lwjgl.LwjglApplication.mainLoop()V+698
j  com.badlogic.gdx.backends.lwjgl.LwjglApplication$1.run()V+27
v  ~StubRoutines::call_stub

---------------  P R O C E S S  ---------------

Java Threads: ( => current thread )
  0x000000005a598000 JavaThread "LWJGL Timer" daemon [_thread_blocked, id=10416, stack(0x000000005e9f0000,0x000000005eaf0000)]
  0x00000000021fb000 JavaThread "DestroyJavaVM" [_thread_blocked, id=8836, stack(0x00000000023c0000,0x00000000024c0000)]
=>0x000000005a560800 JavaThread "LWJGL Application" [_thread_in_native, id=10944, stack(0x000000005b7e0000,0x000000005b8e0000)]
  0x000000005949b000 JavaThread "Service Thread" daemon [_thread_blocked, id=4488, stack(0x0000000059900000,0x0000000059a00000)]
  0x000000005944e800 JavaThread "C1 CompilerThread2" daemon [_thread_blocked, id=4636, stack(0x000000005a150000,0x000000005a250000)]
  0x000000005944e000 JavaThread "C2 CompilerThread1" daemon [_thread_in_native, id=10036, stack(0x0000000059fc0000,0x000000005a0c0000)]
  0x000000005944d000 JavaThread "C2 CompilerThread0" daemon [_thread_blocked, id=9992, stack(0x0000000059eb0000,0x0000000059fb0000)]
  0x000000005944a000 JavaThread "Monitor Ctrl-Break" daemon [_thread_in_native, id=10156, stack(0x0000000059ca0000,0x0000000059da0000)]
  0x0000000056d54000 JavaThread "Attach Listener" daemon [_thread_blocked, id=7252, stack(0x0000000059a50000,0x0000000059b50000)]
  0x0000000056d53000 JavaThread "Signal Dispatcher" daemon [_thread_blocked, id=4036, stack(0x00000000597f0000,0x00000000598f0000)]
  0x0000000056d3d000 JavaThread "Finalizer" daemon [_thread_blocked, id=9768, stack(0x0000000059210000,0x0000000059310000)]
  0x0000000056cf6000 JavaThread "Reference Handler" daemon [_thread_blocked, id=9324, stack(0x0000000059080000,0x0000000059180000)]

Other Threads:
  0x0000000056cee800 VMThread [stack: 0x0000000058eb0000,0x0000000058fb0000] [id=4776]
  0x00000000594a0000 WatcherThread [stack: 0x000000005a290000,0x000000005a390000] [id=7060]

VM state:not at safepoint (normal execution)

VM Mutex/Monitor currently owned by a thread: None

Heap:
 PSYoungGen      total 169472K, used 97979K [0x00000000d5f00000, 0x00000000e6400000, 0x0000000100000000)
  eden space 102912K, 30% used [0x00000000d5f00000,0x00000000d7daed08,0x00000000dc380000)
  from space 66560K, 100% used [0x00000000e1300000,0x00000000e5400000,0x00000000e5400000)
  to   space 81408K, 0% used [0x00000000dc380000,0x00000000dc380000,0x00000000e1300000)
 ParOldGen       total 292864K, used 180791K [0x0000000081c00000, 0x0000000093a00000, 0x00000000d5f00000)
  object space 292864K, 61% used [0x0000000081c00000,0x000000008cc8dc70,0x0000000093a00000)
 Metaspace       used 8881K, capacity 8947K, committed 9088K, reserved 1056768K
  class space    used 851K, capacity 880K, committed 896K, reserved 1048576K

Card table byte_map: [0x0000000011c50000,0x0000000012050000] byte_map_base: 0x0000000011842000

Marking Bits: (ParMarkBitMap*) 0x00000000576b08c0
 Begin Bits: [0x0000000012840000, 0x00000000147d0000)
 End Bits:   [0x00000000147d0000, 0x0000000016760000)

Polling page: 0x0000000000430000

CodeCache: size=245760Kb used=4042Kb max_used=4045Kb free=241717Kb
 bounds [0x0000000002890000, 0x0000000002c90000, 0x0000000011890000]
 total_blobs=1505 nmethods=993 adapters=423
 compilation: enabled

Compilation events (10 events):
Event: 8.073 Thread 0x000000005944e800  990       3       com.badlogic.gdx.physics.box2d.MassData::<init> (16 bytes)
Event: 8.073 Thread 0x000000005944e800 nmethod 990 0x0000000002c7fdd0 code [0x0000000002c7ff40, 0x0000000002c80210]
Event: 8.073 Thread 0x000000005944e800  991       3       com.badlogic.gdx.physics.box2d.World$2::newObject (5 bytes)
Event: 8.073 Thread 0x000000005944e800 nmethod 991 0x0000000002c80350 code [0x0000000002c804c0, 0x0000000002c80728]
Event: 8.074 Thread 0x000000005944e800  992       3       com.badlogic.gdx.physics.box2d.Body::<init> (178 bytes)
Event: 8.075 Thread 0x000000005944e800 nmethod 992 0x0000000002c80810 code [0x0000000002c80ae0, 0x0000000002c82290]
Event: 8.078 Thread 0x000000005944d000 nmethod 987 0x0000000002c86110 code [0x0000000002c86260, 0x0000000002c86718]
Event: 8.079 Thread 0x000000005944e800  993       1       com.badlogic.gdx.math.Rectangle::getWidth (5 bytes)
Event: 8.079 Thread 0x000000005944e800 nmethod 993 0x0000000002c85e50 code [0x0000000002c85fa0, 0x0000000002c860b0]
Event: 8.079 Thread 0x000000005944e800  994       1       com.badlogic.gdx.math.Rectangle::getHeight (5 bytes)

GC Heap History (10 events):
Event: 2.429 GC heap before
{Heap before GC invocations=4 (full 1):
 PSYoungGen      total 38400K, used 5118K [0x00000000d5f00000, 0x00000000daa00000, 0x0000000100000000)
  eden space 33280K, 0% used [0x00000000d5f00000,0x00000000d5f00000,0x00000000d7f80000)
  from space 5120K, 99% used [0x00000000d7f80000,0x00000000d847f8a0,0x00000000d8480000)
  to   space 5120K, 0% used [0x00000000da500000,0x00000000da500000,0x00000000daa00000)
 ParOldGen       total 87552K, used 80085K [0x0000000081c00000, 0x0000000087180000, 0x00000000d5f00000)
  object space 87552K, 91% used [0x0000000081c00000,0x0000000086a35640,0x0000000087180000)
 Metaspace       used 6707K, capacity 6803K, committed 7168K, reserved 1056768K
  class space    used 639K, capacity 656K, committed 768K, reserved 1048576K
Event: 2.455 GC heap after
Heap after GC invocations=4 (full 1):
 PSYoungGen      total 38400K, used 0K [0x00000000d5f00000, 0x00000000daa00000, 0x0000000100000000)
  eden space 33280K, 0% used [0x00000000d5f00000,0x00000000d5f00000,0x00000000d7f80000)
  from space 5120K, 0% used [0x00000000d7f80000,0x00000000d7f80000,0x00000000d8480000)
  to   space 5120K, 0% used [0x00000000da500000,0x00000000da500000,0x00000000daa00000)
 ParOldGen       total 166400K, used 83939K [0x0000000081c00000, 0x000000008be80000, 0x00000000d5f00000)
  object space 166400K, 50% used [0x0000000081c00000,0x0000000086df8fd0,0x000000008be80000)
 Metaspace       used 6707K, capacity 6803K, committed 7168K, reserved 1056768K
  class space    used 639K, capacity 656K, committed 768K, reserved 1048576K
}
Event: 2.530 GC heap before
{Heap before GC invocations=5 (full 1):
 PSYoungGen      total 38400K, used 33280K [0x00000000d5f00000, 0x00000000daa00000, 0x0000000100000000)
  eden space 33280K, 100% used [0x00000000d5f00000,0x00000000d7f80000,0x00000000d7f80000)
  from space 5120K, 0% used [0x00000000d7f80000,0x00000000d7f80000,0x00000000d8480000)
  to   space 5120K, 0% used [0x00000000da500000,0x00000000da500000,0x00000000daa00000)
 ParOldGen       total 166400K, used 83939K [0x0000000081c00000, 0x000000008be80000, 0x00000000d5f00000)
  object space 166400K, 50% used [0x0000000081c00000,0x0000000086df8fd0,0x000000008be80000)
 Metaspace       used 6707K, capacity 6803K, committed 7168K, reserved 1056768K
  class space    used 639K, capacity 656K, committed 768K, reserved 1048576K
Event: 2.544 GC heap after
Heap after GC invocations=5 (full 1):
 PSYoungGen      total 67584K, used 5120K [0x00000000d5f00000, 0x00000000daa00000, 0x0000000100000000)
  eden space 62464K, 0% used [0x00000000d5f00000,0x00000000d5f00000,0x00000000d9c00000)
  from space 5120K, 100% used [0x00000000da500000,0x00000000daa00000,0x00000000daa00000)
  to   space 5120K, 0% used [0x00000000da000000,0x00000000da000000,0x00000000da500000)
 ParOldGen       total 166400K, used 112166K [0x0000000081c00000, 0x000000008be80000, 0x00000000d5f00000)
  object space 166400K, 67% used [0x0000000081c00000,0x0000000088989a60,0x000000008be80000)
 Metaspace       used 6707K, capacity 6803K, committed 7168K, reserved 1056768K
  class space    used 639K, capacity 656K, committed 768K, reserved 1048576K
}
Event: 2.769 GC heap before
{Heap before GC invocations=6 (full 1):
 PSYoungGen      total 67584K, used 67584K [0x00000000d5f00000, 0x00000000daa00000, 0x0000000100000000)
  eden space 62464K, 100% used [0x00000000d5f00000,0x00000000d9c00000,0x00000000d9c00000)
  from space 5120K, 100% used [0x00000000da500000,0x00000000daa00000,0x00000000daa00000)
  to   space 5120K, 0% used [0x00000000da000000,0x00000000da000000,0x00000000da500000)
 ParOldGen       total 166400K, used 112166K [0x0000000081c00000, 0x000000008be80000, 0x00000000d5f00000)
  object space 166400K, 67% used [0x0000000081c00000,0x0000000088989a60,0x000000008be80000)
 Metaspace       used 6707K, capacity 6803K, committed 7168K, reserved 1056768K
  class space    used 639K, capacity 656K, committed 768K, reserved 1048576K
Event: 2.798 GC heap after
Heap after GC invocations=6 (full 1):
 PSYoungGen      total 71680K, used 5120K [0x00000000d5f00000, 0x00000000e5400000, 0x0000000100000000)
  eden space 66560K, 0% used [0x00000000d5f00000,0x00000000d5f00000,0x00000000da000000)
  from space 5120K, 100% used [0x00000000da000000,0x00000000da500000,0x00000000da500000)
  to   space 66560K, 0% used [0x00000000e1300000,0x00000000e1300000,0x00000000e5400000)
 ParOldGen       total 174592K, used 174428K [0x0000000081c00000, 0x000000008c680000, 0x00000000d5f00000)
  object space 174592K, 99% used [0x0000000081c00000,0x000000008c657050,0x000000008c680000)
 Metaspace       used 6707K, capacity 6803K, committed 7168K, reserved 1056768K
  class space    used 639K, capacity 656K, committed 768K, reserved 1048576K
}
Event: 2.798 GC heap before
{Heap before GC invocations=7 (full 2):
 PSYoungGen      total 71680K, used 5120K [0x00000000d5f00000, 0x00000000e5400000, 0x0000000100000000)
  eden space 66560K, 0% used [0x00000000d5f00000,0x00000000d5f00000,0x00000000da000000)
  from space 5120K, 100% used [0x00000000da000000,0x00000000da500000,0x00000000da500000)
  to   space 66560K, 0% used [0x00000000e1300000,0x00000000e1300000,0x00000000e5400000)
 ParOldGen       total 174592K, used 174428K [0x0000000081c00000, 0x000000008c680000, 0x00000000d5f00000)
  object space 174592K, 99% used [0x0000000081c00000,0x000000008c657050,0x000000008c680000)
 Metaspace       used 6707K, capacity 6803K, committed 7168K, reserved 1056768K
  class space    used 639K, capacity 656K, committed 768K, reserved 1048576K
Event: 2.841 GC heap after
Heap after GC invocations=7 (full 2):
 PSYoungGen      total 71680K, used 5012K [0x00000000d5f00000, 0x00000000e5400000, 0x0000000100000000)
  eden space 66560K, 0% used [0x00000000d5f00000,0x00000000d5f00000,0x00000000da000000)
  from space 5120K, 97% used [0x00000000da000000,0x00000000da4e51e0,0x00000000da500000)
  to   space 66560K, 0% used [0x00000000e1300000,0x00000000e1300000,0x00000000e5400000)
 ParOldGen       total 292864K, used 174425K [0x0000000081c00000, 0x0000000093a00000, 0x00000000d5f00000)
  object space 292864K, 59% used [0x0000000081c00000,0x000000008c6564f0,0x0000000093a00000)
 Metaspace       used 6707K, capacity 6803K, committed 7168K, reserved 1056768K
  class space    used 639K, capacity 656K, committed 768K, reserved 1048576K
}
Event: 3.137 GC heap before
{Heap before GC invocations=8 (full 2):
 PSYoungGen      total 71680K, used 71572K [0x00000000d5f00000, 0x00000000e5400000, 0x0000000100000000)
  eden space 66560K, 100% used [0x00000000d5f00000,0x00000000da000000,0x00000000da000000)
  from space 5120K, 97% used [0x00000000da000000,0x00000000da4e51e0,0x00000000da500000)
  to   space 66560K, 0% used [0x00000000e1300000,0x00000000e1300000,0x00000000e5400000)
 ParOldGen       total 292864K, used 174425K [0x0000000081c00000, 0x0000000093a00000, 0x00000000d5f00000)
  object space 292864K, 59% used [0x0000000081c00000,0x000000008c6564f0,0x0000000093a00000)
 Metaspace       used 6707K, capacity 6803K, committed 7168K, reserved 1056768K
  class space    used 639K, capacity 656K, committed 768K, reserved 1048576K
Event: 3.168 GC heap after
Heap after GC invocations=8 (full 2):
 PSYoungGen      total 169472K, used 66560K [0x00000000d5f00000, 0x00000000e6400000, 0x0000000100000000)
  eden space 102912K, 0% used [0x00000000d5f00000,0x00000000d5f00000,0x00000000dc380000)
  from space 66560K, 100% used [0x00000000e1300000,0x00000000e5400000,0x00000000e5400000)
  to   space 81408K, 0% used [0x00000000dc380000,0x00000000dc380000,0x00000000e1300000)
 ParOldGen       total 292864K, used 180791K [0x0000000081c00000, 0x0000000093a00000, 0x00000000d5f00000)
  object space 292864K, 61% used [0x0000000081c00000,0x000000008cc8dc70,0x0000000093a00000)
 Metaspace       used 6707K, capacity 6803K, committed 7168K, reserved 1056768K
  class space    used 639K, capacity 656K, committed 768K, reserved 1048576K
}

Deoptimization events (6 events):
Event: 3.071 Thread 0x000000005a560800 Uncommon trap: reason=unstable_if action=reinterpret pc=0x0000000002acea64 method=com.mygdx.game.Perlin.Perlin.GeneratePerlinNoise([[FI)[[F @ 91
Event: 3.224 Thread 0x000000005a560800 Uncommon trap: reason=intrinsic action=make_not_entrant pc=0x0000000002ae72c8 method=com.mygdx.game.Screens.practiceDynTiles.landmapGenandPerlin()V @ 762
Event: 3.422 Thread 0x000000005a560800 Uncommon trap: reason=unstable_if action=reinterpret pc=0x0000000002aee814 method=com.mygdx.game.Screens.practiceDynTiles.landmapGenandPerlin()V @ 545
Event: 3.615 Thread 0x000000005a560800 Uncommon trap: reason=unstable_if action=reinterpret pc=0x0000000002b4c7d0 method=java.util.StringTokenizer.scanToken(I)I @ 7
Event: 3.615 Thread 0x000000005a560800 Uncommon trap: reason=unstable_if action=reinterpret pc=0x0000000002b44e44 method=java.util.StringTokenizer.skipDelimiters(I)I @ 29
Event: 3.616 Thread 0x000000005a560800 Uncommon trap: reason=unstable_if action=reinterpret pc=0x0000000002b3e11c method=java.util.StringTokenizer.scanToken(I)I @ 7

Classes redefined (0 events):
No events

Internal exceptions (10 events):
Event: 0.375 Thread 0x00000000021fb000 Exception <a 'java/security/PrivilegedActionException'> (0x00000000d63c26c8) thrown at [C:\re\workspace\8-2-build-windows-amd64-cygwin\jdk8u171\10807\hotspot\src\share\vm\prims\jvm.cpp, line 1435]
Event: 0.375 Thread 0x00000000021fb000 Exception <a 'java/security/PrivilegedActionException'> (0x00000000d63c28d8) thrown at [C:\re\workspace\8-2-build-windows-amd64-cygwin\jdk8u171\10807\hotspot\src\share\vm\prims\jvm.cpp, line 1435]
Event: 0.377 Thread 0x00000000021fb000 Exception <a 'java/security/PrivilegedActionException'> (0x00000000d63c67e8) thrown at [C:\re\workspace\8-2-build-windows-amd64-cygwin\jdk8u171\10807\hotspot\src\share\vm\prims\jvm.cpp, line 1435]
Event: 0.377 Thread 0x00000000021fb000 Exception <a 'java/security/PrivilegedActionException'> (0x00000000d63c69f8) thrown at [C:\re\workspace\8-2-build-windows-amd64-cygwin\jdk8u171\10807\hotspot\src\share\vm\prims\jvm.cpp, line 1435]
Event: 0.872 Thread 0x00000000021fb000 Exception <a 'java/security/PrivilegedActionException'> (0x00000000d65f4f48) thrown at [C:\re\workspace\8-2-build-windows-amd64-cygwin\jdk8u171\10807\hotspot\src\share\vm\prims\jvm.cpp, line 1435]
Event: 0.872 Thread 0x00000000021fb000 Exception <a 'java/security/PrivilegedActionException'> (0x00000000d65f6c20) thrown at [C:\re\workspace\8-2-build-windows-amd64-cygwin\jdk8u171\10807\hotspot\src\share\vm\prims\jvm.cpp, line 1435]
Event: 0.872 Thread 0x00000000021fb000 Exception <a 'java/security/PrivilegedActionException'> (0x00000000d65f7d90) thrown at [C:\re\workspace\8-2-build-windows-amd64-cygwin\jdk8u171\10807\hotspot\src\share\vm\prims\jvm.cpp, line 1435]
Event: 0.873 Thread 0x00000000021fb000 Exception <a 'java/security/PrivilegedActionException'> (0x00000000d65fd2d0) thrown at [C:\re\workspace\8-2-build-windows-amd64-cygwin\jdk8u171\10807\hotspot\src\share\vm\prims\jvm.cpp, line 1435]
Event: 0.873 Thread 0x00000000021fb000 Exception <a 'java/security/PrivilegedActionException'> (0x00000000d65fdf28) thrown at [C:\re\workspace\8-2-build-windows-amd64-cygwin\jdk8u171\10807\hotspot\src\share\vm\prims\jvm.cpp, line 1435]
Event: 0.873 Thread 0x00000000021fb000 Exception <a 'java/security/PrivilegedActionException'> (0x00000000d65feb50) thrown at [C:\re\workspace\8-2-build-windows-amd64-cygwin\jdk8u171\10807\hotspot\src\share\vm\prims\jvm.cpp, line 1435]

Events (10 events):
Event: 3.732 loading class org/lwjgl/opengl/Sync$1 done
Event: 3.733 Thread 0x000000005a598000 Thread added: 0x000000005a598000
Event: 4.117 loading class org/lwjgl/opengl/WindowsKeycodes
Event: 4.117 loading class org/lwjgl/opengl/WindowsKeycodes done
Event: 4.119 loading class com/badlogic/gdx/backends/lwjgl/LwjglInput$KeyEvent
Event: 4.119 loading class com/badlogic/gdx/backends/lwjgl/LwjglInput$KeyEvent done
Event: 4.367 Executing VM operation: EnableBiasedLocking
Event: 4.367 Executing VM operation: EnableBiasedLocking done
Event: 7.051 Thread 0x000000005a560800 DEOPT PACKING pc=0x0000000002c19790 sp=0x000000005b8dede0
Event: 7.051 Thread 0x000000005a560800 DEOPT UNPACKING pc=0x00000000028d7890 sp=0x000000005b8dec60 mode 0


Dynamic libraries:
0x000000013fe90000 - 0x000000013fec7000 	C:\Program Files\Java\jdk1.8.0_171\bin\java.exe
0x00000000774c0000 - 0x000000007765f000 	C:\WINDOWS\SYSTEM32\ntdll.dll
0x00000000772a0000 - 0x00000000773bf000 	C:\WINDOWS\system32\kernel32.dll
0x000007fefd3b0000 - 0x000007fefd41a000 	C:\WINDOWS\system32\KERNELBASE.dll
0x000007feff6d0000 - 0x000007feff7ab000 	C:\WINDOWS\system32\ADVAPI32.dll
0x000007fefed70000 - 0x000007fefee0f000 	C:\WINDOWS\system32\msvcrt.dll
0x000007fefee90000 - 0x000007fefeeaf000 	C:\WINDOWS\SYSTEM32\sechost.dll
0x000007fefeeb0000 - 0x000007fefefdd000 	C:\WINDOWS\system32\RPCRT4.dll
0x00000000773c0000 - 0x00000000774ba000 	C:\WINDOWS\system32\USER32.dll
0x000007fefe750000 - 0x000007fefe7b7000 	C:\WINDOWS\system32\GDI32.dll
0x000007fefd9b0000 - 0x000007fefd9be000 	C:\WINDOWS\system32\LPK.dll
0x000007fefeb10000 - 0x000007fefebdb000 	C:\WINDOWS\system32\USP10.dll
0x000007fefbab0000 - 0x000007fefbca4000 	C:\WINDOWS\WinSxS\amd64_microsoft.windows.common-controls_6595b64144ccf1df_6.0.7601.18837_none_fa3b1e3d17594757\COMCTL32.dll
0x000007feff440000 - 0x000007feff4b1000 	C:\WINDOWS\system32\SHLWAPI.dll
0x000007feff5d0000 - 0x000007feff5fe000 	C:\WINDOWS\system32\IMM32.DLL
0x000007feff4c0000 - 0x000007feff5c9000 	C:\WINDOWS\system32\MSCTF.dll
0x0000000074a30000 - 0x0000000074b02000 	C:\Program Files\Java\jdk1.8.0_171\jre\bin\msvcr100.dll
0x0000000056e90000 - 0x0000000057730000 	C:\Program Files\Java\jdk1.8.0_171\jre\bin\server\jvm.dll
0x000007fef48d0000 - 0x000007fef48d9000 	C:\WINDOWS\system32\WSOCK32.dll
0x000007feff680000 - 0x000007feff6cd000 	C:\WINDOWS\system32\WS2_32.dll
0x000007fefeb00000 - 0x000007fefeb08000 	C:\WINDOWS\system32\NSI.dll
0x000007fefb290000 - 0x000007fefb2cb000 	C:\WINDOWS\system32\WINMM.dll
0x000007fefc140000 - 0x000007fefc14c000 	C:\WINDOWS\system32\VERSION.dll
0x0000000077670000 - 0x0000000077677000 	C:\WINDOWS\system32\PSAPI.DLL
0x0000000074d20000 - 0x0000000074d2f000 	C:\Program Files\Java\jdk1.8.0_171\jre\bin\verify.dll
0x0000000074cf0000 - 0x0000000074d19000 	C:\Program Files\Java\jdk1.8.0_171\jre\bin\java.dll
0x0000000074120000 - 0x0000000074143000 	C:\Program Files\Java\jdk1.8.0_171\jre\bin\instrument.dll
0x0000000074cb0000 - 0x0000000074cc6000 	C:\Program Files\Java\jdk1.8.0_171\jre\bin\zip.dll
0x000007fefd9c0000 - 0x000007fefe74b000 	C:\WINDOWS\system32\SHELL32.dll
0x000007fefe900000 - 0x000007fefeafd000 	C:\WINDOWS\system32\ole32.dll
0x000007fefd070000 - 0x000007fefd07f000 	C:\WINDOWS\system32\profapi.dll
0x000007fefa320000 - 0x000007fefa33a000 	C:\Program Files\Android\Android Studio\bin\breakgen64.dll
0x0000000074a10000 - 0x0000000074a2a000 	C:\Program Files\Java\jdk1.8.0_171\jre\bin\net.dll
0x000007fefc7f0000 - 0x000007fefc845000 	C:\WINDOWS\system32\mswsock.dll
0x000007fefc7e0000 - 0x000007fefc7e7000 	C:\WINDOWS\System32\wship6.dll
0x0000000065580000 - 0x0000000065616000 	C:\Users\GCUser\AppData\Local\Temp\libgdxGCUser\12dfaa03\gdx64.dll
0x000007fefc850000 - 0x000007fefc868000 	C:\WINDOWS\system32\CRYPTSP.dll
0x000007fefc550000 - 0x000007fefc597000 	C:\WINDOWS\system32\rsaenh.dll
0x000007fefd390000 - 0x000007fefd3ae000 	C:\WINDOWS\system32\USERENV.dll
0x000007fefcf00000 - 0x000007fefcf0f000 	C:\WINDOWS\system32\CRYPTBASE.dll
0x000007fefa8e0000 - 0x000007fefa907000 	C:\WINDOWS\system32\IPHLPAPI.DLL
0x000007fefa8d0000 - 0x000007fefa8db000 	C:\WINDOWS\system32\WINNSI.DLL
0x000007fef9fc0000 - 0x000007fef9fd8000 	C:\WINDOWS\system32\dhcpcsvc.DLL
0x000007fef9fa0000 - 0x000007fef9fb1000 	C:\WINDOWS\system32\dhcpcsvc6.DLL
0x00000000749f0000 - 0x0000000074a01000 	C:\Program Files\Java\jdk1.8.0_171\jre\bin\nio.dll
0x0000000180000000 - 0x0000000180053000 	C:\Users\GCUser\AppData\Local\Temp\libgdxGCUser\dc0f0009\lwjgl64.dll
0x000007feecce0000 - 0x000007feecdfd000 	C:\WINDOWS\system32\OPENGL32.dll
0x000007feeccb0000 - 0x000007feeccdd000 	C:\WINDOWS\system32\GLU32.dll
0x000007feecbb0000 - 0x000007feecca1000 	C:\WINDOWS\system32\DDRAW.dll
0x000007feecba0000 - 0x000007feecba8000 	C:\WINDOWS\system32\DCIMAN32.dll
0x000007fefd420000 - 0x000007fefd5f7000 	C:\WINDOWS\system32\SETUPAPI.dll
0x000007fefd0f0000 - 0x000007fefd126000 	C:\WINDOWS\system32\CFGMGR32.dll
0x000007fefd8d0000 - 0x000007fefd9aa000 	C:\WINDOWS\system32\OLEAUT32.dll
0x000007fefd0d0000 - 0x000007fefd0ea000 	C:\WINDOWS\system32\DEVOBJ.dll
0x000007fefae30000 - 0x000007fefae48000 	C:\WINDOWS\system32\dwmapi.dll
0x0000000001fd0000 - 0x0000000002034000 	C:\Users\GCUser\AppData\Local\Temp\libgdxGCUser\dc0f0009\OpenAL64.dll
0x000007fefb760000 - 0x000007fefb7b6000 	C:\WINDOWS\system32\uxtheme.dll
0x000007fefe860000 - 0x000007fefe8f9000 	C:\WINDOWS\system32\CLBCatQ.DLL
0x000007fefb930000 - 0x000007fefba5c000 	C:\WINDOWS\System32\PROPSYS.dll
0x000007fefd090000 - 0x000007fefd0cb000 	C:\WINDOWS\system32\WINTRUST.dll
0x000007fefd200000 - 0x000007fefd36d000 	C:\WINDOWS\system32\CRYPT32.dll
0x000007fefd060000 - 0x000007fefd06f000 	C:\WINDOWS\system32\MSASN1.dll
0x000007fee7120000 - 0x000007fee71a8000 	C:\WINDOWS\system32\dsound.dll
0x000007fefb820000 - 0x000007fefb84c000 	C:\WINDOWS\system32\POWRPROF.dll
0x000007fefb7d0000 - 0x000007fefb81b000 	C:\WINDOWS\System32\MMDevApi.dll
0x000007fefada0000 - 0x000007fefadef000 	C:\WINDOWS\system32\AUDIOSES.DLL
0x000007fed3820000 - 0x000007fed451a000 	C:\WINDOWS\system32\ig9icd64.dll
0x000007feef130000 - 0x000007feeff9d000 	C:\WINDOWS\system32\igc64.dll
0x000007fefaee0000 - 0x000007fefaef1000 	C:\WINDOWS\system32\WTSAPI32.dll
0x000007fee0750000 - 0x000007fee07ec000 	C:\WINDOWS\system32\mscms.dll
0x000007fedc000000 - 0x000007fedc042000 	C:\WINDOWS\system32\icm32.dll
0x0000000066bc0000 - 0x0000000066c7b000 	C:\Users\GCUser\AppData\Local\Temp\libgdxGCUser\54593449\gdx-box2d64.dll
0x000007fef5be0000 - 0x000007fef5d05000 	C:\WINDOWS\system32\dbghelp.dll

VM Arguments:
jvm_args: -javaagent:C:\Program Files\Android\Android Studio\lib\idea_rt.jar=52006:C:\Program Files\Android\Android Studio\bin -Dfile.encoding=UTF-8 
java_command: com.mygdx.game.desktop.DesktopLauncher
java_class_path (initial): C:\Program Files\Java\jdk1.8.0_171\jre\lib\charsets.jar;C:\Program Files\Java\jdk1.8.0_171\jre\lib\deploy.jar;C:\Program Files\Java\jdk1.8.0_171\jre\lib\ext\access-bridge-64.jar;C:\Program Files\Java\jdk1.8.0_171\jre\lib\ext\cldrdata.jar;C:\Program Files\Java\jdk1.8.0_171\jre\lib\ext\dnsns.jar;C:\Program Files\Java\jdk1.8.0_171\jre\lib\ext\jaccess.jar;C:\Program Files\Java\jdk1.8.0_171\jre\lib\ext\jfxrt.jar;C:\Program Files\Java\jdk1.8.0_171\jre\lib\ext\localedata.jar;C:\Program Files\Java\jdk1.8.0_171\jre\lib\ext\nashorn.jar;C:\Program Files\Java\jdk1.8.0_171\jre\lib\ext\sunec.jar;C:\Program Files\Java\jdk1.8.0_171\jre\lib\ext\sunjce_provider.jar;C:\Program Files\Java\jdk1.8.0_171\jre\lib\ext\sunmscapi.jar;C:\Program Files\Java\jdk1.8.0_171\jre\lib\ext\sunpkcs11.jar;C:\Program Files\Java\jdk1.8.0_171\jre\lib\ext\zipfs.jar;C:\Program Files\Java\jdk1.8.0_171\jre\lib\javaws.jar;C:\Program Files\Java\jdk1.8.0_171\jre\lib\jce.jar;C:\Program Files\Java\jdk1.8.0_171\jre\lib\jfr.jar;C:\Program Files\Java\jdk1.8.0_171\jre\lib\jfxswt.jar;C:\Program Files\Java\jdk1.8.0_171\jre\lib\jsse.jar;C:\Program Files\Java\jdk1.8.0_171\jre\lib\management-agent.jar;C:\Program Files\Java\jdk1.8.0_171\jre\lib\plugin.jar;C:\Program Files\Java\jdk1.8.0_171\jre\lib\resources.jar;C:\Program Files\Java\jdk1.8.0_171\jre\lib\rt.jar;C:\Users\GCUser\AndroidStudioProjects\libgdx\desktop\build\classes\java\main;C:\Users\GCUser\AndroidStudioProjects\libgdx\core\build\classes\java\main;C:\Users\GCUser\AndroidStudioProjects\Gradle\gradle-4.6\caches\modules-2\files-2.1\com.badlogicgames.gdx\gdx-tools\1.9.8\5c32820fccee957cc77990d353297ceed1a63159\gdx-tools-1.9.8.jar;C:\Users\GCUser\AndroidStudioProjects\Gradle\gradle-4.6\caches\modules-2\files-2.1\com.badlogicgames.gdx\gdx-backend-lwjgl\1.9.8\b7c138f14ed67ad830ae7597da3d86ae02b20eee\gdx-backend-lwjgl-1.9.8.jar;C:\Users\GCUser\AndroidStudioProjects\Gradle\gradle-4.6\caches\modules-2\files-2.1\com.badlogicgames.gdx\gdx-platform\
Launcher Type: SUN_STANDARD

Environment Variables:
PATH=C:\ProgramData\Oracle\Java\javapath;C:\WINDOWS\system32;C:\WINDOWS;C:\WINDOWS\System32\Wbem;C:\WINDOWS\System32\WindowsPowerShell\v1.0\;c:\Program Files (x86)\QuickTime\QTSystem\;C:\WINDOWS\System32\WindowsPowerShell\v1.0\;C:\WINDOWS\System32\WindowsPowerShell\v1.0\;C:\Program Files\MySQL\MySQL Utilities 1.6\;C:\Users\GCUser\AndroidStudioProjects\Gradle\gradle-4.6\bin
USERNAME=GCUser
OS=Windows_NT
PROCESSOR_IDENTIFIER=Intel64 Family 6 Model 78 Stepping 3, GenuineIntel



---------------  S Y S T E M  ---------------

OS: Windows 7 , 64 bit Build 7601 (6.1.7601.24214)

CPU:total 4 (initial active 4) (2 cores per cpu, 2 threads per core) family 6 model 78 stepping 3, cmov, cx8, fxsr, mmx, sse, sse2, sse3, ssse3, sse4.1, sse4.2, popcnt, avx, avx2, aes, clmul, erms, 3dnowpref, lzcnt, ht, tsc, tscinvbit, bmi1, bmi2, adx

Memory: 4k page, physical 8266332k(1761312k free), swap 16530764k(8773696k free)

vm_info: Java HotSpot(TM) 64-Bit Server VM (25.171-b11) for windows-amd64 JRE (1.8.0_171-b11), built on Mar 28 2018 16:06:12 by "java_re" with MS VC++ 10.0 (VS2010)

time: Tue Sep 11 13:02:21 2018
elapsed time: 8 seconds (0d 0h 0m 8s)

