#
# A fatal error has been detected by the Java Runtime Environment:
#
#  EXCEPTION_ACCESS_VIOLATION (0xc0000005) at pc=0x0000000066bcbd0d, pid=5736, tid=0x00000000000027d8
#
# JRE version: Java(TM) SE Runtime Environment (8.0_171-b11) (build 1.8.0_171-b11)
# Java VM: Java HotSpot(TM) 64-Bit Server VM (25.171-b11 mixed mode windows-amd64 compressed oops)
# Problematic frame:
# C  [gdx-box2d64.dll+0xbd0d]
#
# Failed to write core dump. Minidumps are not enabled by default on client versions of Windows
#
# If you would like to submit a bug report, please visit:
#   http://bugreport.java.com/bugreport/crash.jsp
# The crash happened outside the Java Virtual Machine in native code.
# See problematic frame for where to report the bug.
#

---------------  T H R E A D  ---------------

Current thread (0x0000000019d31800):  JavaThread "LWJGL Application" [_thread_in_native, id=10200, stack(0x000000001af20000,0x000000001b020000)]

siginfo: ExceptionCode=0xc0000005, reading address 0x0000002600000000

Registers:
RAX=0x0000002600000000, RBX=0x000000000048f890, RCX=0x000000000048f860, RDX=0x00000000000000b8
RSP=0x000000001b01e9c0, RBP=0x0000000000000006, RSI=0x000000000048f860, RDI=0x000000001b01ea80
R8 =0x000000000048f860, R9 =0x0000000000000000, R10=0x0000000000000000, R11=0x0000000000000001
R12=0x0000000000000000, R13=0x000000003f800000, R14=0x000000001b01ecd8, R15=0x0000000019d31800
RIP=0x0000000066bcbd0d, EFLAGS=0x0000000000010206

Top of Stack: (sp=0x000000001b01e9c0)
0x000000001b01e9c0:   0000000019d31800 0000000000000004
0x000000001b01e9d0:   0000000000000003 0000000052c45b7b
0x000000001b01e9e0:   000000013f320988 000000000048f860
0x000000001b01e9f0:   0000000000000001 000000001b01ea80
0x000000001b01ea00:   000000001b01eba0 0000000000000000
0x000000001b01ea10:   000000003f800000 0000000066be2483
0x000000001b01ea20:   0000000019d31800 0000000000000003
0x000000001b01ea30:   0000000000000003 0000000052c8c500
0x000000001b01ea40:   0000000000000001 0000000000000001
0x000000001b01ea50:   0000000000000001 0000000066be8616
0x000000001b01ea60:   0000000002ae835d 0000000002c13fd9
0x000000001b01ea70:   0000000019c41be0 0000000052c07216
0x000000001b01ea80:   42cf800000000000 0000000043a46000
0x000000001b01ea90:   0000000000000000 0000000000000000
0x000000001b01eaa0:   0000010100000000 0000000002b06801
0x000000001b01eab0:   0000000000000000 000000003f800000 

Instructions: (pc=0x0000000066bcbd0d)
0x0000000066bcbced:   48 8d 05 6c a3 05 00 0f b6 1c 18 80 fb 0d 0f b6
0x0000000066bcbcfd:   eb 77 21 48 8d 1c de 48 8b 43 10 48 85 c0 74 3a
0x0000000066bcbd0d:   48 8b 10 48 89 53 10 48 83 c4 28 5b 5e 5f 5d 41
0x0000000066bcbd1d:   5c 41 5d c3 48 8d 15 18 9e 04 00 48 8d 0d 99 9e 


Register to memory mapping:

RAX=0x0000002600000000 is an unknown value
RBX=0x000000000048f890 is an unknown value
RCX=0x000000000048f860 is an unknown value
RDX=0x00000000000000b8 is an unknown value
RSP=0x000000001b01e9c0 is pointing into the stack for thread: 0x0000000019d31800
RBP=0x0000000000000006 is an unknown value
RSI=0x000000000048f860 is an unknown value
RDI=0x000000001b01ea80 is pointing into the stack for thread: 0x0000000019d31800
R8 =0x000000000048f860 is an unknown value
R9 =0x0000000000000000 is an unknown value
R10=0x0000000000000000 is an unknown value
R11=0x0000000000000001 is an unknown value
R12=0x0000000000000000 is an unknown value
R13=0x000000003f800000 is an unknown value
R14=0x000000001b01ecd8 is pointing into the stack for thread: 0x0000000019d31800
R15=0x0000000019d31800 is a thread


Stack: [0x000000001af20000,0x000000001b020000],  sp=0x000000001b01e9c0,  free space=1018k
Native frames: (J=compiled Java code, j=interpreted, Vv=VM code, C=native code)
C  [gdx-box2d64.dll+0xbd0d]
C  [gdx-box2d64.dll+0x22483]
C  [gdx-box2d64.dll+0x28616]
C  0x0000000002f03364

Java frames: (J=compiled Java code, j=interpreted, Vv=VM code)
J 989  com.badlogic.gdx.physics.box2d.World.jniCreateBody(JIFFFFFFFFZZZZZF)J (0 bytes) @ 0x0000000002f032e6 [0x0000000002f03240+0xa6]
j  com.badlogic.gdx.physics.box2d.World.createBody(Lcom/badlogic/gdx/physics/box2d/BodyDef;)Lcom/badlogic/gdx/physics/box2d/Body;+80
j  com.mygdx.game.Tools.b2dWorldCreator.updateSqs(Lcom/badlogic/gdx/Screen;)V+301
j  com.mygdx.game.Screens.practiceDynTiles.update(F)V+456
J 927 C2 com.mygdx.game.Screens.practiceDynTiles.render(F)V (399 bytes) @ 0x0000000002edbd28 [0x0000000002edbba0+0x188]
j  com.badlogic.gdx.Game.render()V+19
j  com.mygdx.game.MyGdxGame.render()V+1
j  com.badlogic.gdx.backends.lwjgl.LwjglApplication.mainLoop()V+698
j  com.badlogic.gdx.backends.lwjgl.LwjglApplication$1.run()V+27
v  ~StubRoutines::call_stub

---------------  P R O C E S S  ---------------

Java Threads: ( => current thread )
  0x000000001a03a800 JavaThread "LWJGL Timer" daemon [_thread_blocked, id=9804, stack(0x000000001b340000,0x000000001b440000)]
  0x00000000021ab000 JavaThread "DestroyJavaVM" [_thread_blocked, id=9976, stack(0x0000000002510000,0x0000000002610000)]
=>0x0000000019d31800 JavaThread "LWJGL Application" [_thread_in_native, id=10200, stack(0x000000001af20000,0x000000001b020000)]
  0x0000000018c0a800 JavaThread "Service Thread" daemon [_thread_blocked, id=1900, stack(0x0000000019800000,0x0000000019900000)]
  0x0000000018b7f000 JavaThread "C1 CompilerThread2" daemon [_thread_blocked, id=6180, stack(0x00000000195c0000,0x00000000196c0000)]
  0x0000000018b7e000 JavaThread "C2 CompilerThread1" daemon [_thread_blocked, id=9536, stack(0x0000000019070000,0x0000000019170000)]
  0x0000000018b7d000 JavaThread "C2 CompilerThread0" daemon [_thread_blocked, id=8652, stack(0x0000000019460000,0x0000000019560000)]
  0x0000000018b7b800 JavaThread "Monitor Ctrl-Break" daemon [_thread_in_native, id=9312, stack(0x00000000192c0000,0x00000000193c0000)]
  0x0000000017704000 JavaThread "Attach Listener" daemon [_thread_blocked, id=7608, stack(0x00000000191a0000,0x00000000192a0000)]
  0x0000000017703000 JavaThread "Signal Dispatcher" daemon [_thread_blocked, id=9608, stack(0x0000000018f10000,0x0000000019010000)]
  0x00000000176e7800 JavaThread "Finalizer" daemon [_thread_blocked, id=9088, stack(0x00000000185f0000,0x00000000186f0000)]
  0x00000000176a6000 JavaThread "Reference Handler" daemon [_thread_blocked, id=7228, stack(0x0000000018940000,0x0000000018a40000)]

Other Threads:
  0x000000001769e000 VMThread [stack: 0x0000000018750000,0x0000000018850000] [id=7532]
  0x0000000018c15000 WatcherThread [stack: 0x0000000019990000,0x0000000019a90000] [id=8644]

VM state:not at safepoint (normal execution)

VM Mutex/Monitor currently owned by a thread: None

Heap:
 PSYoungGen      total 128512K, used 95913K [0x00000000d5f00000, 0x00000000deb00000, 0x0000000100000000)
  eden space 123392K, 77% used [0x00000000d5f00000,0x00000000dbcaa6c0,0x00000000dd780000)
  from space 5120K, 0% used [0x00000000de600000,0x00000000de600000,0x00000000deb00000)
  to   space 5120K, 0% used [0x00000000de100000,0x00000000de100000,0x00000000de600000)
 ParOldGen       total 325632K, used 183673K [0x0000000081c00000, 0x0000000095a00000, 0x00000000d5f00000)
  object space 325632K, 56% used [0x0000000081c00000,0x000000008cf5e4c0,0x0000000095a00000)
 Metaspace       used 8898K, capacity 8947K, committed 9088K, reserved 1056768K
  class space    used 852K, capacity 880K, committed 896K, reserved 1048576K

Card table byte_map: [0x0000000011ea0000,0x00000000122a0000] byte_map_base: 0x0000000011a92000

Marking Bits: (ParMarkBitMap*) 0x00000000533708c0
 Begin Bits: [0x00000000129f0000, 0x0000000014980000)
 End Bits:   [0x0000000014980000, 0x0000000016910000)

Polling page: 0x0000000000130000

CodeCache: size=245760Kb used=4310Kb max_used=4310Kb free=241449Kb
 bounds [0x0000000002ae0000, 0x0000000002f20000, 0x0000000011ae0000]
 total_blobs=1513 nmethods=1003 adapters=423
 compilation: enabled

Compilation events (10 events):
Event: 8.462 Thread 0x0000000018b7f000 nmethod 983 0x0000000002f03c50 code [0x0000000002f03da0, 0x0000000002f03f10]
Event: 8.462 Thread 0x0000000018b7f000  985       3       com.badlogic.gdx.physics.box2d.World::destroyBody (124 bytes)
Event: 8.462 Thread 0x0000000018b7f000 nmethod 985 0x0000000002f07090 code [0x0000000002f072c0, 0x0000000002f07ed8]
Event: 8.462 Thread 0x0000000018b7f000  984       3       com.badlogic.gdx.utils.Array::removeIndex (109 bytes)
Event: 8.463 Thread 0x0000000018b7d000 nmethod 981 0x0000000002f03750 code [0x0000000002f038a0, 0x0000000002f03a58]
Event: 8.463 Thread 0x0000000018b7d000  988       4       java.nio.CharBuffer::arrayOffset (35 bytes)
Event: 8.463 Thread 0x0000000018b7f000 nmethod 984 0x0000000002f08590 code [0x0000000002f087e0, 0x0000000002f096a8]
Event: 8.463 Thread 0x0000000018b7f000  987 %     3       com.mygdx.game.Screens.practiceDynTiles::update @ 274 (605 bytes)
Event: 8.463 Thread 0x0000000018b7d000 nmethod 988 0x0000000002f034d0 code [0x0000000002f03600, 0x0000000002f03698]
Event: 8.466 Thread 0x0000000018b7d000 1003       4       com.badlogic.gdx.math.RandomXS128::nextLong (43 bytes)

GC Heap History (10 events):
Event: 3.406 GC heap before
{Heap before GC invocations=2 (full 0):
 PSYoungGen      total 38400K, used 38398K [0x00000000d5f00000, 0x00000000daa00000, 0x0000000100000000)
  eden space 33280K, 100% used [0x00000000d5f00000,0x00000000d7f80000,0x00000000d7f80000)
  from space 5120K, 99% used [0x00000000d7f80000,0x00000000d847f8a0,0x00000000d8480000)
  to   space 5120K, 0% used [0x00000000da500000,0x00000000da500000,0x00000000daa00000)
 ParOldGen       total 87552K, used 13939K [0x0000000081c00000, 0x0000000087180000, 0x00000000d5f00000)
  object space 87552K, 15% used [0x0000000081c00000,0x000000008299cea0,0x0000000087180000)
 Metaspace       used 6683K, capacity 6723K, committed 6912K, reserved 1056768K
  class space    used 639K, capacity 656K, committed 768K, reserved 1048576K
Event: 3.421 GC heap after
Heap after GC invocations=2 (full 0):
 PSYoungGen      total 71680K, used 5102K [0x00000000d5f00000, 0x00000000daa00000, 0x0000000100000000)
  eden space 66560K, 0% used [0x00000000d5f00000,0x00000000d5f00000,0x00000000da000000)
  from space 5120K, 99% used [0x00000000da500000,0x00000000da9fb8b0,0x00000000daa00000)
  to   space 5120K, 0% used [0x00000000da000000,0x00000000da000000,0x00000000da500000)
 ParOldGen       total 87552K, used 47066K [0x0000000081c00000, 0x0000000087180000, 0x00000000d5f00000)
  object space 87552K, 53% used [0x0000000081c00000,0x00000000849f6920,0x0000000087180000)
 Metaspace       used 6683K, capacity 6723K, committed 6912K, reserved 1056768K
  class space    used 639K, capacity 656K, committed 768K, reserved 1048576K
}
Event: 3.691 GC heap before
{Heap before GC invocations=3 (full 0):
 PSYoungGen      total 71680K, used 71662K [0x00000000d5f00000, 0x00000000daa00000, 0x0000000100000000)
  eden space 66560K, 100% used [0x00000000d5f00000,0x00000000da000000,0x00000000da000000)
  from space 5120K, 99% used [0x00000000da500000,0x00000000da9fb8b0,0x00000000daa00000)
  to   space 5120K, 0% used [0x00000000da000000,0x00000000da000000,0x00000000da500000)
 ParOldGen       total 87552K, used 47066K [0x0000000081c00000, 0x0000000087180000, 0x00000000d5f00000)
  object space 87552K, 53% used [0x0000000081c00000,0x00000000849f6920,0x0000000087180000)
 Metaspace       used 6683K, capacity 6723K, committed 6912K, reserved 1056768K
  class space    used 639K, capacity 656K, committed 768K, reserved 1048576K
Event: 3.720 GC heap after
Heap after GC invocations=3 (full 0):
 PSYoungGen      total 71680K, used 5102K [0x00000000d5f00000, 0x00000000deb00000, 0x0000000100000000)
  eden space 66560K, 0% used [0x00000000d5f00000,0x00000000d5f00000,0x00000000da000000)
  from space 5120K, 99% used [0x00000000da000000,0x00000000da4fb8b0,0x00000000da500000)
  to   space 5120K, 0% used [0x00000000de600000,0x00000000de600000,0x00000000deb00000)
 ParOldGen       total 114688K, used 113489K [0x0000000081c00000, 0x0000000088c00000, 0x00000000d5f00000)
  object space 114688K, 98% used [0x0000000081c00000,0x0000000088ad4790,0x0000000088c00000)
 Metaspace       used 6683K, capacity 6723K, committed 6912K, reserved 1056768K
  class space    used 639K, capacity 656K, committed 768K, reserved 1048576K
}
Event: 3.720 GC heap before
{Heap before GC invocations=4 (full 1):
 PSYoungGen      total 71680K, used 5102K [0x00000000d5f00000, 0x00000000deb00000, 0x0000000100000000)
  eden space 66560K, 0% used [0x00000000d5f00000,0x00000000d5f00000,0x00000000da000000)
  from space 5120K, 99% used [0x00000000da000000,0x00000000da4fb8b0,0x00000000da500000)
  to   space 5120K, 0% used [0x00000000de600000,0x00000000de600000,0x00000000deb00000)
 ParOldGen       total 114688K, used 113489K [0x0000000081c00000, 0x0000000088c00000, 0x00000000d5f00000)
  object space 114688K, 98% used [0x0000000081c00000,0x0000000088ad4790,0x0000000088c00000)
 Metaspace       used 6683K, capacity 6723K, committed 6912K, reserved 1056768K
  class space    used 639K, capacity 656K, committed 768K, reserved 1048576K
Event: 3.756 GC heap after
Heap after GC invocations=4 (full 1):
 PSYoungGen      total 71680K, used 2983K [0x00000000d5f00000, 0x00000000deb00000, 0x0000000100000000)
  eden space 66560K, 0% used [0x00000000d5f00000,0x00000000d5f00000,0x00000000da000000)
  from space 5120K, 58% used [0x00000000da000000,0x00000000da2e9f30,0x00000000da500000)
  to   space 5120K, 0% used [0x00000000de600000,0x00000000de600000,0x00000000deb00000)
 ParOldGen       total 229376K, used 114336K [0x0000000081c00000, 0x000000008fc00000, 0x00000000d5f00000)
  object space 229376K, 49% used [0x0000000081c00000,0x0000000088ba81f0,0x000000008fc00000)
 Metaspace       used 6683K, capacity 6723K, committed 6912K, reserved 1056768K
  class space    used 639K, capacity 656K, committed 768K, reserved 1048576K
}
Event: 4.104 GC heap before
{Heap before GC invocations=5 (full 1):
 PSYoungGen      total 71680K, used 69543K [0x00000000d5f00000, 0x00000000deb00000, 0x0000000100000000)
  eden space 66560K, 100% used [0x00000000d5f00000,0x00000000da000000,0x00000000da000000)
  from space 5120K, 58% used [0x00000000da000000,0x00000000da2e9f30,0x00000000da500000)
  to   space 5120K, 0% used [0x00000000de600000,0x00000000de600000,0x00000000deb00000)
 ParOldGen       total 229376K, used 114336K [0x0000000081c00000, 0x000000008fc00000, 0x00000000d5f00000)
  object space 229376K, 49% used [0x0000000081c00000,0x0000000088ba81f0,0x000000008fc00000)
 Metaspace       used 6683K, capacity 6723K, committed 6912K, reserved 1056768K
  class space    used 639K, capacity 656K, committed 768K, reserved 1048576K
Event: 4.133 GC heap after
Heap after GC invocations=5 (full 1):
 PSYoungGen      total 128512K, used 5120K [0x00000000d5f00000, 0x00000000deb00000, 0x0000000100000000)
  eden space 123392K, 0% used [0x00000000d5f00000,0x00000000d5f00000,0x00000000dd780000)
  from space 5120K, 100% used [0x00000000de600000,0x00000000deb00000,0x00000000deb00000)
  to   space 5120K, 0% used [0x00000000de100000,0x00000000de100000,0x00000000de600000)
 ParOldGen       total 229376K, used 178667K [0x0000000081c00000, 0x000000008fc00000, 0x00000000d5f00000)
  object space 229376K, 77% used [0x0000000081c00000,0x000000008ca7ad80,0x000000008fc00000)
 Metaspace       used 6683K, capacity 6723K, committed 6912K, reserved 1056768K
  class space    used 639K, capacity 656K, committed 768K, reserved 1048576K
}
Event: 4.133 GC heap before
{Heap before GC invocations=6 (full 2):
 PSYoungGen      total 128512K, used 5120K [0x00000000d5f00000, 0x00000000deb00000, 0x0000000100000000)
  eden space 123392K, 0% used [0x00000000d5f00000,0x00000000d5f00000,0x00000000dd780000)
  from space 5120K, 100% used [0x00000000de600000,0x00000000deb00000,0x00000000deb00000)
  to   space 5120K, 0% used [0x00000000de100000,0x00000000de100000,0x00000000de600000)
 ParOldGen       total 229376K, used 178667K [0x0000000081c00000, 0x000000008fc00000, 0x00000000d5f00000)
  object space 229376K, 77% used [0x0000000081c00000,0x000000008ca7ad80,0x000000008fc00000)
 Metaspace       used 6683K, capacity 6723K, committed 6912K, reserved 1056768K
  class space    used 639K, capacity 656K, committed 768K, reserved 1048576K
Event: 4.155 GC heap after
Heap after GC invocations=6 (full 2):
 PSYoungGen      total 128512K, used 0K [0x00000000d5f00000, 0x00000000deb00000, 0x0000000100000000)
  eden space 123392K, 0% used [0x00000000d5f00000,0x00000000d5f00000,0x00000000dd780000)
  from space 5120K, 0% used [0x00000000de600000,0x00000000de600000,0x00000000deb00000)
  to   space 5120K, 0% used [0x00000000de100000,0x00000000de100000,0x00000000de600000)
 ParOldGen       total 325632K, used 183673K [0x0000000081c00000, 0x0000000095a00000, 0x00000000d5f00000)
  object space 325632K, 56% used [0x0000000081c00000,0x000000008cf5e4c0,0x0000000095a00000)
 Metaspace       used 6683K, capacity 6723K, committed 6912K, reserved 1056768K
  class space    used 639K, capacity 656K, committed 768K, reserved 1048576K
}

Deoptimization events (9 events):
Event: 4.322 Thread 0x0000000019d31800 Uncommon trap: reason=unstable_if action=reinterpret pc=0x0000000002d13ca4 method=com.mygdx.game.Perlin.Perlin.GeneratePerlinNoise([[FI)[[F @ 91
Event: 4.437 Thread 0x0000000019d31800 Uncommon trap: reason=unstable_if action=reinterpret pc=0x0000000002d392a8 method=com.mygdx.game.Screens.practiceDynTiles.landmapGenandPerlin()V @ 585
Event: 4.459 Thread 0x0000000019d31800 Uncommon trap: reason=intrinsic action=make_not_entrant pc=0x0000000002d48708 method=com.mygdx.game.Screens.practiceDynTiles.landmapGenandPerlin()V @ 762
Event: 4.637 Thread 0x0000000019d31800 Uncommon trap: reason=unstable_if action=reinterpret pc=0x0000000002d4aab8 method=com.mygdx.game.Screens.practiceDynTiles.landmapGenandPerlin()V @ 545
Event: 4.650 Thread 0x0000000019d31800 Uncommon trap: reason=unstable_if action=reinterpret pc=0x0000000002d59ee0 method=com.mygdx.game.Screens.practiceDynTiles.landmapGenandPerlin()V @ 1002
Event: 4.830 Thread 0x0000000019d31800 Uncommon trap: reason=unstable_if action=reinterpret pc=0x0000000002db7924 method=java.util.StringTokenizer.scanToken(I)I @ 7
Event: 4.830 Thread 0x0000000019d31800 Uncommon trap: reason=unstable_if action=reinterpret pc=0x0000000002da7abc method=java.util.StringTokenizer.skipDelimiters(I)I @ 29
Event: 4.831 Thread 0x0000000019d31800 Uncommon trap: reason=unstable_if action=reinterpret pc=0x0000000002da9e2c method=java.util.StringTokenizer.scanToken(I)I @ 7
Event: 8.458 Thread 0x0000000019d31800 Uncommon trap: reason=unstable_if action=reinterpret pc=0x0000000002ef6b10 method=com.mygdx.game.Screens.practiceDynTiles.update(F)V @ 261

Classes redefined (0 events):
No events

Internal exceptions (10 events):
Event: 1.114 Thread 0x00000000021ab000 Exception <a 'java/security/PrivilegedActionException'> (0x00000000d63c26c8) thrown at [C:\re\workspace\8-2-build-windows-amd64-cygwin\jdk8u171\10807\hotspot\src\share\vm\prims\jvm.cpp, line 1435]
Event: 1.114 Thread 0x00000000021ab000 Exception <a 'java/security/PrivilegedActionException'> (0x00000000d63c28d8) thrown at [C:\re\workspace\8-2-build-windows-amd64-cygwin\jdk8u171\10807\hotspot\src\share\vm\prims\jvm.cpp, line 1435]
Event: 1.116 Thread 0x00000000021ab000 Exception <a 'java/security/PrivilegedActionException'> (0x00000000d63c67e8) thrown at [C:\re\workspace\8-2-build-windows-amd64-cygwin\jdk8u171\10807\hotspot\src\share\vm\prims\jvm.cpp, line 1435]
Event: 1.116 Thread 0x00000000021ab000 Exception <a 'java/security/PrivilegedActionException'> (0x00000000d63c69f8) thrown at [C:\re\workspace\8-2-build-windows-amd64-cygwin\jdk8u171\10807\hotspot\src\share\vm\prims\jvm.cpp, line 1435]
Event: 2.563 Thread 0x00000000021ab000 Exception <a 'java/security/PrivilegedActionException'> (0x00000000d65f4f78) thrown at [C:\re\workspace\8-2-build-windows-amd64-cygwin\jdk8u171\10807\hotspot\src\share\vm\prims\jvm.cpp, line 1435]
Event: 2.563 Thread 0x00000000021ab000 Exception <a 'java/security/PrivilegedActionException'> (0x00000000d65f6c50) thrown at [C:\re\workspace\8-2-build-windows-amd64-cygwin\jdk8u171\10807\hotspot\src\share\vm\prims\jvm.cpp, line 1435]
Event: 2.563 Thread 0x00000000021ab000 Exception <a 'java/security/PrivilegedActionException'> (0x00000000d65f7dc0) thrown at [C:\re\workspace\8-2-build-windows-amd64-cygwin\jdk8u171\10807\hotspot\src\share\vm\prims\jvm.cpp, line 1435]
Event: 2.564 Thread 0x00000000021ab000 Exception <a 'java/security/PrivilegedActionException'> (0x00000000d65fd300) thrown at [C:\re\workspace\8-2-build-windows-amd64-cygwin\jdk8u171\10807\hotspot\src\share\vm\prims\jvm.cpp, line 1435]
Event: 2.564 Thread 0x00000000021ab000 Exception <a 'java/security/PrivilegedActionException'> (0x00000000d65fdf58) thrown at [C:\re\workspace\8-2-build-windows-amd64-cygwin\jdk8u171\10807\hotspot\src\share\vm\prims\jvm.cpp, line 1435]
Event: 2.564 Thread 0x00000000021ab000 Exception <a 'java/security/PrivilegedActionException'> (0x00000000d65feb80) thrown at [C:\re\workspace\8-2-build-windows-amd64-cygwin\jdk8u171\10807\hotspot\src\share\vm\prims\jvm.cpp, line 1435]

Events (10 events):
Event: 5.360 loading class com/badlogic/gdx/backends/lwjgl/LwjglInput$KeyEvent done
Event: 7.042 Thread 0x0000000019d31800 DEOPT PACKING pc=0x0000000002ea44f8 sp=0x000000001b01ed30
Event: 7.042 Thread 0x0000000019d31800 DEOPT UNPACKING pc=0x0000000002b27890 sp=0x000000001b01ebb0 mode 0
Event: 7.975 Thread 0x0000000019d31800 DEOPT PACKING pc=0x0000000002ec0748 sp=0x000000001b01ecc0
Event: 7.975 Thread 0x0000000019d31800 DEOPT UNPACKING pc=0x0000000002b27890 sp=0x000000001b01eb10 mode 0
Event: 7.977 Thread 0x0000000019d31800 DEOPT PACKING pc=0x0000000002ec6254 sp=0x000000001b01ecd0
Event: 7.977 Thread 0x0000000019d31800 DEOPT UNPACKING pc=0x0000000002b27890 sp=0x000000001b01eaa0 mode 0
Event: 8.458 Thread 0x0000000019d31800 Uncommon trap: trap_request=0xffffff65 fr.pc=0x0000000002ef6b10
Event: 8.458 Thread 0x0000000019d31800 DEOPT PACKING pc=0x0000000002ef6b10 sp=0x000000001b01eda0
Event: 8.458 Thread 0x0000000019d31800 DEOPT UNPACKING pc=0x0000000002b2583b sp=0x000000001b01ed90 mode 2


Dynamic libraries:
0x000000013f2e0000 - 0x000000013f317000 	C:\Program Files\Java\jdk1.8.0_171\bin\java.exe
0x00000000774c0000 - 0x000000007765f000 	C:\WINDOWS\SYSTEM32\ntdll.dll
0x00000000772a0000 - 0x00000000773bf000 	C:\WINDOWS\system32\kernel32.dll
0x000007fefd3b0000 - 0x000007fefd41a000 	C:\WINDOWS\system32\KERNELBASE.dll
0x000007feff6d0000 - 0x000007feff7ab000 	C:\WINDOWS\system32\ADVAPI32.dll
0x000007fefed70000 - 0x000007fefee0f000 	C:\WINDOWS\system32\msvcrt.dll
0x000007fefee90000 - 0x000007fefeeaf000 	C:\WINDOWS\SYSTEM32\sechost.dll
0x000007fefeeb0000 - 0x000007fefefdd000 	C:\WINDOWS\system32\RPCRT4.dll
0x00000000773c0000 - 0x00000000774ba000 	C:\WINDOWS\system32\USER32.dll
0x000007fefe750000 - 0x000007fefe7b7000 	C:\WINDOWS\system32\GDI32.dll
0x000007fefd9b0000 - 0x000007fefd9be000 	C:\WINDOWS\system32\LPK.dll
0x000007fefeb10000 - 0x000007fefebdb000 	C:\WINDOWS\system32\USP10.dll
0x000007fefbab0000 - 0x000007fefbca4000 	C:\WINDOWS\WinSxS\amd64_microsoft.windows.common-controls_6595b64144ccf1df_6.0.7601.18837_none_fa3b1e3d17594757\COMCTL32.dll
0x000007feff440000 - 0x000007feff4b1000 	C:\WINDOWS\system32\SHLWAPI.dll
0x000007feff5d0000 - 0x000007feff5fe000 	C:\WINDOWS\system32\IMM32.DLL
0x000007feff4c0000 - 0x000007feff5c9000 	C:\WINDOWS\system32\MSCTF.dll
0x0000000073d90000 - 0x0000000073e62000 	C:\Program Files\Java\jdk1.8.0_171\jre\bin\msvcr100.dll
0x0000000052b50000 - 0x00000000533f0000 	C:\Program Files\Java\jdk1.8.0_171\jre\bin\server\jvm.dll
0x000007fef48d0000 - 0x000007fef48d9000 	C:\WINDOWS\system32\WSOCK32.dll
0x000007feff680000 - 0x000007feff6cd000 	C:\WINDOWS\system32\WS2_32.dll
0x000007fefeb00000 - 0x000007fefeb08000 	C:\WINDOWS\system32\NSI.dll
0x000007fefb290000 - 0x000007fefb2cb000 	C:\WINDOWS\system32\WINMM.dll
0x000007fefc140000 - 0x000007fefc14c000 	C:\WINDOWS\system32\VERSION.dll
0x0000000077670000 - 0x0000000077677000 	C:\WINDOWS\system32\PSAPI.DLL
0x0000000074cf0000 - 0x0000000074cff000 	C:\Program Files\Java\jdk1.8.0_171\jre\bin\verify.dll
0x0000000074120000 - 0x0000000074149000 	C:\Program Files\Java\jdk1.8.0_171\jre\bin\java.dll
0x000000006f140000 - 0x000000006f163000 	C:\Program Files\Java\jdk1.8.0_171\jre\bin\instrument.dll
0x0000000073d70000 - 0x0000000073d86000 	C:\Program Files\Java\jdk1.8.0_171\jre\bin\zip.dll
0x000007fefd9c0000 - 0x000007fefe74b000 	C:\WINDOWS\system32\SHELL32.dll
0x000007fefe900000 - 0x000007fefeafd000 	C:\WINDOWS\system32\ole32.dll
0x000007fefd070000 - 0x000007fefd07f000 	C:\WINDOWS\system32\profapi.dll
0x000007fefa320000 - 0x000007fefa33a000 	C:\Program Files\Android\Android Studio\bin\breakgen64.dll
0x00000000730d0000 - 0x00000000730ea000 	C:\Program Files\Java\jdk1.8.0_171\jre\bin\net.dll
0x000007fefc7f0000 - 0x000007fefc845000 	C:\WINDOWS\system32\mswsock.dll
0x000007fefc7e0000 - 0x000007fefc7e7000 	C:\WINDOWS\System32\wship6.dll
0x0000000065580000 - 0x0000000065616000 	C:\Users\GCUser\AppData\Local\Temp\libgdxGCUser\12dfaa03\gdx64.dll
0x000007fefc850000 - 0x000007fefc868000 	C:\WINDOWS\system32\CRYPTSP.dll
0x000007fefc550000 - 0x000007fefc597000 	C:\WINDOWS\system32\rsaenh.dll
0x000007fefd390000 - 0x000007fefd3ae000 	C:\WINDOWS\system32\USERENV.dll
0x000007fefcf00000 - 0x000007fefcf0f000 	C:\WINDOWS\system32\CRYPTBASE.dll
0x000007fefa8e0000 - 0x000007fefa907000 	C:\WINDOWS\system32\IPHLPAPI.DLL
0x000007fefa8d0000 - 0x000007fefa8db000 	C:\WINDOWS\system32\WINNSI.DLL
0x000007fef9fc0000 - 0x000007fef9fd8000 	C:\WINDOWS\system32\dhcpcsvc.DLL
0x000007fef9fa0000 - 0x000007fef9fb1000 	C:\WINDOWS\system32\dhcpcsvc6.DLL
0x000000006d9c0000 - 0x000000006d9d1000 	C:\Program Files\Java\jdk1.8.0_171\jre\bin\nio.dll
0x0000000180000000 - 0x0000000180053000 	C:\Users\GCUser\AppData\Local\Temp\libgdxGCUser\dc0f0009\lwjgl64.dll
0x000007feecce0000 - 0x000007feecdfd000 	C:\WINDOWS\system32\OPENGL32.dll
0x000007feeccb0000 - 0x000007feeccdd000 	C:\WINDOWS\system32\GLU32.dll
0x000007feecbb0000 - 0x000007feecca1000 	C:\WINDOWS\system32\DDRAW.dll
0x000007feecba0000 - 0x000007feecba8000 	C:\WINDOWS\system32\DCIMAN32.dll
0x000007fefd420000 - 0x000007fefd5f7000 	C:\WINDOWS\system32\SETUPAPI.dll
0x000007fefd0f0000 - 0x000007fefd126000 	C:\WINDOWS\system32\CFGMGR32.dll
0x000007fefd8d0000 - 0x000007fefd9aa000 	C:\WINDOWS\system32\OLEAUT32.dll
0x000007fefd0d0000 - 0x000007fefd0ea000 	C:\WINDOWS\system32\DEVOBJ.dll
0x000007fefae30000 - 0x000007fefae48000 	C:\WINDOWS\system32\dwmapi.dll
0x0000000002470000 - 0x00000000024d4000 	C:\Users\GCUser\AppData\Local\Temp\libgdxGCUser\dc0f0009\OpenAL64.dll
0x000007fefb760000 - 0x000007fefb7b6000 	C:\WINDOWS\system32\uxtheme.dll
0x000007fefe860000 - 0x000007fefe8f9000 	C:\WINDOWS\system32\CLBCatQ.DLL
0x000007fefb930000 - 0x000007fefba5c000 	C:\WINDOWS\System32\PROPSYS.dll
0x000007fefd090000 - 0x000007fefd0cb000 	C:\WINDOWS\system32\WINTRUST.dll
0x000007fefd200000 - 0x000007fefd36d000 	C:\WINDOWS\system32\CRYPT32.dll
0x000007fefd060000 - 0x000007fefd06f000 	C:\WINDOWS\system32\MSASN1.dll
0x000007fee7120000 - 0x000007fee71a8000 	C:\WINDOWS\system32\dsound.dll
0x000007fefb820000 - 0x000007fefb84c000 	C:\WINDOWS\system32\POWRPROF.dll
0x000007fefb7d0000 - 0x000007fefb81b000 	C:\WINDOWS\System32\MMDevApi.dll
0x000007fefada0000 - 0x000007fefadef000 	C:\WINDOWS\system32\AUDIOSES.DLL
0x000007fed0e40000 - 0x000007fed1b3a000 	C:\WINDOWS\system32\ig9icd64.dll
0x000007feef130000 - 0x000007feeff9d000 	C:\WINDOWS\system32\igc64.dll
0x000007fefaee0000 - 0x000007fefaef1000 	C:\WINDOWS\system32\WTSAPI32.dll
0x000007fee0750000 - 0x000007fee07ec000 	C:\WINDOWS\system32\mscms.dll
0x000007fedc000000 - 0x000007fedc042000 	C:\WINDOWS\system32\icm32.dll
0x0000000066bc0000 - 0x0000000066c7b000 	C:\Users\GCUser\AppData\Local\Temp\libgdxGCUser\54593449\gdx-box2d64.dll
0x000007fef5be0000 - 0x000007fef5d05000 	C:\WINDOWS\system32\dbghelp.dll

VM Arguments:
jvm_args: -javaagent:C:\Program Files\Android\Android Studio\lib\idea_rt.jar=61327:C:\Program Files\Android\Android Studio\bin -Dfile.encoding=UTF-8 
java_command: com.mygdx.game.desktop.DesktopLauncher
java_class_path (initial): C:\Program Files\Java\jdk1.8.0_171\jre\lib\charsets.jar;C:\Program Files\Java\jdk1.8.0_171\jre\lib\deploy.jar;C:\Program Files\Java\jdk1.8.0_171\jre\lib\ext\access-bridge-64.jar;C:\Program Files\Java\jdk1.8.0_171\jre\lib\ext\cldrdata.jar;C:\Program Files\Java\jdk1.8.0_171\jre\lib\ext\dnsns.jar;C:\Program Files\Java\jdk1.8.0_171\jre\lib\ext\jaccess.jar;C:\Program Files\Java\jdk1.8.0_171\jre\lib\ext\jfxrt.jar;C:\Program Files\Java\jdk1.8.0_171\jre\lib\ext\localedata.jar;C:\Program Files\Java\jdk1.8.0_171\jre\lib\ext\nashorn.jar;C:\Program Files\Java\jdk1.8.0_171\jre\lib\ext\sunec.jar;C:\Program Files\Java\jdk1.8.0_171\jre\lib\ext\sunjce_provider.jar;C:\Program Files\Java\jdk1.8.0_171\jre\lib\ext\sunmscapi.jar;C:\Program Files\Java\jdk1.8.0_171\jre\lib\ext\sunpkcs11.jar;C:\Program Files\Java\jdk1.8.0_171\jre\lib\ext\zipfs.jar;C:\Program Files\Java\jdk1.8.0_171\jre\lib\javaws.jar;C:\Program Files\Java\jdk1.8.0_171\jre\lib\jce.jar;C:\Program Files\Java\jdk1.8.0_171\jre\lib\jfr.jar;C:\Program Files\Java\jdk1.8.0_171\jre\lib\jfxswt.jar;C:\Program Files\Java\jdk1.8.0_171\jre\lib\jsse.jar;C:\Program Files\Java\jdk1.8.0_171\jre\lib\management-agent.jar;C:\Program Files\Java\jdk1.8.0_171\jre\lib\plugin.jar;C:\Program Files\Java\jdk1.8.0_171\jre\lib\resources.jar;C:\Program Files\Java\jdk1.8.0_171\jre\lib\rt.jar;C:\Users\GCUser\AndroidStudioProjects\libgdx\desktop\build\classes\java\main;C:\Users\GCUser\AndroidStudioProjects\libgdx\core\build\classes\java\main;C:\Users\GCUser\AndroidStudioProjects\Gradle\gradle-4.6\caches\modules-2\files-2.1\com.badlogicgames.gdx\gdx-tools\1.9.8\5c32820fccee957cc77990d353297ceed1a63159\gdx-tools-1.9.8.jar;C:\Users\GCUser\AndroidStudioProjects\Gradle\gradle-4.6\caches\modules-2\files-2.1\com.badlogicgames.gdx\gdx-backend-lwjgl\1.9.8\b7c138f14ed67ad830ae7597da3d86ae02b20eee\gdx-backend-lwjgl-1.9.8.jar;C:\Users\GCUser\AndroidStudioProjects\Gradle\gradle-4.6\caches\modules-2\files-2.1\com.badlogicgames.gdx\gdx-platform\
Launcher Type: SUN_STANDARD

Environment Variables:
PATH=C:\ProgramData\Oracle\Java\javapath;C:\WINDOWS\system32;C:\WINDOWS;C:\WINDOWS\System32\Wbem;C:\WINDOWS\System32\WindowsPowerShell\v1.0\;c:\Program Files (x86)\QuickTime\QTSystem\;C:\WINDOWS\System32\WindowsPowerShell\v1.0\;C:\WINDOWS\System32\WindowsPowerShell\v1.0\;C:\Program Files\MySQL\MySQL Utilities 1.6\;C:\Users\GCUser\AndroidStudioProjects\Gradle\gradle-4.6\bin
USERNAME=GCUser
OS=Windows_NT
PROCESSOR_IDENTIFIER=Intel64 Family 6 Model 78 Stepping 3, GenuineIntel



---------------  S Y S T E M  ---------------

OS: Windows 7 , 64 bit Build 7601 (6.1.7601.24214)

CPU:total 4 (initial active 4) (2 cores per cpu, 2 threads per core) family 6 model 78 stepping 3, cmov, cx8, fxsr, mmx, sse, sse2, sse3, ssse3, sse4.1, sse4.2, popcnt, avx, avx2, aes, clmul, erms, 3dnowpref, lzcnt, ht, tsc, tscinvbit, bmi1, bmi2, adx

Memory: 4k page, physical 8266332k(1639832k free), swap 16530764k(8704316k free)

vm_info: Java HotSpot(TM) 64-Bit Server VM (25.171-b11) for windows-amd64 JRE (1.8.0_171-b11), built on Mar 28 2018 16:06:12 by "java_re" with MS VC++ 10.0 (VS2010)

time: Tue Sep 11 18:09:10 2018
elapsed time: 8 seconds (0d 0h 0m 8s)

