#
# A fatal error has been detected by the Java Runtime Environment:
#
#  EXCEPTION_ACCESS_VIOLATION (0xc0000005) at pc=0x0000000066bcbd0d, pid=10204, tid=0x0000000000002b34
#
# JRE version: Java(TM) SE Runtime Environment (8.0_171-b11) (build 1.8.0_171-b11)
# Java VM: Java HotSpot(TM) 64-Bit Server VM (25.171-b11 mixed mode windows-amd64 compressed oops)
# Problematic frame:
# C  [gdx-box2d64.dll+0xbd0d]
#
# Failed to write core dump. Minidumps are not enabled by default on client versions of Windows
#
# If you would like to submit a bug report, please visit:
#   http://bugreport.java.com/bugreport/crash.jsp
# The crash happened outside the Java Virtual Machine in native code.
# See problematic frame for where to report the bug.
#

---------------  T H R E A D  ---------------

Current thread (0x0000000019d80800):  JavaThread "LWJGL Application" [_thread_in_native, id=11060, stack(0x000000001af50000,0x000000001b050000)]

siginfo: ExceptionCode=0xc0000005, reading address 0x0000002600000000

Registers:
RAX=0x0000002600000000, RBX=0x000000000037f890, RCX=0x000000000037f860, RDX=0x00000000000000b8
RSP=0x000000001b04ed80, RBP=0x0000000000000006, RSI=0x000000000037f860, RDI=0x000000001b04ee40
R8 =0x000000000037f860, R9 =0x0000000000000000, R10=0x0000000000000000, R11=0x0000000000000001
R12=0x0000000000000000, R13=0x00000000173d1588, R14=0x000000001b04f158, R15=0x0000000019d80800
RIP=0x0000000066bcbd0d, EFLAGS=0x0000000000010206

Top of Stack: (sp=0x000000001b04ed80)
0x000000001b04ed80:   0000000000398b00 000000000000065f
0x000000001b04ed90:   00000000004206b0 0000000066bc39ae
0x000000001b04eda0:   00000000430f0000 000000000037f860
0x000000001b04edb0:   0000000000000001 000000001b04ee40
0x000000001b04edc0:   000000001b04ef60 0000000000000000
0x000000001b04edd0:   00000000173d1588 0000000066be2483
0x000000001b04ede0:   000000001b04f060 0000000066be0498
0x000000001b04edf0:   000000001b04ef28 0000000019d80800
0x000000001b04ee00:   0000000000000001 0000000000000001
0x000000001b04ee10:   0000000000000001 0000000066be8616
0x000000001b04ee20:   000000001b04eeb0 0000000000000000
0x000000001b04ee30:   000000001b04f060 0000000066bdf36c
0x000000001b04ee40:   4304400000000000 0000000044291000
0x000000001b04ee50:   0000000000000000 0000000000000000
0x000000001b04ee60:   0000010100000000 00000000dbc28801
0x000000001b04ee70:   0000000000000000 000000003f800000 

Instructions: (pc=0x0000000066bcbd0d)
0x0000000066bcbced:   48 8d 05 6c a3 05 00 0f b6 1c 18 80 fb 0d 0f b6
0x0000000066bcbcfd:   eb 77 21 48 8d 1c de 48 8b 43 10 48 85 c0 74 3a
0x0000000066bcbd0d:   48 8b 10 48 89 53 10 48 83 c4 28 5b 5e 5f 5d 41
0x0000000066bcbd1d:   5c 41 5d c3 48 8d 15 18 9e 04 00 48 8d 0d 99 9e 


Register to memory mapping:

RAX=0x0000002600000000 is an unknown value
RBX=0x000000000037f890 is an unknown value
RCX=0x000000000037f860 is an unknown value
RDX=0x00000000000000b8 is an unknown value
RSP=0x000000001b04ed80 is pointing into the stack for thread: 0x0000000019d80800
RBP=0x0000000000000006 is an unknown value
RSI=0x000000000037f860 is an unknown value
RDI=0x000000001b04ee40 is pointing into the stack for thread: 0x0000000019d80800
R8 =0x000000000037f860 is an unknown value
R9 =0x0000000000000000 is an unknown value
R10=0x0000000000000000 is an unknown value
R11=0x0000000000000001 is an unknown value
R12=0x0000000000000000 is an unknown value
R13=0x00000000173d1588 is pointing into metadata
R14=0x000000001b04f158 is pointing into the stack for thread: 0x0000000019d80800
R15=0x0000000019d80800 is a thread


Stack: [0x000000001af50000,0x000000001b050000],  sp=0x000000001b04ed80,  free space=1019k
Native frames: (J=compiled Java code, j=interpreted, Vv=VM code, C=native code)
C  [gdx-box2d64.dll+0xbd0d]
C  [gdx-box2d64.dll+0x22483]
C  [gdx-box2d64.dll+0x28616]
C  0x0000000002b93ba4

Java frames: (J=compiled Java code, j=interpreted, Vv=VM code)
J 688  com.badlogic.gdx.physics.box2d.World.jniCreateBody(JIFFFFFFFFZZZZZF)J (0 bytes) @ 0x0000000002b93b26 [0x0000000002b93a80+0xa6]
J 687 C1 com.badlogic.gdx.physics.box2d.World.createBody(Lcom/badlogic/gdx/physics/box2d/BodyDef;)Lcom/badlogic/gdx/physics/box2d/Body; (120 bytes) @ 0x0000000002b947fc [0x0000000002b94660+0x19c]
j  com.mygdx.game.Tools.b2dWorldCreator.updateSqs(Lcom/badlogic/gdx/Screen;)V+301
j  com.mygdx.game.Screens.practiceDynTiles.update(F)V+527
J 999 C2 com.mygdx.game.Screens.practiceDynTiles.render(F)V (399 bytes) @ 0x0000000002c97668 [0x0000000002c974e0+0x188]
j  com.badlogic.gdx.Game.render()V+19
j  com.mygdx.game.MyGdxGame.render()V+1
j  com.badlogic.gdx.backends.lwjgl.LwjglApplication.mainLoop()V+698
j  com.badlogic.gdx.backends.lwjgl.LwjglApplication$1.run()V+27
v  ~StubRoutines::call_stub

---------------  P R O C E S S  ---------------

Java Threads: ( => current thread )
  0x0000000019fef000 JavaThread "LWJGL Timer" daemon [_thread_blocked, id=7032, stack(0x000000001e310000,0x000000001e410000)]
  0x00000000020ab000 JavaThread "DestroyJavaVM" [_thread_blocked, id=9552, stack(0x00000000022e0000,0x00000000023e0000)]
=>0x0000000019d80800 JavaThread "LWJGL Application" [_thread_in_native, id=11060, stack(0x000000001af50000,0x000000001b050000)]
  0x0000000018b58800 JavaThread "Service Thread" daemon [_thread_blocked, id=5740, stack(0x0000000019920000,0x0000000019a20000)]
  0x0000000018acd000 JavaThread "C1 CompilerThread2" daemon [_thread_blocked, id=10160, stack(0x00000000196d0000,0x00000000197d0000)]
  0x0000000018acc000 JavaThread "C2 CompilerThread1" daemon [_thread_blocked, id=5964, stack(0x00000000194a0000,0x00000000195a0000)]
  0x0000000018acb800 JavaThread "C2 CompilerThread0" daemon [_thread_blocked, id=4932, stack(0x00000000190f0000,0x00000000191f0000)]
  0x0000000018ac9000 JavaThread "Monitor Ctrl-Break" daemon [_thread_in_native, id=6680, stack(0x0000000019250000,0x0000000019350000)]
  0x0000000017624000 JavaThread "Attach Listener" daemon [_thread_blocked, id=10912, stack(0x0000000018e50000,0x0000000018f50000)]
  0x0000000017623000 JavaThread "Signal Dispatcher" daemon [_thread_blocked, id=6260, stack(0x0000000018f80000,0x0000000019080000)]
  0x000000001760d000 JavaThread "Finalizer" daemon [_thread_blocked, id=8620, stack(0x00000000186a0000,0x00000000187a0000)]
  0x00000000175c6000 JavaThread "Reference Handler" daemon [_thread_blocked, id=10488, stack(0x00000000187d0000,0x00000000188d0000)]

Other Threads:
  0x00000000175be000 VMThread [stack: 0x0000000018590000,0x0000000018690000] [id=3612]
  0x0000000018bdf800 WatcherThread [stack: 0x00000000195b0000,0x00000000196b0000] [id=240]

VM state:not at safepoint (normal execution)

VM Mutex/Monitor currently owned by a thread: None

Heap:
 PSYoungGen      total 126976K, used 96413K [0x00000000d5f00000, 0x00000000deb00000, 0x0000000100000000)
  eden space 121856K, 79% used [0x00000000d5f00000,0x00000000dbd27790,0x00000000dd600000)
  from space 5120K, 0% used [0x00000000de600000,0x00000000de600000,0x00000000deb00000)
  to   space 5120K, 0% used [0x00000000de100000,0x00000000de100000,0x00000000de600000)
 ParOldGen       total 325120K, used 182344K [0x0000000081c00000, 0x0000000095980000, 0x00000000d5f00000)
  object space 325120K, 56% used [0x0000000081c00000,0x000000008ce122d8,0x0000000095980000)
 Metaspace       used 8957K, capacity 9011K, committed 9088K, reserved 1056768K
  class space    used 852K, capacity 880K, committed 896K, reserved 1048576K

Card table byte_map: [0x0000000011c10000,0x0000000012010000] byte_map_base: 0x0000000011802000

Marking Bits: (ParMarkBitMap*) 0x00000000533708c0
 Begin Bits: [0x0000000012910000, 0x00000000148a0000)
 End Bits:   [0x00000000148a0000, 0x0000000016830000)

Polling page: 0x0000000001b60000

CodeCache: size=245760Kb used=4741Kb max_used=4752Kb free=241018Kb
 bounds [0x0000000002850000, 0x0000000002d00000, 0x0000000011850000]
 total_blobs=1624 nmethods=1114 adapters=423
 compilation: enabled

Compilation events (10 events):
Event: 10.009 Thread 0x0000000018acd000 nmethod 1108 0x0000000002cf1890 code [0x0000000002cf1ae0, 0x0000000002cf29a8]
Event: 10.010 Thread 0x0000000018acd000 1109       3       com.badlogic.gdx.physics.box2d.World::isLocked (9 bytes)
Event: 10.010 Thread 0x0000000018acd000 nmethod 1109 0x0000000002cf33d0 code [0x0000000002cf3540, 0x0000000002cf36c8]
Event: 10.010 Thread 0x0000000018acd000 1111       3       com.badlogic.gdx.physics.box2d.World::destroyBody (124 bytes)
Event: 10.010 Thread 0x0000000018acd000 nmethod 1111 0x0000000002cf3750 code [0x0000000002cf3980, 0x0000000002cf4598]
Event: 10.010 Thread 0x0000000018acd000 1112       3       com.badlogic.gdx.physics.box2d.Fixture::setUserData (6 bytes)
Event: 10.011 Thread 0x0000000018acd000 nmethod 1112 0x0000000002cf4b50 code [0x0000000002cf4ca0, 0x0000000002cf4e10]
Event: 10.011 Thread 0x0000000018acd000 1113       3       com.badlogic.gdx.utils.Array::pop (49 bytes)
Event: 10.011 Thread 0x0000000018acd000 nmethod 1113 0x0000000002cf4e90 code [0x0000000002cf5020, 0x0000000002cf53e8]
Event: 10.012 Thread 0x0000000018acb800 1114       4       com.badlogic.gdx.math.Rectangle::set (23 bytes)

GC Heap History (10 events):
Event: 2.490 GC heap before
{Heap before GC invocations=2 (full 0):
 PSYoungGen      total 38400K, used 38382K [0x00000000d5f00000, 0x00000000daa00000, 0x0000000100000000)
  eden space 33280K, 100% used [0x00000000d5f00000,0x00000000d7f80000,0x00000000d7f80000)
  from space 5120K, 99% used [0x00000000d7f80000,0x00000000d847b890,0x00000000d8480000)
  to   space 5120K, 0% used [0x00000000da500000,0x00000000da500000,0x00000000daa00000)
 ParOldGen       total 87552K, used 13937K [0x0000000081c00000, 0x0000000087180000, 0x00000000d5f00000)
  object space 87552K, 15% used [0x0000000081c00000,0x000000008299c728,0x0000000087180000)
 Metaspace       used 6709K, capacity 6803K, committed 7168K, reserved 1056768K
  class space    used 639K, capacity 656K, committed 768K, reserved 1048576K
Event: 2.508 GC heap after
Heap after GC invocations=2 (full 0):
 PSYoungGen      total 71680K, used 5118K [0x00000000d5f00000, 0x00000000daa00000, 0x0000000100000000)
  eden space 66560K, 0% used [0x00000000d5f00000,0x00000000d5f00000,0x00000000da000000)
  from space 5120K, 99% used [0x00000000da500000,0x00000000da9ff8a0,0x00000000daa00000)
  to   space 5120K, 0% used [0x00000000da000000,0x00000000da000000,0x00000000da500000)
 ParOldGen       total 87552K, used 47081K [0x0000000081c00000, 0x0000000087180000, 0x00000000d5f00000)
  object space 87552K, 53% used [0x0000000081c00000,0x00000000849fa400,0x0000000087180000)
 Metaspace       used 6709K, capacity 6803K, committed 7168K, reserved 1056768K
  class space    used 639K, capacity 656K, committed 768K, reserved 1048576K
}
Event: 2.721 GC heap before
{Heap before GC invocations=3 (full 0):
 PSYoungGen      total 71680K, used 71678K [0x00000000d5f00000, 0x00000000daa00000, 0x0000000100000000)
  eden space 66560K, 100% used [0x00000000d5f00000,0x00000000da000000,0x00000000da000000)
  from space 5120K, 99% used [0x00000000da500000,0x00000000da9ff8a0,0x00000000daa00000)
  to   space 5120K, 0% used [0x00000000da000000,0x00000000da000000,0x00000000da500000)
 ParOldGen       total 87552K, used 47081K [0x0000000081c00000, 0x0000000087180000, 0x00000000d5f00000)
  object space 87552K, 53% used [0x0000000081c00000,0x00000000849fa400,0x0000000087180000)
 Metaspace       used 6709K, capacity 6803K, committed 7168K, reserved 1056768K
  class space    used 639K, capacity 656K, committed 768K, reserved 1048576K
Event: 2.751 GC heap after
Heap after GC invocations=3 (full 0):
 PSYoungGen      total 71680K, used 5102K [0x00000000d5f00000, 0x00000000deb00000, 0x0000000100000000)
  eden space 66560K, 0% used [0x00000000d5f00000,0x00000000d5f00000,0x00000000da000000)
  from space 5120K, 99% used [0x00000000da000000,0x00000000da4fb890,0x00000000da500000)
  to   space 5120K, 0% used [0x00000000de600000,0x00000000de600000,0x00000000deb00000)
 ParOldGen       total 114176K, used 113492K [0x0000000081c00000, 0x0000000088b80000, 0x00000000d5f00000)
  object space 114176K, 99% used [0x0000000081c00000,0x0000000088ad5040,0x0000000088b80000)
 Metaspace       used 6709K, capacity 6803K, committed 7168K, reserved 1056768K
  class space    used 639K, capacity 656K, committed 768K, reserved 1048576K
}
Event: 2.751 GC heap before
{Heap before GC invocations=4 (full 1):
 PSYoungGen      total 71680K, used 5102K [0x00000000d5f00000, 0x00000000deb00000, 0x0000000100000000)
  eden space 66560K, 0% used [0x00000000d5f00000,0x00000000d5f00000,0x00000000da000000)
  from space 5120K, 99% used [0x00000000da000000,0x00000000da4fb890,0x00000000da500000)
  to   space 5120K, 0% used [0x00000000de600000,0x00000000de600000,0x00000000deb00000)
 ParOldGen       total 114176K, used 113492K [0x0000000081c00000, 0x0000000088b80000, 0x00000000d5f00000)
  object space 114176K, 99% used [0x0000000081c00000,0x0000000088ad5040,0x0000000088b80000)
 Metaspace       used 6709K, capacity 6803K, committed 7168K, reserved 1056768K
  class space    used 639K, capacity 656K, committed 768K, reserved 1048576K
Event: 2.790 GC heap after
Heap after GC invocations=4 (full 1):
 PSYoungGen      total 71680K, used 3489K [0x00000000d5f00000, 0x00000000deb00000, 0x0000000100000000)
  eden space 66560K, 0% used [0x00000000d5f00000,0x00000000d5f00000,0x00000000da000000)
  from space 5120K, 68% used [0x00000000da000000,0x00000000da368728,0x00000000da500000)
  to   space 5120K, 0% used [0x00000000de600000,0x00000000de600000,0x00000000deb00000)
 ParOldGen       total 229888K, used 113830K [0x0000000081c00000, 0x000000008fc80000, 0x00000000d5f00000)
  object space 229888K, 49% used [0x0000000081c00000,0x0000000088b29a28,0x000000008fc80000)
 Metaspace       used 6709K, capacity 6803K, committed 7168K, reserved 1056768K
  class space    used 639K, capacity 656K, committed 768K, reserved 1048576K
}
Event: 3.036 GC heap before
{Heap before GC invocations=5 (full 1):
 PSYoungGen      total 71680K, used 70049K [0x00000000d5f00000, 0x00000000deb00000, 0x0000000100000000)
  eden space 66560K, 100% used [0x00000000d5f00000,0x00000000da000000,0x00000000da000000)
  from space 5120K, 68% used [0x00000000da000000,0x00000000da368728,0x00000000da500000)
  to   space 5120K, 0% used [0x00000000de600000,0x00000000de600000,0x00000000deb00000)
 ParOldGen       total 229888K, used 113830K [0x0000000081c00000, 0x000000008fc80000, 0x00000000d5f00000)
  object space 229888K, 49% used [0x0000000081c00000,0x0000000088b29a28,0x000000008fc80000)
 Metaspace       used 6709K, capacity 6803K, committed 7168K, reserved 1056768K
  class space    used 639K, capacity 656K, committed 768K, reserved 1048576K
Event: 3.064 GC heap after
Heap after GC invocations=5 (full 1):
 PSYoungGen      total 126976K, used 5120K [0x00000000d5f00000, 0x00000000deb00000, 0x0000000100000000)
  eden space 121856K, 0% used [0x00000000d5f00000,0x00000000d5f00000,0x00000000dd600000)
  from space 5120K, 100% used [0x00000000de600000,0x00000000deb00000,0x00000000deb00000)
  to   space 5120K, 0% used [0x00000000de100000,0x00000000de100000,0x00000000de600000)
 ParOldGen       total 229888K, used 177353K [0x0000000081c00000, 0x000000008fc80000, 0x00000000d5f00000)
  object space 229888K, 77% used [0x0000000081c00000,0x000000008c9326d8,0x000000008fc80000)
 Metaspace       used 6709K, capacity 6803K, committed 7168K, reserved 1056768K
  class space    used 639K, capacity 656K, committed 768K, reserved 1048576K
}
Event: 3.064 GC heap before
{Heap before GC invocations=6 (full 2):
 PSYoungGen      total 126976K, used 5120K [0x00000000d5f00000, 0x00000000deb00000, 0x0000000100000000)
  eden space 121856K, 0% used [0x00000000d5f00000,0x00000000d5f00000,0x00000000dd600000)
  from space 5120K, 100% used [0x00000000de600000,0x00000000deb00000,0x00000000deb00000)
  to   space 5120K, 0% used [0x00000000de100000,0x00000000de100000,0x00000000de600000)
 ParOldGen       total 229888K, used 177353K [0x0000000081c00000, 0x000000008fc80000, 0x00000000d5f00000)
  object space 229888K, 77% used [0x0000000081c00000,0x000000008c9326d8,0x000000008fc80000)
 Metaspace       used 6709K, capacity 6803K, committed 7168K, reserved 1056768K
  class space    used 639K, capacity 656K, committed 768K, reserved 1048576K
Event: 3.085 GC heap after
Heap after GC invocations=6 (full 2):
 PSYoungGen      total 126976K, used 0K [0x00000000d5f00000, 0x00000000deb00000, 0x0000000100000000)
  eden space 121856K, 0% used [0x00000000d5f00000,0x00000000d5f00000,0x00000000dd600000)
  from space 5120K, 0% used [0x00000000de600000,0x00000000de600000,0x00000000deb00000)
  to   space 5120K, 0% used [0x00000000de100000,0x00000000de100000,0x00000000de600000)
 ParOldGen       total 325120K, used 182344K [0x0000000081c00000, 0x0000000095980000, 0x00000000d5f00000)
  object space 325120K, 56% used [0x0000000081c00000,0x000000008ce122d8,0x0000000095980000)
 Metaspace       used 6709K, capacity 6803K, committed 7168K, reserved 1056768K
  class space    used 639K, capacity 656K, committed 768K, reserved 1048576K
}

Deoptimization events (9 events):
Event: 2.488 Thread 0x0000000019d80800 Uncommon trap: reason=unstable_if action=reinterpret pc=0x0000000002a907b4 method=com.mygdx.game.Perlin.Perlin.GenerateWhiteNoise(II)[[F @ 73
Event: 3.340 Thread 0x0000000019d80800 Uncommon trap: reason=intrinsic action=make_not_entrant pc=0x0000000002ab12f4 method=com.mygdx.game.Screens.practiceDynTiles.landmapGenandPerlin()V @ 762
Event: 3.371 Thread 0x0000000019d80800 Uncommon trap: reason=unstable_if action=reinterpret pc=0x0000000002ab3598 method=com.mygdx.game.Screens.practiceDynTiles.landmapGenandPerlin()V @ 585
Event: 3.531 Thread 0x0000000019d80800 Uncommon trap: reason=unstable_if action=reinterpret pc=0x0000000002ac2930 method=com.mygdx.game.Screens.practiceDynTiles.landmapGenandPerlin()V @ 545
Event: 3.545 Thread 0x0000000019d80800 Uncommon trap: reason=unstable_if action=reinterpret pc=0x0000000002a95db8 method=com.mygdx.game.Screens.practiceDynTiles.landmapGenandPerlin()V @ 1018
Event: 3.726 Thread 0x0000000019d80800 Uncommon trap: reason=unstable_if action=reinterpret pc=0x0000000002b2cae4 method=java.util.StringTokenizer.scanToken(I)I @ 7
Event: 3.726 Thread 0x0000000019d80800 Uncommon trap: reason=unstable_if action=reinterpret pc=0x0000000002b20ad4 method=java.util.StringTokenizer.skipDelimiters(I)I @ 29
Event: 3.727 Thread 0x0000000019d80800 Uncommon trap: reason=unstable_if action=reinterpret pc=0x0000000002b1e9ec method=java.util.StringTokenizer.scanToken(I)I @ 7
Event: 10.002 Thread 0x0000000019d80800 Uncommon trap: reason=unstable_if action=reinterpret pc=0x0000000002ca5d34 method=com.mygdx.game.Screens.practiceDynTiles.update(F)V @ 249

Classes redefined (0 events):
No events

Internal exceptions (10 events):
Event: 0.788 Thread 0x00000000020ab000 Exception <a 'java/security/PrivilegedActionException'> (0x00000000d63c1a58) thrown at [C:\re\workspace\8-2-build-windows-amd64-cygwin\jdk8u171\10807\hotspot\src\share\vm\prims\jvm.cpp, line 1435]
Event: 0.789 Thread 0x00000000020ab000 Exception <a 'java/security/PrivilegedActionException'> (0x00000000d63c1c68) thrown at [C:\re\workspace\8-2-build-windows-amd64-cygwin\jdk8u171\10807\hotspot\src\share\vm\prims\jvm.cpp, line 1435]
Event: 0.790 Thread 0x00000000020ab000 Exception <a 'java/security/PrivilegedActionException'> (0x00000000d63c5b78) thrown at [C:\re\workspace\8-2-build-windows-amd64-cygwin\jdk8u171\10807\hotspot\src\share\vm\prims\jvm.cpp, line 1435]
Event: 0.790 Thread 0x00000000020ab000 Exception <a 'java/security/PrivilegedActionException'> (0x00000000d63c5d88) thrown at [C:\re\workspace\8-2-build-windows-amd64-cygwin\jdk8u171\10807\hotspot\src\share\vm\prims\jvm.cpp, line 1435]
Event: 1.614 Thread 0x00000000020ab000 Exception <a 'java/security/PrivilegedActionException'> (0x00000000d65f4650) thrown at [C:\re\workspace\8-2-build-windows-amd64-cygwin\jdk8u171\10807\hotspot\src\share\vm\prims\jvm.cpp, line 1435]
Event: 1.614 Thread 0x00000000020ab000 Exception <a 'java/security/PrivilegedActionException'> (0x00000000d65f6328) thrown at [C:\re\workspace\8-2-build-windows-amd64-cygwin\jdk8u171\10807\hotspot\src\share\vm\prims\jvm.cpp, line 1435]
Event: 1.614 Thread 0x00000000020ab000 Exception <a 'java/security/PrivilegedActionException'> (0x00000000d65f7498) thrown at [C:\re\workspace\8-2-build-windows-amd64-cygwin\jdk8u171\10807\hotspot\src\share\vm\prims\jvm.cpp, line 1435]
Event: 1.614 Thread 0x00000000020ab000 Exception <a 'java/security/PrivilegedActionException'> (0x00000000d65fc9d8) thrown at [C:\re\workspace\8-2-build-windows-amd64-cygwin\jdk8u171\10807\hotspot\src\share\vm\prims\jvm.cpp, line 1435]
Event: 1.614 Thread 0x00000000020ab000 Exception <a 'java/security/PrivilegedActionException'> (0x00000000d65fd630) thrown at [C:\re\workspace\8-2-build-windows-amd64-cygwin\jdk8u171\10807\hotspot\src\share\vm\prims\jvm.cpp, line 1435]
Event: 1.614 Thread 0x00000000020ab000 Exception <a 'java/security/PrivilegedActionException'> (0x00000000d65fe258) thrown at [C:\re\workspace\8-2-build-windows-amd64-cygwin\jdk8u171\10807\hotspot\src\share\vm\prims\jvm.cpp, line 1435]

Events (10 events):
Event: 6.034 Thread 0x0000000019d80800 DEOPT UNPACKING pc=0x0000000002897890 sp=0x000000001b04ef90 mode 0
Event: 6.035 Thread 0x0000000019d80800 DEOPT PACKING pc=0x0000000002c60864 sp=0x000000001b04f030
Event: 6.035 Thread 0x0000000019d80800 DEOPT UNPACKING pc=0x0000000002897890 sp=0x000000001b04eea0 mode 0
Event: 6.036 Thread 0x0000000019d80800 DEOPT PACKING pc=0x0000000002c707d4 sp=0x000000001b04f060
Event: 6.036 Thread 0x0000000019d80800 DEOPT UNPACKING pc=0x0000000002897890 sp=0x000000001b04ee30 mode 0
Event: 6.102 Thread 0x0000000019d80800 DEOPT PACKING pc=0x0000000002c48d11 sp=0x000000001b04f040
Event: 6.102 Thread 0x0000000019d80800 DEOPT UNPACKING pc=0x0000000002897890 sp=0x000000001b04eda8 mode 0
Event: 10.002 Thread 0x0000000019d80800 Uncommon trap: trap_request=0xffffff65 fr.pc=0x0000000002ca5d34
Event: 10.002 Thread 0x0000000019d80800 DEOPT PACKING pc=0x0000000002ca5d34 sp=0x000000001b04f130
Event: 10.002 Thread 0x0000000019d80800 DEOPT UNPACKING pc=0x000000000289583b sp=0x000000001b04f120 mode 2


Dynamic libraries:
0x000000013f2e0000 - 0x000000013f317000 	C:\Program Files\Java\jdk1.8.0_171\bin\java.exe
0x00000000774c0000 - 0x000000007765f000 	C:\WINDOWS\SYSTEM32\ntdll.dll
0x00000000772a0000 - 0x00000000773bf000 	C:\WINDOWS\system32\kernel32.dll
0x000007fefd3b0000 - 0x000007fefd41a000 	C:\WINDOWS\system32\KERNELBASE.dll
0x000007feff6d0000 - 0x000007feff7ab000 	C:\WINDOWS\system32\ADVAPI32.dll
0x000007fefed70000 - 0x000007fefee0f000 	C:\WINDOWS\system32\msvcrt.dll
0x000007fefee90000 - 0x000007fefeeaf000 	C:\WINDOWS\SYSTEM32\sechost.dll
0x000007fefeeb0000 - 0x000007fefefdd000 	C:\WINDOWS\system32\RPCRT4.dll
0x00000000773c0000 - 0x00000000774ba000 	C:\WINDOWS\system32\USER32.dll
0x000007fefe750000 - 0x000007fefe7b7000 	C:\WINDOWS\system32\GDI32.dll
0x000007fefd9b0000 - 0x000007fefd9be000 	C:\WINDOWS\system32\LPK.dll
0x000007fefeb10000 - 0x000007fefebdb000 	C:\WINDOWS\system32\USP10.dll
0x000007fefbab0000 - 0x000007fefbca4000 	C:\WINDOWS\WinSxS\amd64_microsoft.windows.common-controls_6595b64144ccf1df_6.0.7601.18837_none_fa3b1e3d17594757\COMCTL32.dll
0x000007feff440000 - 0x000007feff4b1000 	C:\WINDOWS\system32\SHLWAPI.dll
0x000007feff5d0000 - 0x000007feff5fe000 	C:\WINDOWS\system32\IMM32.DLL
0x000007feff4c0000 - 0x000007feff5c9000 	C:\WINDOWS\system32\MSCTF.dll
0x0000000073d90000 - 0x0000000073e62000 	C:\Program Files\Java\jdk1.8.0_171\jre\bin\msvcr100.dll
0x0000000052b50000 - 0x00000000533f0000 	C:\Program Files\Java\jdk1.8.0_171\jre\bin\server\jvm.dll
0x000007fef48d0000 - 0x000007fef48d9000 	C:\WINDOWS\system32\WSOCK32.dll
0x000007feff680000 - 0x000007feff6cd000 	C:\WINDOWS\system32\WS2_32.dll
0x000007fefeb00000 - 0x000007fefeb08000 	C:\WINDOWS\system32\NSI.dll
0x000007fefb290000 - 0x000007fefb2cb000 	C:\WINDOWS\system32\WINMM.dll
0x000007fefc140000 - 0x000007fefc14c000 	C:\WINDOWS\system32\VERSION.dll
0x0000000077670000 - 0x0000000077677000 	C:\WINDOWS\system32\PSAPI.DLL
0x0000000074cf0000 - 0x0000000074cff000 	C:\Program Files\Java\jdk1.8.0_171\jre\bin\verify.dll
0x0000000074120000 - 0x0000000074149000 	C:\Program Files\Java\jdk1.8.0_171\jre\bin\java.dll
0x000000006f170000 - 0x000000006f193000 	C:\Program Files\Java\jdk1.8.0_171\jre\bin\instrument.dll
0x0000000073d70000 - 0x0000000073d86000 	C:\Program Files\Java\jdk1.8.0_171\jre\bin\zip.dll
0x000007fefd9c0000 - 0x000007fefe74b000 	C:\WINDOWS\system32\SHELL32.dll
0x000007fefe900000 - 0x000007fefeafd000 	C:\WINDOWS\system32\ole32.dll
0x000007fefd070000 - 0x000007fefd07f000 	C:\WINDOWS\system32\profapi.dll
0x000007fefa420000 - 0x000007fefa43a000 	C:\Program Files\Android\Android Studio\bin\breakgen64.dll
0x00000000730d0000 - 0x00000000730ea000 	C:\Program Files\Java\jdk1.8.0_171\jre\bin\net.dll
0x000007fefc7f0000 - 0x000007fefc845000 	C:\WINDOWS\system32\mswsock.dll
0x000007fefc7e0000 - 0x000007fefc7e7000 	C:\WINDOWS\System32\wship6.dll
0x0000000065580000 - 0x0000000065616000 	C:\Users\GCUser\AppData\Local\Temp\libgdxGCUser\12dfaa03\gdx64.dll
0x000007fefc850000 - 0x000007fefc868000 	C:\WINDOWS\system32\CRYPTSP.dll
0x000007fefc550000 - 0x000007fefc597000 	C:\WINDOWS\system32\rsaenh.dll
0x000007fefd390000 - 0x000007fefd3ae000 	C:\WINDOWS\system32\USERENV.dll
0x000007fefcf00000 - 0x000007fefcf0f000 	C:\WINDOWS\system32\CRYPTBASE.dll
0x000007fefa8e0000 - 0x000007fefa907000 	C:\WINDOWS\system32\IPHLPAPI.DLL
0x000007fefa8d0000 - 0x000007fefa8db000 	C:\WINDOWS\system32\WINNSI.DLL
0x000007fef9fc0000 - 0x000007fef9fd8000 	C:\WINDOWS\system32\dhcpcsvc.DLL
0x000007fef9fa0000 - 0x000007fef9fb1000 	C:\WINDOWS\system32\dhcpcsvc6.DLL
0x000000006d9c0000 - 0x000000006d9d1000 	C:\Program Files\Java\jdk1.8.0_171\jre\bin\nio.dll
0x0000000180000000 - 0x0000000180053000 	C:\Users\GCUser\AppData\Local\Temp\libgdxGCUser\dc0f0009\lwjgl64.dll
0x000007feecce0000 - 0x000007feecdfd000 	C:\WINDOWS\system32\OPENGL32.dll
0x000007feeccb0000 - 0x000007feeccdd000 	C:\WINDOWS\system32\GLU32.dll
0x000007feecbb0000 - 0x000007feecca1000 	C:\WINDOWS\system32\DDRAW.dll
0x000007feecba0000 - 0x000007feecba8000 	C:\WINDOWS\system32\DCIMAN32.dll
0x000007fefd420000 - 0x000007fefd5f7000 	C:\WINDOWS\system32\SETUPAPI.dll
0x000007fefd0f0000 - 0x000007fefd126000 	C:\WINDOWS\system32\CFGMGR32.dll
0x000007fefd8d0000 - 0x000007fefd9aa000 	C:\WINDOWS\system32\OLEAUT32.dll
0x000007fefd0d0000 - 0x000007fefd0ea000 	C:\WINDOWS\system32\DEVOBJ.dll
0x000007fefae30000 - 0x000007fefae48000 	C:\WINDOWS\system32\dwmapi.dll
0x00000000027b0000 - 0x0000000002814000 	C:\Users\GCUser\AppData\Local\Temp\libgdxGCUser\dc0f0009\OpenAL64.dll
0x000007fefb760000 - 0x000007fefb7b6000 	C:\WINDOWS\system32\uxtheme.dll
0x000007fefe860000 - 0x000007fefe8f9000 	C:\WINDOWS\system32\CLBCatQ.DLL
0x000007fefb930000 - 0x000007fefba5c000 	C:\WINDOWS\System32\PROPSYS.dll
0x000007fefd090000 - 0x000007fefd0cb000 	C:\WINDOWS\system32\WINTRUST.dll
0x000007fefd200000 - 0x000007fefd36d000 	C:\WINDOWS\system32\CRYPT32.dll
0x000007fefd060000 - 0x000007fefd06f000 	C:\WINDOWS\system32\MSASN1.dll
0x000007fee7120000 - 0x000007fee71a8000 	C:\WINDOWS\system32\dsound.dll
0x000007fefb820000 - 0x000007fefb84c000 	C:\WINDOWS\system32\POWRPROF.dll
0x000007fefb7d0000 - 0x000007fefb81b000 	C:\WINDOWS\System32\MMDevApi.dll
0x000007fefada0000 - 0x000007fefadef000 	C:\WINDOWS\system32\AUDIOSES.DLL
0x000007fed0140000 - 0x000007fed0e3a000 	C:\WINDOWS\system32\ig9icd64.dll
0x000007feef130000 - 0x000007feeff9d000 	C:\WINDOWS\system32\igc64.dll
0x000007fefaee0000 - 0x000007fefaef1000 	C:\WINDOWS\system32\WTSAPI32.dll
0x000007fee0750000 - 0x000007fee07ec000 	C:\WINDOWS\system32\mscms.dll
0x000007fedc000000 - 0x000007fedc042000 	C:\WINDOWS\system32\icm32.dll
0x0000000066bc0000 - 0x0000000066c7b000 	C:\Users\GCUser\AppData\Local\Temp\libgdxGCUser\54593449\gdx-box2d64.dll
0x000007fef5be0000 - 0x000007fef5d05000 	C:\WINDOWS\system32\dbghelp.dll

VM Arguments:
jvm_args: -javaagent:C:\Program Files\Android\Android Studio\lib\idea_rt.jar=61582:C:\Program Files\Android\Android Studio\bin -Dfile.encoding=UTF-8 
java_command: com.mygdx.game.desktop.DesktopLauncher
java_class_path (initial): C:\Program Files\Java\jdk1.8.0_171\jre\lib\charsets.jar;C:\Program Files\Java\jdk1.8.0_171\jre\lib\deploy.jar;C:\Program Files\Java\jdk1.8.0_171\jre\lib\ext\access-bridge-64.jar;C:\Program Files\Java\jdk1.8.0_171\jre\lib\ext\cldrdata.jar;C:\Program Files\Java\jdk1.8.0_171\jre\lib\ext\dnsns.jar;C:\Program Files\Java\jdk1.8.0_171\jre\lib\ext\jaccess.jar;C:\Program Files\Java\jdk1.8.0_171\jre\lib\ext\jfxrt.jar;C:\Program Files\Java\jdk1.8.0_171\jre\lib\ext\localedata.jar;C:\Program Files\Java\jdk1.8.0_171\jre\lib\ext\nashorn.jar;C:\Program Files\Java\jdk1.8.0_171\jre\lib\ext\sunec.jar;C:\Program Files\Java\jdk1.8.0_171\jre\lib\ext\sunjce_provider.jar;C:\Program Files\Java\jdk1.8.0_171\jre\lib\ext\sunmscapi.jar;C:\Program Files\Java\jdk1.8.0_171\jre\lib\ext\sunpkcs11.jar;C:\Program Files\Java\jdk1.8.0_171\jre\lib\ext\zipfs.jar;C:\Program Files\Java\jdk1.8.0_171\jre\lib\javaws.jar;C:\Program Files\Java\jdk1.8.0_171\jre\lib\jce.jar;C:\Program Files\Java\jdk1.8.0_171\jre\lib\jfr.jar;C:\Program Files\Java\jdk1.8.0_171\jre\lib\jfxswt.jar;C:\Program Files\Java\jdk1.8.0_171\jre\lib\jsse.jar;C:\Program Files\Java\jdk1.8.0_171\jre\lib\management-agent.jar;C:\Program Files\Java\jdk1.8.0_171\jre\lib\plugin.jar;C:\Program Files\Java\jdk1.8.0_171\jre\lib\resources.jar;C:\Program Files\Java\jdk1.8.0_171\jre\lib\rt.jar;C:\Users\GCUser\AndroidStudioProjects\libgdx\desktop\build\classes\java\main;C:\Users\GCUser\AndroidStudioProjects\libgdx\core\build\classes\java\main;C:\Users\GCUser\AndroidStudioProjects\Gradle\gradle-4.6\caches\modules-2\files-2.1\com.badlogicgames.gdx\gdx-tools\1.9.8\5c32820fccee957cc77990d353297ceed1a63159\gdx-tools-1.9.8.jar;C:\Users\GCUser\AndroidStudioProjects\Gradle\gradle-4.6\caches\modules-2\files-2.1\com.badlogicgames.gdx\gdx-backend-lwjgl\1.9.8\b7c138f14ed67ad830ae7597da3d86ae02b20eee\gdx-backend-lwjgl-1.9.8.jar;C:\Users\GCUser\AndroidStudioProjects\Gradle\gradle-4.6\caches\modules-2\files-2.1\com.badlogicgames.gdx\gdx-platform\
Launcher Type: SUN_STANDARD

Environment Variables:
PATH=C:\ProgramData\Oracle\Java\javapath;C:\WINDOWS\system32;C:\WINDOWS;C:\WINDOWS\System32\Wbem;C:\WINDOWS\System32\WindowsPowerShell\v1.0\;c:\Program Files (x86)\QuickTime\QTSystem\;C:\WINDOWS\System32\WindowsPowerShell\v1.0\;C:\WINDOWS\System32\WindowsPowerShell\v1.0\;C:\Program Files\MySQL\MySQL Utilities 1.6\;C:\Users\GCUser\AndroidStudioProjects\Gradle\gradle-4.6\bin
USERNAME=GCUser
OS=Windows_NT
PROCESSOR_IDENTIFIER=Intel64 Family 6 Model 78 Stepping 3, GenuineIntel



---------------  S Y S T E M  ---------------

OS: Windows 7 , 64 bit Build 7601 (6.1.7601.24214)

CPU:total 4 (initial active 4) (2 cores per cpu, 2 threads per core) family 6 model 78 stepping 3, cmov, cx8, fxsr, mmx, sse, sse2, sse3, ssse3, sse4.1, sse4.2, popcnt, avx, avx2, aes, clmul, erms, 3dnowpref, lzcnt, ht, tsc, tscinvbit, bmi1, bmi2, adx

Memory: 4k page, physical 8266332k(1469980k free), swap 16530764k(8508188k free)

vm_info: Java HotSpot(TM) 64-Bit Server VM (25.171-b11) for windows-amd64 JRE (1.8.0_171-b11), built on Mar 28 2018 16:06:12 by "java_re" with MS VC++ 10.0 (VS2010)

time: Tue Sep 11 18:28:14 2018
elapsed time: 10 seconds (0d 0h 0m 10s)

