#
# A fatal error has been detected by the Java Runtime Environment:
#
#  EXCEPTION_ACCESS_VIOLATION (0xc0000005) at pc=0x0000000066bcbd0d, pid=3456, tid=0x0000000000002bb4
#
# JRE version: Java(TM) SE Runtime Environment (8.0_171-b11) (build 1.8.0_171-b11)
# Java VM: Java HotSpot(TM) 64-Bit Server VM (25.171-b11 mixed mode windows-amd64 compressed oops)
# Problematic frame:
# C  [gdx-box2d64.dll+0xbd0d]
#
# Failed to write core dump. Minidumps are not enabled by default on client versions of Windows
#
# If you would like to submit a bug report, please visit:
#   http://bugreport.java.com/bugreport/crash.jsp
# The crash happened outside the Java Virtual Machine in native code.
# See problematic frame for where to report the bug.
#

---------------  T H R E A D  ---------------

Current thread (0x0000000019dc7000):  JavaThread "LWJGL Application" [_thread_in_native, id=11188, stack(0x000000001aff0000,0x000000001b0f0000)]

siginfo: ExceptionCode=0xc0000005, reading address 0x0000002600000000

Registers:
RAX=0x0000002600000000, RBX=0x00000000003ef890, RCX=0x00000000003ef860, RDX=0x00000000000000b8
RSP=0x000000001b0ee7a0, RBP=0x0000000000000006, RSI=0x00000000003ef860, RDI=0x000000001b0ee860
R8 =0x00000000003ef860, R9 =0x0000000000000000, R10=0x0000000000000000, R11=0x0000000000000001
R12=0x0000000000000000, R13=0x00000000172f1588, R14=0x000000001b0eeb78, R15=0x0000000019dc7000
RIP=0x0000000066bcbd0d, EFLAGS=0x0000000000010206

Top of Stack: (sp=0x000000001b0ee7a0)
0x000000001b0ee7a0:   0000000000408b00 0000000000000827
0x000000001b0ee7b0:   000000001b1049d0 0000000066bc39ae
0x000000001b0ee7c0:   00000000431c8000 00000000003ef860
0x000000001b0ee7d0:   0000000000000001 000000001b0ee860
0x000000001b0ee7e0:   000000001b0ee980 0000000000000000
0x000000001b0ee7f0:   00000000172f1588 0000000066be2483
0x000000001b0ee800:   000000001b0eea80 0000000066be0498
0x000000001b0ee810:   000000001b0ee948 0000000019dc7000
0x000000001b0ee820:   0000000000000001 0000000000000001
0x000000001b0ee830:   0000000000000001 0000000066be8616
0x000000001b0ee840:   000000001b0ee8d0 0000000000000000
0x000000001b0ee850:   000000001b0eea80 0000000066bdf36c
0x000000001b0ee860:   4309c00000000000 0000000043e3a000
0x000000001b0ee870:   0000000000000000 0000000000000000
0x000000001b0ee880:   0000010100000000 00000000d7ec5f01
0x000000001b0ee890:   0000000000000000 000000003f800000 

Instructions: (pc=0x0000000066bcbd0d)
0x0000000066bcbced:   48 8d 05 6c a3 05 00 0f b6 1c 18 80 fb 0d 0f b6
0x0000000066bcbcfd:   eb 77 21 48 8d 1c de 48 8b 43 10 48 85 c0 74 3a
0x0000000066bcbd0d:   48 8b 10 48 89 53 10 48 83 c4 28 5b 5e 5f 5d 41
0x0000000066bcbd1d:   5c 41 5d c3 48 8d 15 18 9e 04 00 48 8d 0d 99 9e 


Register to memory mapping:

RAX=0x0000002600000000 is an unknown value
RBX=0x00000000003ef890 is an unknown value
RCX=0x00000000003ef860 is an unknown value
RDX=0x00000000000000b8 is an unknown value
RSP=0x000000001b0ee7a0 is pointing into the stack for thread: 0x0000000019dc7000
RBP=0x0000000000000006 is an unknown value
RSI=0x00000000003ef860 is an unknown value
RDI=0x000000001b0ee860 is pointing into the stack for thread: 0x0000000019dc7000
R8 =0x00000000003ef860 is an unknown value
R9 =0x0000000000000000 is an unknown value
R10=0x0000000000000000 is an unknown value
R11=0x0000000000000001 is an unknown value
R12=0x0000000000000000 is an unknown value
R13=0x00000000172f1588 is pointing into metadata
R14=0x000000001b0eeb78 is pointing into the stack for thread: 0x0000000019dc7000
R15=0x0000000019dc7000 is a thread


Stack: [0x000000001aff0000,0x000000001b0f0000],  sp=0x000000001b0ee7a0,  free space=1017k
Native frames: (J=compiled Java code, j=interpreted, Vv=VM code, C=native code)
C  [gdx-box2d64.dll+0xbd0d]
C  [gdx-box2d64.dll+0x22483]
C  [gdx-box2d64.dll+0x28616]
C  0x0000000002c510a4

Java frames: (J=compiled Java code, j=interpreted, Vv=VM code)
J 694  com.badlogic.gdx.physics.box2d.World.jniCreateBody(JIFFFFFFFFZZZZZF)J (0 bytes) @ 0x0000000002c51026 [0x0000000002c50f80+0xa6]
J 693 C1 com.badlogic.gdx.physics.box2d.World.createBody(Lcom/badlogic/gdx/physics/box2d/BodyDef;)Lcom/badlogic/gdx/physics/box2d/Body; (120 bytes) @ 0x0000000002c5193c [0x0000000002c517a0+0x19c]
j  com.mygdx.game.Tools.b2dWorldCreator.updateSqs(Lcom/badlogic/gdx/Screen;)V+301
j  com.mygdx.game.Screens.practiceDynTiles.update(F)V+516
J 1005 C2 com.mygdx.game.Screens.practiceDynTiles.render(F)V (399 bytes) @ 0x0000000002d46c28 [0x0000000002d46aa0+0x188]
J 1148 C1 com.mygdx.game.MyGdxGame.render()V (5 bytes) @ 0x0000000002e09244 [0x0000000002e09020+0x224]
j  com.badlogic.gdx.backends.lwjgl.LwjglApplication.mainLoop()V+698
j  com.badlogic.gdx.backends.lwjgl.LwjglApplication$1.run()V+27
v  ~StubRoutines::call_stub

---------------  P R O C E S S  ---------------

Java Threads: ( => current thread )
  0x000000001a007000 JavaThread "LWJGL Timer" daemon [_thread_blocked, id=7700, stack(0x000000001df80000,0x000000001e080000)]
  0x000000000208b000 JavaThread "DestroyJavaVM" [_thread_blocked, id=11244, stack(0x0000000002390000,0x0000000002490000)]
=>0x0000000019dc7000 JavaThread "LWJGL Application" [_thread_in_native, id=11188, stack(0x000000001aff0000,0x000000001b0f0000)]
  0x0000000018acb800 JavaThread "Service Thread" daemon [_thread_blocked, id=10944, stack(0x0000000019850000,0x0000000019950000)]
  0x0000000018a70800 JavaThread "C1 CompilerThread2" daemon [_thread_blocked, id=10352, stack(0x00000000194f0000,0x00000000195f0000)]
  0x0000000018a6f800 JavaThread "C2 CompilerThread1" daemon [_thread_blocked, id=10328, stack(0x00000000195f0000,0x00000000196f0000)]
  0x0000000018a6f000 JavaThread "C2 CompilerThread0" daemon [_thread_blocked, id=804, stack(0x00000000193c0000,0x00000000194c0000)]
  0x0000000018a6b800 JavaThread "Monitor Ctrl-Break" daemon [_thread_in_native, id=7440, stack(0x0000000019230000,0x0000000019330000)]
  0x0000000017544000 JavaThread "Attach Listener" daemon [_thread_blocked, id=11092, stack(0x0000000019000000,0x0000000019100000)]
  0x0000000017543000 JavaThread "Signal Dispatcher" daemon [_thread_blocked, id=11124, stack(0x0000000018e30000,0x0000000018f30000)]
  0x000000001752d000 JavaThread "Finalizer" daemon [_thread_blocked, id=10432, stack(0x0000000018560000,0x0000000018660000)]
  0x00000000174e6000 JavaThread "Reference Handler" daemon [_thread_blocked, id=11116, stack(0x0000000018830000,0x0000000018930000)]

Other Threads:
  0x00000000174de800 VMThread [stack: 0x00000000186c0000,0x00000000187c0000] [id=9424]
  0x0000000018b16000 WatcherThread [stack: 0x0000000019700000,0x0000000019800000] [id=6500]

VM state:not at safepoint (normal execution)

VM Mutex/Monitor currently owned by a thread: None

Heap:
 PSYoungGen      total 167936K, used 99390K [0x00000000d5f00000, 0x00000000e6000000, 0x0000000100000000)
  eden space 101376K, 32% used [0x00000000d5f00000,0x00000000d7f0f9a8,0x00000000dc200000)
  from space 66560K, 100% used [0x00000000e1380000,0x00000000e5480000,0x00000000e5480000)
  to   space 80896K, 0% used [0x00000000dc200000,0x00000000dc200000,0x00000000e1100000)
 ParOldGen       total 293888K, used 180195K [0x0000000081c00000, 0x0000000093b00000, 0x00000000d5f00000)
  object space 293888K, 61% used [0x0000000081c00000,0x000000008cbf8ee8,0x0000000093b00000)
 Metaspace       used 9022K, capacity 9139K, committed 9344K, reserved 1058816K
  class space    used 852K, capacity 880K, committed 896K, reserved 1048576K

Card table byte_map: [0x0000000011cd0000,0x00000000120d0000] byte_map_base: 0x00000000118c2000

Marking Bits: (ParMarkBitMap*) 0x00000000533708c0
 Begin Bits: [0x0000000012830000, 0x00000000147c0000)
 End Bits:   [0x00000000147c0000, 0x0000000016750000)

Polling page: 0x0000000000240000

CodeCache: size=245760Kb used=5413Kb max_used=5413Kb free=240346Kb
 bounds [0x0000000002910000, 0x0000000002e60000, 0x0000000011910000]
 total_blobs=1722 nmethods=1212 adapters=423
 compilation: enabled

Compilation events (10 events):
Event: 18.742 Thread 0x0000000018a70800 nmethod 1195 0x0000000002e25490 code [0x0000000002e25620, 0x0000000002e25a88]
Event: 18.742 Thread 0x0000000018a70800 1196       3       com.badlogic.gdx.utils.Pool::free (60 bytes)
Event: 18.743 Thread 0x0000000018a70800 nmethod 1196 0x0000000002e32b50 code [0x0000000002e32d20, 0x0000000002e33508]
Event: 18.743 Thread 0x0000000018a70800 1198       3       com.badlogic.gdx.physics.box2d.World::getBodyCount (9 bytes)
Event: 18.743 Thread 0x0000000018a70800 nmethod 1198 0x0000000002e24590 code [0x0000000002e24700, 0x0000000002e24888]
Event: 18.743 Thread 0x0000000018a70800 1197       1       com.badlogic.gdx.physics.box2d.Body::getJointList (5 bytes)
Event: 18.743 Thread 0x0000000018a70800 nmethod 1197 0x0000000002e0d810 code [0x0000000002e0d960, 0x0000000002e0da70]
Event: 18.744 Thread 0x0000000018a70800 1201 %     3       com.mygdx.game.Screens.practiceDynTiles::update @ 300 (677 bytes)
Event: 18.745 Thread 0x0000000018a6f000 1203       4       java.lang.StringBuilder::toString (17 bytes)
Event: 18.749 Thread 0x0000000018a6f000 nmethod 1203 0x0000000002e2ec90 code [0x0000000002e2ede0, 0x0000000002e2f158]

GC Heap History (10 events):
Event: 3.112 GC heap before
{Heap before GC invocations=4 (full 1):
 PSYoungGen      total 38400K, used 5118K [0x00000000d5f00000, 0x00000000daa00000, 0x0000000100000000)
  eden space 33280K, 0% used [0x00000000d5f00000,0x00000000d5f00000,0x00000000d7f80000)
  from space 5120K, 99% used [0x00000000d7f80000,0x00000000d847f8a0,0x00000000d8480000)
  to   space 5120K, 0% used [0x00000000da500000,0x00000000da500000,0x00000000daa00000)
 ParOldGen       total 87552K, used 80117K [0x0000000081c00000, 0x0000000087180000, 0x00000000d5f00000)
  object space 87552K, 91% used [0x0000000081c00000,0x0000000086a3d640,0x0000000087180000)
 Metaspace       used 6710K, capacity 6803K, committed 7168K, reserved 1056768K
  class space    used 639K, capacity 656K, committed 768K, reserved 1048576K
Event: 3.140 GC heap after
Heap after GC invocations=4 (full 1):
 PSYoungGen      total 38400K, used 0K [0x00000000d5f00000, 0x00000000daa00000, 0x0000000100000000)
  eden space 33280K, 0% used [0x00000000d5f00000,0x00000000d5f00000,0x00000000d7f80000)
  from space 5120K, 0% used [0x00000000d7f80000,0x00000000d7f80000,0x00000000d8480000)
  to   space 5120K, 0% used [0x00000000da500000,0x00000000da500000,0x00000000daa00000)
 ParOldGen       total 165888K, used 83945K [0x0000000081c00000, 0x000000008be00000, 0x00000000d5f00000)
  object space 165888K, 50% used [0x0000000081c00000,0x0000000086dfa4b8,0x000000008be00000)
 Metaspace       used 6710K, capacity 6803K, committed 7168K, reserved 1056768K
  class space    used 639K, capacity 656K, committed 768K, reserved 1048576K
}
Event: 3.216 GC heap before
{Heap before GC invocations=5 (full 1):
 PSYoungGen      total 38400K, used 33280K [0x00000000d5f00000, 0x00000000daa00000, 0x0000000100000000)
  eden space 33280K, 100% used [0x00000000d5f00000,0x00000000d7f80000,0x00000000d7f80000)
  from space 5120K, 0% used [0x00000000d7f80000,0x00000000d7f80000,0x00000000d8480000)
  to   space 5120K, 0% used [0x00000000da500000,0x00000000da500000,0x00000000daa00000)
 ParOldGen       total 165888K, used 83945K [0x0000000081c00000, 0x000000008be00000, 0x00000000d5f00000)
  object space 165888K, 50% used [0x0000000081c00000,0x0000000086dfa4b8,0x000000008be00000)
 Metaspace       used 6710K, capacity 6803K, committed 7168K, reserved 1056768K
  class space    used 639K, capacity 656K, committed 768K, reserved 1048576K
Event: 3.229 GC heap after
Heap after GC invocations=5 (full 1):
 PSYoungGen      total 67584K, used 5120K [0x00000000d5f00000, 0x00000000daa00000, 0x0000000100000000)
  eden space 62464K, 0% used [0x00000000d5f00000,0x00000000d5f00000,0x00000000d9c00000)
  from space 5120K, 100% used [0x00000000da500000,0x00000000daa00000,0x00000000daa00000)
  to   space 5120K, 0% used [0x00000000da000000,0x00000000da000000,0x00000000da500000)
 ParOldGen       total 165888K, used 111507K [0x0000000081c00000, 0x000000008be00000, 0x00000000d5f00000)
  object space 165888K, 67% used [0x0000000081c00000,0x00000000888e4ea8,0x000000008be00000)
 Metaspace       used 6710K, capacity 6803K, committed 7168K, reserved 1056768K
  class space    used 639K, capacity 656K, committed 768K, reserved 1048576K
}
Event: 3.424 GC heap before
{Heap before GC invocations=6 (full 1):
 PSYoungGen      total 67584K, used 67584K [0x00000000d5f00000, 0x00000000daa00000, 0x0000000100000000)
  eden space 62464K, 100% used [0x00000000d5f00000,0x00000000d9c00000,0x00000000d9c00000)
  from space 5120K, 100% used [0x00000000da500000,0x00000000daa00000,0x00000000daa00000)
  to   space 5120K, 0% used [0x00000000da000000,0x00000000da000000,0x00000000da500000)
 ParOldGen       total 165888K, used 111507K [0x0000000081c00000, 0x000000008be00000, 0x00000000d5f00000)
  object space 165888K, 67% used [0x0000000081c00000,0x00000000888e4ea8,0x000000008be00000)
 Metaspace       used 6710K, capacity 6803K, committed 7168K, reserved 1056768K
  class space    used 639K, capacity 656K, committed 768K, reserved 1048576K
Event: 3.450 GC heap after
Heap after GC invocations=6 (full 1):
 PSYoungGen      total 71680K, used 5120K [0x00000000d5f00000, 0x00000000e5480000, 0x0000000100000000)
  eden space 66560K, 0% used [0x00000000d5f00000,0x00000000d5f00000,0x00000000da000000)
  from space 5120K, 100% used [0x00000000da000000,0x00000000da500000,0x00000000da500000)
  to   space 66560K, 0% used [0x00000000e1380000,0x00000000e1380000,0x00000000e5480000)
 ParOldGen       total 174592K, used 173894K [0x0000000081c00000, 0x000000008c680000, 0x00000000d5f00000)
  object space 174592K, 99% used [0x0000000081c00000,0x000000008c5d19d8,0x000000008c680000)
 Metaspace       used 6710K, capacity 6803K, committed 7168K, reserved 1056768K
  class space    used 639K, capacity 656K, committed 768K, reserved 1048576K
}
Event: 3.450 GC heap before
{Heap before GC invocations=7 (full 2):
 PSYoungGen      total 71680K, used 5120K [0x00000000d5f00000, 0x00000000e5480000, 0x0000000100000000)
  eden space 66560K, 0% used [0x00000000d5f00000,0x00000000d5f00000,0x00000000da000000)
  from space 5120K, 100% used [0x00000000da000000,0x00000000da500000,0x00000000da500000)
  to   space 66560K, 0% used [0x00000000e1380000,0x00000000e1380000,0x00000000e5480000)
 ParOldGen       total 174592K, used 173894K [0x0000000081c00000, 0x000000008c680000, 0x00000000d5f00000)
  object space 174592K, 99% used [0x0000000081c00000,0x000000008c5d19d8,0x000000008c680000)
 Metaspace       used 6710K, capacity 6803K, committed 7168K, reserved 1056768K
  class space    used 639K, capacity 656K, committed 768K, reserved 1048576K
Event: 3.499 GC heap after
Heap after GC invocations=7 (full 2):
 PSYoungGen      total 71680K, used 4511K [0x00000000d5f00000, 0x00000000e5480000, 0x0000000100000000)
  eden space 66560K, 0% used [0x00000000d5f00000,0x00000000d5f00000,0x00000000da000000)
  from space 5120K, 88% used [0x00000000da000000,0x00000000da467d00,0x00000000da500000)
  to   space 66560K, 0% used [0x00000000e1380000,0x00000000e1380000,0x00000000e5480000)
 ParOldGen       total 293888K, used 174393K [0x0000000081c00000, 0x0000000093b00000, 0x00000000d5f00000)
  object space 293888K, 59% used [0x0000000081c00000,0x000000008c64e708,0x0000000093b00000)
 Metaspace       used 6710K, capacity 6803K, committed 7168K, reserved 1056768K
  class space    used 639K, capacity 656K, committed 768K, reserved 1048576K
}
Event: 3.761 GC heap before
{Heap before GC invocations=8 (full 2):
 PSYoungGen      total 71680K, used 71071K [0x00000000d5f00000, 0x00000000e5480000, 0x0000000100000000)
  eden space 66560K, 100% used [0x00000000d5f00000,0x00000000da000000,0x00000000da000000)
  from space 5120K, 88% used [0x00000000da000000,0x00000000da467d00,0x00000000da500000)
  to   space 66560K, 0% used [0x00000000e1380000,0x00000000e1380000,0x00000000e5480000)
 ParOldGen       total 293888K, used 174393K [0x0000000081c00000, 0x0000000093b00000, 0x00000000d5f00000)
  object space 293888K, 59% used [0x0000000081c00000,0x000000008c64e708,0x0000000093b00000)
 Metaspace       used 6710K, capacity 6803K, committed 7168K, reserved 1056768K
  class space    used 639K, capacity 656K, committed 768K, reserved 1048576K
Event: 3.791 GC heap after
Heap after GC invocations=8 (full 2):
 PSYoungGen      total 167936K, used 66560K [0x00000000d5f00000, 0x00000000e6000000, 0x0000000100000000)
  eden space 101376K, 0% used [0x00000000d5f00000,0x00000000d5f00000,0x00000000dc200000)
  from space 66560K, 100% used [0x00000000e1380000,0x00000000e5480000,0x00000000e5480000)
  to   space 80896K, 0% used [0x00000000dc200000,0x00000000dc200000,0x00000000e1100000)
 ParOldGen       total 293888K, used 180195K [0x0000000081c00000, 0x0000000093b00000, 0x00000000d5f00000)
  object space 293888K, 61% used [0x0000000081c00000,0x000000008cbf8ee8,0x0000000093b00000)
 Metaspace       used 6710K, capacity 6803K, committed 7168K, reserved 1056768K
  class space    used 639K, capacity 656K, committed 768K, reserved 1048576K
}

Deoptimization events (8 events):
Event: 3.827 Thread 0x0000000019dc7000 Uncommon trap: reason=intrinsic action=make_not_entrant pc=0x0000000002b6f248 method=com.mygdx.game.Screens.practiceDynTiles.landmapGenandPerlin()V @ 762
Event: 3.844 Thread 0x0000000019dc7000 Uncommon trap: reason=unstable_if action=reinterpret pc=0x0000000002b714b4 method=com.mygdx.game.Screens.practiceDynTiles.landmapGenandPerlin()V @ 585
Event: 3.968 Thread 0x0000000019dc7000 Uncommon trap: reason=unstable_if action=reinterpret pc=0x0000000002b808f8 method=com.mygdx.game.Screens.practiceDynTiles.landmapGenandPerlin()V @ 545
Event: 4.181 Thread 0x0000000019dc7000 Uncommon trap: reason=unstable_if action=reinterpret pc=0x0000000002befdd4 method=java.util.StringTokenizer.scanToken(I)I @ 7
Event: 4.182 Thread 0x0000000019dc7000 Uncommon trap: reason=unstable_if action=reinterpret pc=0x0000000002bdd7ac method=java.util.StringTokenizer.scanToken(I)I @ 7
Event: 6.797 Thread 0x0000000019dc7000 Uncommon trap: reason=intrinsic action=make_not_entrant pc=0x0000000002d6b4ac method=com.mygdx.game.Screens.practiceDynTiles.update(F)V @ 640
Event: 6.813 Thread 0x0000000019dc7000 Uncommon trap: reason=intrinsic action=make_not_entrant pc=0x0000000002d27748 method=com.mygdx.game.Screens.practiceDynTiles.update(F)V @ 640
Event: 18.741 Thread 0x0000000019dc7000 Uncommon trap: reason=unstable_if action=reinterpret pc=0x0000000002da3a14 method=com.mygdx.game.Screens.practiceDynTiles.update(F)V @ 249

Classes redefined (0 events):
No events

Internal exceptions (10 events):
Event: 0.756 Thread 0x000000000208b000 Exception <a 'java/security/PrivilegedActionException'> (0x00000000d63c26c8) thrown at [C:\re\workspace\8-2-build-windows-amd64-cygwin\jdk8u171\10807\hotspot\src\share\vm\prims\jvm.cpp, line 1435]
Event: 0.756 Thread 0x000000000208b000 Exception <a 'java/security/PrivilegedActionException'> (0x00000000d63c28d8) thrown at [C:\re\workspace\8-2-build-windows-amd64-cygwin\jdk8u171\10807\hotspot\src\share\vm\prims\jvm.cpp, line 1435]
Event: 0.758 Thread 0x000000000208b000 Exception <a 'java/security/PrivilegedActionException'> (0x00000000d63c67e8) thrown at [C:\re\workspace\8-2-build-windows-amd64-cygwin\jdk8u171\10807\hotspot\src\share\vm\prims\jvm.cpp, line 1435]
Event: 0.758 Thread 0x000000000208b000 Exception <a 'java/security/PrivilegedActionException'> (0x00000000d63c69f8) thrown at [C:\re\workspace\8-2-build-windows-amd64-cygwin\jdk8u171\10807\hotspot\src\share\vm\prims\jvm.cpp, line 1435]
Event: 1.899 Thread 0x000000000208b000 Exception <a 'java/security/PrivilegedActionException'> (0x00000000d65f51a0) thrown at [C:\re\workspace\8-2-build-windows-amd64-cygwin\jdk8u171\10807\hotspot\src\share\vm\prims\jvm.cpp, line 1435]
Event: 1.899 Thread 0x000000000208b000 Exception <a 'java/security/PrivilegedActionException'> (0x00000000d65f6e78) thrown at [C:\re\workspace\8-2-build-windows-amd64-cygwin\jdk8u171\10807\hotspot\src\share\vm\prims\jvm.cpp, line 1435]
Event: 1.900 Thread 0x000000000208b000 Exception <a 'java/security/PrivilegedActionException'> (0x00000000d65f7fe8) thrown at [C:\re\workspace\8-2-build-windows-amd64-cygwin\jdk8u171\10807\hotspot\src\share\vm\prims\jvm.cpp, line 1435]
Event: 1.900 Thread 0x000000000208b000 Exception <a 'java/security/PrivilegedActionException'> (0x00000000d65fd528) thrown at [C:\re\workspace\8-2-build-windows-amd64-cygwin\jdk8u171\10807\hotspot\src\share\vm\prims\jvm.cpp, line 1435]
Event: 1.900 Thread 0x000000000208b000 Exception <a 'java/security/PrivilegedActionException'> (0x00000000d65fe180) thrown at [C:\re\workspace\8-2-build-windows-amd64-cygwin\jdk8u171\10807\hotspot\src\share\vm\prims\jvm.cpp, line 1435]
Event: 1.900 Thread 0x000000000208b000 Exception <a 'java/security/PrivilegedActionException'> (0x00000000d65feda8) thrown at [C:\re\workspace\8-2-build-windows-amd64-cygwin\jdk8u171\10807\hotspot\src\share\vm\prims\jvm.cpp, line 1435]

Events (10 events):
Event: 6.813 Thread 0x0000000019dc7000 Uncommon trap: trap_request=0xffffffcc fr.pc=0x0000000002d27748
Event: 6.813 Thread 0x0000000019dc7000 DEOPT PACKING pc=0x0000000002d27748 sp=0x000000001b0eeb20
Event: 6.813 Thread 0x0000000019dc7000 DEOPT UNPACKING pc=0x000000000295583b sp=0x000000001b0eeab8 mode 2
Event: 12.159 loading class org/lwjgl/opengl/WindowsKeycodes
Event: 12.159 loading class org/lwjgl/opengl/WindowsKeycodes done
Event: 12.160 loading class com/badlogic/gdx/backends/lwjgl/LwjglInput$KeyEvent
Event: 12.160 loading class com/badlogic/gdx/backends/lwjgl/LwjglInput$KeyEvent done
Event: 18.741 Thread 0x0000000019dc7000 Uncommon trap: trap_request=0xffffff65 fr.pc=0x0000000002da3a14
Event: 18.741 Thread 0x0000000019dc7000 DEOPT PACKING pc=0x0000000002da3a14 sp=0x000000001b0eeab0
Event: 18.741 Thread 0x0000000019dc7000 DEOPT UNPACKING pc=0x000000000295583b sp=0x000000001b0eeb40 mode 2


Dynamic libraries:
0x000000013f2e0000 - 0x000000013f317000 	C:\Program Files\Java\jdk1.8.0_171\bin\java.exe
0x00000000774c0000 - 0x000000007765f000 	C:\WINDOWS\SYSTEM32\ntdll.dll
0x00000000772a0000 - 0x00000000773bf000 	C:\WINDOWS\system32\kernel32.dll
0x000007fefd3b0000 - 0x000007fefd41a000 	C:\WINDOWS\system32\KERNELBASE.dll
0x000007feff6d0000 - 0x000007feff7ab000 	C:\WINDOWS\system32\ADVAPI32.dll
0x000007fefed70000 - 0x000007fefee0f000 	C:\WINDOWS\system32\msvcrt.dll
0x000007fefee90000 - 0x000007fefeeaf000 	C:\WINDOWS\SYSTEM32\sechost.dll
0x000007fefeeb0000 - 0x000007fefefdd000 	C:\WINDOWS\system32\RPCRT4.dll
0x00000000773c0000 - 0x00000000774ba000 	C:\WINDOWS\system32\USER32.dll
0x000007fefe750000 - 0x000007fefe7b7000 	C:\WINDOWS\system32\GDI32.dll
0x000007fefd9b0000 - 0x000007fefd9be000 	C:\WINDOWS\system32\LPK.dll
0x000007fefeb10000 - 0x000007fefebdb000 	C:\WINDOWS\system32\USP10.dll
0x000007fefbab0000 - 0x000007fefbca4000 	C:\WINDOWS\WinSxS\amd64_microsoft.windows.common-controls_6595b64144ccf1df_6.0.7601.18837_none_fa3b1e3d17594757\COMCTL32.dll
0x000007feff440000 - 0x000007feff4b1000 	C:\WINDOWS\system32\SHLWAPI.dll
0x000007feff5d0000 - 0x000007feff5fe000 	C:\WINDOWS\system32\IMM32.DLL
0x000007feff4c0000 - 0x000007feff5c9000 	C:\WINDOWS\system32\MSCTF.dll
0x0000000073d90000 - 0x0000000073e62000 	C:\Program Files\Java\jdk1.8.0_171\jre\bin\msvcr100.dll
0x0000000052b50000 - 0x00000000533f0000 	C:\Program Files\Java\jdk1.8.0_171\jre\bin\server\jvm.dll
0x000007fef48d0000 - 0x000007fef48d9000 	C:\WINDOWS\system32\WSOCK32.dll
0x000007feff680000 - 0x000007feff6cd000 	C:\WINDOWS\system32\WS2_32.dll
0x000007fefeb00000 - 0x000007fefeb08000 	C:\WINDOWS\system32\NSI.dll
0x000007fefb290000 - 0x000007fefb2cb000 	C:\WINDOWS\system32\WINMM.dll
0x000007fefc140000 - 0x000007fefc14c000 	C:\WINDOWS\system32\VERSION.dll
0x0000000077670000 - 0x0000000077677000 	C:\WINDOWS\system32\PSAPI.DLL
0x0000000074cf0000 - 0x0000000074cff000 	C:\Program Files\Java\jdk1.8.0_171\jre\bin\verify.dll
0x0000000074120000 - 0x0000000074149000 	C:\Program Files\Java\jdk1.8.0_171\jre\bin\java.dll
0x000000006f140000 - 0x000000006f163000 	C:\Program Files\Java\jdk1.8.0_171\jre\bin\instrument.dll
0x0000000073d70000 - 0x0000000073d86000 	C:\Program Files\Java\jdk1.8.0_171\jre\bin\zip.dll
0x000007fefd9c0000 - 0x000007fefe74b000 	C:\WINDOWS\system32\SHELL32.dll
0x000007fefe900000 - 0x000007fefeafd000 	C:\WINDOWS\system32\ole32.dll
0x000007fefd070000 - 0x000007fefd07f000 	C:\WINDOWS\system32\profapi.dll
0x000007fefa320000 - 0x000007fefa33a000 	C:\Program Files\Android\Android Studio\bin\breakgen64.dll
0x00000000730d0000 - 0x00000000730ea000 	C:\Program Files\Java\jdk1.8.0_171\jre\bin\net.dll
0x000007fefc7f0000 - 0x000007fefc845000 	C:\WINDOWS\system32\mswsock.dll
0x000007fefc7e0000 - 0x000007fefc7e7000 	C:\WINDOWS\System32\wship6.dll
0x0000000065580000 - 0x0000000065616000 	C:\Users\GCUser\AppData\Local\Temp\libgdxGCUser\12dfaa03\gdx64.dll
0x000007fefc850000 - 0x000007fefc868000 	C:\WINDOWS\system32\CRYPTSP.dll
0x000007fefc550000 - 0x000007fefc597000 	C:\WINDOWS\system32\rsaenh.dll
0x000007fefd390000 - 0x000007fefd3ae000 	C:\WINDOWS\system32\USERENV.dll
0x000007fefcf00000 - 0x000007fefcf0f000 	C:\WINDOWS\system32\CRYPTBASE.dll
0x000007fefa8e0000 - 0x000007fefa907000 	C:\WINDOWS\system32\IPHLPAPI.DLL
0x000007fefa8d0000 - 0x000007fefa8db000 	C:\WINDOWS\system32\WINNSI.DLL
0x000007fef9fc0000 - 0x000007fef9fd8000 	C:\WINDOWS\system32\dhcpcsvc.DLL
0x000007fef9fa0000 - 0x000007fef9fb1000 	C:\WINDOWS\system32\dhcpcsvc6.DLL
0x000000006d9c0000 - 0x000000006d9d1000 	C:\Program Files\Java\jdk1.8.0_171\jre\bin\nio.dll
0x0000000180000000 - 0x0000000180053000 	C:\Users\GCUser\AppData\Local\Temp\libgdxGCUser\dc0f0009\lwjgl64.dll
0x000007feecce0000 - 0x000007feecdfd000 	C:\WINDOWS\system32\OPENGL32.dll
0x000007feeccb0000 - 0x000007feeccdd000 	C:\WINDOWS\system32\GLU32.dll
0x000007feecbb0000 - 0x000007feecca1000 	C:\WINDOWS\system32\DDRAW.dll
0x000007feecba0000 - 0x000007feecba8000 	C:\WINDOWS\system32\DCIMAN32.dll
0x000007fefd420000 - 0x000007fefd5f7000 	C:\WINDOWS\system32\SETUPAPI.dll
0x000007fefd0f0000 - 0x000007fefd126000 	C:\WINDOWS\system32\CFGMGR32.dll
0x000007fefd8d0000 - 0x000007fefd9aa000 	C:\WINDOWS\system32\OLEAUT32.dll
0x000007fefd0d0000 - 0x000007fefd0ea000 	C:\WINDOWS\system32\DEVOBJ.dll
0x000007fefae30000 - 0x000007fefae48000 	C:\WINDOWS\system32\dwmapi.dll
0x0000000002890000 - 0x00000000028f4000 	C:\Users\GCUser\AppData\Local\Temp\libgdxGCUser\dc0f0009\OpenAL64.dll
0x000007fefb760000 - 0x000007fefb7b6000 	C:\WINDOWS\system32\uxtheme.dll
0x000007fefe860000 - 0x000007fefe8f9000 	C:\WINDOWS\system32\CLBCatQ.DLL
0x000007fefb930000 - 0x000007fefba5c000 	C:\WINDOWS\System32\PROPSYS.dll
0x000007fefd090000 - 0x000007fefd0cb000 	C:\WINDOWS\system32\WINTRUST.dll
0x000007fefd200000 - 0x000007fefd36d000 	C:\WINDOWS\system32\CRYPT32.dll
0x000007fefd060000 - 0x000007fefd06f000 	C:\WINDOWS\system32\MSASN1.dll
0x000007fee7120000 - 0x000007fee71a8000 	C:\WINDOWS\system32\dsound.dll
0x000007fefb820000 - 0x000007fefb84c000 	C:\WINDOWS\system32\POWRPROF.dll
0x000007fefb7d0000 - 0x000007fefb81b000 	C:\WINDOWS\System32\MMDevApi.dll
0x000007fefada0000 - 0x000007fefadef000 	C:\WINDOWS\system32\AUDIOSES.DLL
0x000007fed0e40000 - 0x000007fed1b3a000 	C:\WINDOWS\system32\ig9icd64.dll
0x000007feef130000 - 0x000007feeff9d000 	C:\WINDOWS\system32\igc64.dll
0x000007fefaee0000 - 0x000007fefaef1000 	C:\WINDOWS\system32\WTSAPI32.dll
0x000007fee0750000 - 0x000007fee07ec000 	C:\WINDOWS\system32\mscms.dll
0x000007fedc000000 - 0x000007fedc042000 	C:\WINDOWS\system32\icm32.dll
0x0000000066bc0000 - 0x0000000066c7b000 	C:\Users\GCUser\AppData\Local\Temp\libgdxGCUser\54593449\gdx-box2d64.dll
0x000007fef5be0000 - 0x000007fef5d05000 	C:\WINDOWS\system32\dbghelp.dll

VM Arguments:
jvm_args: -javaagent:C:\Program Files\Android\Android Studio\lib\idea_rt.jar=61567:C:\Program Files\Android\Android Studio\bin -Dfile.encoding=UTF-8 
java_command: com.mygdx.game.desktop.DesktopLauncher
java_class_path (initial): C:\Program Files\Java\jdk1.8.0_171\jre\lib\charsets.jar;C:\Program Files\Java\jdk1.8.0_171\jre\lib\deploy.jar;C:\Program Files\Java\jdk1.8.0_171\jre\lib\ext\access-bridge-64.jar;C:\Program Files\Java\jdk1.8.0_171\jre\lib\ext\cldrdata.jar;C:\Program Files\Java\jdk1.8.0_171\jre\lib\ext\dnsns.jar;C:\Program Files\Java\jdk1.8.0_171\jre\lib\ext\jaccess.jar;C:\Program Files\Java\jdk1.8.0_171\jre\lib\ext\jfxrt.jar;C:\Program Files\Java\jdk1.8.0_171\jre\lib\ext\localedata.jar;C:\Program Files\Java\jdk1.8.0_171\jre\lib\ext\nashorn.jar;C:\Program Files\Java\jdk1.8.0_171\jre\lib\ext\sunec.jar;C:\Program Files\Java\jdk1.8.0_171\jre\lib\ext\sunjce_provider.jar;C:\Program Files\Java\jdk1.8.0_171\jre\lib\ext\sunmscapi.jar;C:\Program Files\Java\jdk1.8.0_171\jre\lib\ext\sunpkcs11.jar;C:\Program Files\Java\jdk1.8.0_171\jre\lib\ext\zipfs.jar;C:\Program Files\Java\jdk1.8.0_171\jre\lib\javaws.jar;C:\Program Files\Java\jdk1.8.0_171\jre\lib\jce.jar;C:\Program Files\Java\jdk1.8.0_171\jre\lib\jfr.jar;C:\Program Files\Java\jdk1.8.0_171\jre\lib\jfxswt.jar;C:\Program Files\Java\jdk1.8.0_171\jre\lib\jsse.jar;C:\Program Files\Java\jdk1.8.0_171\jre\lib\management-agent.jar;C:\Program Files\Java\jdk1.8.0_171\jre\lib\plugin.jar;C:\Program Files\Java\jdk1.8.0_171\jre\lib\resources.jar;C:\Program Files\Java\jdk1.8.0_171\jre\lib\rt.jar;C:\Users\GCUser\AndroidStudioProjects\libgdx\desktop\build\classes\java\main;C:\Users\GCUser\AndroidStudioProjects\libgdx\core\build\classes\java\main;C:\Users\GCUser\AndroidStudioProjects\Gradle\gradle-4.6\caches\modules-2\files-2.1\com.badlogicgames.gdx\gdx-tools\1.9.8\5c32820fccee957cc77990d353297ceed1a63159\gdx-tools-1.9.8.jar;C:\Users\GCUser\AndroidStudioProjects\Gradle\gradle-4.6\caches\modules-2\files-2.1\com.badlogicgames.gdx\gdx-backend-lwjgl\1.9.8\b7c138f14ed67ad830ae7597da3d86ae02b20eee\gdx-backend-lwjgl-1.9.8.jar;C:\Users\GCUser\AndroidStudioProjects\Gradle\gradle-4.6\caches\modules-2\files-2.1\com.badlogicgames.gdx\gdx-platform\
Launcher Type: SUN_STANDARD

Environment Variables:
PATH=C:\ProgramData\Oracle\Java\javapath;C:\WINDOWS\system32;C:\WINDOWS;C:\WINDOWS\System32\Wbem;C:\WINDOWS\System32\WindowsPowerShell\v1.0\;c:\Program Files (x86)\QuickTime\QTSystem\;C:\WINDOWS\System32\WindowsPowerShell\v1.0\;C:\WINDOWS\System32\WindowsPowerShell\v1.0\;C:\Program Files\MySQL\MySQL Utilities 1.6\;C:\Users\GCUser\AndroidStudioProjects\Gradle\gradle-4.6\bin
USERNAME=GCUser
OS=Windows_NT
PROCESSOR_IDENTIFIER=Intel64 Family 6 Model 78 Stepping 3, GenuineIntel



---------------  S Y S T E M  ---------------

OS: Windows 7 , 64 bit Build 7601 (6.1.7601.24214)

CPU:total 4 (initial active 4) (2 cores per cpu, 2 threads per core) family 6 model 78 stepping 3, cmov, cx8, fxsr, mmx, sse, sse2, sse3, ssse3, sse4.1, sse4.2, popcnt, avx, avx2, aes, clmul, erms, 3dnowpref, lzcnt, ht, tsc, tscinvbit, bmi1, bmi2, adx

Memory: 4k page, physical 8266332k(1468700k free), swap 16530764k(8437680k free)

vm_info: Java HotSpot(TM) 64-Bit Server VM (25.171-b11) for windows-amd64 JRE (1.8.0_171-b11), built on Mar 28 2018 16:06:12 by "java_re" with MS VC++ 10.0 (VS2010)

time: Tue Sep 11 18:25:35 2018
elapsed time: 18 seconds (0d 0h 0m 18s)

