#
# A fatal error has been detected by the Java Runtime Environment:
#
#  EXCEPTION_ACCESS_VIOLATION (0xc0000005) at pc=0x000007fec94571be, pid=1568, tid=0x0000000000001038
#
# JRE version: Java(TM) SE Runtime Environment (8.0_171-b11) (build 1.8.0_171-b11)
# Java VM: Java HotSpot(TM) 64-Bit Server VM (25.171-b11 mixed mode windows-amd64 compressed oops)
# Problematic frame:
# C  [ig9icd64.dll+0x3071be]
#
# Failed to write core dump. Minidumps are not enabled by default on client versions of Windows
#
# If you would like to submit a bug report, please visit:
#   http://bugreport.java.com/bugreport/crash.jsp
# The crash happened outside the Java Virtual Machine in native code.
# See problematic frame for where to report the bug.
#

---------------  T H R E A D  ---------------

Current thread (0x0000000019cf2800):  JavaThread "LWJGL Application" [_thread_in_native, id=4152, stack(0x000000001b180000,0x000000001b280000)]

siginfo: ExceptionCode=0xc0000005, reading address 0x0000000000000008

Registers:
RAX=0x000000001cf848d0, RBX=0x000000001cf84690, RCX=0x0000000000000000, RDX=0x000000001b2b0f40
RSP=0x000000001b27f040, RBP=0x000000001b2b0f40, RSI=0x000000001d7b5890, RDI=0x00000000000138a0
R8 =0x000000001d7b5890, R9 =0x00000000000138a0, R10=0x0000000000000002, R11=0x0000000000000020
R12=0x0000000000013880, R13=0x0000000000000001, R14=0x000000001d7b5890, R15=0x000000001b2b0f40
RIP=0x000007fec94571be, EFLAGS=0x0000000000010202

Top of Stack: (sp=0x000000001b27f040)
0x000000001b27f040:   0000000000000000 000000001b2b0f40
0x000000001b27f050:   00000000820d6dc8 0000000000000000
0x000000001b27f060:   000000001d7b5890 000007fec922953d
0x000000001b27f070:   000000001cf84690 0000000000000002
0x000000001b27f080:   0000000000013880 000000001d7b5890
0x000000001b27f090:   0000000043709b0d 0000000000000000
0x000000001b27f0a0:   0000000000000000 000000001d7b57e0
0x000000001b27f0b0:   000000001b2b0f40 0000000000000000
0x000000001b27f0c0:   00000000001517f0 000007fec91dcf00
0x000000001b27f0d0:   000000000046f860 000007fe0000003b
0x000000001b27f0e0:   000000001d7b5890 000000001cf3f728
0x000000001b27f0f0:   000000000046f860 000000001b27f120
0x000000001b27f100:   000000001b2dfd01 0000000000000001
0x000000001b27f110:   0000000000000000 fffffffffffffff0
0x000000001b27f120:   ffffffffe31db818 fffffffffffffffe
0x000000001b27f130:   00000000001517f0 000000001ce24890 

Instructions: (pc=0x000007fec94571be)
0x000007fec945719e:   18 48 89 7c 24 20 41 56 48 83 ec 20 48 8b 41 28
0x000007fec94571ae:   48 8b d9 41 8b f9 48 8b 48 20 49 8b f0 48 8b ea
0x000007fec94571be:   48 8b 49 08 45 33 f6 e8 46 da 2a 00 3b c7 73 59
0x000007fec94571ce:   48 8b d5 48 8b ce e8 97 88 f2 ff 48 8b 4b 28 48 


Register to memory mapping:

RAX=0x000000001cf848d0 is an unknown value
RBX=0x000000001cf84690 is an unknown value
RCX=0x0000000000000000 is an unknown value
RDX=0x000000001b2b0f40 is an unknown value
RSP=0x000000001b27f040 is pointing into the stack for thread: 0x0000000019cf2800
RBP=0x000000001b2b0f40 is an unknown value
RSI=0x000000001d7b5890 is an unknown value
RDI=0x00000000000138a0 is an unknown value
R8 =0x000000001d7b5890 is an unknown value
R9 =0x00000000000138a0 is an unknown value
R10=0x0000000000000002 is an unknown value
R11=0x0000000000000020 is an unknown value
R12=0x0000000000013880 is an unknown value
R13=0x0000000000000001 is an unknown value
R14=0x000000001d7b5890 is an unknown value
R15=0x000000001b2b0f40 is an unknown value


Stack: [0x000000001b180000,0x000000001b280000],  sp=0x000000001b27f040,  free space=1020k
Native frames: (J=compiled Java code, j=interpreted, Vv=VM code, C=native code)
C  [ig9icd64.dll+0x3071be]
C  [ig9icd64.dll+0xd953d]
C  [ig9icd64.dll+0x8cf00]
C  [ig9icd64.dll+0x8e452]
C  0x0000000002b4891c

Java frames: (J=compiled Java code, j=interpreted, Vv=VM code)
J 805  org.lwjgl.opengl.GL15.nglBufferData(IJJIJ)V (0 bytes) @ 0x0000000002b48896 [0x0000000002b48840+0x56]
J 942 C2 com.badlogic.gdx.graphics.Mesh.render(Lcom/badlogic/gdx/graphics/glutils/ShaderProgram;IIIZ)V (257 bytes) @ 0x0000000002bb7e60 [0x0000000002bb7c40+0x220]
J 949 C2 com.badlogic.gdx.graphics.glutils.ShapeRenderer.end()V (15 bytes) @ 0x0000000002bc3854 [0x0000000002bc31a0+0x6b4]
J 715 C2 com.mygdx.game.Screens.systemScreen.systemPlayGRAVY.render(F)V (246 bytes) @ 0x0000000002b1bc7c [0x0000000002b1b700+0x57c]
J 1163 C1 com.mygdx.game.MyGdxGame.render()V (5 bytes) @ 0x0000000002c694f4 [0x0000000002c692e0+0x214]
j  com.badlogic.gdx.backends.lwjgl.LwjglApplication.mainLoop()V+698
j  com.badlogic.gdx.backends.lwjgl.LwjglApplication$1.run()V+27
v  ~StubRoutines::call_stub

---------------  P R O C E S S  ---------------

Java Threads: ( => current thread )
  0x000000001a006800 JavaThread "LWJGL Timer" daemon [_thread_blocked, id=7276, stack(0x000000001f860000,0x000000001f960000)]
  0x0000000001c7b000 JavaThread "DestroyJavaVM" [_thread_blocked, id=6996, stack(0x0000000002330000,0x0000000002430000)]
=>0x0000000019cf2800 JavaThread "LWJGL Application" [_thread_in_native, id=4152, stack(0x000000001b180000,0x000000001b280000)]
  0x0000000018d36800 JavaThread "Service Thread" daemon [_thread_blocked, id=6088, stack(0x00000000198b0000,0x00000000199b0000)]
  0x0000000018d32000 JavaThread "C1 CompilerThread2" daemon [_thread_blocked, id=444, stack(0x0000000019490000,0x0000000019590000)]
  0x0000000018d1f000 JavaThread "C2 CompilerThread1" daemon [_thread_blocked, id=7876, stack(0x0000000019680000,0x0000000019780000)]
  0x0000000018ccc000 JavaThread "C2 CompilerThread0" daemon [_thread_blocked, id=10592, stack(0x0000000019380000,0x0000000019480000)]
  0x0000000018ccb000 JavaThread "Monitor Ctrl-Break" daemon [_thread_in_native, id=2940, stack(0x00000000191b0000,0x00000000192b0000)]
  0x00000000176b9000 JavaThread "Attach Listener" daemon [_thread_blocked, id=5072, stack(0x0000000018fa0000,0x00000000190a0000)]
  0x00000000176b7800 JavaThread "Signal Dispatcher" daemon [_thread_blocked, id=6772, stack(0x0000000018630000,0x0000000018730000)]
  0x000000001769d000 JavaThread "Finalizer" daemon [_thread_blocked, id=4528, stack(0x0000000018a90000,0x0000000018b90000)]
  0x0000000017656000 JavaThread "Reference Handler" daemon [_thread_blocked, id=2812, stack(0x00000000188a0000,0x00000000189a0000)]

Other Threads:
  0x000000001764e000 VMThread [stack: 0x0000000018750000,0x0000000018850000] [id=11284]
  0x0000000018dab000 WatcherThread [stack: 0x00000000197b0000,0x00000000198b0000] [id=1280]

VM state:not at safepoint (normal execution)

VM Mutex/Monitor currently owned by a thread: None

Heap:
 PSYoungGen      total 47616K, used 11816K [0x00000000d5f00000, 0x00000000da900000, 0x0000000100000000)
  eden space 47104K, 23% used [0x00000000d5f00000,0x00000000d6a0a2b8,0x00000000d8d00000)
  from space 512K, 100% used [0x00000000da580000,0x00000000da600000,0x00000000da600000)
  to   space 2560K, 0% used [0x00000000da680000,0x00000000da680000,0x00000000da900000)
 ParOldGen       total 87552K, used 5882K [0x0000000081c00000, 0x0000000087180000, 0x00000000d5f00000)
  object space 87552K, 6% used [0x0000000081c00000,0x00000000821be898,0x0000000087180000)
 Metaspace       used 9169K, capacity 9203K, committed 9344K, reserved 1058816K
  class space    used 858K, capacity 880K, committed 896K, reserved 1048576K

Card table byte_map: [0x0000000011bc0000,0x0000000011fc0000] byte_map_base: 0x00000000117b2000

Marking Bits: (ParMarkBitMap*) 0x00000000552208c0
 Begin Bits: [0x00000000129a0000, 0x0000000014930000)
 End Bits:   [0x0000000014930000, 0x00000000168c0000)

Polling page: 0x0000000000330000

CodeCache: size=245760Kb used=4667Kb max_used=4678Kb free=241092Kb
 bounds [0x0000000002800000, 0x0000000002ca0000, 0x0000000011800000]
 total_blobs=1738 nmethods=1207 adapters=444
 compilation: enabled

Compilation events (10 events):
Event: 40.142 Thread 0x0000000018d32000 1208       3       com.badlogic.gdx.utils.Pools::obtain (8 bytes)
Event: 40.142 Thread 0x0000000018d32000 nmethod 1208 0x0000000002912b10 code [0x0000000002912ca0, 0x0000000002913108]
Event: 40.952 Thread 0x0000000018d32000 1209       3       java.util.regex.Pattern$GroupHead::match (47 bytes)
Event: 40.952 Thread 0x0000000018d32000 nmethod 1209 0x0000000002c82fd0 code [0x0000000002c83140, 0x0000000002c833e8]
Event: 40.952 Thread 0x0000000018d32000 1210       3       java.util.regex.Matcher::group (112 bytes)
Event: 40.953 Thread 0x0000000018d32000 nmethod 1210 0x0000000002c8b890 code [0x0000000002c8bae0, 0x0000000002c8c888]
Event: 42.008 Thread 0x0000000018d32000 1211       3       com.badlogic.gdx.graphics.Camera::unproject (89 bytes)
Event: 42.009 Thread 0x0000000018d32000 nmethod 1211 0x0000000002c8a950 code [0x0000000002c8aba0, 0x0000000002c8b3c8]
Event: 45.574 Thread 0x0000000018ccc000 1212       4       java.nio.Buffer::clear (20 bytes)
Event: 45.574 Thread 0x0000000018ccc000 nmethod 1212 0x0000000002bc07d0 code [0x0000000002bc0900, 0x0000000002bc0978]

GC Heap History (10 events):
Event: 40.544 GC heap before
{Heap before GC invocations=71 (full 0):
 PSYoungGen      total 54784K, used 54464K [0x00000000d5f00000, 0x00000000dae00000, 0x0000000100000000)
  eden space 53248K, 100% used [0x00000000d5f00000,0x00000000d9300000,0x00000000d9300000)
  from space 1536K, 79% used [0x00000000dac80000,0x00000000dadb0000,0x00000000dae00000)
  to   space 2560K, 0% used [0x00000000da900000,0x00000000da900000,0x00000000dab80000)
 ParOldGen       total 87552K, used 5858K [0x0000000081c00000, 0x0000000087180000, 0x00000000d5f00000)
  object space 87552K, 6% used [0x0000000081c00000,0x00000000821b8898,0x0000000087180000)
 Metaspace       used 9167K, capacity 9203K, committed 9344K, reserved 1058816K
  class space    used 858K, capacity 880K, committed 896K, reserved 1048576K
Event: 40.546 GC heap after
Heap after GC invocations=71 (full 0):
 PSYoungGen      total 52736K, used 544K [0x00000000d5f00000, 0x00000000dad00000, 0x0000000100000000)
  eden space 51712K, 0% used [0x00000000d5f00000,0x00000000d5f00000,0x00000000d9180000)
  from space 1024K, 53% used [0x00000000da900000,0x00000000da988000,0x00000000daa00000)
  to   space 2560K, 0% used [0x00000000daa80000,0x00000000daa80000,0x00000000dad00000)
 ParOldGen       total 87552K, used 5866K [0x0000000081c00000, 0x0000000087180000, 0x00000000d5f00000)
  object space 87552K, 6% used [0x0000000081c00000,0x00000000821ba898,0x0000000087180000)
 Metaspace       used 9167K, capacity 9203K, committed 9344K, reserved 1058816K
  class space    used 858K, capacity 880K, committed 896K, reserved 1048576K
}
Event: 40.911 GC heap before
{Heap before GC invocations=72 (full 0):
 PSYoungGen      total 52736K, used 52256K [0x00000000d5f00000, 0x00000000dad00000, 0x0000000100000000)
  eden space 51712K, 100% used [0x00000000d5f00000,0x00000000d9180000,0x00000000d9180000)
  from space 1024K, 53% used [0x00000000da900000,0x00000000da988000,0x00000000daa00000)
  to   space 2560K, 0% used [0x00000000daa80000,0x00000000daa80000,0x00000000dad00000)
 ParOldGen       total 87552K, used 5866K [0x0000000081c00000, 0x0000000087180000, 0x00000000d5f00000)
  object space 87552K, 6% used [0x0000000081c00000,0x00000000821ba898,0x0000000087180000)
 Metaspace       used 9167K, capacity 9203K, committed 9344K, reserved 1058816K
  class space    used 858K, capacity 880K, committed 896K, reserved 1048576K
Event: 40.914 GC heap after
Heap after GC invocations=72 (full 0):
 PSYoungGen      total 51200K, used 704K [0x00000000d5f00000, 0x00000000dab80000, 0x0000000100000000)
  eden space 50176K, 0% used [0x00000000d5f00000,0x00000000d5f00000,0x00000000d9000000)
  from space 1024K, 68% used [0x00000000daa80000,0x00000000dab30000,0x00000000dab80000)
  to   space 2560K, 0% used [0x00000000da680000,0x00000000da680000,0x00000000da900000)
 ParOldGen       total 87552K, used 5866K [0x0000000081c00000, 0x0000000087180000, 0x00000000d5f00000)
  object space 87552K, 6% used [0x0000000081c00000,0x00000000821ba898,0x0000000087180000)
 Metaspace       used 9167K, capacity 9203K, committed 9344K, reserved 1058816K
  class space    used 858K, capacity 880K, committed 896K, reserved 1048576K
}
Event: 41.283 GC heap before
{Heap before GC invocations=73 (full 0):
 PSYoungGen      total 51200K, used 50880K [0x00000000d5f00000, 0x00000000dab80000, 0x0000000100000000)
  eden space 50176K, 100% used [0x00000000d5f00000,0x00000000d9000000,0x00000000d9000000)
  from space 1024K, 68% used [0x00000000daa80000,0x00000000dab30000,0x00000000dab80000)
  to   space 2560K, 0% used [0x00000000da680000,0x00000000da680000,0x00000000da900000)
 ParOldGen       total 87552K, used 5866K [0x0000000081c00000, 0x0000000087180000, 0x00000000d5f00000)
  object space 87552K, 6% used [0x0000000081c00000,0x00000000821ba898,0x0000000087180000)
 Metaspace       used 9169K, capacity 9203K, committed 9344K, reserved 1058816K
  class space    used 858K, capacity 880K, committed 896K, reserved 1048576K
Event: 41.289 GC heap after
Heap after GC invocations=73 (full 0):
 PSYoungGen      total 51200K, used 1696K [0x00000000d5f00000, 0x00000000dab00000, 0x0000000100000000)
  eden space 49152K, 0% used [0x00000000d5f00000,0x00000000d5f00000,0x00000000d8f00000)
  from space 2048K, 82% used [0x00000000da680000,0x00000000da828000,0x00000000da880000)
  to   space 2560K, 0% used [0x00000000da880000,0x00000000da880000,0x00000000dab00000)
 ParOldGen       total 87552K, used 5874K [0x0000000081c00000, 0x0000000087180000, 0x00000000d5f00000)
  object space 87552K, 6% used [0x0000000081c00000,0x00000000821bc898,0x0000000087180000)
 Metaspace       used 9169K, capacity 9203K, committed 9344K, reserved 1058816K
  class space    used 858K, capacity 880K, committed 896K, reserved 1048576K
}
Event: 41.683 GC heap before
{Heap before GC invocations=74 (full 0):
 PSYoungGen      total 51200K, used 50848K [0x00000000d5f00000, 0x00000000dab00000, 0x0000000100000000)
  eden space 49152K, 100% used [0x00000000d5f00000,0x00000000d8f00000,0x00000000d8f00000)
  from space 2048K, 82% used [0x00000000da680000,0x00000000da828000,0x00000000da880000)
  to   space 2560K, 0% used [0x00000000da880000,0x00000000da880000,0x00000000dab00000)
 ParOldGen       total 87552K, used 5874K [0x0000000081c00000, 0x0000000087180000, 0x00000000d5f00000)
  object space 87552K, 6% used [0x0000000081c00000,0x00000000821bc898,0x0000000087180000)
 Metaspace       used 9169K, capacity 9203K, committed 9344K, reserved 1058816K
  class space    used 858K, capacity 880K, committed 896K, reserved 1048576K
Event: 41.688 GC heap after
Heap after GC invocations=74 (full 0):
 PSYoungGen      total 50176K, used 1600K [0x00000000d5f00000, 0x00000000daa80000, 0x0000000100000000)
  eden space 48128K, 0% used [0x00000000d5f00000,0x00000000d5f00000,0x00000000d8e00000)
  from space 2048K, 78% used [0x00000000da880000,0x00000000daa10000,0x00000000daa80000)
  to   space 2560K, 0% used [0x00000000da580000,0x00000000da580000,0x00000000da800000)
 ParOldGen       total 87552K, used 5882K [0x0000000081c00000, 0x0000000087180000, 0x00000000d5f00000)
  object space 87552K, 6% used [0x0000000081c00000,0x00000000821be898,0x0000000087180000)
 Metaspace       used 9169K, capacity 9203K, committed 9344K, reserved 1058816K
  class space    used 858K, capacity 880K, committed 896K, reserved 1048576K
}
Event: 42.044 GC heap before
{Heap before GC invocations=75 (full 0):
 PSYoungGen      total 50176K, used 49728K [0x00000000d5f00000, 0x00000000daa80000, 0x0000000100000000)
  eden space 48128K, 100% used [0x00000000d5f00000,0x00000000d8e00000,0x00000000d8e00000)
  from space 2048K, 78% used [0x00000000da880000,0x00000000daa10000,0x00000000daa80000)
  to   space 2560K, 0% used [0x00000000da580000,0x00000000da580000,0x00000000da800000)
 ParOldGen       total 87552K, used 5882K [0x0000000081c00000, 0x0000000087180000, 0x00000000d5f00000)
  object space 87552K, 6% used [0x0000000081c00000,0x00000000821be898,0x0000000087180000)
 Metaspace       used 9169K, capacity 9203K, committed 9344K, reserved 1058816K
  class space    used 858K, capacity 880K, committed 896K, reserved 1048576K
Event: 42.046 GC heap after
Heap after GC invocations=75 (full 0):
 PSYoungGen      total 47616K, used 512K [0x00000000d5f00000, 0x00000000da900000, 0x0000000100000000)
  eden space 47104K, 0% used [0x00000000d5f00000,0x00000000d5f00000,0x00000000d8d00000)
  from space 512K, 100% used [0x00000000da580000,0x00000000da600000,0x00000000da600000)
  to   space 2560K, 0% used [0x00000000da680000,0x00000000da680000,0x00000000da900000)
 ParOldGen       total 87552K, used 5882K [0x0000000081c00000, 0x0000000087180000, 0x00000000d5f00000)
  object space 87552K, 6% used [0x0000000081c00000,0x00000000821be898,0x0000000087180000)
 Metaspace       used 9169K, capacity 9203K, committed 9344K, reserved 1058816K
  class space    used 858K, capacity 880K, committed 896K, reserved 1048576K
}

Deoptimization events (0 events):
No events

Classes redefined (0 events):
No events

Internal exceptions (10 events):
Event: 0.573 Thread 0x0000000001c7b000 Exception <a 'java/security/PrivilegedActionException'> (0x00000000d63c2698) thrown at [C:\re\workspace\8-2-build-windows-amd64-cygwin\jdk8u171\10807\hotspot\src\share\vm\prims\jvm.cpp, line 1435]
Event: 0.573 Thread 0x0000000001c7b000 Exception <a 'java/security/PrivilegedActionException'> (0x00000000d63c28a8) thrown at [C:\re\workspace\8-2-build-windows-amd64-cygwin\jdk8u171\10807\hotspot\src\share\vm\prims\jvm.cpp, line 1435]
Event: 0.575 Thread 0x0000000001c7b000 Exception <a 'java/security/PrivilegedActionException'> (0x00000000d63c67b8) thrown at [C:\re\workspace\8-2-build-windows-amd64-cygwin\jdk8u171\10807\hotspot\src\share\vm\prims\jvm.cpp, line 1435]
Event: 0.575 Thread 0x0000000001c7b000 Exception <a 'java/security/PrivilegedActionException'> (0x00000000d63c69c8) thrown at [C:\re\workspace\8-2-build-windows-amd64-cygwin\jdk8u171\10807\hotspot\src\share\vm\prims\jvm.cpp, line 1435]
Event: 1.224 Thread 0x0000000001c7b000 Exception <a 'java/security/PrivilegedActionException'> (0x00000000d660f710) thrown at [C:\re\workspace\8-2-build-windows-amd64-cygwin\jdk8u171\10807\hotspot\src\share\vm\prims\jvm.cpp, line 1435]
Event: 1.224 Thread 0x0000000001c7b000 Exception <a 'java/security/PrivilegedActionException'> (0x00000000d66113e8) thrown at [C:\re\workspace\8-2-build-windows-amd64-cygwin\jdk8u171\10807\hotspot\src\share\vm\prims\jvm.cpp, line 1435]
Event: 1.224 Thread 0x0000000001c7b000 Exception <a 'java/security/PrivilegedActionException'> (0x00000000d6612558) thrown at [C:\re\workspace\8-2-build-windows-amd64-cygwin\jdk8u171\10807\hotspot\src\share\vm\prims\jvm.cpp, line 1435]
Event: 1.224 Thread 0x0000000001c7b000 Exception <a 'java/security/PrivilegedActionException'> (0x00000000d6617a98) thrown at [C:\re\workspace\8-2-build-windows-amd64-cygwin\jdk8u171\10807\hotspot\src\share\vm\prims\jvm.cpp, line 1435]
Event: 1.224 Thread 0x0000000001c7b000 Exception <a 'java/security/PrivilegedActionException'> (0x00000000d66186f0) thrown at [C:\re\workspace\8-2-build-windows-amd64-cygwin\jdk8u171\10807\hotspot\src\share\vm\prims\jvm.cpp, line 1435]
Event: 1.224 Thread 0x0000000001c7b000 Exception <a 'java/security/PrivilegedActionException'> (0x00000000d6619318) thrown at [C:\re\workspace\8-2-build-windows-amd64-cygwin\jdk8u171\10807\hotspot\src\share\vm\prims\jvm.cpp, line 1435]

Events (10 events):
Event: 40.544 Executing VM operation: ParallelGCFailedAllocation
Event: 40.546 Executing VM operation: ParallelGCFailedAllocation done
Event: 40.911 Executing VM operation: ParallelGCFailedAllocation
Event: 40.914 Executing VM operation: ParallelGCFailedAllocation done
Event: 41.283 Executing VM operation: ParallelGCFailedAllocation
Event: 41.289 Executing VM operation: ParallelGCFailedAllocation done
Event: 41.683 Executing VM operation: ParallelGCFailedAllocation
Event: 41.688 Executing VM operation: ParallelGCFailedAllocation done
Event: 42.044 Executing VM operation: ParallelGCFailedAllocation
Event: 42.046 Executing VM operation: ParallelGCFailedAllocation done


Dynamic libraries:
0x000000013fdb0000 - 0x000000013fde7000 	C:\Program Files\Java\jdk1.8.0_171\bin\java.exe
0x0000000076e70000 - 0x000000007700f000 	C:\WINDOWS\SYSTEM32\ntdll.dll
0x0000000076d50000 - 0x0000000076e6f000 	C:\WINDOWS\system32\kernel32.dll
0x000007fefcbe0000 - 0x000007fefcc4a000 	C:\WINDOWS\system32\KERNELBASE.dll
0x000007fefee80000 - 0x000007fefef5b000 	C:\WINDOWS\system32\ADVAPI32.dll
0x000007fefdb80000 - 0x000007fefdc1f000 	C:\WINDOWS\system32\msvcrt.dll
0x000007fefd360000 - 0x000007fefd37f000 	C:\WINDOWS\SYSTEM32\sechost.dll
0x000007fefd140000 - 0x000007fefd26d000 	C:\WINDOWS\system32\RPCRT4.dll
0x0000000076c50000 - 0x0000000076d4a000 	C:\WINDOWS\system32\USER32.dll
0x000007fefd2f0000 - 0x000007fefd357000 	C:\WINDOWS\system32\GDI32.dll
0x000007fefd500000 - 0x000007fefd50e000 	C:\WINDOWS\system32\LPK.dll
0x000007fefd420000 - 0x000007fefd4eb000 	C:\WINDOWS\system32\USP10.dll
0x000007fefb3b0000 - 0x000007fefb5a4000 	C:\WINDOWS\WinSxS\amd64_microsoft.windows.common-controls_6595b64144ccf1df_6.0.7601.18837_none_fa3b1e3d17594757\COMCTL32.dll
0x000007fefd270000 - 0x000007fefd2e1000 	C:\WINDOWS\system32\SHLWAPI.dll
0x000007fefd110000 - 0x000007fefd13e000 	C:\WINDOWS\system32\IMM32.DLL
0x000007fefef60000 - 0x000007feff069000 	C:\WINDOWS\system32\MSCTF.dll
0x0000000058dd0000 - 0x0000000058ea2000 	C:\Program Files\Java\jdk1.8.0_171\jre\bin\msvcr100.dll
0x0000000054a00000 - 0x00000000552a0000 	C:\Program Files\Java\jdk1.8.0_171\jre\bin\server\jvm.dll
0x000007fef3e10000 - 0x000007fef3e19000 	C:\WINDOWS\system32\WSOCK32.dll
0x000007feff110000 - 0x000007feff15d000 	C:\WINDOWS\system32\WS2_32.dll
0x000007fefd4f0000 - 0x000007fefd4f8000 	C:\WINDOWS\system32\NSI.dll
0x000007fefac90000 - 0x000007fefaccb000 	C:\WINDOWS\system32\WINMM.dll
0x000007fefbaa0000 - 0x000007fefbaac000 	C:\WINDOWS\system32\VERSION.dll
0x0000000077020000 - 0x0000000077027000 	C:\WINDOWS\system32\PSAPI.DLL
0x0000000074590000 - 0x000000007459f000 	C:\Program Files\Java\jdk1.8.0_171\jre\bin\verify.dll
0x0000000074560000 - 0x0000000074589000 	C:\Program Files\Java\jdk1.8.0_171\jre\bin\java.dll
0x0000000059590000 - 0x00000000595b3000 	C:\Program Files\Java\jdk1.8.0_171\jre\bin\instrument.dll
0x0000000074540000 - 0x0000000074556000 	C:\Program Files\Java\jdk1.8.0_171\jre\bin\zip.dll
0x000007fefe0f0000 - 0x000007fefee7a000 	C:\WINDOWS\system32\SHELL32.dll
0x000007fefcd80000 - 0x000007fefcf7f000 	C:\WINDOWS\system32\ole32.dll
0x000007fefc9c0000 - 0x000007fefc9cf000 	C:\WINDOWS\system32\profapi.dll
0x000007fefa280000 - 0x000007fefa29a000 	C:\Program Files\Android\Android Studio\bin\breakgen64.dll
0x0000000074520000 - 0x000000007453a000 	C:\Program Files\Java\jdk1.8.0_171\jre\bin\net.dll
0x000007fefc150000 - 0x000007fefc1a5000 	C:\WINDOWS\system32\mswsock.dll
0x000007fefc140000 - 0x000007fefc147000 	C:\WINDOWS\System32\wship6.dll
0x0000000065580000 - 0x0000000065616000 	C:\Users\GCUser\AppData\Local\Temp\libgdxGCUser\12dfaa03\gdx64.dll
0x000007fefc1b0000 - 0x000007fefc1c8000 	C:\WINDOWS\system32\CRYPTSP.dll
0x000007fefbeb0000 - 0x000007fefbef7000 	C:\WINDOWS\system32\rsaenh.dll
0x000007fefccf0000 - 0x000007fefcd0e000 	C:\WINDOWS\system32\USERENV.dll
0x000007fefc820000 - 0x000007fefc82f000 	C:\WINDOWS\system32\CRYPTBASE.dll
0x000007fefa330000 - 0x000007fefa357000 	C:\WINDOWS\system32\IPHLPAPI.DLL
0x000007fefa320000 - 0x000007fefa32b000 	C:\WINDOWS\system32\WINNSI.DLL
0x000007fef9930000 - 0x000007fef9948000 	C:\WINDOWS\system32\dhcpcsvc.DLL
0x000007fef9910000 - 0x000007fef9921000 	C:\WINDOWS\system32\dhcpcsvc6.DLL
0x0000000074500000 - 0x0000000074511000 	C:\Program Files\Java\jdk1.8.0_171\jre\bin\nio.dll
0x0000000180000000 - 0x0000000180053000 	C:\Users\GCUser\AppData\Local\Temp\libgdxGCUser\dc0f0009\lwjgl64.dll
0x000007feec530000 - 0x000007feec64d000 	C:\WINDOWS\system32\OPENGL32.dll
0x000007feec6e0000 - 0x000007feec70d000 	C:\WINDOWS\system32\GLU32.dll
0x000007feebe90000 - 0x000007feebf81000 	C:\WINDOWS\system32\DDRAW.dll
0x000007feec6d0000 - 0x000007feec6d8000 	C:\WINDOWS\system32\DCIMAN32.dll
0x000007fefd840000 - 0x000007fefda17000 	C:\WINDOWS\system32\SETUPAPI.dll
0x000007fefca00000 - 0x000007fefca36000 	C:\WINDOWS\system32\CFGMGR32.dll
0x000007fefdaa0000 - 0x000007fefdb7a000 	C:\WINDOWS\system32\OLEAUT32.dll
0x000007fefc9e0000 - 0x000007fefc9fa000 	C:\WINDOWS\system32\DEVOBJ.dll
0x000007fefa5d0000 - 0x000007fefa5e8000 	C:\WINDOWS\system32\dwmapi.dll
0x00000000022a0000 - 0x0000000002304000 	C:\Users\GCUser\AppData\Local\Temp\libgdxGCUser\dc0f0009\OpenAL64.dll
0x000007fefb040000 - 0x000007fefb096000 	C:\WINDOWS\system32\uxtheme.dll
0x000007fefd380000 - 0x000007fefd419000 	C:\WINDOWS\system32\CLBCatQ.DLL
0x000007fefb1a0000 - 0x000007fefb2cc000 	C:\WINDOWS\System32\PROPSYS.dll
0x000007fefcd30000 - 0x000007fefcd6b000 	C:\WINDOWS\system32\WINTRUST.dll
0x000007fefca70000 - 0x000007fefcbdd000 	C:\WINDOWS\system32\CRYPT32.dll
0x000007fefc9d0000 - 0x000007fefc9df000 	C:\WINDOWS\system32\MSASN1.dll
0x000007fedede0000 - 0x000007fedee68000 	C:\WINDOWS\system32\dsound.dll
0x000007fefb170000 - 0x000007fefb19c000 	C:\WINDOWS\system32\POWRPROF.dll
0x000007fefb120000 - 0x000007fefb16b000 	C:\WINDOWS\System32\MMDevApi.dll
0x000007fefa530000 - 0x000007fefa57f000 	C:\WINDOWS\system32\AUDIOSES.DLL
0x000007fec9150000 - 0x000007fec9e4a000 	C:\WINDOWS\system32\ig9icd64.dll
0x000007feee700000 - 0x000007feef56d000 	C:\WINDOWS\system32\igc64.dll
0x000007fefa7b0000 - 0x000007fefa7c1000 	C:\WINDOWS\system32\WTSAPI32.dll
0x000007fefa030000 - 0x000007fefa0cc000 	C:\WINDOWS\system32\mscms.dll
0x000007fedbd60000 - 0x000007fedbda2000 	C:\WINDOWS\system32\icm32.dll
0x0000000066bc0000 - 0x0000000066c7b000 	C:\Users\GCUser\AppData\Local\Temp\libgdxGCUser\54593449\gdx-box2d64.dll
0x000007fef5540000 - 0x000007fef5665000 	C:\WINDOWS\system32\dbghelp.dll

VM Arguments:
jvm_args: -javaagent:C:\Program Files\Android\Android Studio\lib\idea_rt.jar=49998:C:\Program Files\Android\Android Studio\bin -Dfile.encoding=UTF-8 
java_command: com.mygdx.game.desktop.DesktopLauncher
java_class_path (initial): C:\Program Files\Java\jdk1.8.0_171\jre\lib\charsets.jar;C:\Program Files\Java\jdk1.8.0_171\jre\lib\deploy.jar;C:\Program Files\Java\jdk1.8.0_171\jre\lib\ext\access-bridge-64.jar;C:\Program Files\Java\jdk1.8.0_171\jre\lib\ext\cldrdata.jar;C:\Program Files\Java\jdk1.8.0_171\jre\lib\ext\dnsns.jar;C:\Program Files\Java\jdk1.8.0_171\jre\lib\ext\jaccess.jar;C:\Program Files\Java\jdk1.8.0_171\jre\lib\ext\jfxrt.jar;C:\Program Files\Java\jdk1.8.0_171\jre\lib\ext\localedata.jar;C:\Program Files\Java\jdk1.8.0_171\jre\lib\ext\nashorn.jar;C:\Program Files\Java\jdk1.8.0_171\jre\lib\ext\sunec.jar;C:\Program Files\Java\jdk1.8.0_171\jre\lib\ext\sunjce_provider.jar;C:\Program Files\Java\jdk1.8.0_171\jre\lib\ext\sunmscapi.jar;C:\Program Files\Java\jdk1.8.0_171\jre\lib\ext\sunpkcs11.jar;C:\Program Files\Java\jdk1.8.0_171\jre\lib\ext\zipfs.jar;C:\Program Files\Java\jdk1.8.0_171\jre\lib\javaws.jar;C:\Program Files\Java\jdk1.8.0_171\jre\lib\jce.jar;C:\Program Files\Java\jdk1.8.0_171\jre\lib\jfr.jar;C:\Program Files\Java\jdk1.8.0_171\jre\lib\jfxswt.jar;C:\Program Files\Java\jdk1.8.0_171\jre\lib\jsse.jar;C:\Program Files\Java\jdk1.8.0_171\jre\lib\management-agent.jar;C:\Program Files\Java\jdk1.8.0_171\jre\lib\plugin.jar;C:\Program Files\Java\jdk1.8.0_171\jre\lib\resources.jar;C:\Program Files\Java\jdk1.8.0_171\jre\lib\rt.jar;C:\Users\GCUser\AndroidStudioProjects\libgdx\desktop\build\classes\java\main;C:\Users\GCUser\AndroidStudioProjects\libgdx\core\build\classes\java\main;C:\Users\GCUser\AndroidStudioProjects\Gradle\gradle-4.6\caches\modules-2\files-2.1\com.badlogicgames.gdx\gdx-tools\1.9.8\5c32820fccee957cc77990d353297ceed1a63159\gdx-tools-1.9.8.jar;C:\Users\GCUser\AndroidStudioProjects\Gradle\gradle-4.6\caches\modules-2\files-2.1\com.badlogicgames.gdx\gdx-backend-lwjgl\1.9.8\b7c138f14ed67ad830ae7597da3d86ae02b20eee\gdx-backend-lwjgl-1.9.8.jar;C:\Users\GCUser\AndroidStudioProjects\Gradle\gradle-4.6\caches\modules-2\files-2.1\com.badlogicgames.gdx\gdx-platform\
Launcher Type: SUN_STANDARD

Environment Variables:
PATH=C:\ProgramData\Oracle\Java\javapath;C:\WINDOWS\system32;C:\WINDOWS;C:\WINDOWS\System32\Wbem;C:\WINDOWS\System32\WindowsPowerShell\v1.0\;c:\Program Files (x86)\QuickTime\QTSystem\;C:\WINDOWS\System32\WindowsPowerShell\v1.0\;C:\WINDOWS\System32\WindowsPowerShell\v1.0\;C:\Program Files\MySQL\MySQL Utilities 1.6\;C:\Users\GCUser\AndroidStudioProjects\Gradle\gradle-4.6\bin
USERNAME=GCUser
OS=Windows_NT
PROCESSOR_IDENTIFIER=Intel64 Family 6 Model 78 Stepping 3, GenuineIntel



---------------  S Y S T E M  ---------------

OS: Windows 7 , 64 bit Build 7601 (6.1.7601.24291)

CPU:total 4 (initial active 4) (2 cores per cpu, 2 threads per core) family 6 model 78 stepping 3, cmov, cx8, fxsr, mmx, sse, sse2, sse3, ssse3, sse4.1, sse4.2, popcnt, avx, avx2, aes, clmul, erms, 3dnowpref, lzcnt, ht, tsc, tscinvbit, bmi1, bmi2, adx

Memory: 4k page, physical 8266332k(1146324k free), swap 16530760k(7903124k free)

vm_info: Java HotSpot(TM) 64-Bit Server VM (25.171-b11) for windows-amd64 JRE (1.8.0_171-b11), built on Mar 28 2018 16:06:12 by "java_re" with MS VC++ 10.0 (VS2010)

time: Sat Nov 17 17:25:53 2018
elapsed time: 45 seconds (0d 0h 0m 45s)

