#
# A fatal error has been detected by the Java Runtime Environment:
#
#  EXCEPTION_ACCESS_VIOLATION (0xc0000005) at pc=0x0000000066bcbd0d, pid=8236, tid=0x0000000000002580
#
# JRE version: Java(TM) SE Runtime Environment (8.0_171-b11) (build 1.8.0_171-b11)
# Java VM: Java HotSpot(TM) 64-Bit Server VM (25.171-b11 mixed mode windows-amd64 compressed oops)
# Problematic frame:
# C  [gdx-box2d64.dll+0xbd0d]
#
# Failed to write core dump. Minidumps are not enabled by default on client versions of Windows
#
# If you would like to submit a bug report, please visit:
#   http://bugreport.java.com/bugreport/crash.jsp
# The crash happened outside the Java Virtual Machine in native code.
# See problematic frame for where to report the bug.
#

---------------  T H R E A D  ---------------

Current thread (0x0000000019c63800):  JavaThread "LWJGL Application" [_thread_in_native, id=9600, stack(0x000000001b0c0000,0x000000001b1c0000)]

siginfo: ExceptionCode=0xc0000005, reading address 0x0000002600000000

Registers:
RAX=0x0000002600000000, RBX=0x000000000045f890, RCX=0x000000000045f860, RDX=0x00000000000000b8
RSP=0x000000001b1bea50, RBP=0x0000000000000006, RSI=0x000000000045f860, RDI=0x000000001b1beb10
R8 =0x000000000045f860, R9 =0x0000000000000000, R10=0x0000000000000000, R11=0x0000000000000001
R12=0x0000000000000000, R13=0x00000000174216c8, R14=0x000000001b1bee28, R15=0x0000000019c63800
RIP=0x0000000066bcbd0d, EFLAGS=0x0000000000010206

Top of Stack: (sp=0x000000001b1bea50)
0x000000001b1bea50:   0000000000478b00 0000000000000725
0x000000001b1bea60:   000000001b4358f0 0000000066bc39ae
0x000000001b1bea70:   0000000042ad0000 000000000045f860
0x000000001b1bea80:   0000000000000001 000000001b1beb10
0x000000001b1bea90:   000000001b1bec30 0000000000000000
0x000000001b1beaa0:   00000000174216c8 0000000066be2483
0x000000001b1beab0:   000000001b1bed30 0000000066be0498
0x000000001b1beac0:   000000001b1bebf8 0000000019c63800
0x000000001b1bead0:   0000000000000001 0000000000000001
0x000000001b1beae0:   0000000000000001 0000000066be8616
0x000000001b1beaf0:   000000001b1beb80 0000000000000000
0x000000001b1beb00:   000000001b1bed30 0000000066bdf36c
0x000000001b1beb10:   42e5800000000000 000000004424f000
0x000000001b1beb20:   0000000000000000 0000000000000000
0x000000001b1beb30:   0000010100000000 00000000d7c77c01
0x000000001b1beb40:   0000000000000000 000000003f800000 

Instructions: (pc=0x0000000066bcbd0d)
0x0000000066bcbced:   48 8d 05 6c a3 05 00 0f b6 1c 18 80 fb 0d 0f b6
0x0000000066bcbcfd:   eb 77 21 48 8d 1c de 48 8b 43 10 48 85 c0 74 3a
0x0000000066bcbd0d:   48 8b 10 48 89 53 10 48 83 c4 28 5b 5e 5f 5d 41
0x0000000066bcbd1d:   5c 41 5d c3 48 8d 15 18 9e 04 00 48 8d 0d 99 9e 


Register to memory mapping:

RAX=0x0000002600000000 is an unknown value
RBX=0x000000000045f890 is an unknown value
RCX=0x000000000045f860 is an unknown value
RDX=0x00000000000000b8 is an unknown value
RSP=0x000000001b1bea50 is pointing into the stack for thread: 0x0000000019c63800
RBP=0x0000000000000006 is an unknown value
RSI=0x000000000045f860 is an unknown value
RDI=0x000000001b1beb10 is pointing into the stack for thread: 0x0000000019c63800
R8 =0x000000000045f860 is an unknown value
R9 =0x0000000000000000 is an unknown value
R10=0x0000000000000000 is an unknown value
R11=0x0000000000000001 is an unknown value
R12=0x0000000000000000 is an unknown value
R13=0x00000000174216c8 is pointing into metadata
R14=0x000000001b1bee28 is pointing into the stack for thread: 0x0000000019c63800
R15=0x0000000019c63800 is a thread


Stack: [0x000000001b0c0000,0x000000001b1c0000],  sp=0x000000001b1bea50,  free space=1018k
Native frames: (J=compiled Java code, j=interpreted, Vv=VM code, C=native code)
C  [gdx-box2d64.dll+0xbd0d]
C  [gdx-box2d64.dll+0x22483]
C  [gdx-box2d64.dll+0x28616]
C  0x0000000002c52564

Java frames: (J=compiled Java code, j=interpreted, Vv=VM code)
J 687  com.badlogic.gdx.physics.box2d.World.jniCreateBody(JIFFFFFFFFZZZZZF)J (0 bytes) @ 0x0000000002c524e6 [0x0000000002c52440+0xa6]
J 686 C1 com.badlogic.gdx.physics.box2d.World.createBody(Lcom/badlogic/gdx/physics/box2d/BodyDef;)Lcom/badlogic/gdx/physics/box2d/Body; (120 bytes) @ 0x0000000002c596fc [0x0000000002c59560+0x19c]
j  com.mygdx.game.Tools.b2dWorldCreator.updateSqs(Lcom/badlogic/gdx/Screen;)V+301
j  com.mygdx.game.Screens.practiceDynTiles.update(F)V+532
J 995 C2 com.mygdx.game.Screens.practiceDynTiles.render(F)V (399 bytes) @ 0x0000000002d58d28 [0x0000000002d58ba0+0x188]
j  com.badlogic.gdx.Game.render()V+19
j  com.mygdx.game.MyGdxGame.render()V+1
j  com.badlogic.gdx.backends.lwjgl.LwjglApplication.mainLoop()V+698
j  com.badlogic.gdx.backends.lwjgl.LwjglApplication$1.run()V+27
v  ~StubRoutines::call_stub

---------------  P R O C E S S  ---------------

Java Threads: ( => current thread )
  0x0000000019dd1000 JavaThread "LWJGL Timer" daemon [_thread_blocked, id=5252, stack(0x000000001e190000,0x000000001e290000)]
  0x000000000210b000 JavaThread "DestroyJavaVM" [_thread_blocked, id=2012, stack(0x00000000023f0000,0x00000000024f0000)]
=>0x0000000019c63800 JavaThread "LWJGL Application" [_thread_in_native, id=9600, stack(0x000000001b0c0000,0x000000001b1c0000)]
  0x0000000018b30800 JavaThread "Service Thread" daemon [_thread_blocked, id=7220, stack(0x0000000019540000,0x0000000019640000)]
  0x0000000018a9d800 JavaThread "C1 CompilerThread2" daemon [_thread_blocked, id=9780, stack(0x00000000193b0000,0x00000000194b0000)]
  0x0000000018a9c000 JavaThread "C2 CompilerThread1" daemon [_thread_blocked, id=5236, stack(0x0000000019050000,0x0000000019150000)]
  0x0000000018a9b000 JavaThread "C2 CompilerThread0" daemon [_thread_blocked, id=6072, stack(0x00000000191c0000,0x00000000192c0000)]
  0x0000000018a99800 JavaThread "Monitor Ctrl-Break" daemon [_thread_in_native, id=10928, stack(0x0000000018660000,0x0000000018760000)]
  0x0000000017674000 JavaThread "Attach Listener" daemon [_thread_blocked, id=10824, stack(0x0000000018dd0000,0x0000000018ed0000)]
  0x0000000017673000 JavaThread "Signal Dispatcher" daemon [_thread_blocked, id=10740, stack(0x0000000018f30000,0x0000000019030000)]
  0x000000001765d000 JavaThread "Finalizer" daemon [_thread_blocked, id=9472, stack(0x0000000018860000,0x0000000018960000)]
  0x0000000017616000 JavaThread "Reference Handler" daemon [_thread_blocked, id=9936, stack(0x0000000018760000,0x0000000018860000)]

Other Threads:
  0x000000001760e800 VMThread [stack: 0x0000000018550000,0x0000000018650000] [id=6304]
  0x0000000018ba1000 WatcherThread [stack: 0x00000000197d0000,0x00000000198d0000] [id=7048]

VM state:not at safepoint (normal execution)

VM Mutex/Monitor currently owned by a thread: None

Heap:
 PSYoungGen      total 175616K, used 98438K [0x00000000d5f00000, 0x00000000e6c00000, 0x0000000100000000)
  eden space 108032K, 28% used [0x00000000d5f00000,0x00000000d7d21b80,0x00000000dc880000)
  from space 67584K, 100% used [0x00000000e1800000,0x00000000e5a00000,0x00000000e5a00000)
  to   space 81408K, 0% used [0x00000000dc880000,0x00000000dc880000,0x00000000e1800000)
 ParOldGen       total 286720K, used 181380K [0x0000000081c00000, 0x0000000093400000, 0x00000000d5f00000)
  object space 286720K, 63% used [0x0000000081c00000,0x000000008cd21038,0x0000000093400000)
 Metaspace       used 8979K, capacity 9075K, committed 9344K, reserved 1058816K
  class space    used 852K, capacity 880K, committed 896K, reserved 1048576K

Card table byte_map: [0x0000000011cc0000,0x00000000120c0000] byte_map_base: 0x00000000118b2000

Marking Bits: (ParMarkBitMap*) 0x00000000533708c0
 Begin Bits: [0x0000000012960000, 0x00000000148f0000)
 End Bits:   [0x00000000148f0000, 0x0000000016880000)

Polling page: 0x0000000000150000

CodeCache: size=245760Kb used=4886Kb max_used=4897Kb free=240873Kb
 bounds [0x0000000002900000, 0x0000000002dd0000, 0x0000000011900000]
 total_blobs=1655 nmethods=1145 adapters=423
 compilation: enabled

Compilation events (10 events):
Event: 11.316 Thread 0x0000000018a9d800 1140       3       com.badlogic.gdx.physics.box2d.World::isLocked (9 bytes)
Event: 11.317 Thread 0x0000000018a9d800 nmethod 1140 0x0000000002dc6250 code [0x0000000002dc63c0, 0x0000000002dc6548]
Event: 11.317 Thread 0x0000000018a9d800 1142       3       com.badlogic.gdx.physics.box2d.World::destroyBody (124 bytes)
Event: 11.317 Thread 0x0000000018a9d800 nmethod 1142 0x0000000002dc65d0 code [0x0000000002dc6800, 0x0000000002dc7418]
Event: 11.317 Thread 0x0000000018a9d800 1143       3       com.badlogic.gdx.physics.box2d.Fixture::setUserData (6 bytes)
Event: 11.317 Thread 0x0000000018a9d800 nmethod 1143 0x0000000002dc79d0 code [0x0000000002dc7b20, 0x0000000002dc7c90]
Event: 11.317 Thread 0x0000000018a9d800 1144       3       com.badlogic.gdx.utils.Array::pop (49 bytes)
Event: 11.317 Thread 0x0000000018a9b000 1145       4       com.badlogic.gdx.math.Rectangle::set (23 bytes)
Event: 11.318 Thread 0x0000000018a9d800 nmethod 1144 0x0000000002dc7d10 code [0x0000000002dc7ea0, 0x0000000002dc8268]
Event: 11.318 Thread 0x0000000018a9b000 nmethod 1145 0x0000000002d4fc10 code [0x0000000002d4fd40, 0x0000000002d4fdb8]

GC Heap History (10 events):
Event: 2.789 GC heap before
{Heap before GC invocations=4 (full 1):
 PSYoungGen      total 38400K, used 5118K [0x00000000d5f00000, 0x00000000daa00000, 0x0000000100000000)
  eden space 33280K, 0% used [0x00000000d5f00000,0x00000000d5f00000,0x00000000d7f80000)
  from space 5120K, 99% used [0x00000000d7f80000,0x00000000d847f8a0,0x00000000d8480000)
  to   space 5120K, 0% used [0x00000000da500000,0x00000000da500000,0x00000000daa00000)
 ParOldGen       total 87552K, used 80124K [0x0000000081c00000, 0x0000000087180000, 0x00000000d5f00000)
  object space 87552K, 91% used [0x0000000081c00000,0x0000000086a3f240,0x0000000087180000)
 Metaspace       used 6711K, capacity 6803K, committed 7168K, reserved 1056768K
  class space    used 639K, capacity 656K, committed 768K, reserved 1048576K
Event: 2.838 GC heap after
Heap after GC invocations=4 (full 1):
 PSYoungGen      total 38400K, used 0K [0x00000000d5f00000, 0x00000000daa00000, 0x0000000100000000)
  eden space 33280K, 0% used [0x00000000d5f00000,0x00000000d5f00000,0x00000000d7f80000)
  from space 5120K, 0% used [0x00000000d7f80000,0x00000000d7f80000,0x00000000d8480000)
  to   space 5120K, 0% used [0x00000000da500000,0x00000000da500000,0x00000000daa00000)
 ParOldGen       total 163328K, used 83950K [0x0000000081c00000, 0x000000008bb80000, 0x00000000d5f00000)
  object space 163328K, 51% used [0x0000000081c00000,0x0000000086dfb978,0x000000008bb80000)
 Metaspace       used 6711K, capacity 6803K, committed 7168K, reserved 1056768K
  class space    used 639K, capacity 656K, committed 768K, reserved 1048576K
}
Event: 2.913 GC heap before
{Heap before GC invocations=5 (full 1):
 PSYoungGen      total 38400K, used 33280K [0x00000000d5f00000, 0x00000000daa00000, 0x0000000100000000)
  eden space 33280K, 100% used [0x00000000d5f00000,0x00000000d7f80000,0x00000000d7f80000)
  from space 5120K, 0% used [0x00000000d7f80000,0x00000000d7f80000,0x00000000d8480000)
  to   space 5120K, 0% used [0x00000000da500000,0x00000000da500000,0x00000000daa00000)
 ParOldGen       total 163328K, used 83950K [0x0000000081c00000, 0x000000008bb80000, 0x00000000d5f00000)
  object space 163328K, 51% used [0x0000000081c00000,0x0000000086dfb978,0x000000008bb80000)
 Metaspace       used 6711K, capacity 6803K, committed 7168K, reserved 1056768K
  class space    used 639K, capacity 656K, committed 768K, reserved 1048576K
Event: 2.927 GC heap after
Heap after GC invocations=5 (full 1):
 PSYoungGen      total 69120K, used 5120K [0x00000000d5f00000, 0x00000000daa00000, 0x0000000100000000)
  eden space 64000K, 0% used [0x00000000d5f00000,0x00000000d5f00000,0x00000000d9d80000)
  from space 5120K, 100% used [0x00000000da500000,0x00000000daa00000,0x00000000daa00000)
  to   space 5120K, 0% used [0x00000000da000000,0x00000000da000000,0x00000000da500000)
 ParOldGen       total 163328K, used 112170K [0x0000000081c00000, 0x000000008bb80000, 0x00000000d5f00000)
  object space 163328K, 68% used [0x0000000081c00000,0x000000008898aaf8,0x000000008bb80000)
 Metaspace       used 6711K, capacity 6803K, committed 7168K, reserved 1056768K
  class space    used 639K, capacity 656K, committed 768K, reserved 1048576K
}
Event: 3.154 GC heap before
{Heap before GC invocations=6 (full 1):
 PSYoungGen      total 69120K, used 69120K [0x00000000d5f00000, 0x00000000daa00000, 0x0000000100000000)
  eden space 64000K, 100% used [0x00000000d5f00000,0x00000000d9d80000,0x00000000d9d80000)
  from space 5120K, 100% used [0x00000000da500000,0x00000000daa00000,0x00000000daa00000)
  to   space 5120K, 0% used [0x00000000da000000,0x00000000da000000,0x00000000da500000)
 ParOldGen       total 163328K, used 112170K [0x0000000081c00000, 0x000000008bb80000, 0x00000000d5f00000)
  object space 163328K, 68% used [0x0000000081c00000,0x000000008898aaf8,0x000000008bb80000)
 Metaspace       used 6711K, capacity 6803K, committed 7168K, reserved 1056768K
  class space    used 639K, capacity 656K, committed 768K, reserved 1048576K
Event: 3.182 GC heap after
Heap after GC invocations=6 (full 1):
 PSYoungGen      total 71680K, used 5120K [0x00000000d5f00000, 0x00000000e5a00000, 0x0000000100000000)
  eden space 66560K, 0% used [0x00000000d5f00000,0x00000000d5f00000,0x00000000da000000)
  from space 5120K, 100% used [0x00000000da000000,0x00000000da500000,0x00000000da500000)
  to   space 67584K, 0% used [0x00000000e1800000,0x00000000e1800000,0x00000000e5a00000)
 ParOldGen       total 177152K, used 176067K [0x0000000081c00000, 0x000000008c900000, 0x00000000d5f00000)
  object space 177152K, 99% used [0x0000000081c00000,0x000000008c7f0e38,0x000000008c900000)
 Metaspace       used 6711K, capacity 6803K, committed 7168K, reserved 1056768K
  class space    used 639K, capacity 656K, committed 768K, reserved 1048576K
}
Event: 3.182 GC heap before
{Heap before GC invocations=7 (full 2):
 PSYoungGen      total 71680K, used 5120K [0x00000000d5f00000, 0x00000000e5a00000, 0x0000000100000000)
  eden space 66560K, 0% used [0x00000000d5f00000,0x00000000d5f00000,0x00000000da000000)
  from space 5120K, 100% used [0x00000000da000000,0x00000000da500000,0x00000000da500000)
  to   space 67584K, 0% used [0x00000000e1800000,0x00000000e1800000,0x00000000e5a00000)
 ParOldGen       total 177152K, used 176067K [0x0000000081c00000, 0x000000008c900000, 0x00000000d5f00000)
  object space 177152K, 99% used [0x0000000081c00000,0x000000008c7f0e38,0x000000008c900000)
 Metaspace       used 6711K, capacity 6803K, committed 7168K, reserved 1056768K
  class space    used 639K, capacity 656K, committed 768K, reserved 1048576K
Event: 3.224 GC heap after
Heap after GC invocations=7 (full 2):
 PSYoungGen      total 71680K, used 4010K [0x00000000d5f00000, 0x00000000e5a00000, 0x0000000100000000)
  eden space 66560K, 0% used [0x00000000d5f00000,0x00000000d5f00000,0x00000000da000000)
  from space 5120K, 78% used [0x00000000da000000,0x00000000da3ea800,0x00000000da500000)
  to   space 67584K, 0% used [0x00000000e1800000,0x00000000e1800000,0x00000000e5a00000)
 ParOldGen       total 286720K, used 177069K [0x0000000081c00000, 0x0000000093400000, 0x00000000d5f00000)
  object space 286720K, 61% used [0x0000000081c00000,0x000000008c8eb538,0x0000000093400000)
 Metaspace       used 6711K, capacity 6803K, committed 7168K, reserved 1056768K
  class space    used 639K, capacity 656K, committed 768K, reserved 1048576K
}
Event: 3.494 GC heap before
{Heap before GC invocations=8 (full 2):
 PSYoungGen      total 71680K, used 70570K [0x00000000d5f00000, 0x00000000e5a00000, 0x0000000100000000)
  eden space 66560K, 100% used [0x00000000d5f00000,0x00000000da000000,0x00000000da000000)
  from space 5120K, 78% used [0x00000000da000000,0x00000000da3ea800,0x00000000da500000)
  to   space 67584K, 0% used [0x00000000e1800000,0x00000000e1800000,0x00000000e5a00000)
 ParOldGen       total 286720K, used 177069K [0x0000000081c00000, 0x0000000093400000, 0x00000000d5f00000)
  object space 286720K, 61% used [0x0000000081c00000,0x000000008c8eb538,0x0000000093400000)
 Metaspace       used 6711K, capacity 6803K, committed 7168K, reserved 1056768K
  class space    used 639K, capacity 656K, committed 768K, reserved 1048576K
Event: 3.525 GC heap after
Heap after GC invocations=8 (full 2):
 PSYoungGen      total 175616K, used 67584K [0x00000000d5f00000, 0x00000000e6c00000, 0x0000000100000000)
  eden space 108032K, 0% used [0x00000000d5f00000,0x00000000d5f00000,0x00000000dc880000)
  from space 67584K, 100% used [0x00000000e1800000,0x00000000e5a00000,0x00000000e5a00000)
  to   space 81408K, 0% used [0x00000000dc880000,0x00000000dc880000,0x00000000e1800000)
 ParOldGen       total 286720K, used 181380K [0x0000000081c00000, 0x0000000093400000, 0x00000000d5f00000)
  object space 286720K, 63% used [0x0000000081c00000,0x000000008cd21038,0x0000000093400000)
 Metaspace       used 6711K, capacity 6803K, committed 7168K, reserved 1056768K
  class space    used 639K, capacity 656K, committed 768K, reserved 1048576K
}

Deoptimization events (10 events):
Event: 3.551 Thread 0x0000000019c63800 Uncommon trap: reason=intrinsic action=make_not_entrant pc=0x0000000002b64a88 method=com.mygdx.game.Screens.practiceDynTiles.landmapGenandPerlin()V @ 762
Event: 3.600 Thread 0x0000000019c63800 Uncommon trap: reason=unstable_if action=reinterpret pc=0x0000000002b66d38 method=com.mygdx.game.Screens.practiceDynTiles.landmapGenandPerlin()V @ 585
Event: 3.644 Thread 0x0000000019c63800 Uncommon trap: reason=unstable_if action=reinterpret pc=0x0000000002b76360 method=com.mygdx.game.Screens.practiceDynTiles.landmapGenandPerlin()V @ 769
Event: 3.776 Thread 0x0000000019c63800 Uncommon trap: reason=unstable_if action=reinterpret pc=0x0000000002b85ad8 method=com.mygdx.game.Screens.practiceDynTiles.landmapGenandPerlin()V @ 545
Event: 3.788 Thread 0x0000000019c63800 Uncommon trap: reason=unstable_if action=reinterpret pc=0x0000000002b94f20 method=com.mygdx.game.Screens.practiceDynTiles.landmapGenandPerlin()V @ 1002
Event: 3.938 Thread 0x0000000019c63800 Uncommon trap: reason=unstable_if action=reinterpret pc=0x0000000002be7040 method=java.util.StringTokenizer.scanToken(I)I @ 7
Event: 3.938 Thread 0x0000000019c63800 Uncommon trap: reason=unstable_if action=reinterpret pc=0x0000000002be22fc method=java.util.StringTokenizer.skipDelimiters(I)I @ 29
Event: 3.939 Thread 0x0000000019c63800 Uncommon trap: reason=unstable_if action=reinterpret pc=0x0000000002be1bbc method=java.util.StringTokenizer.scanToken(I)I @ 7
Event: 6.094 Thread 0x0000000019c63800 Uncommon trap: reason=unstable_if action=reinterpret pc=0x0000000002d40ecc method=com.mygdx.game.Screens.practiceDynTiles.update(F)V @ 16
Event: 11.310 Thread 0x0000000019c63800 Uncommon trap: reason=unstable_if action=reinterpret pc=0x0000000002d67078 method=com.mygdx.game.Screens.practiceDynTiles.update(F)V @ 249

Classes redefined (0 events):
No events

Internal exceptions (10 events):
Event: 0.487 Thread 0x000000000210b000 Exception <a 'java/security/PrivilegedActionException'> (0x00000000d63c26c8) thrown at [C:\re\workspace\8-2-build-windows-amd64-cygwin\jdk8u171\10807\hotspot\src\share\vm\prims\jvm.cpp, line 1435]
Event: 0.487 Thread 0x000000000210b000 Exception <a 'java/security/PrivilegedActionException'> (0x00000000d63c28d8) thrown at [C:\re\workspace\8-2-build-windows-amd64-cygwin\jdk8u171\10807\hotspot\src\share\vm\prims\jvm.cpp, line 1435]
Event: 0.488 Thread 0x000000000210b000 Exception <a 'java/security/PrivilegedActionException'> (0x00000000d63c67e8) thrown at [C:\re\workspace\8-2-build-windows-amd64-cygwin\jdk8u171\10807\hotspot\src\share\vm\prims\jvm.cpp, line 1435]
Event: 0.488 Thread 0x000000000210b000 Exception <a 'java/security/PrivilegedActionException'> (0x00000000d63c69f8) thrown at [C:\re\workspace\8-2-build-windows-amd64-cygwin\jdk8u171\10807\hotspot\src\share\vm\prims\jvm.cpp, line 1435]
Event: 1.365 Thread 0x000000000210b000 Exception <a 'java/security/PrivilegedActionException'> (0x00000000d65f57a0) thrown at [C:\re\workspace\8-2-build-windows-amd64-cygwin\jdk8u171\10807\hotspot\src\share\vm\prims\jvm.cpp, line 1435]
Event: 1.365 Thread 0x000000000210b000 Exception <a 'java/security/PrivilegedActionException'> (0x00000000d65f7478) thrown at [C:\re\workspace\8-2-build-windows-amd64-cygwin\jdk8u171\10807\hotspot\src\share\vm\prims\jvm.cpp, line 1435]
Event: 1.365 Thread 0x000000000210b000 Exception <a 'java/security/PrivilegedActionException'> (0x00000000d65f85e8) thrown at [C:\re\workspace\8-2-build-windows-amd64-cygwin\jdk8u171\10807\hotspot\src\share\vm\prims\jvm.cpp, line 1435]
Event: 1.366 Thread 0x000000000210b000 Exception <a 'java/security/PrivilegedActionException'> (0x00000000d65fdb28) thrown at [C:\re\workspace\8-2-build-windows-amd64-cygwin\jdk8u171\10807\hotspot\src\share\vm\prims\jvm.cpp, line 1435]
Event: 1.366 Thread 0x000000000210b000 Exception <a 'java/security/PrivilegedActionException'> (0x00000000d65fe780) thrown at [C:\re\workspace\8-2-build-windows-amd64-cygwin\jdk8u171\10807\hotspot\src\share\vm\prims\jvm.cpp, line 1435]
Event: 1.366 Thread 0x000000000210b000 Exception <a 'java/security/PrivilegedActionException'> (0x00000000d65ff3a8) thrown at [C:\re\workspace\8-2-build-windows-amd64-cygwin\jdk8u171\10807\hotspot\src\share\vm\prims\jvm.cpp, line 1435]

Events (10 events):
Event: 6.377 Thread 0x0000000019c63800 DEOPT UNPACKING pc=0x0000000002947890 sp=0x000000001b1beb70 mode 0
Event: 6.527 Thread 0x0000000019c63800 DEOPT PACKING pc=0x0000000002d4a7c4 sp=0x000000001b1bed00
Event: 6.527 Thread 0x0000000019c63800 DEOPT UNPACKING pc=0x0000000002947890 sp=0x000000001b1beb70 mode 0
Event: 6.677 Thread 0x0000000019c63800 DEOPT PACKING pc=0x0000000002d4a7c4 sp=0x000000001b1bed00
Event: 6.677 Thread 0x0000000019c63800 DEOPT UNPACKING pc=0x0000000002947890 sp=0x000000001b1beb70 mode 0
Event: 6.827 Thread 0x0000000019c63800 DEOPT PACKING pc=0x0000000002d4a7c4 sp=0x000000001b1bed00
Event: 6.827 Thread 0x0000000019c63800 DEOPT UNPACKING pc=0x0000000002947890 sp=0x000000001b1beb70 mode 0
Event: 11.310 Thread 0x0000000019c63800 Uncommon trap: trap_request=0xffffff65 fr.pc=0x0000000002d67078
Event: 11.310 Thread 0x0000000019c63800 DEOPT PACKING pc=0x0000000002d67078 sp=0x000000001b1bee00
Event: 11.310 Thread 0x0000000019c63800 DEOPT UNPACKING pc=0x000000000294583b sp=0x000000001b1bedf0 mode 2


Dynamic libraries:
0x000000013f2e0000 - 0x000000013f317000 	C:\Program Files\Java\jdk1.8.0_171\bin\java.exe
0x00000000774c0000 - 0x000000007765f000 	C:\WINDOWS\SYSTEM32\ntdll.dll
0x00000000772a0000 - 0x00000000773bf000 	C:\WINDOWS\system32\kernel32.dll
0x000007fefd3b0000 - 0x000007fefd41a000 	C:\WINDOWS\system32\KERNELBASE.dll
0x000007feff6d0000 - 0x000007feff7ab000 	C:\WINDOWS\system32\ADVAPI32.dll
0x000007fefed70000 - 0x000007fefee0f000 	C:\WINDOWS\system32\msvcrt.dll
0x000007fefee90000 - 0x000007fefeeaf000 	C:\WINDOWS\SYSTEM32\sechost.dll
0x000007fefeeb0000 - 0x000007fefefdd000 	C:\WINDOWS\system32\RPCRT4.dll
0x00000000773c0000 - 0x00000000774ba000 	C:\WINDOWS\system32\USER32.dll
0x000007fefe750000 - 0x000007fefe7b7000 	C:\WINDOWS\system32\GDI32.dll
0x000007fefd9b0000 - 0x000007fefd9be000 	C:\WINDOWS\system32\LPK.dll
0x000007fefeb10000 - 0x000007fefebdb000 	C:\WINDOWS\system32\USP10.dll
0x000007fefbab0000 - 0x000007fefbca4000 	C:\WINDOWS\WinSxS\amd64_microsoft.windows.common-controls_6595b64144ccf1df_6.0.7601.18837_none_fa3b1e3d17594757\COMCTL32.dll
0x000007feff440000 - 0x000007feff4b1000 	C:\WINDOWS\system32\SHLWAPI.dll
0x000007feff5d0000 - 0x000007feff5fe000 	C:\WINDOWS\system32\IMM32.DLL
0x000007feff4c0000 - 0x000007feff5c9000 	C:\WINDOWS\system32\MSCTF.dll
0x0000000073d90000 - 0x0000000073e62000 	C:\Program Files\Java\jdk1.8.0_171\jre\bin\msvcr100.dll
0x0000000052b50000 - 0x00000000533f0000 	C:\Program Files\Java\jdk1.8.0_171\jre\bin\server\jvm.dll
0x000007fef48d0000 - 0x000007fef48d9000 	C:\WINDOWS\system32\WSOCK32.dll
0x000007feff680000 - 0x000007feff6cd000 	C:\WINDOWS\system32\WS2_32.dll
0x000007fefeb00000 - 0x000007fefeb08000 	C:\WINDOWS\system32\NSI.dll
0x000007fefb290000 - 0x000007fefb2cb000 	C:\WINDOWS\system32\WINMM.dll
0x000007fefc140000 - 0x000007fefc14c000 	C:\WINDOWS\system32\VERSION.dll
0x0000000077670000 - 0x0000000077677000 	C:\WINDOWS\system32\PSAPI.DLL
0x0000000074cf0000 - 0x0000000074cff000 	C:\Program Files\Java\jdk1.8.0_171\jre\bin\verify.dll
0x0000000074120000 - 0x0000000074149000 	C:\Program Files\Java\jdk1.8.0_171\jre\bin\java.dll
0x000000006f140000 - 0x000000006f163000 	C:\Program Files\Java\jdk1.8.0_171\jre\bin\instrument.dll
0x0000000073d70000 - 0x0000000073d86000 	C:\Program Files\Java\jdk1.8.0_171\jre\bin\zip.dll
0x000007fefd9c0000 - 0x000007fefe74b000 	C:\WINDOWS\system32\SHELL32.dll
0x000007fefe900000 - 0x000007fefeafd000 	C:\WINDOWS\system32\ole32.dll
0x000007fefd070000 - 0x000007fefd07f000 	C:\WINDOWS\system32\profapi.dll
0x000007fef4570000 - 0x000007fef458a000 	C:\Program Files\Android\Android Studio\bin\breakgen64.dll
0x00000000730d0000 - 0x00000000730ea000 	C:\Program Files\Java\jdk1.8.0_171\jre\bin\net.dll
0x000007fefc7f0000 - 0x000007fefc845000 	C:\WINDOWS\system32\mswsock.dll
0x000007fefc7e0000 - 0x000007fefc7e7000 	C:\WINDOWS\System32\wship6.dll
0x0000000065580000 - 0x0000000065616000 	C:\Users\GCUser\AppData\Local\Temp\libgdxGCUser\12dfaa03\gdx64.dll
0x000007fefc850000 - 0x000007fefc868000 	C:\WINDOWS\system32\CRYPTSP.dll
0x000007fefc550000 - 0x000007fefc597000 	C:\WINDOWS\system32\rsaenh.dll
0x000007fefd390000 - 0x000007fefd3ae000 	C:\WINDOWS\system32\USERENV.dll
0x000007fefcf00000 - 0x000007fefcf0f000 	C:\WINDOWS\system32\CRYPTBASE.dll
0x000007fefa8e0000 - 0x000007fefa907000 	C:\WINDOWS\system32\IPHLPAPI.DLL
0x000007fefa8d0000 - 0x000007fefa8db000 	C:\WINDOWS\system32\WINNSI.DLL
0x000007fef9fc0000 - 0x000007fef9fd8000 	C:\WINDOWS\system32\dhcpcsvc.DLL
0x000007fef9fa0000 - 0x000007fef9fb1000 	C:\WINDOWS\system32\dhcpcsvc6.DLL
0x000000006d9c0000 - 0x000000006d9d1000 	C:\Program Files\Java\jdk1.8.0_171\jre\bin\nio.dll
0x0000000180000000 - 0x0000000180053000 	C:\Users\GCUser\AppData\Local\Temp\libgdxGCUser\dc0f0009\lwjgl64.dll
0x000007feecce0000 - 0x000007feecdfd000 	C:\WINDOWS\system32\OPENGL32.dll
0x000007feeccb0000 - 0x000007feeccdd000 	C:\WINDOWS\system32\GLU32.dll
0x000007feecbb0000 - 0x000007feecca1000 	C:\WINDOWS\system32\DDRAW.dll
0x000007feecba0000 - 0x000007feecba8000 	C:\WINDOWS\system32\DCIMAN32.dll
0x000007fefd420000 - 0x000007fefd5f7000 	C:\WINDOWS\system32\SETUPAPI.dll
0x000007fefd0f0000 - 0x000007fefd126000 	C:\WINDOWS\system32\CFGMGR32.dll
0x000007fefd8d0000 - 0x000007fefd9aa000 	C:\WINDOWS\system32\OLEAUT32.dll
0x000007fefd0d0000 - 0x000007fefd0ea000 	C:\WINDOWS\system32\DEVOBJ.dll
0x000007fefae30000 - 0x000007fefae48000 	C:\WINDOWS\system32\dwmapi.dll
0x0000000012370000 - 0x00000000123d4000 	C:\Users\GCUser\AppData\Local\Temp\libgdxGCUser\dc0f0009\OpenAL64.dll
0x000007fefb760000 - 0x000007fefb7b6000 	C:\WINDOWS\system32\uxtheme.dll
0x000007fefe860000 - 0x000007fefe8f9000 	C:\WINDOWS\system32\CLBCatQ.DLL
0x000007fefb930000 - 0x000007fefba5c000 	C:\WINDOWS\System32\PROPSYS.dll
0x000007fefd090000 - 0x000007fefd0cb000 	C:\WINDOWS\system32\WINTRUST.dll
0x000007fefd200000 - 0x000007fefd36d000 	C:\WINDOWS\system32\CRYPT32.dll
0x000007fefd060000 - 0x000007fefd06f000 	C:\WINDOWS\system32\MSASN1.dll
0x000007fee7120000 - 0x000007fee71a8000 	C:\WINDOWS\system32\dsound.dll
0x000007fefb820000 - 0x000007fefb84c000 	C:\WINDOWS\system32\POWRPROF.dll
0x000007fefb7d0000 - 0x000007fefb81b000 	C:\WINDOWS\System32\MMDevApi.dll
0x000007fefada0000 - 0x000007fefadef000 	C:\WINDOWS\system32\AUDIOSES.DLL
0x000007fed0e40000 - 0x000007fed1b3a000 	C:\WINDOWS\system32\ig9icd64.dll
0x000007feef130000 - 0x000007feeff9d000 	C:\WINDOWS\system32\igc64.dll
0x000007fefaee0000 - 0x000007fefaef1000 	C:\WINDOWS\system32\WTSAPI32.dll
0x000007fee0750000 - 0x000007fee07ec000 	C:\WINDOWS\system32\mscms.dll
0x000007fedc000000 - 0x000007fedc042000 	C:\WINDOWS\system32\icm32.dll
0x0000000066bc0000 - 0x0000000066c7b000 	C:\Users\GCUser\AppData\Local\Temp\libgdxGCUser\54593449\gdx-box2d64.dll
0x000007fef5be0000 - 0x000007fef5d05000 	C:\WINDOWS\system32\dbghelp.dll

VM Arguments:
jvm_args: -javaagent:C:\Program Files\Android\Android Studio\lib\idea_rt.jar=61590:C:\Program Files\Android\Android Studio\bin -Dfile.encoding=UTF-8 
java_command: com.mygdx.game.desktop.DesktopLauncher
java_class_path (initial): C:\Program Files\Java\jdk1.8.0_171\jre\lib\charsets.jar;C:\Program Files\Java\jdk1.8.0_171\jre\lib\deploy.jar;C:\Program Files\Java\jdk1.8.0_171\jre\lib\ext\access-bridge-64.jar;C:\Program Files\Java\jdk1.8.0_171\jre\lib\ext\cldrdata.jar;C:\Program Files\Java\jdk1.8.0_171\jre\lib\ext\dnsns.jar;C:\Program Files\Java\jdk1.8.0_171\jre\lib\ext\jaccess.jar;C:\Program Files\Java\jdk1.8.0_171\jre\lib\ext\jfxrt.jar;C:\Program Files\Java\jdk1.8.0_171\jre\lib\ext\localedata.jar;C:\Program Files\Java\jdk1.8.0_171\jre\lib\ext\nashorn.jar;C:\Program Files\Java\jdk1.8.0_171\jre\lib\ext\sunec.jar;C:\Program Files\Java\jdk1.8.0_171\jre\lib\ext\sunjce_provider.jar;C:\Program Files\Java\jdk1.8.0_171\jre\lib\ext\sunmscapi.jar;C:\Program Files\Java\jdk1.8.0_171\jre\lib\ext\sunpkcs11.jar;C:\Program Files\Java\jdk1.8.0_171\jre\lib\ext\zipfs.jar;C:\Program Files\Java\jdk1.8.0_171\jre\lib\javaws.jar;C:\Program Files\Java\jdk1.8.0_171\jre\lib\jce.jar;C:\Program Files\Java\jdk1.8.0_171\jre\lib\jfr.jar;C:\Program Files\Java\jdk1.8.0_171\jre\lib\jfxswt.jar;C:\Program Files\Java\jdk1.8.0_171\jre\lib\jsse.jar;C:\Program Files\Java\jdk1.8.0_171\jre\lib\management-agent.jar;C:\Program Files\Java\jdk1.8.0_171\jre\lib\plugin.jar;C:\Program Files\Java\jdk1.8.0_171\jre\lib\resources.jar;C:\Program Files\Java\jdk1.8.0_171\jre\lib\rt.jar;C:\Users\GCUser\AndroidStudioProjects\libgdx\desktop\build\classes\java\main;C:\Users\GCUser\AndroidStudioProjects\libgdx\core\build\classes\java\main;C:\Users\GCUser\AndroidStudioProjects\Gradle\gradle-4.6\caches\modules-2\files-2.1\com.badlogicgames.gdx\gdx-tools\1.9.8\5c32820fccee957cc77990d353297ceed1a63159\gdx-tools-1.9.8.jar;C:\Users\GCUser\AndroidStudioProjects\Gradle\gradle-4.6\caches\modules-2\files-2.1\com.badlogicgames.gdx\gdx-backend-lwjgl\1.9.8\b7c138f14ed67ad830ae7597da3d86ae02b20eee\gdx-backend-lwjgl-1.9.8.jar;C:\Users\GCUser\AndroidStudioProjects\Gradle\gradle-4.6\caches\modules-2\files-2.1\com.badlogicgames.gdx\gdx-platform\
Launcher Type: SUN_STANDARD

Environment Variables:
PATH=C:\ProgramData\Oracle\Java\javapath;C:\WINDOWS\system32;C:\WINDOWS;C:\WINDOWS\System32\Wbem;C:\WINDOWS\System32\WindowsPowerShell\v1.0\;c:\Program Files (x86)\QuickTime\QTSystem\;C:\WINDOWS\System32\WindowsPowerShell\v1.0\;C:\WINDOWS\System32\WindowsPowerShell\v1.0\;C:\Program Files\MySQL\MySQL Utilities 1.6\;C:\Users\GCUser\AndroidStudioProjects\Gradle\gradle-4.6\bin
USERNAME=GCUser
OS=Windows_NT
PROCESSOR_IDENTIFIER=Intel64 Family 6 Model 78 Stepping 3, GenuineIntel



---------------  S Y S T E M  ---------------

OS: Windows 7 , 64 bit Build 7601 (6.1.7601.24214)

CPU:total 4 (initial active 4) (2 cores per cpu, 2 threads per core) family 6 model 78 stepping 3, cmov, cx8, fxsr, mmx, sse, sse2, sse3, ssse3, sse4.1, sse4.2, popcnt, avx, avx2, aes, clmul, erms, 3dnowpref, lzcnt, ht, tsc, tscinvbit, bmi1, bmi2, adx

Memory: 4k page, physical 8266332k(1439496k free), swap 16530764k(8434068k free)

vm_info: Java HotSpot(TM) 64-Bit Server VM (25.171-b11) for windows-amd64 JRE (1.8.0_171-b11), built on Mar 28 2018 16:06:12 by "java_re" with MS VC++ 10.0 (VS2010)

time: Tue Sep 11 18:28:58 2018
elapsed time: 11 seconds (0d 0h 0m 11s)

