#
# A fatal error has been detected by the Java Runtime Environment:
#
#  EXCEPTION_ACCESS_VIOLATION (0xc0000005) at pc=0x0000000066bcbd0d, pid=8568, tid=0x0000000000000c4c
#
# JRE version: Java(TM) SE Runtime Environment (8.0_171-b11) (build 1.8.0_171-b11)
# Java VM: Java HotSpot(TM) 64-Bit Server VM (25.171-b11 mixed mode windows-amd64 compressed oops)
# Problematic frame:
# C  [gdx-box2d64.dll+0xbd0d]
#
# Failed to write core dump. Minidumps are not enabled by default on client versions of Windows
#
# If you would like to submit a bug report, please visit:
#   http://bugreport.java.com/bugreport/crash.jsp
# The crash happened outside the Java Virtual Machine in native code.
# See problematic frame for where to report the bug.
#

---------------  T H R E A D  ---------------

Current thread (0x0000000019e74800):  JavaThread "LWJGL Application" [_thread_in_native, id=3148, stack(0x000000001b070000,0x000000001b170000)]

siginfo: ExceptionCode=0xc0000005, reading address 0x0000002600000000

Registers:
RAX=0x0000002600000000, RBX=0x000000000047f890, RCX=0x000000000047f860, RDX=0x00000000000000b8
RSP=0x000000001b16e940, RBP=0x0000000000000006, RSI=0x000000000047f860, RDI=0x000000001b16ea00
R8 =0x000000000047f860, R9 =0x0000000000000000, R10=0x0000000000000000, R11=0x0000000000000001
R12=0x0000000000000000, R13=0x00000000174b1588, R14=0x000000001b16ed18, R15=0x0000000019e74800
RIP=0x0000000066bcbd0d, EFLAGS=0x0000000000010206

Top of Stack: (sp=0x000000001b16e940)
0x000000001b16e940:   0000000000498b00 00000000000007b3
0x000000001b16e950:   000000001d897390 0000000066bc39ae
0x000000001b16e960:   0000000042ca0000 000000000047f860
0x000000001b16e970:   0000000000000001 000000001b16ea00
0x000000001b16e980:   000000001b16eb20 0000000000000000
0x000000001b16e990:   00000000174b1588 0000000066be2483
0x000000001b16e9a0:   000000001b16ec20 0000000066be0498
0x000000001b16e9b0:   00000000d7a15908 0000000000000000
0x000000001b16e9c0:   0000000000000001 0000000000000001
0x000000001b16e9d0:   0000000000000001 0000000066be8616
0x000000001b16e9e0:   000000001b16ea70 0000000000000000
0x000000001b16e9f0:   000000001b16ec20 0000000066bdf36c
0x000000001b16ea00:   42de800000000000 0000000043bf2000
0x000000001b16ea10:   0000000000000000 0000000000000000
0x000000001b16ea20:   0000010100000000 00000000d7bc7801
0x000000001b16ea30:   0000000000000000 000000003f800000 

Instructions: (pc=0x0000000066bcbd0d)
0x0000000066bcbced:   48 8d 05 6c a3 05 00 0f b6 1c 18 80 fb 0d 0f b6
0x0000000066bcbcfd:   eb 77 21 48 8d 1c de 48 8b 43 10 48 85 c0 74 3a
0x0000000066bcbd0d:   48 8b 10 48 89 53 10 48 83 c4 28 5b 5e 5f 5d 41
0x0000000066bcbd1d:   5c 41 5d c3 48 8d 15 18 9e 04 00 48 8d 0d 99 9e 


Register to memory mapping:

RAX=0x0000002600000000 is an unknown value
RBX=0x000000000047f890 is an unknown value
RCX=0x000000000047f860 is an unknown value
RDX=0x00000000000000b8 is an unknown value
RSP=0x000000001b16e940 is pointing into the stack for thread: 0x0000000019e74800
RBP=0x0000000000000006 is an unknown value
RSI=0x000000000047f860 is an unknown value
RDI=0x000000001b16ea00 is pointing into the stack for thread: 0x0000000019e74800
R8 =0x000000000047f860 is an unknown value
R9 =0x0000000000000000 is an unknown value
R10=0x0000000000000000 is an unknown value
R11=0x0000000000000001 is an unknown value
R12=0x0000000000000000 is an unknown value
R13=0x00000000174b1588 is pointing into metadata
R14=0x000000001b16ed18 is pointing into the stack for thread: 0x0000000019e74800
R15=0x0000000019e74800 is a thread


Stack: [0x000000001b070000,0x000000001b170000],  sp=0x000000001b16e940,  free space=1018k
Native frames: (J=compiled Java code, j=interpreted, Vv=VM code, C=native code)
C  [gdx-box2d64.dll+0xbd0d]
C  [gdx-box2d64.dll+0x22483]
C  [gdx-box2d64.dll+0x28616]
C  0x0000000002d9e164

Java frames: (J=compiled Java code, j=interpreted, Vv=VM code)
J 692  com.badlogic.gdx.physics.box2d.World.jniCreateBody(JIFFFFFFFFZZZZZF)J (0 bytes) @ 0x0000000002d9e0e6 [0x0000000002d9e040+0xa6]
J 691 C1 com.badlogic.gdx.physics.box2d.World.createBody(Lcom/badlogic/gdx/physics/box2d/BodyDef;)Lcom/badlogic/gdx/physics/box2d/Body; (120 bytes) @ 0x0000000002d9e9fc [0x0000000002d9e860+0x19c]
j  com.mygdx.game.Tools.b2dWorldCreator.updateSqs(Lcom/badlogic/gdx/Screen;)V+301
j  com.mygdx.game.Screens.practiceDynTiles.update(F)V+455
J 1005 C2 com.mygdx.game.Screens.practiceDynTiles.render(F)V (399 bytes) @ 0x0000000002ea3aa8 [0x0000000002ea3920+0x188]
j  com.badlogic.gdx.Game.render()V+19
j  com.mygdx.game.MyGdxGame.render()V+1
j  com.badlogic.gdx.backends.lwjgl.LwjglApplication.mainLoop()V+698
j  com.badlogic.gdx.backends.lwjgl.LwjglApplication$1.run()V+27
v  ~StubRoutines::call_stub

---------------  P R O C E S S  ---------------

Java Threads: ( => current thread )
  0x000000001a13c000 JavaThread "LWJGL Timer" daemon [_thread_blocked, id=8092, stack(0x000000001e340000,0x000000001e440000)]
  0x0000000001c8b000 JavaThread "DestroyJavaVM" [_thread_blocked, id=10668, stack(0x00000000024a0000,0x00000000025a0000)]
=>0x0000000019e74800 JavaThread "LWJGL Application" [_thread_in_native, id=3148, stack(0x000000001b070000,0x000000001b170000)]
  0x0000000018be5000 JavaThread "Service Thread" daemon [_thread_blocked, id=10336, stack(0x00000000193e0000,0x00000000194e0000)]
  0x0000000018ba7800 JavaThread "C1 CompilerThread2" daemon [_thread_blocked, id=7500, stack(0x0000000019840000,0x0000000019940000)]
  0x0000000018b9e000 JavaThread "C2 CompilerThread1" daemon [_thread_blocked, id=10200, stack(0x0000000019610000,0x0000000019710000)]
  0x0000000018b9d000 JavaThread "C2 CompilerThread0" daemon [_thread_blocked, id=10156, stack(0x00000000194e0000,0x00000000195e0000)]
  0x0000000018b9a000 JavaThread "Monitor Ctrl-Break" daemon [_thread_in_native, id=7244, stack(0x0000000019270000,0x0000000019370000)]
  0x0000000017704000 JavaThread "Attach Listener" daemon [_thread_blocked, id=6188, stack(0x0000000019100000,0x0000000019200000)]
  0x0000000017703000 JavaThread "Signal Dispatcher" daemon [_thread_blocked, id=1144, stack(0x0000000018f30000,0x0000000019030000)]
  0x00000000176ed000 JavaThread "Finalizer" daemon [_thread_blocked, id=1980, stack(0x0000000018960000,0x0000000018a60000)]
  0x00000000176a6000 JavaThread "Reference Handler" daemon [_thread_blocked, id=8236, stack(0x0000000018830000,0x0000000018930000)]

Other Threads:
  0x000000001769e800 VMThread [stack: 0x0000000018700000,0x0000000018800000] [id=9748]
  0x0000000018be9000 WatcherThread [stack: 0x0000000019740000,0x0000000019840000] [id=3332]

VM state:not at safepoint (normal execution)

VM Mutex/Monitor currently owned by a thread: None

Heap:
 PSYoungGen      total 179200K, used 99541K [0x00000000d5f00000, 0x00000000e6a80000, 0x0000000100000000)
  eden space 111104K, 28% used [0x00000000d5f00000,0x00000000d7db55f8,0x00000000dcb80000)
  from space 68096K, 100% used [0x00000000e1b80000,0x00000000e5e00000,0x00000000e5e00000)
  to   space 81408K, 0% used [0x00000000dcb80000,0x00000000dcb80000,0x00000000e1b00000)
 ParOldGen       total 286720K, used 179964K [0x0000000081c00000, 0x0000000093400000, 0x00000000d5f00000)
  object space 286720K, 62% used [0x0000000081c00000,0x000000008cbbf088,0x0000000093400000)
 Metaspace       used 8965K, capacity 9011K, committed 9088K, reserved 1056768K
  class space    used 852K, capacity 880K, committed 896K, reserved 1048576K

Card table byte_map: [0x0000000011e20000,0x0000000012220000] byte_map_base: 0x0000000011a12000

Marking Bits: (ParMarkBitMap*) 0x00000000533708c0
 Begin Bits: [0x00000000129f0000, 0x0000000014980000)
 End Bits:   [0x0000000014980000, 0x0000000016910000)

Polling page: 0x0000000000130000

CodeCache: size=245760Kb used=4898Kb max_used=4904Kb free=240861Kb
 bounds [0x0000000002a60000, 0x0000000002f30000, 0x0000000011a60000]
 total_blobs=1641 nmethods=1131 adapters=423
 compilation: enabled

Compilation events (10 events):
Event: 10.830 Thread 0x0000000018ba7800 1127       3       java.util.Formatter$Flags::contains (22 bytes)
Event: 10.830 Thread 0x0000000018ba7800 nmethod 1127 0x0000000002f29fd0 code [0x0000000002f2a140, 0x0000000002f2a350]
Event: 11.079 Thread 0x0000000018b9d000 1128       4       com.badlogic.gdx.graphics.glutils.ShaderProgram::fetchUniformLocation (90 bytes)
Event: 11.084 Thread 0x0000000018b9d000 nmethod 1128 0x0000000002f2d490 code [0x0000000002f2d5e0, 0x0000000002f2da78]
Event: 11.145 Thread 0x0000000018b9e000 1129       4       com.badlogic.gdx.math.Plane::set (60 bytes)
Event: 11.148 Thread 0x0000000018b9e000 nmethod 1129 0x0000000002f2c110 code [0x0000000002f2c280, 0x0000000002f2c4b8]
Event: 11.179 Thread 0x0000000018ba7800 1130       3       com.badlogic.gdx.math.Affine2::setToTrnRotScl (92 bytes)
Event: 11.180 Thread 0x0000000018ba7800 nmethod 1130 0x0000000002f2ca10 code [0x0000000002f2cbe0, 0x0000000002f2d0b0]
Event: 11.180 Thread 0x0000000018ba7800 1131       3       com.badlogic.gdx.math.Matrix4::set (142 bytes)
Event: 11.180 Thread 0x0000000018ba7800 nmethod 1131 0x0000000002f2b950 code [0x0000000002f2bac0, 0x0000000002f2be50]

GC Heap History (10 events):
Event: 2.545 GC heap before
{Heap before GC invocations=4 (full 1):
 PSYoungGen      total 38400K, used 5118K [0x00000000d5f00000, 0x00000000daa00000, 0x0000000100000000)
  eden space 33280K, 0% used [0x00000000d5f00000,0x00000000d5f00000,0x00000000d7f80000)
  from space 5120K, 99% used [0x00000000d7f80000,0x00000000d847f8a0,0x00000000d8480000)
  to   space 5120K, 0% used [0x00000000da500000,0x00000000da500000,0x00000000daa00000)
 ParOldGen       total 87552K, used 80130K [0x0000000081c00000, 0x0000000087180000, 0x00000000d5f00000)
  object space 87552K, 91% used [0x0000000081c00000,0x0000000086a40860,0x0000000087180000)
 Metaspace       used 6706K, capacity 6803K, committed 7168K, reserved 1056768K
  class space    used 639K, capacity 656K, committed 768K, reserved 1048576K
Event: 2.571 GC heap after
Heap after GC invocations=4 (full 1):
 PSYoungGen      total 38400K, used 0K [0x00000000d5f00000, 0x00000000daa00000, 0x0000000100000000)
  eden space 33280K, 0% used [0x00000000d5f00000,0x00000000d5f00000,0x00000000d7f80000)
  from space 5120K, 0% used [0x00000000d7f80000,0x00000000d7f80000,0x00000000d8480000)
  to   space 5120K, 0% used [0x00000000da500000,0x00000000da500000,0x00000000daa00000)
 ParOldGen       total 162816K, used 83955K [0x0000000081c00000, 0x000000008bb00000, 0x00000000d5f00000)
  object space 162816K, 51% used [0x0000000081c00000,0x0000000086dfce40,0x000000008bb00000)
 Metaspace       used 6706K, capacity 6803K, committed 7168K, reserved 1056768K
  class space    used 639K, capacity 656K, committed 768K, reserved 1048576K
}
Event: 2.650 GC heap before
{Heap before GC invocations=5 (full 1):
 PSYoungGen      total 38400K, used 33280K [0x00000000d5f00000, 0x00000000daa00000, 0x0000000100000000)
  eden space 33280K, 100% used [0x00000000d5f00000,0x00000000d7f80000,0x00000000d7f80000)
  from space 5120K, 0% used [0x00000000d7f80000,0x00000000d7f80000,0x00000000d8480000)
  to   space 5120K, 0% used [0x00000000da500000,0x00000000da500000,0x00000000daa00000)
 ParOldGen       total 162816K, used 83955K [0x0000000081c00000, 0x000000008bb00000, 0x00000000d5f00000)
  object space 162816K, 51% used [0x0000000081c00000,0x0000000086dfce40,0x000000008bb00000)
 Metaspace       used 6706K, capacity 6803K, committed 7168K, reserved 1056768K
  class space    used 639K, capacity 656K, committed 768K, reserved 1048576K
Event: 2.663 GC heap after
Heap after GC invocations=5 (full 1):
 PSYoungGen      total 69632K, used 5120K [0x00000000d5f00000, 0x00000000daa00000, 0x0000000100000000)
  eden space 64512K, 0% used [0x00000000d5f00000,0x00000000d5f00000,0x00000000d9e00000)
  from space 5120K, 100% used [0x00000000da500000,0x00000000daa00000,0x00000000daa00000)
  to   space 5120K, 0% used [0x00000000da000000,0x00000000da000000,0x00000000da500000)
 ParOldGen       total 162816K, used 112182K [0x0000000081c00000, 0x000000008bb00000, 0x00000000d5f00000)
  object space 162816K, 68% used [0x0000000081c00000,0x000000008898d8d0,0x000000008bb00000)
 Metaspace       used 6706K, capacity 6803K, committed 7168K, reserved 1056768K
  class space    used 639K, capacity 656K, committed 768K, reserved 1048576K
}
Event: 2.869 GC heap before
{Heap before GC invocations=6 (full 1):
 PSYoungGen      total 69632K, used 69632K [0x00000000d5f00000, 0x00000000daa00000, 0x0000000100000000)
  eden space 64512K, 100% used [0x00000000d5f00000,0x00000000d9e00000,0x00000000d9e00000)
  from space 5120K, 100% used [0x00000000da500000,0x00000000daa00000,0x00000000daa00000)
  to   space 5120K, 0% used [0x00000000da000000,0x00000000da000000,0x00000000da500000)
 ParOldGen       total 162816K, used 112182K [0x0000000081c00000, 0x000000008bb00000, 0x00000000d5f00000)
  object space 162816K, 68% used [0x0000000081c00000,0x000000008898d8d0,0x000000008bb00000)
 Metaspace       used 6706K, capacity 6803K, committed 7168K, reserved 1056768K
  class space    used 639K, capacity 656K, committed 768K, reserved 1048576K
Event: 2.898 GC heap after
Heap after GC invocations=6 (full 1):
 PSYoungGen      total 71680K, used 5120K [0x00000000d5f00000, 0x00000000e5e00000, 0x0000000100000000)
  eden space 66560K, 0% used [0x00000000d5f00000,0x00000000d5f00000,0x00000000da000000)
  from space 5120K, 100% used [0x00000000da000000,0x00000000da500000,0x00000000da500000)
  to   space 68096K, 0% used [0x00000000e1b80000,0x00000000e1b80000,0x00000000e5e00000)
 ParOldGen       total 176640K, used 176404K [0x0000000081c00000, 0x000000008c880000, 0x00000000d5f00000)
  object space 176640K, 99% used [0x0000000081c00000,0x000000008c845350,0x000000008c880000)
 Metaspace       used 6706K, capacity 6803K, committed 7168K, reserved 1056768K
  class space    used 639K, capacity 656K, committed 768K, reserved 1048576K
}
Event: 2.898 GC heap before
{Heap before GC invocations=7 (full 2):
 PSYoungGen      total 71680K, used 5120K [0x00000000d5f00000, 0x00000000e5e00000, 0x0000000100000000)
  eden space 66560K, 0% used [0x00000000d5f00000,0x00000000d5f00000,0x00000000da000000)
  from space 5120K, 100% used [0x00000000da000000,0x00000000da500000,0x00000000da500000)
  to   space 68096K, 0% used [0x00000000e1b80000,0x00000000e1b80000,0x00000000e5e00000)
 ParOldGen       total 176640K, used 176404K [0x0000000081c00000, 0x000000008c880000, 0x00000000d5f00000)
  object space 176640K, 99% used [0x0000000081c00000,0x000000008c845350,0x000000008c880000)
 Metaspace       used 6706K, capacity 6803K, committed 7168K, reserved 1056768K
  class space    used 639K, capacity 656K, committed 768K, reserved 1048576K
Event: 2.942 GC heap after
Heap after GC invocations=7 (full 2):
 PSYoungGen      total 71680K, used 5012K [0x00000000d5f00000, 0x00000000e5e00000, 0x0000000100000000)
  eden space 66560K, 0% used [0x00000000d5f00000,0x00000000d5f00000,0x00000000da000000)
  from space 5120K, 97% used [0x00000000da000000,0x00000000da4e51e0,0x00000000da500000)
  to   space 68096K, 0% used [0x00000000e1b80000,0x00000000e1b80000,0x00000000e5e00000)
 ParOldGen       total 286720K, used 176392K [0x0000000081c00000, 0x0000000093400000, 0x00000000d5f00000)
  object space 286720K, 61% used [0x0000000081c00000,0x000000008c8422e8,0x0000000093400000)
 Metaspace       used 6706K, capacity 6803K, committed 7168K, reserved 1056768K
  class space    used 639K, capacity 656K, committed 768K, reserved 1048576K
}
Event: 3.214 GC heap before
{Heap before GC invocations=8 (full 2):
 PSYoungGen      total 71680K, used 71572K [0x00000000d5f00000, 0x00000000e5e00000, 0x0000000100000000)
  eden space 66560K, 100% used [0x00000000d5f00000,0x00000000da000000,0x00000000da000000)
  from space 5120K, 97% used [0x00000000da000000,0x00000000da4e51e0,0x00000000da500000)
  to   space 68096K, 0% used [0x00000000e1b80000,0x00000000e1b80000,0x00000000e5e00000)
 ParOldGen       total 286720K, used 176392K [0x0000000081c00000, 0x0000000093400000, 0x00000000d5f00000)
  object space 286720K, 61% used [0x0000000081c00000,0x000000008c8422e8,0x0000000093400000)
 Metaspace       used 6707K, capacity 6803K, committed 7168K, reserved 1056768K
  class space    used 639K, capacity 656K, committed 768K, reserved 1048576K
Event: 3.245 GC heap after
Heap after GC invocations=8 (full 2):
 PSYoungGen      total 179200K, used 68096K [0x00000000d5f00000, 0x00000000e6a80000, 0x0000000100000000)
  eden space 111104K, 0% used [0x00000000d5f00000,0x00000000d5f00000,0x00000000dcb80000)
  from space 68096K, 100% used [0x00000000e1b80000,0x00000000e5e00000,0x00000000e5e00000)
  to   space 81408K, 0% used [0x00000000dcb80000,0x00000000dcb80000,0x00000000e1b00000)
 ParOldGen       total 286720K, used 179964K [0x0000000081c00000, 0x0000000093400000, 0x00000000d5f00000)
  object space 286720K, 62% used [0x0000000081c00000,0x000000008cbbf088,0x0000000093400000)
 Metaspace       used 6707K, capacity 6803K, committed 7168K, reserved 1056768K
  class space    used 639K, capacity 656K, committed 768K, reserved 1048576K
}

Deoptimization events (9 events):
Event: 3.274 Thread 0x0000000019e74800 Uncommon trap: reason=intrinsic action=make_not_entrant pc=0x0000000002cc02ac method=com.mygdx.game.Screens.practiceDynTiles.landmapGenandPerlin()V @ 762
Event: 3.333 Thread 0x0000000019e74800 Uncommon trap: reason=unstable_if action=reinterpret pc=0x0000000002cc2564 method=com.mygdx.game.Screens.practiceDynTiles.landmapGenandPerlin()V @ 585
Event: 3.416 Thread 0x0000000019e74800 Uncommon trap: reason=unstable_if action=reinterpret pc=0x0000000002cd1938 method=com.mygdx.game.Screens.practiceDynTiles.landmapGenandPerlin()V @ 545
Event: 3.430 Thread 0x0000000019e74800 Uncommon trap: reason=unstable_if action=reinterpret pc=0x0000000002ca4d60 method=com.mygdx.game.Screens.practiceDynTiles.landmapGenandPerlin()V @ 1002
Event: 3.583 Thread 0x0000000019e74800 Uncommon trap: reason=unstable_if action=reinterpret pc=0x0000000002d42f24 method=java.util.StringTokenizer.scanToken(I)I @ 7
Event: 3.584 Thread 0x0000000019e74800 Uncommon trap: reason=unstable_if action=reinterpret pc=0x0000000002d30f14 method=java.util.StringTokenizer.skipDelimiters(I)I @ 29
Event: 3.584 Thread 0x0000000019e74800 Uncommon trap: reason=unstable_if action=reinterpret pc=0x0000000002d344ec method=java.util.StringTokenizer.scanToken(I)I @ 7
Event: 5.745 Thread 0x0000000019e74800 Uncommon trap: reason=unstable_if action=reinterpret pc=0x0000000002e7decc method=com.mygdx.game.Screens.practiceDynTiles.update(F)V @ 16
Event: 11.212 Thread 0x0000000019e74800 Uncommon trap: reason=unstable_if action=reinterpret pc=0x0000000002ed58c8 method=com.mygdx.game.Screens.practiceDynTiles.update(F)V @ 249

Classes redefined (0 events):
No events

Internal exceptions (10 events):
Event: 0.411 Thread 0x0000000001c8b000 Exception <a 'java/security/PrivilegedActionException'> (0x00000000d63c1988) thrown at [C:\re\workspace\8-2-build-windows-amd64-cygwin\jdk8u171\10807\hotspot\src\share\vm\prims\jvm.cpp, line 1435]
Event: 0.411 Thread 0x0000000001c8b000 Exception <a 'java/security/PrivilegedActionException'> (0x00000000d63c1b98) thrown at [C:\re\workspace\8-2-build-windows-amd64-cygwin\jdk8u171\10807\hotspot\src\share\vm\prims\jvm.cpp, line 1435]
Event: 0.412 Thread 0x0000000001c8b000 Exception <a 'java/security/PrivilegedActionException'> (0x00000000d63c5aa8) thrown at [C:\re\workspace\8-2-build-windows-amd64-cygwin\jdk8u171\10807\hotspot\src\share\vm\prims\jvm.cpp, line 1435]
Event: 0.412 Thread 0x0000000001c8b000 Exception <a 'java/security/PrivilegedActionException'> (0x00000000d63c5cb8) thrown at [C:\re\workspace\8-2-build-windows-amd64-cygwin\jdk8u171\10807\hotspot\src\share\vm\prims\jvm.cpp, line 1435]
Event: 1.048 Thread 0x0000000001c8b000 Exception <a 'java/security/PrivilegedActionException'> (0x00000000d65f4198) thrown at [C:\re\workspace\8-2-build-windows-amd64-cygwin\jdk8u171\10807\hotspot\src\share\vm\prims\jvm.cpp, line 1435]
Event: 1.049 Thread 0x0000000001c8b000 Exception <a 'java/security/PrivilegedActionException'> (0x00000000d65f5e70) thrown at [C:\re\workspace\8-2-build-windows-amd64-cygwin\jdk8u171\10807\hotspot\src\share\vm\prims\jvm.cpp, line 1435]
Event: 1.049 Thread 0x0000000001c8b000 Exception <a 'java/security/PrivilegedActionException'> (0x00000000d65f6fe0) thrown at [C:\re\workspace\8-2-build-windows-amd64-cygwin\jdk8u171\10807\hotspot\src\share\vm\prims\jvm.cpp, line 1435]
Event: 1.049 Thread 0x0000000001c8b000 Exception <a 'java/security/PrivilegedActionException'> (0x00000000d65fc520) thrown at [C:\re\workspace\8-2-build-windows-amd64-cygwin\jdk8u171\10807\hotspot\src\share\vm\prims\jvm.cpp, line 1435]
Event: 1.049 Thread 0x0000000001c8b000 Exception <a 'java/security/PrivilegedActionException'> (0x00000000d65fd178) thrown at [C:\re\workspace\8-2-build-windows-amd64-cygwin\jdk8u171\10807\hotspot\src\share\vm\prims\jvm.cpp, line 1435]
Event: 1.049 Thread 0x0000000001c8b000 Exception <a 'java/security/PrivilegedActionException'> (0x00000000d65fdda0) thrown at [C:\re\workspace\8-2-build-windows-amd64-cygwin\jdk8u171\10807\hotspot\src\share\vm\prims\jvm.cpp, line 1435]

Events (10 events):
Event: 6.562 Thread 0x0000000019e74800 DEOPT UNPACKING pc=0x0000000002aa7890 sp=0x000000001b16ea60 mode 0
Event: 6.712 Thread 0x0000000019e74800 DEOPT PACKING pc=0x0000000002e94fcf sp=0x000000001b16ec10
Event: 6.712 Thread 0x0000000019e74800 DEOPT UNPACKING pc=0x0000000002aa7890 sp=0x000000001b16ea60 mode 0
Event: 6.845 Thread 0x0000000019e74800 DEOPT PACKING pc=0x0000000002e94fcf sp=0x000000001b16ec10
Event: 6.845 Thread 0x0000000019e74800 DEOPT UNPACKING pc=0x0000000002aa7890 sp=0x000000001b16ea60 mode 0
Event: 6.979 Thread 0x0000000019e74800 DEOPT PACKING pc=0x0000000002e94fcf sp=0x000000001b16ec10
Event: 6.979 Thread 0x0000000019e74800 DEOPT UNPACKING pc=0x0000000002aa7890 sp=0x000000001b16ea60 mode 0
Event: 11.212 Thread 0x0000000019e74800 Uncommon trap: trap_request=0xffffff65 fr.pc=0x0000000002ed58c8
Event: 11.212 Thread 0x0000000019e74800 DEOPT PACKING pc=0x0000000002ed58c8 sp=0x000000001b16ec50
Event: 11.212 Thread 0x0000000019e74800 DEOPT UNPACKING pc=0x0000000002aa583b sp=0x000000001b16ece0 mode 2


Dynamic libraries:
0x000000013f2e0000 - 0x000000013f317000 	C:\Program Files\Java\jdk1.8.0_171\bin\java.exe
0x00000000774c0000 - 0x000000007765f000 	C:\WINDOWS\SYSTEM32\ntdll.dll
0x00000000772a0000 - 0x00000000773bf000 	C:\WINDOWS\system32\kernel32.dll
0x000007fefd3b0000 - 0x000007fefd41a000 	C:\WINDOWS\system32\KERNELBASE.dll
0x000007feff6d0000 - 0x000007feff7ab000 	C:\WINDOWS\system32\ADVAPI32.dll
0x000007fefed70000 - 0x000007fefee0f000 	C:\WINDOWS\system32\msvcrt.dll
0x000007fefee90000 - 0x000007fefeeaf000 	C:\WINDOWS\SYSTEM32\sechost.dll
0x000007fefeeb0000 - 0x000007fefefdd000 	C:\WINDOWS\system32\RPCRT4.dll
0x00000000773c0000 - 0x00000000774ba000 	C:\WINDOWS\system32\USER32.dll
0x000007fefe750000 - 0x000007fefe7b7000 	C:\WINDOWS\system32\GDI32.dll
0x000007fefd9b0000 - 0x000007fefd9be000 	C:\WINDOWS\system32\LPK.dll
0x000007fefeb10000 - 0x000007fefebdb000 	C:\WINDOWS\system32\USP10.dll
0x000007fefbab0000 - 0x000007fefbca4000 	C:\WINDOWS\WinSxS\amd64_microsoft.windows.common-controls_6595b64144ccf1df_6.0.7601.18837_none_fa3b1e3d17594757\COMCTL32.dll
0x000007feff440000 - 0x000007feff4b1000 	C:\WINDOWS\system32\SHLWAPI.dll
0x000007feff5d0000 - 0x000007feff5fe000 	C:\WINDOWS\system32\IMM32.DLL
0x000007feff4c0000 - 0x000007feff5c9000 	C:\WINDOWS\system32\MSCTF.dll
0x0000000073d90000 - 0x0000000073e62000 	C:\Program Files\Java\jdk1.8.0_171\jre\bin\msvcr100.dll
0x0000000052b50000 - 0x00000000533f0000 	C:\Program Files\Java\jdk1.8.0_171\jre\bin\server\jvm.dll
0x000007fef48d0000 - 0x000007fef48d9000 	C:\WINDOWS\system32\WSOCK32.dll
0x000007feff680000 - 0x000007feff6cd000 	C:\WINDOWS\system32\WS2_32.dll
0x000007fefeb00000 - 0x000007fefeb08000 	C:\WINDOWS\system32\NSI.dll
0x000007fefb290000 - 0x000007fefb2cb000 	C:\WINDOWS\system32\WINMM.dll
0x000007fefc140000 - 0x000007fefc14c000 	C:\WINDOWS\system32\VERSION.dll
0x0000000077670000 - 0x0000000077677000 	C:\WINDOWS\system32\PSAPI.DLL
0x0000000074cf0000 - 0x0000000074cff000 	C:\Program Files\Java\jdk1.8.0_171\jre\bin\verify.dll
0x0000000074120000 - 0x0000000074149000 	C:\Program Files\Java\jdk1.8.0_171\jre\bin\java.dll
0x000000006f170000 - 0x000000006f193000 	C:\Program Files\Java\jdk1.8.0_171\jre\bin\instrument.dll
0x0000000073d70000 - 0x0000000073d86000 	C:\Program Files\Java\jdk1.8.0_171\jre\bin\zip.dll
0x000007fefd9c0000 - 0x000007fefe74b000 	C:\WINDOWS\system32\SHELL32.dll
0x000007fefe900000 - 0x000007fefeafd000 	C:\WINDOWS\system32\ole32.dll
0x000007fefd070000 - 0x000007fefd07f000 	C:\WINDOWS\system32\profapi.dll
0x000007fefa320000 - 0x000007fefa33a000 	C:\Program Files\Android\Android Studio\bin\breakgen64.dll
0x00000000730d0000 - 0x00000000730ea000 	C:\Program Files\Java\jdk1.8.0_171\jre\bin\net.dll
0x000007fefc7f0000 - 0x000007fefc845000 	C:\WINDOWS\system32\mswsock.dll
0x000007fefc7e0000 - 0x000007fefc7e7000 	C:\WINDOWS\System32\wship6.dll
0x0000000065580000 - 0x0000000065616000 	C:\Users\GCUser\AppData\Local\Temp\libgdxGCUser\12dfaa03\gdx64.dll
0x000007fefc850000 - 0x000007fefc868000 	C:\WINDOWS\system32\CRYPTSP.dll
0x000007fefc550000 - 0x000007fefc597000 	C:\WINDOWS\system32\rsaenh.dll
0x000007fefd390000 - 0x000007fefd3ae000 	C:\WINDOWS\system32\USERENV.dll
0x000007fefcf00000 - 0x000007fefcf0f000 	C:\WINDOWS\system32\CRYPTBASE.dll
0x000007fefa8e0000 - 0x000007fefa907000 	C:\WINDOWS\system32\IPHLPAPI.DLL
0x000007fefa8d0000 - 0x000007fefa8db000 	C:\WINDOWS\system32\WINNSI.DLL
0x000007fef9fc0000 - 0x000007fef9fd8000 	C:\WINDOWS\system32\dhcpcsvc.DLL
0x000007fef9fa0000 - 0x000007fef9fb1000 	C:\WINDOWS\system32\dhcpcsvc6.DLL
0x000000006d9c0000 - 0x000000006d9d1000 	C:\Program Files\Java\jdk1.8.0_171\jre\bin\nio.dll
0x0000000180000000 - 0x0000000180053000 	C:\Users\GCUser\AppData\Local\Temp\libgdxGCUser\dc0f0009\lwjgl64.dll
0x000007feecce0000 - 0x000007feecdfd000 	C:\WINDOWS\system32\OPENGL32.dll
0x000007feeccb0000 - 0x000007feeccdd000 	C:\WINDOWS\system32\GLU32.dll
0x000007feecbb0000 - 0x000007feecca1000 	C:\WINDOWS\system32\DDRAW.dll
0x000007feecba0000 - 0x000007feecba8000 	C:\WINDOWS\system32\DCIMAN32.dll
0x000007fefd420000 - 0x000007fefd5f7000 	C:\WINDOWS\system32\SETUPAPI.dll
0x000007fefd0f0000 - 0x000007fefd126000 	C:\WINDOWS\system32\CFGMGR32.dll
0x000007fefd8d0000 - 0x000007fefd9aa000 	C:\WINDOWS\system32\OLEAUT32.dll
0x000007fefd0d0000 - 0x000007fefd0ea000 	C:\WINDOWS\system32\DEVOBJ.dll
0x000007fefae30000 - 0x000007fefae48000 	C:\WINDOWS\system32\dwmapi.dll
0x00000000002c0000 - 0x0000000000324000 	C:\Users\GCUser\AppData\Local\Temp\libgdxGCUser\dc0f0009\OpenAL64.dll
0x000007fefb760000 - 0x000007fefb7b6000 	C:\WINDOWS\system32\uxtheme.dll
0x000007fefe860000 - 0x000007fefe8f9000 	C:\WINDOWS\system32\CLBCatQ.DLL
0x000007fefb930000 - 0x000007fefba5c000 	C:\WINDOWS\System32\PROPSYS.dll
0x000007fefd090000 - 0x000007fefd0cb000 	C:\WINDOWS\system32\WINTRUST.dll
0x000007fefd200000 - 0x000007fefd36d000 	C:\WINDOWS\system32\CRYPT32.dll
0x000007fefd060000 - 0x000007fefd06f000 	C:\WINDOWS\system32\MSASN1.dll
0x000007fee7120000 - 0x000007fee71a8000 	C:\WINDOWS\system32\dsound.dll
0x000007fefb820000 - 0x000007fefb84c000 	C:\WINDOWS\system32\POWRPROF.dll
0x000007fefb7d0000 - 0x000007fefb81b000 	C:\WINDOWS\System32\MMDevApi.dll
0x000007fefada0000 - 0x000007fefadef000 	C:\WINDOWS\system32\AUDIOSES.DLL
0x000007fed0140000 - 0x000007fed0e3a000 	C:\WINDOWS\system32\ig9icd64.dll
0x000007feef130000 - 0x000007feeff9d000 	C:\WINDOWS\system32\igc64.dll
0x000007fefaee0000 - 0x000007fefaef1000 	C:\WINDOWS\system32\WTSAPI32.dll
0x000007fee0750000 - 0x000007fee07ec000 	C:\WINDOWS\system32\mscms.dll
0x000007fedc000000 - 0x000007fedc042000 	C:\WINDOWS\system32\icm32.dll
0x0000000066bc0000 - 0x0000000066c7b000 	C:\Users\GCUser\AppData\Local\Temp\libgdxGCUser\54593449\gdx-box2d64.dll
0x000007fef5be0000 - 0x000007fef5d05000 	C:\WINDOWS\system32\dbghelp.dll

VM Arguments:
jvm_args: -javaagent:C:\Program Files\Android\Android Studio\lib\idea_rt.jar=61545:C:\Program Files\Android\Android Studio\bin -Dfile.encoding=UTF-8 
java_command: com.mygdx.game.desktop.DesktopLauncher
java_class_path (initial): C:\Program Files\Java\jdk1.8.0_171\jre\lib\charsets.jar;C:\Program Files\Java\jdk1.8.0_171\jre\lib\deploy.jar;C:\Program Files\Java\jdk1.8.0_171\jre\lib\ext\access-bridge-64.jar;C:\Program Files\Java\jdk1.8.0_171\jre\lib\ext\cldrdata.jar;C:\Program Files\Java\jdk1.8.0_171\jre\lib\ext\dnsns.jar;C:\Program Files\Java\jdk1.8.0_171\jre\lib\ext\jaccess.jar;C:\Program Files\Java\jdk1.8.0_171\jre\lib\ext\jfxrt.jar;C:\Program Files\Java\jdk1.8.0_171\jre\lib\ext\localedata.jar;C:\Program Files\Java\jdk1.8.0_171\jre\lib\ext\nashorn.jar;C:\Program Files\Java\jdk1.8.0_171\jre\lib\ext\sunec.jar;C:\Program Files\Java\jdk1.8.0_171\jre\lib\ext\sunjce_provider.jar;C:\Program Files\Java\jdk1.8.0_171\jre\lib\ext\sunmscapi.jar;C:\Program Files\Java\jdk1.8.0_171\jre\lib\ext\sunpkcs11.jar;C:\Program Files\Java\jdk1.8.0_171\jre\lib\ext\zipfs.jar;C:\Program Files\Java\jdk1.8.0_171\jre\lib\javaws.jar;C:\Program Files\Java\jdk1.8.0_171\jre\lib\jce.jar;C:\Program Files\Java\jdk1.8.0_171\jre\lib\jfr.jar;C:\Program Files\Java\jdk1.8.0_171\jre\lib\jfxswt.jar;C:\Program Files\Java\jdk1.8.0_171\jre\lib\jsse.jar;C:\Program Files\Java\jdk1.8.0_171\jre\lib\management-agent.jar;C:\Program Files\Java\jdk1.8.0_171\jre\lib\plugin.jar;C:\Program Files\Java\jdk1.8.0_171\jre\lib\resources.jar;C:\Program Files\Java\jdk1.8.0_171\jre\lib\rt.jar;C:\Users\GCUser\AndroidStudioProjects\libgdx\desktop\build\classes\java\main;C:\Users\GCUser\AndroidStudioProjects\libgdx\core\build\classes\java\main;C:\Users\GCUser\AndroidStudioProjects\Gradle\gradle-4.6\caches\modules-2\files-2.1\com.badlogicgames.gdx\gdx-tools\1.9.8\5c32820fccee957cc77990d353297ceed1a63159\gdx-tools-1.9.8.jar;C:\Users\GCUser\AndroidStudioProjects\Gradle\gradle-4.6\caches\modules-2\files-2.1\com.badlogicgames.gdx\gdx-backend-lwjgl\1.9.8\b7c138f14ed67ad830ae7597da3d86ae02b20eee\gdx-backend-lwjgl-1.9.8.jar;C:\Users\GCUser\AndroidStudioProjects\Gradle\gradle-4.6\caches\modules-2\files-2.1\com.badlogicgames.gdx\gdx-platform\
Launcher Type: SUN_STANDARD

Environment Variables:
PATH=C:\ProgramData\Oracle\Java\javapath;C:\WINDOWS\system32;C:\WINDOWS;C:\WINDOWS\System32\Wbem;C:\WINDOWS\System32\WindowsPowerShell\v1.0\;c:\Program Files (x86)\QuickTime\QTSystem\;C:\WINDOWS\System32\WindowsPowerShell\v1.0\;C:\WINDOWS\System32\WindowsPowerShell\v1.0\;C:\Program Files\MySQL\MySQL Utilities 1.6\;C:\Users\GCUser\AndroidStudioProjects\Gradle\gradle-4.6\bin
USERNAME=GCUser
OS=Windows_NT
PROCESSOR_IDENTIFIER=Intel64 Family 6 Model 78 Stepping 3, GenuineIntel



---------------  S Y S T E M  ---------------

OS: Windows 7 , 64 bit Build 7601 (6.1.7601.24214)

CPU:total 4 (initial active 4) (2 cores per cpu, 2 threads per core) family 6 model 78 stepping 3, cmov, cx8, fxsr, mmx, sse, sse2, sse3, ssse3, sse4.1, sse4.2, popcnt, avx, avx2, aes, clmul, erms, 3dnowpref, lzcnt, ht, tsc, tscinvbit, bmi1, bmi2, adx

Memory: 4k page, physical 8266332k(1493556k free), swap 16530764k(8456308k free)

vm_info: Java HotSpot(TM) 64-Bit Server VM (25.171-b11) for windows-amd64 JRE (1.8.0_171-b11), built on Mar 28 2018 16:06:12 by "java_re" with MS VC++ 10.0 (VS2010)

time: Tue Sep 11 18:22:17 2018
elapsed time: 11 seconds (0d 0h 0m 11s)

