#
# A fatal error has been detected by the Java Runtime Environment:
#
#  EXCEPTION_ACCESS_VIOLATION (0xc0000005) at pc=0x0000000066bcbd0d, pid=6924, tid=0x0000000000002aac
#
# JRE version: Java(TM) SE Runtime Environment (8.0_171-b11) (build 1.8.0_171-b11)
# Java VM: Java HotSpot(TM) 64-Bit Server VM (25.171-b11 mixed mode windows-amd64 compressed oops)
# Problematic frame:
# C  [gdx-box2d64.dll+0xbd0d]
#
# Failed to write core dump. Minidumps are not enabled by default on client versions of Windows
#
# If you would like to submit a bug report, please visit:
#   http://bugreport.java.com/bugreport/crash.jsp
# The crash happened outside the Java Virtual Machine in native code.
# See problematic frame for where to report the bug.
#

---------------  T H R E A D  ---------------

Current thread (0x000000001a075000):  JavaThread "LWJGL Application" [_thread_in_native, id=10924, stack(0x000000001ac20000,0x000000001ad20000)]

siginfo: ExceptionCode=0xc0000005, reading address 0x0000002600000000

Registers:
RAX=0x0000002600000000, RBX=0x000000000030f890, RCX=0x000000000030f860, RDX=0x00000000000000b8
RSP=0x000000001ad1f080, RBP=0x0000000000000006, RSI=0x000000000030f860, RDI=0x000000001ad1f140
R8 =0x000000000030f860, R9 =0x0000000000000000, R10=0x0000000000000000, R11=0x0000000000000001
R12=0x0000000000000000, R13=0x00000000176911f8, R14=0x000000001ad1f450, R15=0x000000001a075000
RIP=0x0000000066bcbd0d, EFLAGS=0x0000000000010206

Top of Stack: (sp=0x000000001ad1f080)
0x000000001ad1f080:   0000000000328b00 0000000000000f83
0x000000001ad1f090:   000000001df82db0 0000000066bc39ae
0x000000001ad1f0a0:   0000000042ae0000 000000000030f860
0x000000001ad1f0b0:   0000000000000001 000000001ad1f140
0x000000001ad1f0c0:   000000001ad1f260 0000000000000000
0x000000001ad1f0d0:   00000000176911f8 0000000066be2483
0x000000001ad1f0e0:   000000001ad1f358 0000000066be0498
0x000000001ad1f0f0:   000000001ad1f228 000000001a075000
0x000000001ad1f100:   0000000000000001 0000000000000001
0x000000001ad1f110:   0000000000000001 0000000066be8616
0x000000001ad1f120:   000000001ad1f1b0 0000000000000000
0x000000001ad1f130:   000000001ad1f358 0000000066bdf36c
0x000000001ad1f140:   434a400000000000 0000000044163000
0x000000001ad1f150:   0000000000000000 0000000000000000
0x000000001ad1f160:   0000010100000000 00000000d8821201
0x000000001ad1f170:   0000000000000000 000000003f800000 

Instructions: (pc=0x0000000066bcbd0d)
0x0000000066bcbced:   48 8d 05 6c a3 05 00 0f b6 1c 18 80 fb 0d 0f b6
0x0000000066bcbcfd:   eb 77 21 48 8d 1c de 48 8b 43 10 48 85 c0 74 3a
0x0000000066bcbd0d:   48 8b 10 48 89 53 10 48 83 c4 28 5b 5e 5f 5d 41
0x0000000066bcbd1d:   5c 41 5d c3 48 8d 15 18 9e 04 00 48 8d 0d 99 9e 


Register to memory mapping:

RAX=0x0000002600000000 is an unknown value
RBX=0x000000000030f890 is an unknown value
RCX=0x000000000030f860 is an unknown value
RDX=0x00000000000000b8 is an unknown value
RSP=0x000000001ad1f080 is pointing into the stack for thread: 0x000000001a075000
RBP=0x0000000000000006 is an unknown value
RSI=0x000000000030f860 is an unknown value
RDI=0x000000001ad1f140 is pointing into the stack for thread: 0x000000001a075000
R8 =0x000000000030f860 is an unknown value
R9 =0x0000000000000000 is an unknown value
R10=0x0000000000000000 is an unknown value
R11=0x0000000000000001 is an unknown value
R12=0x0000000000000000 is an unknown value
R13=0x00000000176911f8 is pointing into metadata
R14=0x000000001ad1f450 is pointing into the stack for thread: 0x000000001a075000
R15=0x000000001a075000 is a thread


Stack: [0x000000001ac20000,0x000000001ad20000],  sp=0x000000001ad1f080,  free space=1020k
Native frames: (J=compiled Java code, j=interpreted, Vv=VM code, C=native code)
C  [gdx-box2d64.dll+0xbd0d]
C  [gdx-box2d64.dll+0x22483]
C  [gdx-box2d64.dll+0x28616]
C  0x0000000002d19864

Java frames: (J=compiled Java code, j=interpreted, Vv=VM code)
J 651  com.badlogic.gdx.physics.box2d.World.jniCreateBody(JIFFFFFFFFZZZZZF)J (0 bytes) @ 0x0000000002d197e6 [0x0000000002d19740+0xa6]
J 650 C1 com.badlogic.gdx.physics.box2d.World.createBody(Lcom/badlogic/gdx/physics/box2d/BodyDef;)Lcom/badlogic/gdx/physics/box2d/Body; (120 bytes) @ 0x0000000002d1a87c [0x0000000002d1a6e0+0x19c]
j  com.mygdx.game.Tools.b2dWorldCreator.updateSqs(Lcom/badlogic/gdx/Screen;)V+277
J 885 C2 com.mygdx.game.Screens.practiceDynTiles.update(F)V (497 bytes) @ 0x0000000002dd6c3c [0x0000000002dd5f20+0xd1c]
J 966 C2 com.mygdx.game.Screens.practiceDynTiles.render(F)V (399 bytes) @ 0x0000000002e16ba8 [0x0000000002e16a20+0x188]
j  com.badlogic.gdx.Game.render()V+19
j  com.mygdx.game.MyGdxGame.render()V+1
j  com.badlogic.gdx.backends.lwjgl.LwjglApplication.mainLoop()V+698
j  com.badlogic.gdx.backends.lwjgl.LwjglApplication$1.run()V+27
v  ~StubRoutines::call_stub

---------------  P R O C E S S  ---------------

Java Threads: ( => current thread )
  0x000000001a102000 JavaThread "LWJGL Timer" daemon [_thread_blocked, id=10300, stack(0x000000001ea40000,0x000000001eb40000)]
  0x000000000206b000 JavaThread "DestroyJavaVM" [_thread_blocked, id=1696, stack(0x00000000024b0000,0x00000000025b0000)]
=>0x000000001a075000 JavaThread "LWJGL Application" [_thread_in_native, id=10924, stack(0x000000001ac20000,0x000000001ad20000)]
  0x0000000018d9a800 JavaThread "Service Thread" daemon [_thread_blocked, id=8236, stack(0x0000000019a80000,0x0000000019b80000)]
  0x0000000018d2f800 JavaThread "C1 CompilerThread2" daemon [_thread_blocked, id=3112, stack(0x0000000019840000,0x0000000019940000)]
  0x0000000018d2f000 JavaThread "C2 CompilerThread1" daemon [_thread_blocked, id=1144, stack(0x00000000191b0000,0x00000000192b0000)]
  0x0000000018d2e000 JavaThread "C2 CompilerThread0" daemon [_thread_in_native, id=10084, stack(0x0000000019690000,0x0000000019790000)]
  0x0000000018d2a800 JavaThread "Monitor Ctrl-Break" daemon [_thread_in_native, id=10436, stack(0x0000000019550000,0x0000000019650000)]
  0x00000000178e4000 JavaThread "Attach Listener" daemon [_thread_blocked, id=7388, stack(0x00000000192f0000,0x00000000193f0000)]
  0x00000000178e3000 JavaThread "Signal Dispatcher" daemon [_thread_blocked, id=3560, stack(0x00000000190a0000,0x00000000191a0000)]
  0x00000000178cd000 JavaThread "Finalizer" daemon [_thread_blocked, id=7504, stack(0x0000000018af0000,0x0000000018bf0000)]
  0x0000000017886000 JavaThread "Reference Handler" daemon [_thread_blocked, id=10672, stack(0x0000000018840000,0x0000000018940000)]

Other Threads:
  0x000000001787e000 VMThread [stack: 0x00000000189c0000,0x0000000018ac0000] [id=7024]
  0x0000000018dd8800 WatcherThread [stack: 0x0000000019b90000,0x0000000019c90000] [id=5552]

VM state:not at safepoint (normal execution)

VM Mutex/Monitor currently owned by a thread: None

Heap:
 PSYoungGen      total 133632K, used 103151K [0x00000000d5f00000, 0x00000000e5680000, 0x0000000100000000)
  eden space 72704K, 58% used [0x00000000d5f00000,0x00000000d883be60,0x00000000da600000)
  from space 60928K, 100% used [0x00000000dee80000,0x00000000e2a00000,0x00000000e2a00000)
  to   space 74240K, 0% used [0x00000000da600000,0x00000000da600000,0x00000000dee80000)
 ParOldGen       total 293376K, used 177733K [0x0000000081c00000, 0x0000000093a80000, 0x00000000d5f00000)
  object space 293376K, 60% used [0x0000000081c00000,0x000000008c9915d0,0x0000000093a80000)
 Metaspace       used 8892K, capacity 8947K, committed 9088K, reserved 1056768K
  class space    used 852K, capacity 880K, committed 896K, reserved 1048576K

Card table byte_map: [0x0000000011dc0000,0x00000000121c0000] byte_map_base: 0x00000000119b2000

Marking Bits: (ParMarkBitMap*) 0x00000000576b08c0
 Begin Bits: [0x0000000012bd0000, 0x0000000014b60000)
 End Bits:   [0x0000000014b60000, 0x0000000016af0000)

Polling page: 0x0000000000130000

CodeCache: size=245760Kb used=4355Kb max_used=4368Kb free=241404Kb
 bounds [0x0000000002a00000, 0x0000000002e50000, 0x0000000011a00000]
 total_blobs=1554 nmethods=1044 adapters=423
 compilation: enabled

Compilation events (10 events):
Event: 9.739 Thread 0x0000000018d2f800 nmethod 1007 0x0000000002e40f90 code [0x0000000002e410e0, 0x0000000002e411f0]
Event: 9.740 Thread 0x0000000018d2e000 nmethod 1030 0x0000000002e44350 code [0x0000000002e444a0, 0x0000000002e44958]
Event: 9.748 Thread 0x0000000018d2f000 1041   !   4       java.nio.charset.CharsetEncoder::encode (285 bytes)
Event: 9.749 Thread 0x0000000018d2e000 1042  s    4       java.io.BufferedOutputStream::flush (12 bytes)
Event: 9.751 Thread 0x0000000018d2f000 nmethod 1041 0x0000000002e44e90 code [0x0000000002e44fe0, 0x0000000002e45218]
Event: 9.751 Thread 0x0000000018d2e000 nmethod 1042 0x0000000002e45490 code [0x0000000002e455e0, 0x0000000002e45968]
Event: 9.756 Thread 0x0000000018d2f800 1043       3       com.badlogic.gdx.utils.Array::pop (49 bytes)
Event: 9.756 Thread 0x0000000018d2f800 nmethod 1043 0x0000000002e43c50 code [0x0000000002e43de0, 0x0000000002e441a8]
Event: 9.758 Thread 0x0000000018d2f000 1044       4       com.badlogic.gdx.utils.LongMap::put (405 bytes)
Event: 9.759 Thread 0x0000000018d2e000 1045 %     4       com.mygdx.game.Tools.b2dWorldCreator::updateSqs @ 172 (327 bytes)

GC Heap History (10 events):
Event: 2.664 GC heap before
{Heap before GC invocations=4 (full 1):
 PSYoungGen      total 38400K, used 5102K [0x00000000d5f00000, 0x00000000daa00000, 0x0000000100000000)
  eden space 33280K, 0% used [0x00000000d5f00000,0x00000000d5f00000,0x00000000d7f80000)
  from space 5120K, 99% used [0x00000000d7f80000,0x00000000d847b8b0,0x00000000d8480000)
  to   space 5120K, 0% used [0x00000000da500000,0x00000000da500000,0x00000000daa00000)
 ParOldGen       total 87552K, used 80129K [0x0000000081c00000, 0x0000000087180000, 0x00000000d5f00000)
  object space 87552K, 91% used [0x0000000081c00000,0x0000000086a40698,0x0000000087180000)
 Metaspace       used 6708K, capacity 6803K, committed 7168K, reserved 1056768K
  class space    used 639K, capacity 656K, committed 768K, reserved 1048576K
Event: 2.809 GC heap after
Heap after GC invocations=4 (full 1):
 PSYoungGen      total 38400K, used 0K [0x00000000d5f00000, 0x00000000daa00000, 0x0000000100000000)
  eden space 33280K, 0% used [0x00000000d5f00000,0x00000000d5f00000,0x00000000d7f80000)
  from space 5120K, 0% used [0x00000000d7f80000,0x00000000d7f80000,0x00000000d8480000)
  to   space 5120K, 0% used [0x00000000da500000,0x00000000da500000,0x00000000daa00000)
 ParOldGen       total 172544K, used 83947K [0x0000000081c00000, 0x000000008c480000, 0x00000000d5f00000)
  object space 172544K, 48% used [0x0000000081c00000,0x0000000086dfafa8,0x000000008c480000)
 Metaspace       used 6708K, capacity 6803K, committed 7168K, reserved 1056768K
  class space    used 639K, capacity 656K, committed 768K, reserved 1048576K
}
Event: 2.902 GC heap before
{Heap before GC invocations=5 (full 1):
 PSYoungGen      total 38400K, used 33280K [0x00000000d5f00000, 0x00000000daa00000, 0x0000000100000000)
  eden space 33280K, 100% used [0x00000000d5f00000,0x00000000d7f80000,0x00000000d7f80000)
  from space 5120K, 0% used [0x00000000d7f80000,0x00000000d7f80000,0x00000000d8480000)
  to   space 5120K, 0% used [0x00000000da500000,0x00000000da500000,0x00000000daa00000)
 ParOldGen       total 172544K, used 83947K [0x0000000081c00000, 0x000000008c480000, 0x00000000d5f00000)
  object space 172544K, 48% used [0x0000000081c00000,0x0000000086dfafa8,0x000000008c480000)
 Metaspace       used 6708K, capacity 6803K, committed 7168K, reserved 1056768K
  class space    used 639K, capacity 656K, committed 768K, reserved 1048576K
Event: 2.916 GC heap after
Heap after GC invocations=5 (full 1):
 PSYoungGen      total 58880K, used 5120K [0x00000000d5f00000, 0x00000000daa00000, 0x0000000100000000)
  eden space 53760K, 0% used [0x00000000d5f00000,0x00000000d5f00000,0x00000000d9380000)
  from space 5120K, 100% used [0x00000000da500000,0x00000000daa00000,0x00000000daa00000)
  to   space 5120K, 0% used [0x00000000da000000,0x00000000da000000,0x00000000da500000)
 ParOldGen       total 172544K, used 112174K [0x0000000081c00000, 0x000000008c480000, 0x00000000d5f00000)
  object space 172544K, 65% used [0x0000000081c00000,0x000000008898ba38,0x000000008c480000)
 Metaspace       used 6708K, capacity 6803K, committed 7168K, reserved 1056768K
  class space    used 639K, capacity 656K, committed 768K, reserved 1048576K
}
Event: 3.289 GC heap before
{Heap before GC invocations=6 (full 1):
 PSYoungGen      total 58880K, used 58880K [0x00000000d5f00000, 0x00000000daa00000, 0x0000000100000000)
  eden space 53760K, 100% used [0x00000000d5f00000,0x00000000d9380000,0x00000000d9380000)
  from space 5120K, 100% used [0x00000000da500000,0x00000000daa00000,0x00000000daa00000)
  to   space 5120K, 0% used [0x00000000da000000,0x00000000da000000,0x00000000da500000)
 ParOldGen       total 172544K, used 112174K [0x0000000081c00000, 0x000000008c480000, 0x00000000d5f00000)
  object space 172544K, 65% used [0x0000000081c00000,0x000000008898ba38,0x000000008c480000)
 Metaspace       used 6708K, capacity 6803K, committed 7168K, reserved 1056768K
  class space    used 639K, capacity 656K, committed 768K, reserved 1048576K
Event: 3.314 GC heap after
Heap after GC invocations=6 (full 1):
 PSYoungGen      total 71680K, used 5120K [0x00000000d5f00000, 0x00000000e2a00000, 0x0000000100000000)
  eden space 66560K, 0% used [0x00000000d5f00000,0x00000000d5f00000,0x00000000da000000)
  from space 5120K, 100% used [0x00000000da000000,0x00000000da500000,0x00000000da500000)
  to   space 60928K, 0% used [0x00000000dee80000,0x00000000dee80000,0x00000000e2a00000)
 ParOldGen       total 172544K, used 165914K [0x0000000081c00000, 0x000000008c480000, 0x00000000d5f00000)
  object space 172544K, 96% used [0x0000000081c00000,0x000000008be06b38,0x000000008c480000)
 Metaspace       used 6708K, capacity 6803K, committed 7168K, reserved 1056768K
  class space    used 639K, capacity 656K, committed 768K, reserved 1048576K
}
Event: 3.314 GC heap before
{Heap before GC invocations=7 (full 2):
 PSYoungGen      total 71680K, used 5120K [0x00000000d5f00000, 0x00000000e2a00000, 0x0000000100000000)
  eden space 66560K, 0% used [0x00000000d5f00000,0x00000000d5f00000,0x00000000da000000)
  from space 5120K, 100% used [0x00000000da000000,0x00000000da500000,0x00000000da500000)
  to   space 60928K, 0% used [0x00000000dee80000,0x00000000dee80000,0x00000000e2a00000)
 ParOldGen       total 172544K, used 165914K [0x0000000081c00000, 0x000000008c480000, 0x00000000d5f00000)
  object space 172544K, 96% used [0x0000000081c00000,0x000000008be06b38,0x000000008c480000)
 Metaspace       used 6708K, capacity 6803K, committed 7168K, reserved 1056768K
  class space    used 639K, capacity 656K, committed 768K, reserved 1048576K
Event: 3.356 GC heap after
Heap after GC invocations=7 (full 2):
 PSYoungGen      total 71680K, used 0K [0x00000000d5f00000, 0x00000000e2a00000, 0x0000000100000000)
  eden space 66560K, 0% used [0x00000000d5f00000,0x00000000d5f00000,0x00000000da000000)
  from space 5120K, 0% used [0x00000000da000000,0x00000000da000000,0x00000000da500000)
  to   space 60928K, 0% used [0x00000000dee80000,0x00000000dee80000,0x00000000e2a00000)
 ParOldGen       total 293376K, used 170916K [0x0000000081c00000, 0x0000000093a80000, 0x00000000d5f00000)
  object space 293376K, 58% used [0x0000000081c00000,0x000000008c2e91d0,0x0000000093a80000)
 Metaspace       used 6708K, capacity 6803K, committed 7168K, reserved 1056768K
  class space    used 639K, capacity 656K, committed 768K, reserved 1048576K
}
Event: 3.632 GC heap before
{Heap before GC invocations=8 (full 2):
 PSYoungGen      total 71680K, used 66560K [0x00000000d5f00000, 0x00000000e2a00000, 0x0000000100000000)
  eden space 66560K, 100% used [0x00000000d5f00000,0x00000000da000000,0x00000000da000000)
  from space 5120K, 0% used [0x00000000da000000,0x00000000da000000,0x00000000da500000)
  to   space 60928K, 0% used [0x00000000dee80000,0x00000000dee80000,0x00000000e2a00000)
 ParOldGen       total 293376K, used 170916K [0x0000000081c00000, 0x0000000093a80000, 0x00000000d5f00000)
  object space 293376K, 58% used [0x0000000081c00000,0x000000008c2e91d0,0x0000000093a80000)
 Metaspace       used 6708K, capacity 6803K, committed 7168K, reserved 1056768K
  class space    used 639K, capacity 656K, committed 768K, reserved 1048576K
Event: 3.672 GC heap after
Heap after GC invocations=8 (full 2):
 PSYoungGen      total 133632K, used 60928K [0x00000000d5f00000, 0x00000000e5680000, 0x0000000100000000)
  eden space 72704K, 0% used [0x00000000d5f00000,0x00000000d5f00000,0x00000000da600000)
  from space 60928K, 100% used [0x00000000dee80000,0x00000000e2a00000,0x00000000e2a00000)
  to   space 74240K, 0% used [0x00000000da600000,0x00000000da600000,0x00000000dee80000)
 ParOldGen       total 293376K, used 177733K [0x0000000081c00000, 0x0000000093a80000, 0x00000000d5f00000)
  object space 293376K, 60% used [0x0000000081c00000,0x000000008c9915d0,0x0000000093a80000)
 Metaspace       used 6708K, capacity 6803K, committed 7168K, reserved 1056768K
  class space    used 639K, capacity 656K, committed 768K, reserved 1048576K
}

Deoptimization events (7 events):
Event: 3.691 Thread 0x000000001a075000 Uncommon trap: reason=unstable_if action=reinterpret pc=0x0000000002c405a4 method=com.mygdx.game.Perlin.Perlin.GeneratePerlinNoise([[FI)[[F @ 91
Event: 3.796 Thread 0x000000001a075000 Uncommon trap: reason=intrinsic action=make_not_entrant pc=0x0000000002c49ec4 method=com.mygdx.game.Screens.practiceDynTiles.landmapGenandPerlin()V @ 762
Event: 3.843 Thread 0x000000001a075000 Uncommon trap: reason=unstable_if action=reinterpret pc=0x0000000002c68b64 method=com.mygdx.game.Screens.practiceDynTiles.landmapGenandPerlin()V @ 585
Event: 3.981 Thread 0x000000001a075000 Uncommon trap: reason=unstable_if action=reinterpret pc=0x0000000002c791f8 method=com.mygdx.game.Screens.practiceDynTiles.landmapGenandPerlin()V @ 545
Event: 4.175 Thread 0x000000001a075000 Uncommon trap: reason=unstable_if action=reinterpret pc=0x0000000002cd15a4 method=java.util.StringTokenizer.scanToken(I)I @ 7
Event: 4.175 Thread 0x000000001a075000 Uncommon trap: reason=unstable_if action=reinterpret pc=0x0000000002cc3014 method=java.util.StringTokenizer.skipDelimiters(I)I @ 29
Event: 4.176 Thread 0x000000001a075000 Uncommon trap: reason=unstable_if action=reinterpret pc=0x0000000002cc5d6c method=java.util.StringTokenizer.scanToken(I)I @ 7

Classes redefined (0 events):
No events

Internal exceptions (10 events):
Event: 0.487 Thread 0x000000000206b000 Exception <a 'java/security/PrivilegedActionException'> (0x00000000d63c26c8) thrown at [C:\re\workspace\8-2-build-windows-amd64-cygwin\jdk8u171\10807\hotspot\src\share\vm\prims\jvm.cpp, line 1435]
Event: 0.487 Thread 0x000000000206b000 Exception <a 'java/security/PrivilegedActionException'> (0x00000000d63c28d8) thrown at [C:\re\workspace\8-2-build-windows-amd64-cygwin\jdk8u171\10807\hotspot\src\share\vm\prims\jvm.cpp, line 1435]
Event: 0.489 Thread 0x000000000206b000 Exception <a 'java/security/PrivilegedActionException'> (0x00000000d63c67e8) thrown at [C:\re\workspace\8-2-build-windows-amd64-cygwin\jdk8u171\10807\hotspot\src\share\vm\prims\jvm.cpp, line 1435]
Event: 0.489 Thread 0x000000000206b000 Exception <a 'java/security/PrivilegedActionException'> (0x00000000d63c69f8) thrown at [C:\re\workspace\8-2-build-windows-amd64-cygwin\jdk8u171\10807\hotspot\src\share\vm\prims\jvm.cpp, line 1435]
Event: 0.982 Thread 0x000000000206b000 Exception <a 'java/security/PrivilegedActionException'> (0x00000000d65f5158) thrown at [C:\re\workspace\8-2-build-windows-amd64-cygwin\jdk8u171\10807\hotspot\src\share\vm\prims\jvm.cpp, line 1435]
Event: 0.983 Thread 0x000000000206b000 Exception <a 'java/security/PrivilegedActionException'> (0x00000000d65f6e30) thrown at [C:\re\workspace\8-2-build-windows-amd64-cygwin\jdk8u171\10807\hotspot\src\share\vm\prims\jvm.cpp, line 1435]
Event: 0.983 Thread 0x000000000206b000 Exception <a 'java/security/PrivilegedActionException'> (0x00000000d65f7fa0) thrown at [C:\re\workspace\8-2-build-windows-amd64-cygwin\jdk8u171\10807\hotspot\src\share\vm\prims\jvm.cpp, line 1435]
Event: 0.983 Thread 0x000000000206b000 Exception <a 'java/security/PrivilegedActionException'> (0x00000000d65fd4e0) thrown at [C:\re\workspace\8-2-build-windows-amd64-cygwin\jdk8u171\10807\hotspot\src\share\vm\prims\jvm.cpp, line 1435]
Event: 0.983 Thread 0x000000000206b000 Exception <a 'java/security/PrivilegedActionException'> (0x00000000d65fe138) thrown at [C:\re\workspace\8-2-build-windows-amd64-cygwin\jdk8u171\10807\hotspot\src\share\vm\prims\jvm.cpp, line 1435]
Event: 0.983 Thread 0x000000000206b000 Exception <a 'java/security/PrivilegedActionException'> (0x00000000d65fed60) thrown at [C:\re\workspace\8-2-build-windows-amd64-cygwin\jdk8u171\10807\hotspot\src\share\vm\prims\jvm.cpp, line 1435]

Events (10 events):
Event: 4.694 loading class com/badlogic/gdx/backends/lwjgl/LwjglInput$KeyEvent
Event: 4.694 loading class com/badlogic/gdx/backends/lwjgl/LwjglInput$KeyEvent done
Event: 5.792 Thread 0x000000001a075000 DEOPT PACKING pc=0x0000000002d8a411 sp=0x000000001ad1f340
Event: 5.792 Thread 0x000000001a075000 DEOPT UNPACKING pc=0x0000000002a47890 sp=0x000000001ad1f0a8 mode 0
Event: 5.805 Thread 0x000000001a075000 DEOPT PACKING pc=0x0000000002d9c90b sp=0x000000001ad1f3c0
Event: 5.805 Thread 0x000000001a075000 DEOPT UNPACKING pc=0x0000000002a47890 sp=0x000000001ad1f200 mode 0
Event: 5.808 Thread 0x000000001a075000 DEOPT PACKING pc=0x0000000002da15c4 sp=0x000000001ad1f3d0
Event: 5.808 Thread 0x000000001a075000 DEOPT UNPACKING pc=0x0000000002a47890 sp=0x000000001ad1f1a0 mode 0
Event: 7.742 Thread 0x000000001a075000 DEOPT PACKING pc=0x0000000002de30d8 sp=0x000000001ad1f3f0
Event: 7.742 Thread 0x000000001a075000 DEOPT UNPACKING pc=0x0000000002a47890 sp=0x000000001ad1f270 mode 0


Dynamic libraries:
0x000000013fe90000 - 0x000000013fec7000 	C:\Program Files\Java\jdk1.8.0_171\bin\java.exe
0x00000000774c0000 - 0x000000007765f000 	C:\WINDOWS\SYSTEM32\ntdll.dll
0x00000000772a0000 - 0x00000000773bf000 	C:\WINDOWS\system32\kernel32.dll
0x000007fefd3b0000 - 0x000007fefd41a000 	C:\WINDOWS\system32\KERNELBASE.dll
0x000007feff6d0000 - 0x000007feff7ab000 	C:\WINDOWS\system32\ADVAPI32.dll
0x000007fefed70000 - 0x000007fefee0f000 	C:\WINDOWS\system32\msvcrt.dll
0x000007fefee90000 - 0x000007fefeeaf000 	C:\WINDOWS\SYSTEM32\sechost.dll
0x000007fefeeb0000 - 0x000007fefefdd000 	C:\WINDOWS\system32\RPCRT4.dll
0x00000000773c0000 - 0x00000000774ba000 	C:\WINDOWS\system32\USER32.dll
0x000007fefe750000 - 0x000007fefe7b7000 	C:\WINDOWS\system32\GDI32.dll
0x000007fefd9b0000 - 0x000007fefd9be000 	C:\WINDOWS\system32\LPK.dll
0x000007fefeb10000 - 0x000007fefebdb000 	C:\WINDOWS\system32\USP10.dll
0x000007fefbab0000 - 0x000007fefbca4000 	C:\WINDOWS\WinSxS\amd64_microsoft.windows.common-controls_6595b64144ccf1df_6.0.7601.18837_none_fa3b1e3d17594757\COMCTL32.dll
0x000007feff440000 - 0x000007feff4b1000 	C:\WINDOWS\system32\SHLWAPI.dll
0x000007feff5d0000 - 0x000007feff5fe000 	C:\WINDOWS\system32\IMM32.DLL
0x000007feff4c0000 - 0x000007feff5c9000 	C:\WINDOWS\system32\MSCTF.dll
0x0000000074a30000 - 0x0000000074b02000 	C:\Program Files\Java\jdk1.8.0_171\jre\bin\msvcr100.dll
0x0000000056e90000 - 0x0000000057730000 	C:\Program Files\Java\jdk1.8.0_171\jre\bin\server\jvm.dll
0x000007fef48d0000 - 0x000007fef48d9000 	C:\WINDOWS\system32\WSOCK32.dll
0x000007feff680000 - 0x000007feff6cd000 	C:\WINDOWS\system32\WS2_32.dll
0x000007fefeb00000 - 0x000007fefeb08000 	C:\WINDOWS\system32\NSI.dll
0x000007fefb290000 - 0x000007fefb2cb000 	C:\WINDOWS\system32\WINMM.dll
0x000007fefc140000 - 0x000007fefc14c000 	C:\WINDOWS\system32\VERSION.dll
0x0000000077670000 - 0x0000000077677000 	C:\WINDOWS\system32\PSAPI.DLL
0x0000000074d20000 - 0x0000000074d2f000 	C:\Program Files\Java\jdk1.8.0_171\jre\bin\verify.dll
0x0000000074cf0000 - 0x0000000074d19000 	C:\Program Files\Java\jdk1.8.0_171\jre\bin\java.dll
0x0000000074120000 - 0x0000000074143000 	C:\Program Files\Java\jdk1.8.0_171\jre\bin\instrument.dll
0x0000000074cb0000 - 0x0000000074cc6000 	C:\Program Files\Java\jdk1.8.0_171\jre\bin\zip.dll
0x000007fefd9c0000 - 0x000007fefe74b000 	C:\WINDOWS\system32\SHELL32.dll
0x000007fefe900000 - 0x000007fefeafd000 	C:\WINDOWS\system32\ole32.dll
0x000007fefd070000 - 0x000007fefd07f000 	C:\WINDOWS\system32\profapi.dll
0x000007fef4590000 - 0x000007fef45aa000 	C:\Program Files\Android\Android Studio\bin\breakgen64.dll
0x0000000074a10000 - 0x0000000074a2a000 	C:\Program Files\Java\jdk1.8.0_171\jre\bin\net.dll
0x000007fefc7f0000 - 0x000007fefc845000 	C:\WINDOWS\system32\mswsock.dll
0x000007fefc7e0000 - 0x000007fefc7e7000 	C:\WINDOWS\System32\wship6.dll
0x0000000065580000 - 0x0000000065616000 	C:\Users\GCUser\AppData\Local\Temp\libgdxGCUser\12dfaa03\gdx64.dll
0x000007fefc850000 - 0x000007fefc868000 	C:\WINDOWS\system32\CRYPTSP.dll
0x000007fefc550000 - 0x000007fefc597000 	C:\WINDOWS\system32\rsaenh.dll
0x000007fefd390000 - 0x000007fefd3ae000 	C:\WINDOWS\system32\USERENV.dll
0x000007fefcf00000 - 0x000007fefcf0f000 	C:\WINDOWS\system32\CRYPTBASE.dll
0x000007fefa8e0000 - 0x000007fefa907000 	C:\WINDOWS\system32\IPHLPAPI.DLL
0x000007fefa8d0000 - 0x000007fefa8db000 	C:\WINDOWS\system32\WINNSI.DLL
0x000007fef9fc0000 - 0x000007fef9fd8000 	C:\WINDOWS\system32\dhcpcsvc.DLL
0x000007fef9fa0000 - 0x000007fef9fb1000 	C:\WINDOWS\system32\dhcpcsvc6.DLL
0x00000000749f0000 - 0x0000000074a01000 	C:\Program Files\Java\jdk1.8.0_171\jre\bin\nio.dll
0x0000000180000000 - 0x0000000180053000 	C:\Users\GCUser\AppData\Local\Temp\libgdxGCUser\dc0f0009\lwjgl64.dll
0x000007feecce0000 - 0x000007feecdfd000 	C:\WINDOWS\system32\OPENGL32.dll
0x000007feeccb0000 - 0x000007feeccdd000 	C:\WINDOWS\system32\GLU32.dll
0x000007feecbb0000 - 0x000007feecca1000 	C:\WINDOWS\system32\DDRAW.dll
0x000007feecba0000 - 0x000007feecba8000 	C:\WINDOWS\system32\DCIMAN32.dll
0x000007fefd420000 - 0x000007fefd5f7000 	C:\WINDOWS\system32\SETUPAPI.dll
0x000007fefd0f0000 - 0x000007fefd126000 	C:\WINDOWS\system32\CFGMGR32.dll
0x000007fefd8d0000 - 0x000007fefd9aa000 	C:\WINDOWS\system32\OLEAUT32.dll
0x000007fefd0d0000 - 0x000007fefd0ea000 	C:\WINDOWS\system32\DEVOBJ.dll
0x000007fefae30000 - 0x000007fefae48000 	C:\WINDOWS\system32\dwmapi.dll
0x0000000002130000 - 0x0000000002194000 	C:\Users\GCUser\AppData\Local\Temp\libgdxGCUser\dc0f0009\OpenAL64.dll
0x000007fefb760000 - 0x000007fefb7b6000 	C:\WINDOWS\system32\uxtheme.dll
0x000007fefe860000 - 0x000007fefe8f9000 	C:\WINDOWS\system32\CLBCatQ.DLL
0x000007fefb930000 - 0x000007fefba5c000 	C:\WINDOWS\System32\PROPSYS.dll
0x000007fefd090000 - 0x000007fefd0cb000 	C:\WINDOWS\system32\WINTRUST.dll
0x000007fefd200000 - 0x000007fefd36d000 	C:\WINDOWS\system32\CRYPT32.dll
0x000007fefd060000 - 0x000007fefd06f000 	C:\WINDOWS\system32\MSASN1.dll
0x000007fee7120000 - 0x000007fee71a8000 	C:\WINDOWS\system32\dsound.dll
0x000007fefb820000 - 0x000007fefb84c000 	C:\WINDOWS\system32\POWRPROF.dll
0x000007fefb7d0000 - 0x000007fefb81b000 	C:\WINDOWS\System32\MMDevApi.dll
0x000007fefada0000 - 0x000007fefadef000 	C:\WINDOWS\system32\AUDIOSES.DLL
0x000007fed3820000 - 0x000007fed451a000 	C:\WINDOWS\system32\ig9icd64.dll
0x000007feef130000 - 0x000007feeff9d000 	C:\WINDOWS\system32\igc64.dll
0x000007fefaee0000 - 0x000007fefaef1000 	C:\WINDOWS\system32\WTSAPI32.dll
0x000007fee0750000 - 0x000007fee07ec000 	C:\WINDOWS\system32\mscms.dll
0x000007fedc000000 - 0x000007fedc042000 	C:\WINDOWS\system32\icm32.dll
0x0000000066bc0000 - 0x0000000066c7b000 	C:\Users\GCUser\AppData\Local\Temp\libgdxGCUser\54593449\gdx-box2d64.dll
0x000007fef5be0000 - 0x000007fef5d05000 	C:\WINDOWS\system32\dbghelp.dll

VM Arguments:
jvm_args: -javaagent:C:\Program Files\Android\Android Studio\lib\idea_rt.jar=51985:C:\Program Files\Android\Android Studio\bin -Dfile.encoding=UTF-8 
java_command: com.mygdx.game.desktop.DesktopLauncher
java_class_path (initial): C:\Program Files\Java\jdk1.8.0_171\jre\lib\charsets.jar;C:\Program Files\Java\jdk1.8.0_171\jre\lib\deploy.jar;C:\Program Files\Java\jdk1.8.0_171\jre\lib\ext\access-bridge-64.jar;C:\Program Files\Java\jdk1.8.0_171\jre\lib\ext\cldrdata.jar;C:\Program Files\Java\jdk1.8.0_171\jre\lib\ext\dnsns.jar;C:\Program Files\Java\jdk1.8.0_171\jre\lib\ext\jaccess.jar;C:\Program Files\Java\jdk1.8.0_171\jre\lib\ext\jfxrt.jar;C:\Program Files\Java\jdk1.8.0_171\jre\lib\ext\localedata.jar;C:\Program Files\Java\jdk1.8.0_171\jre\lib\ext\nashorn.jar;C:\Program Files\Java\jdk1.8.0_171\jre\lib\ext\sunec.jar;C:\Program Files\Java\jdk1.8.0_171\jre\lib\ext\sunjce_provider.jar;C:\Program Files\Java\jdk1.8.0_171\jre\lib\ext\sunmscapi.jar;C:\Program Files\Java\jdk1.8.0_171\jre\lib\ext\sunpkcs11.jar;C:\Program Files\Java\jdk1.8.0_171\jre\lib\ext\zipfs.jar;C:\Program Files\Java\jdk1.8.0_171\jre\lib\javaws.jar;C:\Program Files\Java\jdk1.8.0_171\jre\lib\jce.jar;C:\Program Files\Java\jdk1.8.0_171\jre\lib\jfr.jar;C:\Program Files\Java\jdk1.8.0_171\jre\lib\jfxswt.jar;C:\Program Files\Java\jdk1.8.0_171\jre\lib\jsse.jar;C:\Program Files\Java\jdk1.8.0_171\jre\lib\management-agent.jar;C:\Program Files\Java\jdk1.8.0_171\jre\lib\plugin.jar;C:\Program Files\Java\jdk1.8.0_171\jre\lib\resources.jar;C:\Program Files\Java\jdk1.8.0_171\jre\lib\rt.jar;C:\Users\GCUser\AndroidStudioProjects\libgdx\desktop\build\classes\java\main;C:\Users\GCUser\AndroidStudioProjects\libgdx\core\build\classes\java\main;C:\Users\GCUser\AndroidStudioProjects\Gradle\gradle-4.6\caches\modules-2\files-2.1\com.badlogicgames.gdx\gdx-tools\1.9.8\5c32820fccee957cc77990d353297ceed1a63159\gdx-tools-1.9.8.jar;C:\Users\GCUser\AndroidStudioProjects\Gradle\gradle-4.6\caches\modules-2\files-2.1\com.badlogicgames.gdx\gdx-backend-lwjgl\1.9.8\b7c138f14ed67ad830ae7597da3d86ae02b20eee\gdx-backend-lwjgl-1.9.8.jar;C:\Users\GCUser\AndroidStudioProjects\Gradle\gradle-4.6\caches\modules-2\files-2.1\com.badlogicgames.gdx\gdx-platform\
Launcher Type: SUN_STANDARD

Environment Variables:
PATH=C:\ProgramData\Oracle\Java\javapath;C:\WINDOWS\system32;C:\WINDOWS;C:\WINDOWS\System32\Wbem;C:\WINDOWS\System32\WindowsPowerShell\v1.0\;c:\Program Files (x86)\QuickTime\QTSystem\;C:\WINDOWS\System32\WindowsPowerShell\v1.0\;C:\WINDOWS\System32\WindowsPowerShell\v1.0\;C:\Program Files\MySQL\MySQL Utilities 1.6\;C:\Users\GCUser\AndroidStudioProjects\Gradle\gradle-4.6\bin
USERNAME=GCUser
OS=Windows_NT
PROCESSOR_IDENTIFIER=Intel64 Family 6 Model 78 Stepping 3, GenuineIntel



---------------  S Y S T E M  ---------------

OS: Windows 7 , 64 bit Build 7601 (6.1.7601.24214)

CPU:total 4 (initial active 4) (2 cores per cpu, 2 threads per core) family 6 model 78 stepping 3, cmov, cx8, fxsr, mmx, sse, sse2, sse3, ssse3, sse4.1, sse4.2, popcnt, avx, avx2, aes, clmul, erms, 3dnowpref, lzcnt, ht, tsc, tscinvbit, bmi1, bmi2, adx

Memory: 4k page, physical 8266332k(1794316k free), swap 16530764k(8769556k free)

vm_info: Java HotSpot(TM) 64-Bit Server VM (25.171-b11) for windows-amd64 JRE (1.8.0_171-b11), built on Mar 28 2018 16:06:12 by "java_re" with MS VC++ 10.0 (VS2010)

time: Tue Sep 11 12:59:43 2018
elapsed time: 9 seconds (0d 0h 0m 9s)

