#
# A fatal error has been detected by the Java Runtime Environment:
#
#  EXCEPTION_ACCESS_VIOLATION (0xc0000005) at pc=0x0000000066bcbd0d, pid=7148, tid=0x000000000000114c
#
# JRE version: Java(TM) SE Runtime Environment (8.0_171-b11) (build 1.8.0_171-b11)
# Java VM: Java HotSpot(TM) 64-Bit Server VM (25.171-b11 mixed mode windows-amd64 compressed oops)
# Problematic frame:
# C  [gdx-box2d64.dll+0xbd0d]
#
# Failed to write core dump. Minidumps are not enabled by default on client versions of Windows
#
# If you would like to submit a bug report, please visit:
#   http://bugreport.java.com/bugreport/crash.jsp
# The crash happened outside the Java Virtual Machine in native code.
# See problematic frame for where to report the bug.
#

---------------  T H R E A D  ---------------

Current thread (0x000000005a5ed800):  JavaThread "LWJGL Application" [_thread_in_native, id=4428, stack(0x000000005b7e0000,0x000000005b8e0000)]

siginfo: ExceptionCode=0xc0000005, reading address 0x0000002600000000

Registers:
RAX=0x0000002600000000, RBX=0x000000000045f890, RCX=0x000000000045f860, RDX=0x00000000000000b8
RSP=0x000000005b8def00, RBP=0x0000000000000006, RSI=0x000000000045f860, RDI=0x000000005b8defc0
R8 =0x000000000045f860, R9 =0x0000000000000000, R10=0x0000000000000000, R11=0x0000000000000001
R12=0x0000000000000000, R13=0x0000000057ed13d8, R14=0x000000005b8df2d8, R15=0x000000005a5ed800
RIP=0x0000000066bcbd0d, EFLAGS=0x0000000000010206

Top of Stack: (sp=0x000000005b8def00)
0x000000005b8def00:   0000000000000019 0000000088a0b398
0x000000005b8def10:   000000005b8df230 0000000002d7fd54
0x000000005b8def20:   00000000dba664b0 000000000045f860
0x000000005b8def30:   0000000000000001 000000005b8defc0
0x000000005b8def40:   000000005b8df0e0 0000000000000000
0x000000005b8def50:   0000000057ed13d8 0000000066be2483
0x000000005b8def60:   000000005b8df230 0000000088a0b378
0x000000005b8def70:   000000005b8df030 0000000088a0b378
0x000000005b8def80:   0000000000000001 0000000000000001
0x000000005b8def90:   0000000000000001 0000000066be8616
0x000000005b8defa0:   000000005b8df230 0000000002d80f3c
0x000000005b8defb0:   0000000000000002 0000000002ab2d19
0x000000005b8defc0:   4364400000000000 0000000043ad6000
0x000000005b8defd0:   0000000000000000 0000000000000000
0x000000005b8defe0:   0000010100000000 0000000000000001
0x000000005b8deff0:   0000000000000000 000000003f800000 

Instructions: (pc=0x0000000066bcbd0d)
0x0000000066bcbced:   48 8d 05 6c a3 05 00 0f b6 1c 18 80 fb 0d 0f b6
0x0000000066bcbcfd:   eb 77 21 48 8d 1c de 48 8b 43 10 48 85 c0 74 3a
0x0000000066bcbd0d:   48 8b 10 48 89 53 10 48 83 c4 28 5b 5e 5f 5d 41
0x0000000066bcbd1d:   5c 41 5d c3 48 8d 15 18 9e 04 00 48 8d 0d 99 9e 


Register to memory mapping:

RAX=0x0000002600000000 is an unknown value
RBX=0x000000000045f890 is an unknown value
RCX=0x000000000045f860 is an unknown value
RDX=0x00000000000000b8 is an unknown value
RSP=0x000000005b8def00 is pointing into the stack for thread: 0x000000005a5ed800
RBP=0x0000000000000006 is an unknown value
RSI=0x000000000045f860 is an unknown value
RDI=0x000000005b8defc0 is pointing into the stack for thread: 0x000000005a5ed800
R8 =0x000000000045f860 is an unknown value
R9 =0x0000000000000000 is an unknown value
R10=0x0000000000000000 is an unknown value
R11=0x0000000000000001 is an unknown value
R12=0x0000000000000000 is an unknown value
R13=0x0000000057ed13d8 is pointing into metadata
R14=0x000000005b8df2d8 is pointing into the stack for thread: 0x000000005a5ed800
R15=0x000000005a5ed800 is a thread


Stack: [0x000000005b7e0000,0x000000005b8e0000],  sp=0x000000005b8def00,  free space=1019k
Native frames: (J=compiled Java code, j=interpreted, Vv=VM code, C=native code)
C  [gdx-box2d64.dll+0xbd0d]
C  [gdx-box2d64.dll+0x22483]
C  [gdx-box2d64.dll+0x28616]
C  0x0000000002c039a4

Java frames: (J=compiled Java code, j=interpreted, Vv=VM code)
J 650  com.badlogic.gdx.physics.box2d.World.jniCreateBody(JIFFFFFFFFZZZZZF)J (0 bytes) @ 0x0000000002c03926 [0x0000000002c03880+0xa6]
J 649 C1 com.badlogic.gdx.physics.box2d.World.createBody(Lcom/badlogic/gdx/physics/box2d/BodyDef;)Lcom/badlogic/gdx/physics/box2d/Body; (120 bytes) @ 0x0000000002c07c7c [0x0000000002c07ae0+0x19c]
j  com.mygdx.game.Tools.b2dWorldCreator.updateSqs(Lcom/badlogic/gdx/Screen;)V+347
j  com.mygdx.game.Screens.practiceDynTiles.update(F)V+364
J 927 C2 com.mygdx.game.Screens.practiceDynTiles.render(F)V (399 bytes) @ 0x0000000002cd8458 [0x0000000002cd82e0+0x178]
J 1098 C1 com.mygdx.game.MyGdxGame.render()V (5 bytes) @ 0x0000000002d589fc [0x0000000002d587e0+0x21c]
j  com.badlogic.gdx.backends.lwjgl.LwjglApplication.mainLoop()V+698
j  com.badlogic.gdx.backends.lwjgl.LwjglApplication$1.run()V+27
v  ~StubRoutines::call_stub

---------------  P R O C E S S  ---------------

Java Threads: ( => current thread )
  0x000000005a78a000 JavaThread "LWJGL Timer" daemon [_thread_blocked, id=1692, stack(0x000000005e9d0000,0x000000005ead0000)]
  0x000000000203b000 JavaThread "DestroyJavaVM" [_thread_blocked, id=9684, stack(0x0000000002330000,0x0000000002430000)]
=>0x000000005a5ed800 JavaThread "LWJGL Application" [_thread_in_native, id=4428, stack(0x000000005b7e0000,0x000000005b8e0000)]
  0x000000005961e800 JavaThread "Service Thread" daemon [_thread_blocked, id=7024, stack(0x000000005a190000,0x000000005a290000)]
  0x0000000059587000 JavaThread "C1 CompilerThread2" daemon [_thread_blocked, id=10124, stack(0x0000000059f80000,0x000000005a080000)]
  0x000000005957e000 JavaThread "C2 CompilerThread1" daemon [_thread_in_native, id=7568, stack(0x0000000059df0000,0x0000000059ef0000)]
  0x000000005957d000 JavaThread "C2 CompilerThread0" daemon [_thread_blocked, id=6944, stack(0x0000000059be0000,0x0000000059ce0000)]
  0x000000005957a000 JavaThread "Monitor Ctrl-Break" daemon [_thread_in_native, id=9516, stack(0x0000000059a10000,0x0000000059b10000)]
  0x0000000056e74000 JavaThread "Attach Listener" daemon [_thread_blocked, id=10520, stack(0x00000000591b0000,0x00000000592b0000)]
  0x0000000056e73000 JavaThread "Signal Dispatcher" daemon [_thread_blocked, id=10488, stack(0x00000000598e0000,0x00000000599e0000)]
  0x0000000056e5d000 JavaThread "Finalizer" daemon [_thread_blocked, id=9672, stack(0x0000000059340000,0x0000000059440000)]
  0x0000000056e16000 JavaThread "Reference Handler" daemon [_thread_blocked, id=10928, stack(0x0000000059050000,0x0000000059150000)]

Other Threads:
  0x0000000056e0e800 VMThread [stack: 0x0000000058f00000,0x0000000059000000] [id=3376]
  0x000000005966f800 WatcherThread [stack: 0x000000005a2c0000,0x000000005a3c0000] [id=10672]

VM state:not at safepoint (normal execution)

VM Mutex/Monitor currently owned by a thread: None

Heap:
 PSYoungGen      total 123392K, used 94195K [0x00000000d5f00000, 0x00000000deb00000, 0x0000000100000000)
  eden space 118272K, 79% used [0x00000000d5f00000,0x00000000dbafcdc0,0x00000000dd280000)
  from space 5120K, 0% used [0x00000000de600000,0x00000000de600000,0x00000000deb00000)
  to   space 5120K, 0% used [0x00000000de100000,0x00000000de100000,0x00000000de600000)
 ParOldGen       total 328192K, used 183673K [0x0000000081c00000, 0x0000000095c80000, 0x00000000d5f00000)
  object space 328192K, 55% used [0x0000000081c00000,0x000000008cf5e520,0x0000000095c80000)
 Metaspace       used 8996K, capacity 9075K, committed 9344K, reserved 1058816K
  class space    used 852K, capacity 880K, committed 896K, reserved 1048576K

Card table byte_map: [0x0000000011ca0000,0x00000000120a0000] byte_map_base: 0x0000000011892000

Marking Bits: (ParMarkBitMap*) 0x00000000576b08c0
 Begin Bits: [0x0000000012960000, 0x00000000148f0000)
 End Bits:   [0x00000000148f0000, 0x0000000016880000)

Polling page: 0x0000000000230000

CodeCache: size=245760Kb used=4795Kb max_used=4795Kb free=240964Kb
 bounds [0x00000000028e0000, 0x0000000002da0000, 0x00000000118e0000]
 total_blobs=1682 nmethods=1172 adapters=423
 compilation: enabled

Compilation events (10 events):
Event: 17.072 Thread 0x0000000059587000 1163       3       com.badlogic.gdx.math.Rectangle::getY (5 bytes)
Event: 17.073 Thread 0x0000000059587000 nmethod 1163 0x0000000002d8e0d0 code [0x0000000002d8e220, 0x0000000002d8e370]
Event: 17.073 Thread 0x0000000059587000 1164       3       com.badlogic.gdx.physics.box2d.PolygonShape::setAsBox (11 bytes)
Event: 17.073 Thread 0x0000000059587000 nmethod 1164 0x0000000002d8fc50 code [0x0000000002d8fdc0, 0x0000000002d8ff48]
Event: 17.073 Thread 0x0000000059587000 1169       3       com.badlogic.gdx.physics.box2d.World$2::newObject (5 bytes)
Event: 17.073 Thread 0x0000000059587000 nmethod 1169 0x0000000002d928d0 code [0x0000000002d92a40, 0x0000000002d92ca8]
Event: 17.073 Thread 0x0000000059587000 1170       3       com.badlogic.gdx.physics.box2d.World$2::newObject (10 bytes)
Event: 17.073 Thread 0x0000000059587000 nmethod 1170 0x0000000002d92110 code [0x0000000002d922a0, 0x0000000002d926d0]
Event: 17.073 Thread 0x0000000059587000 1171       3       com.badlogic.gdx.physics.box2d.Fixture::<init> (33 bytes)
Event: 17.073 Thread 0x0000000059587000 nmethod 1171 0x0000000002d91a90 code [0x0000000002d91c00, 0x0000000002d91f90]

GC Heap History (10 events):
Event: 2.145 GC heap before
{Heap before GC invocations=2 (full 0):
 PSYoungGen      total 38400K, used 38398K [0x00000000d5f00000, 0x00000000daa00000, 0x0000000100000000)
  eden space 33280K, 100% used [0x00000000d5f00000,0x00000000d7f80000,0x00000000d7f80000)
  from space 5120K, 99% used [0x00000000d7f80000,0x00000000d847f8a0,0x00000000d8480000)
  to   space 5120K, 0% used [0x00000000da500000,0x00000000da500000,0x00000000daa00000)
 ParOldGen       total 87552K, used 13944K [0x0000000081c00000, 0x0000000087180000, 0x00000000d5f00000)
  object space 87552K, 15% used [0x0000000081c00000,0x000000008299e2e8,0x0000000087180000)
 Metaspace       used 6686K, capacity 6723K, committed 6912K, reserved 1056768K
  class space    used 639K, capacity 656K, committed 768K, reserved 1048576K
Event: 2.173 GC heap after
Heap after GC invocations=2 (full 0):
 PSYoungGen      total 71680K, used 5102K [0x00000000d5f00000, 0x00000000daa00000, 0x0000000100000000)
  eden space 66560K, 0% used [0x00000000d5f00000,0x00000000d5f00000,0x00000000da000000)
  from space 5120K, 99% used [0x00000000da500000,0x00000000da9fb890,0x00000000daa00000)
  to   space 5120K, 0% used [0x00000000da000000,0x00000000da000000,0x00000000da500000)
 ParOldGen       total 87552K, used 47096K [0x0000000081c00000, 0x0000000087180000, 0x00000000d5f00000)
  object space 87552K, 53% used [0x0000000081c00000,0x00000000849fe1a8,0x0000000087180000)
 Metaspace       used 6686K, capacity 6723K, committed 6912K, reserved 1056768K
  class space    used 639K, capacity 656K, committed 768K, reserved 1048576K
}
Event: 2.454 GC heap before
{Heap before GC invocations=3 (full 0):
 PSYoungGen      total 71680K, used 71662K [0x00000000d5f00000, 0x00000000daa00000, 0x0000000100000000)
  eden space 66560K, 100% used [0x00000000d5f00000,0x00000000da000000,0x00000000da000000)
  from space 5120K, 99% used [0x00000000da500000,0x00000000da9fb890,0x00000000daa00000)
  to   space 5120K, 0% used [0x00000000da000000,0x00000000da000000,0x00000000da500000)
 ParOldGen       total 87552K, used 47096K [0x0000000081c00000, 0x0000000087180000, 0x00000000d5f00000)
  object space 87552K, 53% used [0x0000000081c00000,0x00000000849fe1a8,0x0000000087180000)
 Metaspace       used 6686K, capacity 6723K, committed 6912K, reserved 1056768K
  class space    used 639K, capacity 656K, committed 768K, reserved 1048576K
Event: 2.490 GC heap after
Heap after GC invocations=3 (full 0):
 PSYoungGen      total 71680K, used 5118K [0x00000000d5f00000, 0x00000000deb00000, 0x0000000100000000)
  eden space 66560K, 0% used [0x00000000d5f00000,0x00000000d5f00000,0x00000000da000000)
  from space 5120K, 99% used [0x00000000da000000,0x00000000da4ff8a0,0x00000000da500000)
  to   space 5120K, 0% used [0x00000000de600000,0x00000000de600000,0x00000000deb00000)
 ParOldGen       total 114176K, used 113480K [0x0000000081c00000, 0x0000000088b80000, 0x00000000d5f00000)
  object space 114176K, 99% used [0x0000000081c00000,0x0000000088ad22c8,0x0000000088b80000)
 Metaspace       used 6686K, capacity 6723K, committed 6912K, reserved 1056768K
  class space    used 639K, capacity 656K, committed 768K, reserved 1048576K
}
Event: 2.490 GC heap before
{Heap before GC invocations=4 (full 1):
 PSYoungGen      total 71680K, used 5118K [0x00000000d5f00000, 0x00000000deb00000, 0x0000000100000000)
  eden space 66560K, 0% used [0x00000000d5f00000,0x00000000d5f00000,0x00000000da000000)
  from space 5120K, 99% used [0x00000000da000000,0x00000000da4ff8a0,0x00000000da500000)
  to   space 5120K, 0% used [0x00000000de600000,0x00000000de600000,0x00000000deb00000)
 ParOldGen       total 114176K, used 113480K [0x0000000081c00000, 0x0000000088b80000, 0x00000000d5f00000)
  object space 114176K, 99% used [0x0000000081c00000,0x0000000088ad22c8,0x0000000088b80000)
 Metaspace       used 6686K, capacity 6723K, committed 6912K, reserved 1056768K
  class space    used 639K, capacity 656K, committed 768K, reserved 1048576K
Event: 2.538 GC heap after
Heap after GC invocations=4 (full 1):
 PSYoungGen      total 71680K, used 3503K [0x00000000d5f00000, 0x00000000deb00000, 0x0000000100000000)
  eden space 66560K, 0% used [0x00000000d5f00000,0x00000000d5f00000,0x00000000da000000)
  from space 5120K, 68% used [0x00000000da000000,0x00000000da36bfa8,0x00000000da500000)
  to   space 5120K, 0% used [0x00000000de600000,0x00000000de600000,0x00000000deb00000)
 ParOldGen       total 230912K, used 113816K [0x0000000081c00000, 0x000000008fd80000, 0x00000000d5f00000)
  object space 230912K, 49% used [0x0000000081c00000,0x0000000088b261d8,0x000000008fd80000)
 Metaspace       used 6686K, capacity 6723K, committed 6912K, reserved 1056768K
  class space    used 639K, capacity 656K, committed 768K, reserved 1048576K
}
Event: 2.919 GC heap before
{Heap before GC invocations=5 (full 1):
 PSYoungGen      total 71680K, used 70063K [0x00000000d5f00000, 0x00000000deb00000, 0x0000000100000000)
  eden space 66560K, 100% used [0x00000000d5f00000,0x00000000da000000,0x00000000da000000)
  from space 5120K, 68% used [0x00000000da000000,0x00000000da36bfa8,0x00000000da500000)
  to   space 5120K, 0% used [0x00000000de600000,0x00000000de600000,0x00000000deb00000)
 ParOldGen       total 230912K, used 113816K [0x0000000081c00000, 0x000000008fd80000, 0x00000000d5f00000)
  object space 230912K, 49% used [0x0000000081c00000,0x0000000088b261d8,0x000000008fd80000)
 Metaspace       used 6686K, capacity 6723K, committed 6912K, reserved 1056768K
  class space    used 639K, capacity 656K, committed 768K, reserved 1048576K
Event: 2.950 GC heap after
Heap after GC invocations=5 (full 1):
 PSYoungGen      total 123392K, used 5120K [0x00000000d5f00000, 0x00000000deb00000, 0x0000000100000000)
  eden space 118272K, 0% used [0x00000000d5f00000,0x00000000d5f00000,0x00000000dd280000)
  from space 5120K, 100% used [0x00000000de600000,0x00000000deb00000,0x00000000deb00000)
  to   space 5120K, 0% used [0x00000000de100000,0x00000000de100000,0x00000000de600000)
 ParOldGen       total 230912K, used 178672K [0x0000000081c00000, 0x000000008fd80000, 0x00000000d5f00000)
  object space 230912K, 77% used [0x0000000081c00000,0x000000008ca7c0b8,0x000000008fd80000)
 Metaspace       used 6686K, capacity 6723K, committed 6912K, reserved 1056768K
  class space    used 639K, capacity 656K, committed 768K, reserved 1048576K
}
Event: 2.950 GC heap before
{Heap before GC invocations=6 (full 2):
 PSYoungGen      total 123392K, used 5120K [0x00000000d5f00000, 0x00000000deb00000, 0x0000000100000000)
  eden space 118272K, 0% used [0x00000000d5f00000,0x00000000d5f00000,0x00000000dd280000)
  from space 5120K, 100% used [0x00000000de600000,0x00000000deb00000,0x00000000deb00000)
  to   space 5120K, 0% used [0x00000000de100000,0x00000000de100000,0x00000000de600000)
 ParOldGen       total 230912K, used 178672K [0x0000000081c00000, 0x000000008fd80000, 0x00000000d5f00000)
  object space 230912K, 77% used [0x0000000081c00000,0x000000008ca7c0b8,0x000000008fd80000)
 Metaspace       used 6686K, capacity 6723K, committed 6912K, reserved 1056768K
  class space    used 639K, capacity 656K, committed 768K, reserved 1048576K
Event: 2.974 GC heap after
Heap after GC invocations=6 (full 2):
 PSYoungGen      total 123392K, used 0K [0x00000000d5f00000, 0x00000000deb00000, 0x0000000100000000)
  eden space 118272K, 0% used [0x00000000d5f00000,0x00000000d5f00000,0x00000000dd280000)
  from space 5120K, 0% used [0x00000000de600000,0x00000000de600000,0x00000000deb00000)
  to   space 5120K, 0% used [0x00000000de100000,0x00000000de100000,0x00000000de600000)
 ParOldGen       total 328192K, used 183673K [0x0000000081c00000, 0x0000000095c80000, 0x00000000d5f00000)
  object space 328192K, 55% used [0x0000000081c00000,0x000000008cf5e520,0x0000000095c80000)
 Metaspace       used 6686K, capacity 6723K, committed 6912K, reserved 1056768K
  class space    used 639K, capacity 656K, committed 768K, reserved 1048576K
}

Deoptimization events (8 events):
Event: 3.258 Thread 0x000000005a5ed800 Uncommon trap: reason=intrinsic action=make_not_entrant pc=0x0000000002b3ab80 method=com.mygdx.game.Screens.practiceDynTiles.landmapGenandPerlin()V @ 762
Event: 3.282 Thread 0x000000005a5ed800 Uncommon trap: reason=unstable_if action=reinterpret pc=0x0000000002b3ce98 method=com.mygdx.game.Screens.practiceDynTiles.landmapGenandPerlin()V @ 585
Event: 3.483 Thread 0x000000005a5ed800 Uncommon trap: reason=unstable_if action=reinterpret pc=0x0000000002b4c170 method=com.mygdx.game.Screens.practiceDynTiles.landmapGenandPerlin()V @ 545
Event: 3.499 Thread 0x000000005a5ed800 Uncommon trap: reason=unstable_if action=reinterpret pc=0x0000000002b1f820 method=com.mygdx.game.Screens.practiceDynTiles.landmapGenandPerlin()V @ 1002
Event: 3.697 Thread 0x000000005a5ed800 Uncommon trap: reason=unstable_if action=reinterpret pc=0x0000000002bbac2c method=java.util.StringTokenizer.scanToken(I)I @ 7
Event: 3.697 Thread 0x000000005a5ed800 Uncommon trap: reason=unstable_if action=reinterpret pc=0x0000000002bad304 method=java.util.StringTokenizer.skipDelimiters(I)I @ 29
Event: 3.698 Thread 0x000000005a5ed800 Uncommon trap: reason=unstable_if action=reinterpret pc=0x0000000002bab25c method=java.util.StringTokenizer.scanToken(I)I @ 7
Event: 17.035 Thread 0x000000005a5ed800 Uncommon trap: reason=unstable_if action=reinterpret pc=0x0000000002ceb850 method=com.mygdx.game.Screens.practiceDynTiles.update(F)V @ 261

Classes redefined (0 events):
No events

Internal exceptions (10 events):
Event: 0.640 Thread 0x000000000203b000 Exception <a 'java/security/PrivilegedActionException'> (0x00000000d63c19c8) thrown at [C:\re\workspace\8-2-build-windows-amd64-cygwin\jdk8u171\10807\hotspot\src\share\vm\prims\jvm.cpp, line 1435]
Event: 0.640 Thread 0x000000000203b000 Exception <a 'java/security/PrivilegedActionException'> (0x00000000d63c1bd8) thrown at [C:\re\workspace\8-2-build-windows-amd64-cygwin\jdk8u171\10807\hotspot\src\share\vm\prims\jvm.cpp, line 1435]
Event: 0.641 Thread 0x000000000203b000 Exception <a 'java/security/PrivilegedActionException'> (0x00000000d63c5ae8) thrown at [C:\re\workspace\8-2-build-windows-amd64-cygwin\jdk8u171\10807\hotspot\src\share\vm\prims\jvm.cpp, line 1435]
Event: 0.641 Thread 0x000000000203b000 Exception <a 'java/security/PrivilegedActionException'> (0x00000000d63c5cf8) thrown at [C:\re\workspace\8-2-build-windows-amd64-cygwin\jdk8u171\10807\hotspot\src\share\vm\prims\jvm.cpp, line 1435]
Event: 1.192 Thread 0x000000000203b000 Exception <a 'java/security/PrivilegedActionException'> (0x00000000d65f4250) thrown at [C:\re\workspace\8-2-build-windows-amd64-cygwin\jdk8u171\10807\hotspot\src\share\vm\prims\jvm.cpp, line 1435]
Event: 1.192 Thread 0x000000000203b000 Exception <a 'java/security/PrivilegedActionException'> (0x00000000d65f5f28) thrown at [C:\re\workspace\8-2-build-windows-amd64-cygwin\jdk8u171\10807\hotspot\src\share\vm\prims\jvm.cpp, line 1435]
Event: 1.193 Thread 0x000000000203b000 Exception <a 'java/security/PrivilegedActionException'> (0x00000000d65f7098) thrown at [C:\re\workspace\8-2-build-windows-amd64-cygwin\jdk8u171\10807\hotspot\src\share\vm\prims\jvm.cpp, line 1435]
Event: 1.193 Thread 0x000000000203b000 Exception <a 'java/security/PrivilegedActionException'> (0x00000000d65fc5d8) thrown at [C:\re\workspace\8-2-build-windows-amd64-cygwin\jdk8u171\10807\hotspot\src\share\vm\prims\jvm.cpp, line 1435]
Event: 1.193 Thread 0x000000000203b000 Exception <a 'java/security/PrivilegedActionException'> (0x00000000d65fd230) thrown at [C:\re\workspace\8-2-build-windows-amd64-cygwin\jdk8u171\10807\hotspot\src\share\vm\prims\jvm.cpp, line 1435]
Event: 1.193 Thread 0x000000000203b000 Exception <a 'java/security/PrivilegedActionException'> (0x00000000d65fde58) thrown at [C:\re\workspace\8-2-build-windows-amd64-cygwin\jdk8u171\10807\hotspot\src\share\vm\prims\jvm.cpp, line 1435]

Events (10 events):
Event: 5.059 Thread 0x000000005a5ed800 DEOPT UNPACKING pc=0x0000000002927890 sp=0x000000005b8df0a0 mode 0
Event: 5.926 Thread 0x000000005a5ed800 DEOPT PACKING pc=0x0000000002c9b950 sp=0x000000005b8df1d0
Event: 5.926 Thread 0x000000005a5ed800 DEOPT UNPACKING pc=0x0000000002927890 sp=0x000000005b8df050 mode 0
Event: 6.692 Thread 0x000000005a5ed800 DEOPT PACKING pc=0x0000000002cbd973 sp=0x000000005b8df180
Event: 6.692 Thread 0x000000005a5ed800 DEOPT UNPACKING pc=0x0000000002927890 sp=0x000000005b8defb0 mode 0
Event: 6.693 Thread 0x000000005a5ed800 DEOPT PACKING pc=0x0000000002cb327c sp=0x000000005b8df170
Event: 6.693 Thread 0x000000005a5ed800 DEOPT UNPACKING pc=0x0000000002927890 sp=0x000000005b8def40 mode 0
Event: 17.034 Thread 0x000000005a5ed800 Uncommon trap: trap_request=0xffffff65 fr.pc=0x0000000002ceb850
Event: 17.035 Thread 0x000000005a5ed800 DEOPT PACKING pc=0x0000000002ceb850 sp=0x000000005b8df2c0
Event: 17.035 Thread 0x000000005a5ed800 DEOPT UNPACKING pc=0x000000000292583b sp=0x000000005b8df2a0 mode 2


Dynamic libraries:
0x000000013fe90000 - 0x000000013fec7000 	C:\Program Files\Java\jdk1.8.0_171\bin\java.exe
0x00000000774c0000 - 0x000000007765f000 	C:\WINDOWS\SYSTEM32\ntdll.dll
0x00000000772a0000 - 0x00000000773bf000 	C:\WINDOWS\system32\kernel32.dll
0x000007fefd3b0000 - 0x000007fefd41a000 	C:\WINDOWS\system32\KERNELBASE.dll
0x000007feff6d0000 - 0x000007feff7ab000 	C:\WINDOWS\system32\ADVAPI32.dll
0x000007fefed70000 - 0x000007fefee0f000 	C:\WINDOWS\system32\msvcrt.dll
0x000007fefee90000 - 0x000007fefeeaf000 	C:\WINDOWS\SYSTEM32\sechost.dll
0x000007fefeeb0000 - 0x000007fefefdd000 	C:\WINDOWS\system32\RPCRT4.dll
0x00000000773c0000 - 0x00000000774ba000 	C:\WINDOWS\system32\USER32.dll
0x000007fefe750000 - 0x000007fefe7b7000 	C:\WINDOWS\system32\GDI32.dll
0x000007fefd9b0000 - 0x000007fefd9be000 	C:\WINDOWS\system32\LPK.dll
0x000007fefeb10000 - 0x000007fefebdb000 	C:\WINDOWS\system32\USP10.dll
0x000007fefbab0000 - 0x000007fefbca4000 	C:\WINDOWS\WinSxS\amd64_microsoft.windows.common-controls_6595b64144ccf1df_6.0.7601.18837_none_fa3b1e3d17594757\COMCTL32.dll
0x000007feff440000 - 0x000007feff4b1000 	C:\WINDOWS\system32\SHLWAPI.dll
0x000007feff5d0000 - 0x000007feff5fe000 	C:\WINDOWS\system32\IMM32.DLL
0x000007feff4c0000 - 0x000007feff5c9000 	C:\WINDOWS\system32\MSCTF.dll
0x0000000074a30000 - 0x0000000074b02000 	C:\Program Files\Java\jdk1.8.0_171\jre\bin\msvcr100.dll
0x0000000056e90000 - 0x0000000057730000 	C:\Program Files\Java\jdk1.8.0_171\jre\bin\server\jvm.dll
0x000007fef48d0000 - 0x000007fef48d9000 	C:\WINDOWS\system32\WSOCK32.dll
0x000007feff680000 - 0x000007feff6cd000 	C:\WINDOWS\system32\WS2_32.dll
0x000007fefeb00000 - 0x000007fefeb08000 	C:\WINDOWS\system32\NSI.dll
0x000007fefb290000 - 0x000007fefb2cb000 	C:\WINDOWS\system32\WINMM.dll
0x000007fefc140000 - 0x000007fefc14c000 	C:\WINDOWS\system32\VERSION.dll
0x0000000077670000 - 0x0000000077677000 	C:\WINDOWS\system32\PSAPI.DLL
0x0000000074d20000 - 0x0000000074d2f000 	C:\Program Files\Java\jdk1.8.0_171\jre\bin\verify.dll
0x0000000074cf0000 - 0x0000000074d19000 	C:\Program Files\Java\jdk1.8.0_171\jre\bin\java.dll
0x0000000074970000 - 0x0000000074993000 	C:\Program Files\Java\jdk1.8.0_171\jre\bin\instrument.dll
0x0000000074cb0000 - 0x0000000074cc6000 	C:\Program Files\Java\jdk1.8.0_171\jre\bin\zip.dll
0x000007fefd9c0000 - 0x000007fefe74b000 	C:\WINDOWS\system32\SHELL32.dll
0x000007fefe900000 - 0x000007fefeafd000 	C:\WINDOWS\system32\ole32.dll
0x000007fefd070000 - 0x000007fefd07f000 	C:\WINDOWS\system32\profapi.dll
0x000007fefba90000 - 0x000007fefbaaa000 	C:\Program Files\Android\Android Studio\bin\breakgen64.dll
0x0000000074a10000 - 0x0000000074a2a000 	C:\Program Files\Java\jdk1.8.0_171\jre\bin\net.dll
0x000007fefc7f0000 - 0x000007fefc845000 	C:\WINDOWS\system32\mswsock.dll
0x000007fefc7e0000 - 0x000007fefc7e7000 	C:\WINDOWS\System32\wship6.dll
0x0000000065580000 - 0x0000000065616000 	C:\Users\GCUser\AppData\Local\Temp\libgdxGCUser\12dfaa03\gdx64.dll
0x000007fefc850000 - 0x000007fefc868000 	C:\WINDOWS\system32\CRYPTSP.dll
0x000007fefc550000 - 0x000007fefc597000 	C:\WINDOWS\system32\rsaenh.dll
0x000007fefd390000 - 0x000007fefd3ae000 	C:\WINDOWS\system32\USERENV.dll
0x000007fefcf00000 - 0x000007fefcf0f000 	C:\WINDOWS\system32\CRYPTBASE.dll
0x000007fefa8e0000 - 0x000007fefa907000 	C:\WINDOWS\system32\IPHLPAPI.DLL
0x000007fefa8d0000 - 0x000007fefa8db000 	C:\WINDOWS\system32\WINNSI.DLL
0x000007fef9fc0000 - 0x000007fef9fd8000 	C:\WINDOWS\system32\dhcpcsvc.DLL
0x000007fef9fa0000 - 0x000007fef9fb1000 	C:\WINDOWS\system32\dhcpcsvc6.DLL
0x00000000749f0000 - 0x0000000074a01000 	C:\Program Files\Java\jdk1.8.0_171\jre\bin\nio.dll
0x0000000180000000 - 0x0000000180053000 	C:\Users\GCUser\AppData\Local\Temp\libgdxGCUser\dc0f0009\lwjgl64.dll
0x000007feecce0000 - 0x000007feecdfd000 	C:\WINDOWS\system32\OPENGL32.dll
0x000007feeccb0000 - 0x000007feeccdd000 	C:\WINDOWS\system32\GLU32.dll
0x000007feecbb0000 - 0x000007feecca1000 	C:\WINDOWS\system32\DDRAW.dll
0x000007feecba0000 - 0x000007feecba8000 	C:\WINDOWS\system32\DCIMAN32.dll
0x000007fefd420000 - 0x000007fefd5f7000 	C:\WINDOWS\system32\SETUPAPI.dll
0x000007fefd0f0000 - 0x000007fefd126000 	C:\WINDOWS\system32\CFGMGR32.dll
0x000007fefd8d0000 - 0x000007fefd9aa000 	C:\WINDOWS\system32\OLEAUT32.dll
0x000007fefd0d0000 - 0x000007fefd0ea000 	C:\WINDOWS\system32\DEVOBJ.dll
0x000007fefae30000 - 0x000007fefae48000 	C:\WINDOWS\system32\dwmapi.dll
0x0000000058e10000 - 0x0000000058e74000 	C:\Users\GCUser\AppData\Local\Temp\libgdxGCUser\dc0f0009\OpenAL64.dll
0x000007fefb760000 - 0x000007fefb7b6000 	C:\WINDOWS\system32\uxtheme.dll
0x000007fefe860000 - 0x000007fefe8f9000 	C:\WINDOWS\system32\CLBCatQ.DLL
0x000007fefb930000 - 0x000007fefba5c000 	C:\WINDOWS\System32\PROPSYS.dll
0x000007fefd090000 - 0x000007fefd0cb000 	C:\WINDOWS\system32\WINTRUST.dll
0x000007fefd200000 - 0x000007fefd36d000 	C:\WINDOWS\system32\CRYPT32.dll
0x000007fefd060000 - 0x000007fefd06f000 	C:\WINDOWS\system32\MSASN1.dll
0x000007fee7120000 - 0x000007fee71a8000 	C:\WINDOWS\system32\dsound.dll
0x000007fefb820000 - 0x000007fefb84c000 	C:\WINDOWS\system32\POWRPROF.dll
0x000007fefb7d0000 - 0x000007fefb81b000 	C:\WINDOWS\System32\MMDevApi.dll
0x000007fefada0000 - 0x000007fefadef000 	C:\WINDOWS\system32\AUDIOSES.DLL
0x000007fed4520000 - 0x000007fed521a000 	C:\WINDOWS\system32\ig9icd64.dll
0x000007feef130000 - 0x000007feeff9d000 	C:\WINDOWS\system32\igc64.dll
0x000007fefaee0000 - 0x000007fefaef1000 	C:\WINDOWS\system32\WTSAPI32.dll
0x000007fee0750000 - 0x000007fee07ec000 	C:\WINDOWS\system32\mscms.dll
0x000007fedc000000 - 0x000007fedc042000 	C:\WINDOWS\system32\icm32.dll
0x0000000066bc0000 - 0x0000000066c7b000 	C:\Users\GCUser\AppData\Local\Temp\libgdxGCUser\54593449\gdx-box2d64.dll
0x000007fef5be0000 - 0x000007fef5d05000 	C:\WINDOWS\system32\dbghelp.dll

VM Arguments:
jvm_args: -javaagent:C:\Program Files\Android\Android Studio\lib\idea_rt.jar=51999:C:\Program Files\Android\Android Studio\bin -Dfile.encoding=UTF-8 
java_command: com.mygdx.game.desktop.DesktopLauncher
java_class_path (initial): C:\Program Files\Java\jdk1.8.0_171\jre\lib\charsets.jar;C:\Program Files\Java\jdk1.8.0_171\jre\lib\deploy.jar;C:\Program Files\Java\jdk1.8.0_171\jre\lib\ext\access-bridge-64.jar;C:\Program Files\Java\jdk1.8.0_171\jre\lib\ext\cldrdata.jar;C:\Program Files\Java\jdk1.8.0_171\jre\lib\ext\dnsns.jar;C:\Program Files\Java\jdk1.8.0_171\jre\lib\ext\jaccess.jar;C:\Program Files\Java\jdk1.8.0_171\jre\lib\ext\jfxrt.jar;C:\Program Files\Java\jdk1.8.0_171\jre\lib\ext\localedata.jar;C:\Program Files\Java\jdk1.8.0_171\jre\lib\ext\nashorn.jar;C:\Program Files\Java\jdk1.8.0_171\jre\lib\ext\sunec.jar;C:\Program Files\Java\jdk1.8.0_171\jre\lib\ext\sunjce_provider.jar;C:\Program Files\Java\jdk1.8.0_171\jre\lib\ext\sunmscapi.jar;C:\Program Files\Java\jdk1.8.0_171\jre\lib\ext\sunpkcs11.jar;C:\Program Files\Java\jdk1.8.0_171\jre\lib\ext\zipfs.jar;C:\Program Files\Java\jdk1.8.0_171\jre\lib\javaws.jar;C:\Program Files\Java\jdk1.8.0_171\jre\lib\jce.jar;C:\Program Files\Java\jdk1.8.0_171\jre\lib\jfr.jar;C:\Program Files\Java\jdk1.8.0_171\jre\lib\jfxswt.jar;C:\Program Files\Java\jdk1.8.0_171\jre\lib\jsse.jar;C:\Program Files\Java\jdk1.8.0_171\jre\lib\management-agent.jar;C:\Program Files\Java\jdk1.8.0_171\jre\lib\plugin.jar;C:\Program Files\Java\jdk1.8.0_171\jre\lib\resources.jar;C:\Program Files\Java\jdk1.8.0_171\jre\lib\rt.jar;C:\Users\GCUser\AndroidStudioProjects\libgdx\desktop\build\classes\java\main;C:\Users\GCUser\AndroidStudioProjects\libgdx\core\build\classes\java\main;C:\Users\GCUser\AndroidStudioProjects\Gradle\gradle-4.6\caches\modules-2\files-2.1\com.badlogicgames.gdx\gdx-tools\1.9.8\5c32820fccee957cc77990d353297ceed1a63159\gdx-tools-1.9.8.jar;C:\Users\GCUser\AndroidStudioProjects\Gradle\gradle-4.6\caches\modules-2\files-2.1\com.badlogicgames.gdx\gdx-backend-lwjgl\1.9.8\b7c138f14ed67ad830ae7597da3d86ae02b20eee\gdx-backend-lwjgl-1.9.8.jar;C:\Users\GCUser\AndroidStudioProjects\Gradle\gradle-4.6\caches\modules-2\files-2.1\com.badlogicgames.gdx\gdx-platform\
Launcher Type: SUN_STANDARD

Environment Variables:
PATH=C:\ProgramData\Oracle\Java\javapath;C:\WINDOWS\system32;C:\WINDOWS;C:\WINDOWS\System32\Wbem;C:\WINDOWS\System32\WindowsPowerShell\v1.0\;c:\Program Files (x86)\QuickTime\QTSystem\;C:\WINDOWS\System32\WindowsPowerShell\v1.0\;C:\WINDOWS\System32\WindowsPowerShell\v1.0\;C:\Program Files\MySQL\MySQL Utilities 1.6\;C:\Users\GCUser\AndroidStudioProjects\Gradle\gradle-4.6\bin
USERNAME=GCUser
OS=Windows_NT
PROCESSOR_IDENTIFIER=Intel64 Family 6 Model 78 Stepping 3, GenuineIntel



---------------  S Y S T E M  ---------------

OS: Windows 7 , 64 bit Build 7601 (6.1.7601.24214)

CPU:total 4 (initial active 4) (2 cores per cpu, 2 threads per core) family 6 model 78 stepping 3, cmov, cx8, fxsr, mmx, sse, sse2, sse3, ssse3, sse4.1, sse4.2, popcnt, avx, avx2, aes, clmul, erms, 3dnowpref, lzcnt, ht, tsc, tscinvbit, bmi1, bmi2, adx

Memory: 4k page, physical 8266332k(1809616k free), swap 16530764k(8842212k free)

vm_info: Java HotSpot(TM) 64-Bit Server VM (25.171-b11) for windows-amd64 JRE (1.8.0_171-b11), built on Mar 28 2018 16:06:12 by "java_re" with MS VC++ 10.0 (VS2010)

time: Tue Sep 11 13:01:27 2018
elapsed time: 17 seconds (0d 0h 0m 17s)

