#
# A fatal error has been detected by the Java Runtime Environment:
#
#  EXCEPTION_ACCESS_VIOLATION (0xc0000005) at pc=0x0000000066bcbd0d, pid=10468, tid=0x0000000000001fd4
#
# JRE version: Java(TM) SE Runtime Environment (8.0_171-b11) (build 1.8.0_171-b11)
# Java VM: Java HotSpot(TM) 64-Bit Server VM (25.171-b11 mixed mode windows-amd64 compressed oops)
# Problematic frame:
# C  [gdx-box2d64.dll+0xbd0d]
#
# Failed to write core dump. Minidumps are not enabled by default on client versions of Windows
#
# If you would like to submit a bug report, please visit:
#   http://bugreport.java.com/bugreport/crash.jsp
# The crash happened outside the Java Virtual Machine in native code.
# See problematic frame for where to report the bug.
#

---------------  T H R E A D  ---------------

Current thread (0x0000000018e22000):  JavaThread "LWJGL Application" [_thread_in_native, id=8148, stack(0x000000001af40000,0x000000001b040000)]

siginfo: ExceptionCode=0xc0000005, reading address 0x0000002600000000

Registers:
RAX=0x0000002600000000, RBX=0x00000000002ef890, RCX=0x00000000002ef860, RDX=0x00000000000000b8
RSP=0x000000001b03eef0, RBP=0x0000000000000006, RSI=0x00000000002ef860, RDI=0x000000001b03efb0
R8 =0x00000000002ef860, R9 =0x0000000000000000, R10=0x0000000000000000, R11=0x0000000000000001
R12=0x0000000000000000, R13=0x00000000174813d8, R14=0x000000001b03f2c8, R15=0x0000000018e22000
RIP=0x0000000066bcbd0d, EFLAGS=0x0000000000010206

Top of Stack: (sp=0x000000001b03eef0)
0x000000001b03eef0:   0000000000000019 0000000086bef9b8
0x000000001b03ef00:   000000001b03f220 0000000002cd43ec
0x000000001b03ef10:   000000001b03f220 00000000002ef860
0x000000001b03ef20:   0000000000000001 000000001b03efb0
0x000000001b03ef30:   000000001b03f0d0 0000000000000000
0x000000001b03ef40:   00000000174813d8 0000000066be2483
0x000000001b03ef50:   00000000174744d8 0000000086bef998
0x000000001b03ef60:   000000001b03f098 0000000086bef998
0x000000001b03ef70:   0000000000000001 0000000000000001
0x000000001b03ef80:   0000000000000001 0000000066be8616
0x000000001b03ef90:   000000001b03f220 0000000002cd34d4
0x000000001b03efa0:   000000001b03f220 0000000002cd34d4
0x000000001b03efb0:   430b400000000000 0000000043862000
0x000000001b03efc0:   0000000000000000 0000000000000000
0x000000001b03efd0:   0000010100000000 000000001b03f001
0x000000001b03efe0:   0000000000000000 000000003f800000 

Instructions: (pc=0x0000000066bcbd0d)
0x0000000066bcbced:   48 8d 05 6c a3 05 00 0f b6 1c 18 80 fb 0d 0f b6
0x0000000066bcbcfd:   eb 77 21 48 8d 1c de 48 8b 43 10 48 85 c0 74 3a
0x0000000066bcbd0d:   48 8b 10 48 89 53 10 48 83 c4 28 5b 5e 5f 5d 41
0x0000000066bcbd1d:   5c 41 5d c3 48 8d 15 18 9e 04 00 48 8d 0d 99 9e 


Register to memory mapping:

RAX=0x0000002600000000 is an unknown value
RBX=0x00000000002ef890 is an unknown value
RCX=0x00000000002ef860 is an unknown value
RDX=0x00000000000000b8 is an unknown value
RSP=0x000000001b03eef0 is pointing into the stack for thread: 0x0000000018e22000
RBP=0x0000000000000006 is an unknown value
RSI=0x00000000002ef860 is an unknown value
RDI=0x000000001b03efb0 is pointing into the stack for thread: 0x0000000018e22000
R8 =0x00000000002ef860 is an unknown value
R9 =0x0000000000000000 is an unknown value
R10=0x0000000000000000 is an unknown value
R11=0x0000000000000001 is an unknown value
R12=0x0000000000000000 is an unknown value
R13=0x00000000174813d8 is pointing into metadata
R14=0x000000001b03f2c8 is pointing into the stack for thread: 0x0000000018e22000
R15=0x0000000018e22000 is a thread


Stack: [0x000000001af40000,0x000000001b040000],  sp=0x000000001b03eef0,  free space=1019k
Native frames: (J=compiled Java code, j=interpreted, Vv=VM code, C=native code)
C  [gdx-box2d64.dll+0xbd0d]
C  [gdx-box2d64.dll+0x22483]
C  [gdx-box2d64.dll+0x28616]
C  0x0000000002cda3e4

Java frames: (J=compiled Java code, j=interpreted, Vv=VM code)
J 676  com.badlogic.gdx.physics.box2d.World.jniCreateBody(JIFFFFFFFFZZZZZF)J (0 bytes) @ 0x0000000002cda366 [0x0000000002cda2c0+0xa6]
J 675 C1 com.badlogic.gdx.physics.box2d.World.createBody(Lcom/badlogic/gdx/physics/box2d/BodyDef;)Lcom/badlogic/gdx/physics/box2d/Body; (120 bytes) @ 0x0000000002cdac7c [0x0000000002cdaae0+0x19c]
j  com.mygdx.game.Tools.b2dWorldCreator.updateSqs(Lcom/badlogic/gdx/Screen;)V+355
j  com.mygdx.game.Screens.practiceDynTiles.update(F)V+406
J 957 C2 com.mygdx.game.Screens.practiceDynTiles.render(F)V (399 bytes) @ 0x0000000002db57e8 [0x0000000002db5660+0x188]
j  com.badlogic.gdx.Game.render()V+19
j  com.mygdx.game.MyGdxGame.render()V+1
j  com.badlogic.gdx.backends.lwjgl.LwjglApplication.mainLoop()V+698
j  com.badlogic.gdx.backends.lwjgl.LwjglApplication$1.run()V+27
v  ~StubRoutines::call_stub

---------------  P R O C E S S  ---------------

Java Threads: ( => current thread )
  0x000000001a848800 JavaThread "LWJGL Timer" daemon [_thread_blocked, id=7284, stack(0x000000001e000000,0x000000001e100000)]
  0x0000000001c1b000 JavaThread "DestroyJavaVM" [_thread_blocked, id=7048, stack(0x0000000002480000,0x0000000002580000)]
=>0x0000000018e22000 JavaThread "LWJGL Application" [_thread_in_native, id=8148, stack(0x000000001af40000,0x000000001b040000)]
  0x0000000018bc2000 JavaThread "Service Thread" daemon [_thread_blocked, id=7900, stack(0x00000000196c0000,0x00000000197c0000)]
  0x0000000018baf000 JavaThread "C1 CompilerThread2" daemon [_thread_blocked, id=1472, stack(0x00000000195c0000,0x00000000196c0000)]
  0x0000000018bae000 JavaThread "C2 CompilerThread1" daemon [_thread_blocked, id=11008, stack(0x00000000193e0000,0x00000000194e0000)]
  0x0000000018bad800 JavaThread "C2 CompilerThread0" daemon [_thread_blocked, id=5240, stack(0x0000000019280000,0x0000000019380000)]
  0x0000000018baa000 JavaThread "Monitor Ctrl-Break" daemon [_thread_in_native, id=5972, stack(0x0000000018840000,0x0000000018940000)]
  0x00000000176d6800 JavaThread "Attach Listener" daemon [_thread_blocked, id=11232, stack(0x0000000019110000,0x0000000019210000)]
  0x00000000176d5800 JavaThread "Signal Dispatcher" daemon [_thread_blocked, id=3528, stack(0x0000000018fc0000,0x00000000190c0000)]
  0x00000000176b7800 JavaThread "Finalizer" daemon [_thread_blocked, id=5904, stack(0x0000000018970000,0x0000000018a70000)]
  0x0000000017676000 JavaThread "Reference Handler" daemon [_thread_blocked, id=7044, stack(0x0000000012630000,0x0000000012730000)]

Other Threads:
  0x000000001766e000 VMThread [stack: 0x0000000018710000,0x0000000018810000] [id=9772]
  0x0000000018cc1800 WatcherThread [stack: 0x0000000019ac0000,0x0000000019bc0000] [id=1656]

VM state:not at safepoint (normal execution)

VM Mutex/Monitor currently owned by a thread: None

Heap:
 PSYoungGen      total 161280K, used 100374K [0x00000000d5f00000, 0x00000000e6480000, 0x0000000100000000)
  eden space 95744K, 36% used [0x00000000d5f00000,0x00000000d8105b38,0x00000000dbc80000)
  from space 65536K, 100% used [0x00000000e0b00000,0x00000000e4b00000,0x00000000e4b00000)
  to   space 80384K, 0% used [0x00000000dbc80000,0x00000000dbc80000,0x00000000e0b00000)
 ParOldGen       total 292864K, used 179794K [0x0000000081c00000, 0x0000000093a00000, 0x00000000d5f00000)
  object space 292864K, 61% used [0x0000000081c00000,0x000000008cb94a60,0x0000000093a00000)
 Metaspace       used 8915K, capacity 9011K, committed 9088K, reserved 1056768K
  class space    used 852K, capacity 880K, committed 896K, reserved 1048576K

Card table byte_map: [0x0000000011d70000,0x0000000012170000] byte_map_base: 0x0000000011962000

Marking Bits: (ParMarkBitMap*) 0x00000000533708c0
 Begin Bits: [0x00000000129c0000, 0x0000000014950000)
 End Bits:   [0x0000000014950000, 0x00000000168e0000)

Polling page: 0x0000000000130000

CodeCache: size=245760Kb used=4454Kb max_used=4468Kb free=241305Kb
 bounds [0x00000000029b0000, 0x0000000002e20000, 0x00000000119b0000]
 total_blobs=1550 nmethods=1040 adapters=423
 compilation: enabled

Compilation events (10 events):
Event: 9.058 Thread 0x0000000018bad800 1030   !   4       java.io.BufferedWriter::write (117 bytes)
Event: 9.058 Thread 0x0000000018bae000 1031   !   4       java.io.BufferedWriter::flushBuffer (53 bytes)
Event: 9.063 Thread 0x0000000018bad800 nmethod 1030 0x0000000002dff950 code [0x0000000002dffaa0, 0x0000000002e000f8]
Event: 9.063 Thread 0x0000000018bad800 1032       4       java.io.OutputStreamWriter::write (11 bytes)
Event: 9.069 Thread 0x0000000018bae000 nmethod 1031 0x0000000002e07a10 code [0x0000000002e07ba0, 0x0000000002e08928]
Event: 9.070 Thread 0x0000000018bae000 1035       4       sun.nio.cs.UTF_8$Encoder::encodeLoop (28 bytes)
Event: 9.071 Thread 0x0000000018bae000 nmethod 1035 0x0000000002dff550 code [0x0000000002dff6a0, 0x0000000002dff7c8]
Event: 9.071 Thread 0x0000000018bae000 1036   !   4       sun.nio.cs.StreamEncoder::flushBuffer (42 bytes)
Event: 9.072 Thread 0x0000000018bad800 nmethod 1032 0x0000000002e03f50 code [0x0000000002e040e0, 0x0000000002e04aa8]
Event: 9.072 Thread 0x0000000018bad800 1033   !   4       sun.nio.cs.StreamEncoder::write (78 bytes)

GC Heap History (10 events):
Event: 3.894 GC heap before
{Heap before GC invocations=4 (full 1):
 PSYoungGen      total 38400K, used 5102K [0x00000000d5f00000, 0x00000000daa00000, 0x0000000100000000)
  eden space 33280K, 0% used [0x00000000d5f00000,0x00000000d5f00000,0x00000000d7f80000)
  from space 5120K, 99% used [0x00000000d7f80000,0x00000000d847b890,0x00000000d8480000)
  to   space 5120K, 0% used [0x00000000da500000,0x00000000da500000,0x00000000daa00000)
 ParOldGen       total 87552K, used 80127K [0x0000000081c00000, 0x0000000087180000, 0x00000000d5f00000)
  object space 87552K, 91% used [0x0000000081c00000,0x0000000086a3fee8,0x0000000087180000)
 Metaspace       used 6699K, capacity 6735K, committed 6912K, reserved 1056768K
  class space    used 639K, capacity 656K, committed 768K, reserved 1048576K
Event: 3.941 GC heap after
Heap after GC invocations=4 (full 1):
 PSYoungGen      total 38400K, used 0K [0x00000000d5f00000, 0x00000000daa00000, 0x0000000100000000)
  eden space 33280K, 0% used [0x00000000d5f00000,0x00000000d5f00000,0x00000000d7f80000)
  from space 5120K, 0% used [0x00000000d7f80000,0x00000000d7f80000,0x00000000d8480000)
  to   space 5120K, 0% used [0x00000000da500000,0x00000000da500000,0x00000000daa00000)
 ParOldGen       total 168448K, used 83948K [0x0000000081c00000, 0x000000008c080000, 0x00000000d5f00000)
  object space 168448K, 49% used [0x0000000081c00000,0x0000000086dfb0d0,0x000000008c080000)
 Metaspace       used 6699K, capacity 6735K, committed 6912K, reserved 1056768K
  class space    used 639K, capacity 656K, committed 768K, reserved 1048576K
}
Event: 4.015 GC heap before
{Heap before GC invocations=5 (full 1):
 PSYoungGen      total 38400K, used 33280K [0x00000000d5f00000, 0x00000000daa00000, 0x0000000100000000)
  eden space 33280K, 100% used [0x00000000d5f00000,0x00000000d7f80000,0x00000000d7f80000)
  from space 5120K, 0% used [0x00000000d7f80000,0x00000000d7f80000,0x00000000d8480000)
  to   space 5120K, 0% used [0x00000000da500000,0x00000000da500000,0x00000000daa00000)
 ParOldGen       total 168448K, used 83948K [0x0000000081c00000, 0x000000008c080000, 0x00000000d5f00000)
  object space 168448K, 49% used [0x0000000081c00000,0x0000000086dfb0d0,0x000000008c080000)
 Metaspace       used 6699K, capacity 6735K, committed 6912K, reserved 1056768K
  class space    used 639K, capacity 656K, committed 768K, reserved 1048576K
Event: 4.029 GC heap after
Heap after GC invocations=5 (full 1):
 PSYoungGen      total 65536K, used 5120K [0x00000000d5f00000, 0x00000000daa00000, 0x0000000100000000)
  eden space 60416K, 0% used [0x00000000d5f00000,0x00000000d5f00000,0x00000000d9a00000)
  from space 5120K, 100% used [0x00000000da500000,0x00000000daa00000,0x00000000daa00000)
  to   space 5120K, 0% used [0x00000000da000000,0x00000000da000000,0x00000000da500000)
 ParOldGen       total 168448K, used 112174K [0x0000000081c00000, 0x000000008c080000, 0x00000000d5f00000)
  object space 168448K, 66% used [0x0000000081c00000,0x000000008898bb60,0x000000008c080000)
 Metaspace       used 6699K, capacity 6735K, committed 6912K, reserved 1056768K
  class space    used 639K, capacity 656K, committed 768K, reserved 1048576K
}
Event: 4.233 GC heap before
{Heap before GC invocations=6 (full 1):
 PSYoungGen      total 65536K, used 65536K [0x00000000d5f00000, 0x00000000daa00000, 0x0000000100000000)
  eden space 60416K, 100% used [0x00000000d5f00000,0x00000000d9a00000,0x00000000d9a00000)
  from space 5120K, 100% used [0x00000000da500000,0x00000000daa00000,0x00000000daa00000)
  to   space 5120K, 0% used [0x00000000da000000,0x00000000da000000,0x00000000da500000)
 ParOldGen       total 168448K, used 112174K [0x0000000081c00000, 0x000000008c080000, 0x00000000d5f00000)
  object space 168448K, 66% used [0x0000000081c00000,0x000000008898bb60,0x000000008c080000)
 Metaspace       used 6699K, capacity 6735K, committed 6912K, reserved 1056768K
  class space    used 639K, capacity 656K, committed 768K, reserved 1048576K
Event: 4.260 GC heap after
Heap after GC invocations=6 (full 1):
 PSYoungGen      total 71680K, used 5120K [0x00000000d5f00000, 0x00000000e4b00000, 0x0000000100000000)
  eden space 66560K, 0% used [0x00000000d5f00000,0x00000000d5f00000,0x00000000da000000)
  from space 5120K, 100% used [0x00000000da000000,0x00000000da500000,0x00000000da500000)
  to   space 65536K, 0% used [0x00000000e0b00000,0x00000000e0b00000,0x00000000e4b00000)
 ParOldGen       total 172544K, used 172462K [0x0000000081c00000, 0x000000008c480000, 0x00000000d5f00000)
  object space 172544K, 99% used [0x0000000081c00000,0x000000008c46baa0,0x000000008c480000)
 Metaspace       used 6699K, capacity 6735K, committed 6912K, reserved 1056768K
  class space    used 639K, capacity 656K, committed 768K, reserved 1048576K
}
Event: 4.260 GC heap before
{Heap before GC invocations=7 (full 2):
 PSYoungGen      total 71680K, used 5120K [0x00000000d5f00000, 0x00000000e4b00000, 0x0000000100000000)
  eden space 66560K, 0% used [0x00000000d5f00000,0x00000000d5f00000,0x00000000da000000)
  from space 5120K, 100% used [0x00000000da000000,0x00000000da500000,0x00000000da500000)
  to   space 65536K, 0% used [0x00000000e0b00000,0x00000000e0b00000,0x00000000e4b00000)
 ParOldGen       total 172544K, used 172462K [0x0000000081c00000, 0x000000008c480000, 0x00000000d5f00000)
  object space 172544K, 99% used [0x0000000081c00000,0x000000008c46baa0,0x000000008c480000)
 Metaspace       used 6699K, capacity 6735K, committed 6912K, reserved 1056768K
  class space    used 639K, capacity 656K, committed 768K, reserved 1048576K
Event: 4.298 GC heap after
Heap after GC invocations=7 (full 2):
 PSYoungGen      total 71680K, used 5012K [0x00000000d5f00000, 0x00000000e4b00000, 0x0000000100000000)
  eden space 66560K, 0% used [0x00000000d5f00000,0x00000000d5f00000,0x00000000da000000)
  from space 5120K, 97% used [0x00000000da000000,0x00000000da4e51e0,0x00000000da500000)
  to   space 65536K, 0% used [0x00000000e0b00000,0x00000000e0b00000,0x00000000e4b00000)
 ParOldGen       total 292864K, used 172457K [0x0000000081c00000, 0x0000000093a00000, 0x00000000d5f00000)
  object space 292864K, 58% used [0x0000000081c00000,0x000000008c46a630,0x0000000093a00000)
 Metaspace       used 6699K, capacity 6735K, committed 6912K, reserved 1056768K
  class space    used 639K, capacity 656K, committed 768K, reserved 1048576K
}
Event: 4.556 GC heap before
{Heap before GC invocations=8 (full 2):
 PSYoungGen      total 71680K, used 71572K [0x00000000d5f00000, 0x00000000e4b00000, 0x0000000100000000)
  eden space 66560K, 100% used [0x00000000d5f00000,0x00000000da000000,0x00000000da000000)
  from space 5120K, 97% used [0x00000000da000000,0x00000000da4e51e0,0x00000000da500000)
  to   space 65536K, 0% used [0x00000000e0b00000,0x00000000e0b00000,0x00000000e4b00000)
 ParOldGen       total 292864K, used 172457K [0x0000000081c00000, 0x0000000093a00000, 0x00000000d5f00000)
  object space 292864K, 58% used [0x0000000081c00000,0x000000008c46a630,0x0000000093a00000)
 Metaspace       used 6699K, capacity 6735K, committed 6912K, reserved 1056768K
  class space    used 639K, capacity 656K, committed 768K, reserved 1048576K
Event: 4.605 GC heap after
Heap after GC invocations=8 (full 2):
 PSYoungGen      total 161280K, used 65536K [0x00000000d5f00000, 0x00000000e6480000, 0x0000000100000000)
  eden space 95744K, 0% used [0x00000000d5f00000,0x00000000d5f00000,0x00000000dbc80000)
  from space 65536K, 100% used [0x00000000e0b00000,0x00000000e4b00000,0x00000000e4b00000)
  to   space 80384K, 0% used [0x00000000dbc80000,0x00000000dbc80000,0x00000000e0b00000)
 ParOldGen       total 292864K, used 179794K [0x0000000081c00000, 0x0000000093a00000, 0x00000000d5f00000)
  object space 292864K, 61% used [0x0000000081c00000,0x000000008cb94a60,0x0000000093a00000)
 Metaspace       used 6699K, capacity 6735K, committed 6912K, reserved 1056768K
  class space    used 639K, capacity 656K, committed 768K, reserved 1048576K
}

Deoptimization events (9 events):
Event: 4.634 Thread 0x0000000018e22000 Uncommon trap: reason=intrinsic action=make_not_entrant pc=0x0000000002bfca0c method=com.mygdx.game.Screens.practiceDynTiles.landmapGenandPerlin()V @ 762
Event: 4.767 Thread 0x0000000018e22000 Uncommon trap: reason=unstable_if action=reinterpret pc=0x0000000002bfec08 method=com.mygdx.game.Screens.practiceDynTiles.landmapGenandPerlin()V @ 545
Event: 4.783 Thread 0x0000000018e22000 Uncommon trap: reason=unstable_if action=reinterpret pc=0x0000000002c0dea8 method=com.mygdx.game.Screens.practiceDynTiles.landmapGenandPerlin()V @ 1002
Event: 5.029 Thread 0x0000000018e22000 Uncommon trap: reason=unstable_if action=reinterpret pc=0x0000000002c6a124 method=java.util.StringTokenizer.scanToken(I)I @ 7
Event: 5.029 Thread 0x0000000018e22000 Uncommon trap: reason=unstable_if action=reinterpret pc=0x0000000002c54e54 method=java.util.StringTokenizer.skipDelimiters(I)I @ 29
Event: 5.030 Thread 0x0000000018e22000 Uncommon trap: reason=unstable_if action=reinterpret pc=0x0000000002c554ac method=java.util.StringTokenizer.scanToken(I)I @ 7
Event: 5.054 Thread 0x0000000018e22000 Uncommon trap: reason=unstable_if action=reinterpret pc=0x0000000002c8d4f4 method=java.io.BufferedReader.readLine(Z)Ljava/lang/String; @ 153
Event: 5.054 Thread 0x0000000018e22000 Uncommon trap: reason=unstable_if action=reinterpret pc=0x0000000002c79020 method=java.io.BufferedReader.readLine(Z)Ljava/lang/String; @ 153
Event: 9.040 Thread 0x0000000018e22000 Uncommon trap: reason=unstable_if action=reinterpret pc=0x0000000002dcd7b4 method=com.mygdx.game.Screens.practiceDynTiles.update(F)V @ 261

Classes redefined (0 events):
No events

Internal exceptions (10 events):
Event: 1.354 Thread 0x0000000001c1b000 Exception <a 'java/security/PrivilegedActionException'> (0x00000000d63c19c8) thrown at [C:\re\workspace\8-2-build-windows-amd64-cygwin\jdk8u171\10807\hotspot\src\share\vm\prims\jvm.cpp, line 1435]
Event: 1.354 Thread 0x0000000001c1b000 Exception <a 'java/security/PrivilegedActionException'> (0x00000000d63c1bd8) thrown at [C:\re\workspace\8-2-build-windows-amd64-cygwin\jdk8u171\10807\hotspot\src\share\vm\prims\jvm.cpp, line 1435]
Event: 1.355 Thread 0x0000000001c1b000 Exception <a 'java/security/PrivilegedActionException'> (0x00000000d63c5ae8) thrown at [C:\re\workspace\8-2-build-windows-amd64-cygwin\jdk8u171\10807\hotspot\src\share\vm\prims\jvm.cpp, line 1435]
Event: 1.355 Thread 0x0000000001c1b000 Exception <a 'java/security/PrivilegedActionException'> (0x00000000d63c5cf8) thrown at [C:\re\workspace\8-2-build-windows-amd64-cygwin\jdk8u171\10807\hotspot\src\share\vm\prims\jvm.cpp, line 1435]
Event: 2.481 Thread 0x0000000001c1b000 Exception <a 'java/security/PrivilegedActionException'> (0x00000000d65f4278) thrown at [C:\re\workspace\8-2-build-windows-amd64-cygwin\jdk8u171\10807\hotspot\src\share\vm\prims\jvm.cpp, line 1435]
Event: 2.481 Thread 0x0000000001c1b000 Exception <a 'java/security/PrivilegedActionException'> (0x00000000d65f5f50) thrown at [C:\re\workspace\8-2-build-windows-amd64-cygwin\jdk8u171\10807\hotspot\src\share\vm\prims\jvm.cpp, line 1435]
Event: 2.481 Thread 0x0000000001c1b000 Exception <a 'java/security/PrivilegedActionException'> (0x00000000d65f70c0) thrown at [C:\re\workspace\8-2-build-windows-amd64-cygwin\jdk8u171\10807\hotspot\src\share\vm\prims\jvm.cpp, line 1435]
Event: 2.482 Thread 0x0000000001c1b000 Exception <a 'java/security/PrivilegedActionException'> (0x00000000d65fc600) thrown at [C:\re\workspace\8-2-build-windows-amd64-cygwin\jdk8u171\10807\hotspot\src\share\vm\prims\jvm.cpp, line 1435]
Event: 2.482 Thread 0x0000000001c1b000 Exception <a 'java/security/PrivilegedActionException'> (0x00000000d65fd258) thrown at [C:\re\workspace\8-2-build-windows-amd64-cygwin\jdk8u171\10807\hotspot\src\share\vm\prims\jvm.cpp, line 1435]
Event: 2.482 Thread 0x0000000001c1b000 Exception <a 'java/security/PrivilegedActionException'> (0x00000000d65fde80) thrown at [C:\re\workspace\8-2-build-windows-amd64-cygwin\jdk8u171\10807\hotspot\src\share\vm\prims\jvm.cpp, line 1435]

Events (10 events):
Event: 7.274 Thread 0x0000000018e22000 DEOPT UNPACKING pc=0x00000000029f7890 sp=0x000000001b03f0b0 mode 0
Event: 7.476 Thread 0x0000000018e22000 DEOPT PACKING pc=0x0000000002d9a697 sp=0x000000001b03f1c0
Event: 7.476 Thread 0x0000000018e22000 DEOPT UNPACKING pc=0x00000000029f7890 sp=0x000000001b03f010 mode 0
Event: 7.477 Thread 0x0000000018e22000 DEOPT PACKING pc=0x0000000002d91294 sp=0x000000001b03f1d0
Event: 7.477 Thread 0x0000000018e22000 DEOPT UNPACKING pc=0x00000000029f7890 sp=0x000000001b03efa0 mode 0
Event: 7.707 Thread 0x0000000018e22000 DEOPT PACKING pc=0x0000000002d93551 sp=0x000000001b03f190
Event: 7.707 Thread 0x0000000018e22000 DEOPT UNPACKING pc=0x00000000029f7890 sp=0x000000001b03eef8 mode 0
Event: 9.040 Thread 0x0000000018e22000 Uncommon trap: trap_request=0xffffff65 fr.pc=0x0000000002dcd7b4
Event: 9.040 Thread 0x0000000018e22000 DEOPT PACKING pc=0x0000000002dcd7b4 sp=0x000000001b03f2a0
Event: 9.040 Thread 0x0000000018e22000 DEOPT UNPACKING pc=0x00000000029f583b sp=0x000000001b03f290 mode 2


Dynamic libraries:
0x000000013f2e0000 - 0x000000013f317000 	C:\Program Files\Java\jdk1.8.0_171\bin\java.exe
0x00000000774c0000 - 0x000000007765f000 	C:\WINDOWS\SYSTEM32\ntdll.dll
0x00000000772a0000 - 0x00000000773bf000 	C:\WINDOWS\system32\kernel32.dll
0x000007fefd3b0000 - 0x000007fefd41a000 	C:\WINDOWS\system32\KERNELBASE.dll
0x000007feff6d0000 - 0x000007feff7ab000 	C:\WINDOWS\system32\ADVAPI32.dll
0x000007fefed70000 - 0x000007fefee0f000 	C:\WINDOWS\system32\msvcrt.dll
0x000007fefee90000 - 0x000007fefeeaf000 	C:\WINDOWS\SYSTEM32\sechost.dll
0x000007fefeeb0000 - 0x000007fefefdd000 	C:\WINDOWS\system32\RPCRT4.dll
0x00000000773c0000 - 0x00000000774ba000 	C:\WINDOWS\system32\USER32.dll
0x000007fefe750000 - 0x000007fefe7b7000 	C:\WINDOWS\system32\GDI32.dll
0x000007fefd9b0000 - 0x000007fefd9be000 	C:\WINDOWS\system32\LPK.dll
0x000007fefeb10000 - 0x000007fefebdb000 	C:\WINDOWS\system32\USP10.dll
0x000007fefbab0000 - 0x000007fefbca4000 	C:\WINDOWS\WinSxS\amd64_microsoft.windows.common-controls_6595b64144ccf1df_6.0.7601.18837_none_fa3b1e3d17594757\COMCTL32.dll
0x000007feff440000 - 0x000007feff4b1000 	C:\WINDOWS\system32\SHLWAPI.dll
0x000007feff5d0000 - 0x000007feff5fe000 	C:\WINDOWS\system32\IMM32.DLL
0x000007feff4c0000 - 0x000007feff5c9000 	C:\WINDOWS\system32\MSCTF.dll
0x0000000073d90000 - 0x0000000073e62000 	C:\Program Files\Java\jdk1.8.0_171\jre\bin\msvcr100.dll
0x0000000052b50000 - 0x00000000533f0000 	C:\Program Files\Java\jdk1.8.0_171\jre\bin\server\jvm.dll
0x000007fef48d0000 - 0x000007fef48d9000 	C:\WINDOWS\system32\WSOCK32.dll
0x000007feff680000 - 0x000007feff6cd000 	C:\WINDOWS\system32\WS2_32.dll
0x000007fefeb00000 - 0x000007fefeb08000 	C:\WINDOWS\system32\NSI.dll
0x000007fefb290000 - 0x000007fefb2cb000 	C:\WINDOWS\system32\WINMM.dll
0x000007fefc140000 - 0x000007fefc14c000 	C:\WINDOWS\system32\VERSION.dll
0x0000000077670000 - 0x0000000077677000 	C:\WINDOWS\system32\PSAPI.DLL
0x0000000074cf0000 - 0x0000000074cff000 	C:\Program Files\Java\jdk1.8.0_171\jre\bin\verify.dll
0x0000000074120000 - 0x0000000074149000 	C:\Program Files\Java\jdk1.8.0_171\jre\bin\java.dll
0x000000006f140000 - 0x000000006f163000 	C:\Program Files\Java\jdk1.8.0_171\jre\bin\instrument.dll
0x0000000073d70000 - 0x0000000073d86000 	C:\Program Files\Java\jdk1.8.0_171\jre\bin\zip.dll
0x000007fefd9c0000 - 0x000007fefe74b000 	C:\WINDOWS\system32\SHELL32.dll
0x000007fefe900000 - 0x000007fefeafd000 	C:\WINDOWS\system32\ole32.dll
0x000007fefd070000 - 0x000007fefd07f000 	C:\WINDOWS\system32\profapi.dll
0x000007fefa320000 - 0x000007fefa33a000 	C:\Program Files\Android\Android Studio\bin\breakgen64.dll
0x00000000730d0000 - 0x00000000730ea000 	C:\Program Files\Java\jdk1.8.0_171\jre\bin\net.dll
0x000007fefc7f0000 - 0x000007fefc845000 	C:\WINDOWS\system32\mswsock.dll
0x000007fefc7e0000 - 0x000007fefc7e7000 	C:\WINDOWS\System32\wship6.dll
0x0000000065580000 - 0x0000000065616000 	C:\Users\GCUser\AppData\Local\Temp\libgdxGCUser\12dfaa03\gdx64.dll
0x000007fefc850000 - 0x000007fefc868000 	C:\WINDOWS\system32\CRYPTSP.dll
0x000007fefc550000 - 0x000007fefc597000 	C:\WINDOWS\system32\rsaenh.dll
0x000007fefd390000 - 0x000007fefd3ae000 	C:\WINDOWS\system32\USERENV.dll
0x000007fefcf00000 - 0x000007fefcf0f000 	C:\WINDOWS\system32\CRYPTBASE.dll
0x000007fefa8e0000 - 0x000007fefa907000 	C:\WINDOWS\system32\IPHLPAPI.DLL
0x000007fefa8d0000 - 0x000007fefa8db000 	C:\WINDOWS\system32\WINNSI.DLL
0x000007fef9fc0000 - 0x000007fef9fd8000 	C:\WINDOWS\system32\dhcpcsvc.DLL
0x000007fef9fa0000 - 0x000007fef9fb1000 	C:\WINDOWS\system32\dhcpcsvc6.DLL
0x000000006d9c0000 - 0x000000006d9d1000 	C:\Program Files\Java\jdk1.8.0_171\jre\bin\nio.dll
0x0000000180000000 - 0x0000000180053000 	C:\Users\GCUser\AppData\Local\Temp\libgdxGCUser\dc0f0009\lwjgl64.dll
0x000007feecce0000 - 0x000007feecdfd000 	C:\WINDOWS\system32\OPENGL32.dll
0x000007feeccb0000 - 0x000007feeccdd000 	C:\WINDOWS\system32\GLU32.dll
0x000007feecbb0000 - 0x000007feecca1000 	C:\WINDOWS\system32\DDRAW.dll
0x000007feecba0000 - 0x000007feecba8000 	C:\WINDOWS\system32\DCIMAN32.dll
0x000007fefd420000 - 0x000007fefd5f7000 	C:\WINDOWS\system32\SETUPAPI.dll
0x000007fefd0f0000 - 0x000007fefd126000 	C:\WINDOWS\system32\CFGMGR32.dll
0x000007fefd8d0000 - 0x000007fefd9aa000 	C:\WINDOWS\system32\OLEAUT32.dll
0x000007fefd0d0000 - 0x000007fefd0ea000 	C:\WINDOWS\system32\DEVOBJ.dll
0x000007fefae30000 - 0x000007fefae48000 	C:\WINDOWS\system32\dwmapi.dll
0x0000000012830000 - 0x0000000012894000 	C:\Users\GCUser\AppData\Local\Temp\libgdxGCUser\dc0f0009\OpenAL64.dll
0x000007fefb760000 - 0x000007fefb7b6000 	C:\WINDOWS\system32\uxtheme.dll
0x000007fefe860000 - 0x000007fefe8f9000 	C:\WINDOWS\system32\CLBCatQ.DLL
0x000007fefb930000 - 0x000007fefba5c000 	C:\WINDOWS\System32\PROPSYS.dll
0x000007fefd090000 - 0x000007fefd0cb000 	C:\WINDOWS\system32\WINTRUST.dll
0x000007fefd200000 - 0x000007fefd36d000 	C:\WINDOWS\system32\CRYPT32.dll
0x000007fefd060000 - 0x000007fefd06f000 	C:\WINDOWS\system32\MSASN1.dll
0x000007fee7120000 - 0x000007fee71a8000 	C:\WINDOWS\system32\dsound.dll
0x000007fefb820000 - 0x000007fefb84c000 	C:\WINDOWS\system32\POWRPROF.dll
0x000007fefb7d0000 - 0x000007fefb81b000 	C:\WINDOWS\System32\MMDevApi.dll
0x000007fefada0000 - 0x000007fefadef000 	C:\WINDOWS\system32\AUDIOSES.DLL
0x000007fed0e40000 - 0x000007fed1b3a000 	C:\WINDOWS\system32\ig9icd64.dll
0x000007feef130000 - 0x000007feeff9d000 	C:\WINDOWS\system32\igc64.dll
0x000007fefaee0000 - 0x000007fefaef1000 	C:\WINDOWS\system32\WTSAPI32.dll
0x000007fee0750000 - 0x000007fee07ec000 	C:\WINDOWS\system32\mscms.dll
0x000007fedc000000 - 0x000007fedc042000 	C:\WINDOWS\system32\icm32.dll
0x0000000066bc0000 - 0x0000000066c7b000 	C:\Users\GCUser\AppData\Local\Temp\libgdxGCUser\54593449\gdx-box2d64.dll
0x000007fef5be0000 - 0x000007fef5d05000 	C:\WINDOWS\system32\dbghelp.dll

VM Arguments:
jvm_args: -javaagent:C:\Program Files\Android\Android Studio\lib\idea_rt.jar=61295:C:\Program Files\Android\Android Studio\bin -Dfile.encoding=UTF-8 
java_command: com.mygdx.game.desktop.DesktopLauncher
java_class_path (initial): C:\Program Files\Java\jdk1.8.0_171\jre\lib\charsets.jar;C:\Program Files\Java\jdk1.8.0_171\jre\lib\deploy.jar;C:\Program Files\Java\jdk1.8.0_171\jre\lib\ext\access-bridge-64.jar;C:\Program Files\Java\jdk1.8.0_171\jre\lib\ext\cldrdata.jar;C:\Program Files\Java\jdk1.8.0_171\jre\lib\ext\dnsns.jar;C:\Program Files\Java\jdk1.8.0_171\jre\lib\ext\jaccess.jar;C:\Program Files\Java\jdk1.8.0_171\jre\lib\ext\jfxrt.jar;C:\Program Files\Java\jdk1.8.0_171\jre\lib\ext\localedata.jar;C:\Program Files\Java\jdk1.8.0_171\jre\lib\ext\nashorn.jar;C:\Program Files\Java\jdk1.8.0_171\jre\lib\ext\sunec.jar;C:\Program Files\Java\jdk1.8.0_171\jre\lib\ext\sunjce_provider.jar;C:\Program Files\Java\jdk1.8.0_171\jre\lib\ext\sunmscapi.jar;C:\Program Files\Java\jdk1.8.0_171\jre\lib\ext\sunpkcs11.jar;C:\Program Files\Java\jdk1.8.0_171\jre\lib\ext\zipfs.jar;C:\Program Files\Java\jdk1.8.0_171\jre\lib\javaws.jar;C:\Program Files\Java\jdk1.8.0_171\jre\lib\jce.jar;C:\Program Files\Java\jdk1.8.0_171\jre\lib\jfr.jar;C:\Program Files\Java\jdk1.8.0_171\jre\lib\jfxswt.jar;C:\Program Files\Java\jdk1.8.0_171\jre\lib\jsse.jar;C:\Program Files\Java\jdk1.8.0_171\jre\lib\management-agent.jar;C:\Program Files\Java\jdk1.8.0_171\jre\lib\plugin.jar;C:\Program Files\Java\jdk1.8.0_171\jre\lib\resources.jar;C:\Program Files\Java\jdk1.8.0_171\jre\lib\rt.jar;C:\Users\GCUser\AndroidStudioProjects\libgdx\desktop\build\classes\java\main;C:\Users\GCUser\AndroidStudioProjects\libgdx\core\build\classes\java\main;C:\Users\GCUser\AndroidStudioProjects\Gradle\gradle-4.6\caches\modules-2\files-2.1\com.badlogicgames.gdx\gdx-tools\1.9.8\5c32820fccee957cc77990d353297ceed1a63159\gdx-tools-1.9.8.jar;C:\Users\GCUser\AndroidStudioProjects\Gradle\gradle-4.6\caches\modules-2\files-2.1\com.badlogicgames.gdx\gdx-backend-lwjgl\1.9.8\b7c138f14ed67ad830ae7597da3d86ae02b20eee\gdx-backend-lwjgl-1.9.8.jar;C:\Users\GCUser\AndroidStudioProjects\Gradle\gradle-4.6\caches\modules-2\files-2.1\com.badlogicgames.gdx\gdx-platform\
Launcher Type: SUN_STANDARD

Environment Variables:
PATH=C:\ProgramData\Oracle\Java\javapath;C:\WINDOWS\system32;C:\WINDOWS;C:\WINDOWS\System32\Wbem;C:\WINDOWS\System32\WindowsPowerShell\v1.0\;c:\Program Files (x86)\QuickTime\QTSystem\;C:\WINDOWS\System32\WindowsPowerShell\v1.0\;C:\WINDOWS\System32\WindowsPowerShell\v1.0\;C:\Program Files\MySQL\MySQL Utilities 1.6\;C:\Users\GCUser\AndroidStudioProjects\Gradle\gradle-4.6\bin
USERNAME=GCUser
OS=Windows_NT
PROCESSOR_IDENTIFIER=Intel64 Family 6 Model 78 Stepping 3, GenuineIntel



---------------  S Y S T E M  ---------------

OS: Windows 7 , 64 bit Build 7601 (6.1.7601.24214)

CPU:total 4 (initial active 4) (2 cores per cpu, 2 threads per core) family 6 model 78 stepping 3, cmov, cx8, fxsr, mmx, sse, sse2, sse3, ssse3, sse4.1, sse4.2, popcnt, avx, avx2, aes, clmul, erms, 3dnowpref, lzcnt, ht, tsc, tscinvbit, bmi1, bmi2, adx

Memory: 4k page, physical 8266332k(1668192k free), swap 16530764k(8670472k free)

vm_info: Java HotSpot(TM) 64-Bit Server VM (25.171-b11) for windows-amd64 JRE (1.8.0_171-b11), built on Mar 28 2018 16:06:12 by "java_re" with MS VC++ 10.0 (VS2010)

time: Tue Sep 11 18:04:27 2018
elapsed time: 9 seconds (0d 0h 0m 9s)

